2025-09-13 19:19:43,852 - easytorch-training - INFO - Initializing training.
2025-09-13 19:19:43,852 - easytorch-training - INFO - Set clip grad, param: {'max_norm': 5.0}
2025-09-13 19:19:43,852 - easytorch-training - INFO - Building training data loader.
2025-09-13 19:19:43,854 - easytorch-training - INFO - Train dataset length: 4597
2025-09-13 19:19:43,854 - easytorch-training - INFO - Set optim: Adam (
Parameter Group 0
    amsgrad: False
    betas: (0.9, 0.95)
    capturable: False
    differentiable: False
    eps: 1e-08
    foreach: None
    fused: None
    lr: 0.001
    maximize: False
    weight_decay: 0
)
2025-09-13 19:19:43,854 - easytorch-training - INFO - Set lr_scheduler: <torch.optim.lr_scheduler.MultiStepLR object at 0x000002A0F0E8F200>
2025-09-13 19:19:43,856 - easytorch-training - INFO - Initializing validation.
2025-09-13 19:19:43,856 - easytorch-training - INFO - Building val data loader.
2025-09-13 19:19:43,857 - easytorch-training - INFO - Validation dataset length: 289
2025-09-13 19:19:43,858 - easytorch-training - INFO - Test dataset length: 841
2025-09-13 19:19:43,858 - easytorch-training - INFO - Number of parameters: 571404
2025-09-13 19:19:43,858 - easytorch-training - INFO - Epoch 1 / 100
2025-09-13 19:19:55,172 - easytorch-training - INFO - Result <train>: [train/time: 11.31 (s), train/lr: 1.00e-03, train/loss: 0.5030, train/MAE: 0.5030, train/MAPE: 4.9949, train/RMSE: 0.7254]
2025-09-13 19:19:55,173 - easytorch-training - INFO - Start validation.
2025-09-13 19:20:00,739 - easytorch-training - INFO - Result <val>: [val/time: 5.57 (s), val/loss: 0.4069, val/MAE: 0.4069, val/MAPE: 4.2699, val/RMSE: 0.5573]
2025-09-13 19:20:00,762 - easytorch-training - INFO - Checkpoint baselines\STDMAE\mask_save\Mask_SMAE\XueBu_5min_100_288_12\35d3d67cd171015b1da6bde1f82a72b8\Mask_SMAE_best_val_MAE.pt saved
2025-09-13 19:20:06,643 - easytorch-training - INFO - Result <test>: [test/time: 5.88 (s), test/loss: 0.0000, test/MAE: 0.4981, test/MAPE: 3.4320, test/RMSE: 0.6936]
2025-09-13 19:20:06,688 - easytorch-training - INFO - Checkpoint baselines\STDMAE\mask_save\Mask_SMAE\XueBu_5min_100_288_12\35d3d67cd171015b1da6bde1f82a72b8\Mask_SMAE_001.pt saved
2025-09-13 19:20:06,688 - easytorch-training - INFO - The estimated training finish time is 2025-09-13 19:57:46
2025-09-13 19:20:06,688 - easytorch-training - INFO - Epoch 2 / 100
2025-09-13 19:20:16,087 - easytorch-training - INFO - Result <train>: [train/time: 9.40 (s), train/lr: 1.00e-03, train/loss: 0.4567, train/MAE: 0.4567, train/MAPE: 6.1244, train/RMSE: 0.6868]
2025-09-13 19:20:16,088 - easytorch-training - INFO - Start validation.
2025-09-13 19:20:21,787 - easytorch-training - INFO - Result <val>: [val/time: 5.70 (s), val/loss: 0.3785, val/MAE: 0.3785, val/MAPE: 2.7080, val/RMSE: 0.4925]
2025-09-13 19:20:21,814 - easytorch-training - INFO - Checkpoint baselines\STDMAE\mask_save\Mask_SMAE\XueBu_5min_100_288_12\35d3d67cd171015b1da6bde1f82a72b8\Mask_SMAE_best_val_MAE.pt saved
2025-09-13 19:20:27,738 - easytorch-training - INFO - Result <test>: [test/time: 5.92 (s), test/loss: 0.0000, test/MAE: 0.4787, test/MAPE: 3.0169, test/RMSE: 0.6564]
2025-09-13 19:20:27,759 - easytorch-training - INFO - Checkpoint baselines\STDMAE\mask_save\Mask_SMAE\XueBu_5min_100_288_12\35d3d67cd171015b1da6bde1f82a72b8\Mask_SMAE_002.pt saved
2025-09-13 19:20:27,759 - easytorch-training - INFO - The estimated training finish time is 2025-09-13 19:56:18
2025-09-13 19:20:27,759 - easytorch-training - INFO - Epoch 3 / 100
2025-09-13 19:20:36,341 - easytorch-training - INFO - Result <train>: [train/time: 8.58 (s), train/lr: 1.00e-03, train/loss: 0.4417, train/MAE: 0.4417, train/MAPE: 5.1170, train/RMSE: 0.6585]
2025-09-13 19:20:36,342 - easytorch-training - INFO - Start validation.
2025-09-13 19:20:42,791 - easytorch-training - INFO - Result <val>: [val/time: 6.45 (s), val/loss: 0.3764, val/MAE: 0.3764, val/MAPE: 6.0218, val/RMSE: 0.5003]
2025-09-13 19:20:42,822 - easytorch-training - INFO - Checkpoint baselines\STDMAE\mask_save\Mask_SMAE\XueBu_5min_100_288_12\35d3d67cd171015b1da6bde1f82a72b8\Mask_SMAE_best_val_MAE.pt saved
2025-09-13 19:20:49,089 - easytorch-training - INFO - Result <test>: [test/time: 6.27 (s), test/loss: 0.0000, test/MAE: 0.4710, test/MAPE: 3.8106, test/RMSE: 0.6426]
2025-09-13 19:20:49,111 - easytorch-training - INFO - Checkpoint baselines\STDMAE\mask_save\Mask_SMAE\XueBu_5min_100_288_12\35d3d67cd171015b1da6bde1f82a72b8\Mask_SMAE_003.pt saved
2025-09-13 19:20:49,112 - easytorch-training - INFO - The estimated training finish time is 2025-09-13 19:55:58
2025-09-13 19:20:49,112 - easytorch-training - INFO - Epoch 4 / 100
2025-09-13 19:20:58,168 - easytorch-training - INFO - Result <train>: [train/time: 9.06 (s), train/lr: 1.00e-03, train/loss: 0.4353, train/MAE: 0.4353, train/MAPE: 5.4543, train/RMSE: 0.6580]
2025-09-13 19:20:58,169 - easytorch-training - INFO - Start validation.
2025-09-13 19:21:04,655 - easytorch-training - INFO - Result <val>: [val/time: 6.49 (s), val/loss: 0.3379, val/MAE: 0.3379, val/MAPE: 5.6206, val/RMSE: 0.4507]
2025-09-13 19:21:04,686 - easytorch-training - INFO - Checkpoint baselines\STDMAE\mask_save\Mask_SMAE\XueBu_5min_100_288_12\35d3d67cd171015b1da6bde1f82a72b8\Mask_SMAE_best_val_MAE.pt saved
2025-09-13 19:21:11,166 - easytorch-training - INFO - Result <test>: [test/time: 6.48 (s), test/loss: 0.0000, test/MAE: 0.4471, test/MAPE: 4.2424, test/RMSE: 0.6173]
2025-09-13 19:21:11,191 - easytorch-training - INFO - Checkpoint baselines\STDMAE\mask_save\Mask_SMAE\XueBu_5min_100_288_12\35d3d67cd171015b1da6bde1f82a72b8\Mask_SMAE_004.pt saved
2025-09-13 19:21:11,191 - easytorch-training - INFO - The estimated training finish time is 2025-09-13 19:56:07
2025-09-13 19:21:11,191 - easytorch-training - INFO - Epoch 5 / 100
2025-09-13 19:21:19,999 - easytorch-training - INFO - Result <train>: [train/time: 8.81 (s), train/lr: 1.00e-03, train/loss: 0.4235, train/MAE: 0.4235, train/MAPE: 5.3948, train/RMSE: 0.6447]
2025-09-13 19:21:20,001 - easytorch-training - INFO - Start validation.
2025-09-13 19:21:26,645 - easytorch-training - INFO - Result <val>: [val/time: 6.64 (s), val/loss: 0.3618, val/MAE: 0.3618, val/MAPE: 6.1487, val/RMSE: 0.4753]
2025-09-13 19:21:32,767 - easytorch-training - INFO - Result <test>: [test/time: 6.12 (s), test/loss: 0.0000, test/MAE: 0.4481, test/MAPE: 5.3004, test/RMSE: 0.6037]
2025-09-13 19:21:32,793 - easytorch-training - INFO - Checkpoint baselines\STDMAE\mask_save\Mask_SMAE\XueBu_5min_100_288_12\35d3d67cd171015b1da6bde1f82a72b8\Mask_SMAE_005.pt saved
2025-09-13 19:21:32,794 - easytorch-training - INFO - The estimated training finish time is 2025-09-13 19:56:02
2025-09-13 19:21:32,794 - easytorch-training - INFO - Epoch 6 / 100
2025-09-13 19:21:41,270 - easytorch-training - INFO - Result <train>: [train/time: 8.48 (s), train/lr: 1.00e-03, train/loss: 0.4166, train/MAE: 0.4166, train/MAPE: 5.0534, train/RMSE: 0.6275]
2025-09-13 19:21:41,271 - easytorch-training - INFO - Start validation.
2025-09-13 19:21:47,490 - easytorch-training - INFO - Result <val>: [val/time: 6.22 (s), val/loss: 0.3556, val/MAE: 0.3556, val/MAPE: 6.2115, val/RMSE: 0.4662]
2025-09-13 19:21:53,522 - easytorch-training - INFO - Result <test>: [test/time: 6.03 (s), test/loss: 0.0000, test/MAE: 0.4445, test/MAPE: 5.9557, test/RMSE: 0.6082]
2025-09-13 19:21:53,549 - easytorch-training - INFO - Checkpoint baselines\STDMAE\mask_save\Mask_SMAE\XueBu_5min_100_288_12\35d3d67cd171015b1da6bde1f82a72b8\Mask_SMAE_006.pt saved
2025-09-13 19:21:53,550 - easytorch-training - INFO - The estimated training finish time is 2025-09-13 19:55:45
2025-09-13 19:21:53,550 - easytorch-training - INFO - Epoch 7 / 100
2025-09-13 19:22:01,899 - easytorch-training - INFO - Result <train>: [train/time: 8.35 (s), train/lr: 1.00e-03, train/loss: 0.4121, train/MAE: 0.4121, train/MAPE: 5.1136, train/RMSE: 0.6347]
2025-09-13 19:22:01,901 - easytorch-training - INFO - Start validation.
2025-09-13 19:22:08,158 - easytorch-training - INFO - Result <val>: [val/time: 6.26 (s), val/loss: 0.3762, val/MAE: 0.3762, val/MAPE: 8.9880, val/RMSE: 0.4995]
2025-09-13 19:22:14,366 - easytorch-training - INFO - Result <test>: [test/time: 6.21 (s), test/loss: 0.0000, test/MAE: 0.4321, test/MAPE: 4.9828, test/RMSE: 0.5895]
2025-09-13 19:22:14,395 - easytorch-training - INFO - Checkpoint baselines\STDMAE\mask_save\Mask_SMAE\XueBu_5min_100_288_12\35d3d67cd171015b1da6bde1f82a72b8\Mask_SMAE_007.pt saved
2025-09-13 19:22:14,395 - easytorch-training - INFO - The estimated training finish time is 2025-09-13 19:55:34
2025-09-13 19:22:14,396 - easytorch-training - INFO - Epoch 8 / 100
2025-09-13 19:22:22,752 - easytorch-training - INFO - Result <train>: [train/time: 8.36 (s), train/lr: 1.00e-03, train/loss: 0.4087, train/MAE: 0.4087, train/MAPE: 3.9978, train/RMSE: 0.6194]
2025-09-13 19:22:22,753 - easytorch-training - INFO - Start validation.
2025-09-13 19:22:29,307 - easytorch-training - INFO - Result <val>: [val/time: 6.55 (s), val/loss: 0.3519, val/MAE: 0.3519, val/MAPE: 4.9372, val/RMSE: 0.4757]
2025-09-13 19:22:35,578 - easytorch-training - INFO - Result <test>: [test/time: 6.27 (s), test/loss: 0.0000, test/MAE: 0.4185, test/MAPE: 3.7923, test/RMSE: 0.5814]
2025-09-13 19:22:35,612 - easytorch-training - INFO - Checkpoint baselines\STDMAE\mask_save\Mask_SMAE\XueBu_5min_100_288_12\35d3d67cd171015b1da6bde1f82a72b8\Mask_SMAE_008.pt saved
2025-09-13 19:22:35,612 - easytorch-training - INFO - The estimated training finish time is 2025-09-13 19:55:30
2025-09-13 19:22:35,612 - easytorch-training - INFO - Epoch 9 / 100
2025-09-13 19:22:44,062 - easytorch-training - INFO - Result <train>: [train/time: 8.45 (s), train/lr: 1.00e-03, train/loss: 0.4009, train/MAE: 0.4009, train/MAPE: 4.4193, train/RMSE: 0.6233]
2025-09-13 19:22:44,063 - easytorch-training - INFO - Start validation.
2025-09-13 19:22:50,144 - easytorch-training - INFO - Result <val>: [val/time: 6.08 (s), val/loss: 0.3254, val/MAE: 0.3254, val/MAPE: 2.2428, val/RMSE: 0.4431]
2025-09-13 19:22:50,191 - easytorch-training - INFO - Checkpoint baselines\STDMAE\mask_save\Mask_SMAE\XueBu_5min_100_288_12\35d3d67cd171015b1da6bde1f82a72b8\Mask_SMAE_best_val_MAE.pt saved
2025-09-13 19:22:56,641 - easytorch-training - INFO - Result <test>: [test/time: 6.45 (s), test/loss: 0.0000, test/MAE: 0.4181, test/MAPE: 4.6934, test/RMSE: 0.5744]
2025-09-13 19:22:56,661 - easytorch-training - INFO - Checkpoint baselines\STDMAE\mask_save\Mask_SMAE\XueBu_5min_100_288_12\35d3d67cd171015b1da6bde1f82a72b8\Mask_SMAE_009.pt saved
2025-09-13 19:22:56,662 - easytorch-training - INFO - The estimated training finish time is 2025-09-13 19:55:26
2025-09-13 19:22:56,662 - easytorch-training - INFO - Epoch 10 / 100
2025-09-13 19:23:04,601 - easytorch-training - INFO - Result <train>: [train/time: 7.94 (s), train/lr: 1.00e-03, train/loss: 0.3853, train/MAE: 0.3853, train/MAPE: 5.1346, train/RMSE: 0.6204]
2025-09-13 19:23:04,603 - easytorch-training - INFO - Start validation.
2025-09-13 19:23:10,228 - easytorch-training - INFO - Result <val>: [val/time: 5.62 (s), val/loss: 0.3316, val/MAE: 0.3316, val/MAPE: 3.6734, val/RMSE: 0.4589]
2025-09-13 19:23:17,185 - easytorch-training - INFO - Result <test>: [test/time: 6.96 (s), test/loss: 0.0000, test/MAE: 0.4089, test/MAPE: 4.6624, test/RMSE: 0.5664]
2025-09-13 19:23:17,206 - easytorch-training - INFO - Checkpoint baselines\STDMAE\mask_save\Mask_SMAE\XueBu_5min_100_288_12\35d3d67cd171015b1da6bde1f82a72b8\Mask_SMAE_010.pt saved
2025-09-13 19:23:17,214 - easytorch-training - INFO - The estimated training finish time is 2025-09-13 19:55:17
2025-09-13 19:23:17,214 - easytorch-training - INFO - Epoch 11 / 100
2025-09-13 19:23:25,011 - easytorch-training - INFO - Result <train>: [train/time: 7.80 (s), train/lr: 1.00e-03, train/loss: 0.3813, train/MAE: 0.3813, train/MAPE: 4.7132, train/RMSE: 0.6144]
2025-09-13 19:23:25,012 - easytorch-training - INFO - Start validation.
2025-09-13 19:23:30,687 - easytorch-training - INFO - Result <val>: [val/time: 5.67 (s), val/loss: 0.3414, val/MAE: 0.3414, val/MAPE: 5.6558, val/RMSE: 0.4717]
2025-09-13 19:23:37,682 - easytorch-training - INFO - Result <test>: [test/time: 6.99 (s), test/loss: 0.0000, test/MAE: 0.4120, test/MAPE: 4.2535, test/RMSE: 0.5753]
2025-09-13 19:23:37,709 - easytorch-training - INFO - Checkpoint baselines\STDMAE\mask_save\Mask_SMAE\XueBu_5min_100_288_12\35d3d67cd171015b1da6bde1f82a72b8\Mask_SMAE_011.pt saved
2025-09-13 19:23:37,709 - easytorch-training - INFO - The estimated training finish time is 2025-09-13 19:55:09
2025-09-13 19:23:37,709 - easytorch-training - INFO - Epoch 12 / 100
2025-09-13 19:23:45,492 - easytorch-training - INFO - Result <train>: [train/time: 7.78 (s), train/lr: 1.00e-03, train/loss: 0.3834, train/MAE: 0.3834, train/MAPE: 3.7248, train/RMSE: 0.5960]
2025-09-13 19:23:45,494 - easytorch-training - INFO - Start validation.
2025-09-13 19:23:51,267 - easytorch-training - INFO - Result <val>: [val/time: 5.77 (s), val/loss: 0.3169, val/MAE: 0.3169, val/MAPE: 3.5642, val/RMSE: 0.4277]
2025-09-13 19:23:51,288 - easytorch-training - INFO - Checkpoint baselines\STDMAE\mask_save\Mask_SMAE\XueBu_5min_100_288_12\35d3d67cd171015b1da6bde1f82a72b8\Mask_SMAE_best_val_MAE.pt saved
2025-09-13 19:23:57,980 - easytorch-training - INFO - Result <test>: [test/time: 6.69 (s), test/loss: 0.0000, test/MAE: 0.4245, test/MAPE: 3.3675, test/RMSE: 0.5881]
2025-09-13 19:23:58,014 - easytorch-training - INFO - Checkpoint baselines\STDMAE\mask_save\Mask_SMAE\XueBu_5min_100_288_12\35d3d67cd171015b1da6bde1f82a72b8\Mask_SMAE_012.pt saved
2025-09-13 19:23:58,014 - easytorch-training - INFO - The estimated training finish time is 2025-09-13 19:55:01
2025-09-13 19:23:58,014 - easytorch-training - INFO - Epoch 13 / 100
2025-09-13 19:24:06,191 - easytorch-training - INFO - Result <train>: [train/time: 8.18 (s), train/lr: 1.00e-03, train/loss: 0.3806, train/MAE: 0.3806, train/MAPE: 3.9305, train/RMSE: 0.5979]
2025-09-13 19:24:06,192 - easytorch-training - INFO - Start validation.
2025-09-13 19:24:11,844 - easytorch-training - INFO - Result <val>: [val/time: 5.65 (s), val/loss: 0.3597, val/MAE: 0.3597, val/MAPE: 4.5786, val/RMSE: 0.4940]
2025-09-13 19:24:17,759 - easytorch-training - INFO - Result <test>: [test/time: 5.91 (s), test/loss: 0.0000, test/MAE: 0.3736, test/MAPE: 3.2973, test/RMSE: 0.5282]
2025-09-13 19:24:17,791 - easytorch-training - INFO - Checkpoint baselines\STDMAE\mask_save\Mask_SMAE\XueBu_5min_100_288_12\35d3d67cd171015b1da6bde1f82a72b8\Mask_SMAE_013.pt saved
2025-09-13 19:24:17,791 - easytorch-training - INFO - The estimated training finish time is 2025-09-13 19:54:51
2025-09-13 19:24:17,791 - easytorch-training - INFO - Epoch 14 / 100
2025-09-13 19:24:26,133 - easytorch-training - INFO - Result <train>: [train/time: 8.34 (s), train/lr: 1.00e-03, train/loss: 0.3654, train/MAE: 0.3654, train/MAPE: 3.8255, train/RMSE: 0.5753]
2025-09-13 19:24:26,134 - easytorch-training - INFO - Start validation.
2025-09-13 19:24:31,751 - easytorch-training - INFO - Result <val>: [val/time: 5.62 (s), val/loss: 0.3502, val/MAE: 0.3502, val/MAPE: 3.8071, val/RMSE: 0.4714]
2025-09-13 19:24:37,684 - easytorch-training - INFO - Result <test>: [test/time: 5.93 (s), test/loss: 0.0000, test/MAE: 0.3699, test/MAPE: 3.2306, test/RMSE: 0.5151]
2025-09-13 19:24:37,711 - easytorch-training - INFO - Checkpoint baselines\STDMAE\mask_save\Mask_SMAE\XueBu_5min_100_288_12\35d3d67cd171015b1da6bde1f82a72b8\Mask_SMAE_014.pt saved
2025-09-13 19:24:37,712 - easytorch-training - INFO - The estimated training finish time is 2025-09-13 19:54:42
2025-09-13 19:24:37,712 - easytorch-training - INFO - Epoch 15 / 100
2025-09-13 19:24:46,143 - easytorch-training - INFO - Result <train>: [train/time: 8.43 (s), train/lr: 1.00e-03, train/loss: 0.3609, train/MAE: 0.3609, train/MAPE: 3.6222, train/RMSE: 0.5671]
2025-09-13 19:24:46,145 - easytorch-training - INFO - Start validation.
2025-09-13 19:24:51,770 - easytorch-training - INFO - Result <val>: [val/time: 5.63 (s), val/loss: 0.3232, val/MAE: 0.3232, val/MAPE: 4.3373, val/RMSE: 0.4502]
2025-09-13 19:24:57,524 - easytorch-training - INFO - Result <test>: [test/time: 5.75 (s), test/loss: 0.0000, test/MAE: 0.3755, test/MAPE: 2.6527, test/RMSE: 0.5238]
2025-09-13 19:24:57,548 - easytorch-training - INFO - Checkpoint baselines\STDMAE\mask_save\Mask_SMAE\XueBu_5min_100_288_12\35d3d67cd171015b1da6bde1f82a72b8\Mask_SMAE_015.pt saved
2025-09-13 19:24:57,549 - easytorch-training - INFO - The estimated training finish time is 2025-09-13 19:54:35
2025-09-13 19:24:57,549 - easytorch-training - INFO - Epoch 16 / 100
2025-09-13 19:25:07,585 - easytorch-training - INFO - Result <train>: [train/time: 10.04 (s), train/lr: 1.00e-03, train/loss: 0.3586, train/MAE: 0.3586, train/MAPE: 4.4059, train/RMSE: 0.5788]
2025-09-13 19:25:07,587 - easytorch-training - INFO - Start validation.
2025-09-13 19:25:13,275 - easytorch-training - INFO - Result <val>: [val/time: 5.69 (s), val/loss: 0.3383, val/MAE: 0.3383, val/MAPE: 3.2257, val/RMSE: 0.4610]
2025-09-13 19:25:19,311 - easytorch-training - INFO - Result <test>: [test/time: 6.03 (s), test/loss: 0.0000, test/MAE: 0.3615, test/MAPE: 3.9341, test/RMSE: 0.5114]
2025-09-13 19:25:19,342 - easytorch-training - INFO - Checkpoint baselines\STDMAE\mask_save\Mask_SMAE\XueBu_5min_100_288_12\35d3d67cd171015b1da6bde1f82a72b8\Mask_SMAE_016.pt saved
2025-09-13 19:25:19,342 - easytorch-training - INFO - The estimated training finish time is 2025-09-13 19:54:40
2025-09-13 19:25:19,342 - easytorch-training - INFO - Epoch 17 / 100
2025-09-13 19:25:30,687 - easytorch-training - INFO - Result <train>: [train/time: 11.34 (s), train/lr: 1.00e-03, train/loss: 0.3552, train/MAE: 0.3552, train/MAPE: 4.0425, train/RMSE: 0.5624]
2025-09-13 19:25:30,689 - easytorch-training - INFO - Start validation.
2025-09-13 19:25:36,511 - easytorch-training - INFO - Result <val>: [val/time: 5.82 (s), val/loss: 0.3193, val/MAE: 0.3193, val/MAPE: 3.8487, val/RMSE: 0.4392]
2025-09-13 19:25:42,544 - easytorch-training - INFO - Result <test>: [test/time: 6.03 (s), test/loss: 0.0000, test/MAE: 0.3703, test/MAPE: 3.2882, test/RMSE: 0.5205]
2025-09-13 19:25:42,566 - easytorch-training - INFO - Checkpoint baselines\STDMAE\mask_save\Mask_SMAE\XueBu_5min_100_288_12\35d3d67cd171015b1da6bde1f82a72b8\Mask_SMAE_017.pt saved
2025-09-13 19:25:42,566 - easytorch-training - INFO - The estimated training finish time is 2025-09-13 19:54:53
2025-09-13 19:25:42,567 - easytorch-training - INFO - Epoch 18 / 100
2025-09-13 19:25:54,168 - easytorch-training - INFO - Result <train>: [train/time: 11.60 (s), train/lr: 1.00e-03, train/loss: 0.3469, train/MAE: 0.3469, train/MAPE: 3.9173, train/RMSE: 0.5525]
2025-09-13 19:25:54,169 - easytorch-training - INFO - Start validation.
2025-09-13 19:25:59,922 - easytorch-training - INFO - Result <val>: [val/time: 5.75 (s), val/loss: 0.3212, val/MAE: 0.3212, val/MAPE: 2.3454, val/RMSE: 0.4517]
2025-09-13 19:26:06,136 - easytorch-training - INFO - Result <test>: [test/time: 6.21 (s), test/loss: 0.0000, test/MAE: 0.3788, test/MAPE: 2.8341, test/RMSE: 0.5381]
2025-09-13 19:26:06,162 - easytorch-training - INFO - Checkpoint baselines\STDMAE\mask_save\Mask_SMAE\XueBu_5min_100_288_12\35d3d67cd171015b1da6bde1f82a72b8\Mask_SMAE_018.pt saved
2025-09-13 19:26:06,163 - easytorch-training - INFO - The estimated training finish time is 2025-09-13 19:55:07
2025-09-13 19:26:06,163 - easytorch-training - INFO - Epoch 19 / 100
2025-09-13 19:26:16,616 - easytorch-training - INFO - Result <train>: [train/time: 10.45 (s), train/lr: 1.00e-03, train/loss: 0.3464, train/MAE: 0.3464, train/MAPE: 4.6666, train/RMSE: 0.5585]
2025-09-13 19:26:16,617 - easytorch-training - INFO - Start validation.
2025-09-13 19:26:22,633 - easytorch-training - INFO - Result <val>: [val/time: 6.02 (s), val/loss: 0.3259, val/MAE: 0.3259, val/MAPE: 5.2492, val/RMSE: 0.4510]
2025-09-13 19:26:28,800 - easytorch-training - INFO - Result <test>: [test/time: 6.17 (s), test/loss: 0.0000, test/MAE: 0.3767, test/MAPE: 3.6086, test/RMSE: 0.5295]
2025-09-13 19:26:28,828 - easytorch-training - INFO - Checkpoint baselines\STDMAE\mask_save\Mask_SMAE\XueBu_5min_100_288_12\35d3d67cd171015b1da6bde1f82a72b8\Mask_SMAE_019.pt saved
2025-09-13 19:26:28,828 - easytorch-training - INFO - The estimated training finish time is 2025-09-13 19:55:15
2025-09-13 19:26:28,828 - easytorch-training - INFO - Epoch 20 / 100
2025-09-13 19:26:38,634 - easytorch-training - INFO - Result <train>: [train/time: 9.81 (s), train/lr: 1.00e-03, train/loss: 0.3419, train/MAE: 0.3419, train/MAPE: 2.8359, train/RMSE: 0.5340]
2025-09-13 19:26:38,636 - easytorch-training - INFO - Start validation.
2025-09-13 19:26:44,273 - easytorch-training - INFO - Result <val>: [val/time: 5.64 (s), val/loss: 0.3347, val/MAE: 0.3347, val/MAPE: 2.6720, val/RMSE: 0.4580]
2025-09-13 19:26:50,336 - easytorch-training - INFO - Result <test>: [test/time: 6.06 (s), test/loss: 0.0000, test/MAE: 0.3682, test/MAPE: 3.6160, test/RMSE: 0.5192]
2025-09-13 19:26:50,362 - easytorch-training - INFO - Checkpoint baselines\STDMAE\mask_save\Mask_SMAE\XueBu_5min_100_288_12\35d3d67cd171015b1da6bde1f82a72b8\Mask_SMAE_020.pt saved
2025-09-13 19:26:50,376 - easytorch-training - INFO - The estimated training finish time is 2025-09-13 19:55:16
2025-09-13 19:26:50,376 - easytorch-training - INFO - Epoch 21 / 100
2025-09-13 19:27:00,109 - easytorch-training - INFO - Result <train>: [train/time: 9.73 (s), train/lr: 1.00e-03, train/loss: 0.3451, train/MAE: 0.3451, train/MAPE: 3.8342, train/RMSE: 0.5473]
2025-09-13 19:27:00,110 - easytorch-training - INFO - Start validation.
2025-09-13 19:27:05,903 - easytorch-training - INFO - Result <val>: [val/time: 5.79 (s), val/loss: 0.3229, val/MAE: 0.3229, val/MAPE: 4.4848, val/RMSE: 0.4506]
2025-09-13 19:27:12,202 - easytorch-training - INFO - Result <test>: [test/time: 6.30 (s), test/loss: 0.0000, test/MAE: 0.3617, test/MAPE: 3.1521, test/RMSE: 0.5110]
2025-09-13 19:27:12,227 - easytorch-training - INFO - Checkpoint baselines\STDMAE\mask_save\Mask_SMAE\XueBu_5min_100_288_12\35d3d67cd171015b1da6bde1f82a72b8\Mask_SMAE_021.pt saved
2025-09-13 19:27:12,227 - easytorch-training - INFO - The estimated training finish time is 2025-09-13 19:55:18
2025-09-13 19:27:12,227 - easytorch-training - INFO - Epoch 22 / 100
2025-09-13 19:27:22,457 - easytorch-training - INFO - Result <train>: [train/time: 10.23 (s), train/lr: 1.00e-03, train/loss: 0.3427, train/MAE: 0.3427, train/MAPE: 3.7550, train/RMSE: 0.5350]
2025-09-13 19:27:22,459 - easytorch-training - INFO - Start validation.
2025-09-13 19:27:28,267 - easytorch-training - INFO - Result <val>: [val/time: 5.81 (s), val/loss: 0.3215, val/MAE: 0.3215, val/MAPE: 3.7977, val/RMSE: 0.4578]
2025-09-13 19:27:34,441 - easytorch-training - INFO - Result <test>: [test/time: 6.17 (s), test/loss: 0.0000, test/MAE: 0.3688, test/MAPE: 3.4259, test/RMSE: 0.5255]
2025-09-13 19:27:34,463 - easytorch-training - INFO - Checkpoint baselines\STDMAE\mask_save\Mask_SMAE\XueBu_5min_100_288_12\35d3d67cd171015b1da6bde1f82a72b8\Mask_SMAE_022.pt saved
2025-09-13 19:27:34,463 - easytorch-training - INFO - The estimated training finish time is 2025-09-13 19:55:22
2025-09-13 19:27:34,463 - easytorch-training - INFO - Epoch 23 / 100
2025-09-13 19:27:44,344 - easytorch-training - INFO - Result <train>: [train/time: 9.88 (s), train/lr: 1.00e-03, train/loss: 0.3392, train/MAE: 0.3392, train/MAPE: 3.4984, train/RMSE: 0.5323]
2025-09-13 19:27:44,346 - easytorch-training - INFO - Start validation.
2025-09-13 19:27:50,277 - easytorch-training - INFO - Result <val>: [val/time: 5.93 (s), val/loss: 0.3289, val/MAE: 0.3289, val/MAPE: 3.1112, val/RMSE: 0.4577]
2025-09-13 19:27:56,591 - easytorch-training - INFO - Result <test>: [test/time: 6.31 (s), test/loss: 0.0000, test/MAE: 0.3879, test/MAPE: 3.8736, test/RMSE: 0.5454]
2025-09-13 19:27:56,617 - easytorch-training - INFO - Checkpoint baselines\STDMAE\mask_save\Mask_SMAE\XueBu_5min_100_288_12\35d3d67cd171015b1da6bde1f82a72b8\Mask_SMAE_023.pt saved
2025-09-13 19:27:56,617 - easytorch-training - INFO - The estimated training finish time is 2025-09-13 19:55:26
2025-09-13 19:27:56,617 - easytorch-training - INFO - Epoch 24 / 100
2025-09-13 19:28:05,562 - easytorch-training - INFO - Result <train>: [train/time: 8.94 (s), train/lr: 1.00e-03, train/loss: 0.3320, train/MAE: 0.3320, train/MAPE: 3.4198, train/RMSE: 0.5145]
2025-09-13 19:28:05,564 - easytorch-training - INFO - Start validation.
2025-09-13 19:28:11,364 - easytorch-training - INFO - Result <val>: [val/time: 5.80 (s), val/loss: 0.3040, val/MAE: 0.3040, val/MAPE: 2.7059, val/RMSE: 0.4285]
2025-09-13 19:28:11,389 - easytorch-training - INFO - Checkpoint baselines\STDMAE\mask_save\Mask_SMAE\XueBu_5min_100_288_12\35d3d67cd171015b1da6bde1f82a72b8\Mask_SMAE_best_val_MAE.pt saved
2025-09-13 19:28:17,455 - easytorch-training - INFO - Result <test>: [test/time: 6.07 (s), test/loss: 0.0000, test/MAE: 0.3542, test/MAPE: 4.5618, test/RMSE: 0.5100]
2025-09-13 19:28:17,480 - easytorch-training - INFO - Checkpoint baselines\STDMAE\mask_save\Mask_SMAE\XueBu_5min_100_288_12\35d3d67cd171015b1da6bde1f82a72b8\Mask_SMAE_024.pt saved
2025-09-13 19:28:17,481 - easytorch-training - INFO - The estimated training finish time is 2025-09-13 19:55:23
2025-09-13 19:28:17,481 - easytorch-training - INFO - Epoch 25 / 100
2025-09-13 19:28:26,937 - easytorch-training - INFO - Result <train>: [train/time: 9.46 (s), train/lr: 1.00e-03, train/loss: 0.3364, train/MAE: 0.3364, train/MAPE: 2.9784, train/RMSE: 0.5169]
2025-09-13 19:28:26,939 - easytorch-training - INFO - Start validation.
2025-09-13 19:28:32,835 - easytorch-training - INFO - Result <val>: [val/time: 5.90 (s), val/loss: 0.2986, val/MAE: 0.2986, val/MAPE: 4.1932, val/RMSE: 0.4111]
2025-09-13 19:28:32,864 - easytorch-training - INFO - Checkpoint baselines\STDMAE\mask_save\Mask_SMAE\XueBu_5min_100_288_12\35d3d67cd171015b1da6bde1f82a72b8\Mask_SMAE_best_val_MAE.pt saved
2025-09-13 19:28:39,357 - easytorch-training - INFO - Result <test>: [test/time: 6.49 (s), test/loss: 0.0000, test/MAE: 0.3655, test/MAPE: 3.2000, test/RMSE: 0.5184]
2025-09-13 19:28:39,389 - easytorch-training - INFO - Checkpoint baselines\STDMAE\mask_save\Mask_SMAE\XueBu_5min_100_288_12\35d3d67cd171015b1da6bde1f82a72b8\Mask_SMAE_025.pt saved
2025-09-13 19:28:39,389 - easytorch-training - INFO - The estimated training finish time is 2025-09-13 19:55:25
2025-09-13 19:28:39,389 - easytorch-training - INFO - Epoch 26 / 100
2025-09-13 19:28:50,344 - easytorch-training - INFO - Result <train>: [train/time: 10.96 (s), train/lr: 1.00e-03, train/loss: 0.3359, train/MAE: 0.3359, train/MAPE: 4.2236, train/RMSE: 0.5258]
2025-09-13 19:28:50,345 - easytorch-training - INFO - Start validation.
2025-09-13 19:28:56,293 - easytorch-training - INFO - Result <val>: [val/time: 5.95 (s), val/loss: 0.3116, val/MAE: 0.3116, val/MAPE: 2.5736, val/RMSE: 0.4395]
2025-09-13 19:29:02,309 - easytorch-training - INFO - Result <test>: [test/time: 6.01 (s), test/loss: 0.0000, test/MAE: 0.3852, test/MAPE: 2.4872, test/RMSE: 0.5434]
2025-09-13 19:29:02,341 - easytorch-training - INFO - Checkpoint baselines\STDMAE\mask_save\Mask_SMAE\XueBu_5min_100_288_12\35d3d67cd171015b1da6bde1f82a72b8\Mask_SMAE_026.pt saved
2025-09-13 19:29:02,341 - easytorch-training - INFO - The estimated training finish time is 2025-09-13 19:55:31
2025-09-13 19:29:02,341 - easytorch-training - INFO - Epoch 27 / 100
2025-09-13 19:29:14,056 - easytorch-training - INFO - Result <train>: [train/time: 11.72 (s), train/lr: 1.00e-03, train/loss: 0.3279, train/MAE: 0.3279, train/MAPE: 3.7504, train/RMSE: 0.5168]
2025-09-13 19:29:14,058 - easytorch-training - INFO - Start validation.
2025-09-13 19:29:19,806 - easytorch-training - INFO - Result <val>: [val/time: 5.75 (s), val/loss: 0.3148, val/MAE: 0.3148, val/MAPE: 4.8089, val/RMSE: 0.4422]
2025-09-13 19:29:26,323 - easytorch-training - INFO - Result <test>: [test/time: 6.52 (s), test/loss: 0.0000, test/MAE: 0.3610, test/MAPE: 2.9856, test/RMSE: 0.5052]
2025-09-13 19:29:26,348 - easytorch-training - INFO - Checkpoint baselines\STDMAE\mask_save\Mask_SMAE\XueBu_5min_100_288_12\35d3d67cd171015b1da6bde1f82a72b8\Mask_SMAE_027.pt saved
2025-09-13 19:29:26,348 - easytorch-training - INFO - The estimated training finish time is 2025-09-13 19:55:41
2025-09-13 19:29:26,348 - easytorch-training - INFO - Epoch 28 / 100
2025-09-13 19:29:37,915 - easytorch-training - INFO - Result <train>: [train/time: 11.57 (s), train/lr: 1.00e-03, train/loss: 0.3261, train/MAE: 0.3261, train/MAPE: 4.0468, train/RMSE: 0.5279]
2025-09-13 19:29:37,916 - easytorch-training - INFO - Start validation.
2025-09-13 19:29:43,828 - easytorch-training - INFO - Result <val>: [val/time: 5.91 (s), val/loss: 0.2991, val/MAE: 0.2991, val/MAPE: 2.8533, val/RMSE: 0.4107]
2025-09-13 19:29:49,952 - easytorch-training - INFO - Result <test>: [test/time: 6.12 (s), test/loss: 0.0000, test/MAE: 0.3558, test/MAPE: 3.1158, test/RMSE: 0.5012]
2025-09-13 19:29:49,978 - easytorch-training - INFO - Checkpoint baselines\STDMAE\mask_save\Mask_SMAE\XueBu_5min_100_288_12\35d3d67cd171015b1da6bde1f82a72b8\Mask_SMAE_028.pt saved
2025-09-13 19:29:49,978 - easytorch-training - INFO - The estimated training finish time is 2025-09-13 19:55:48
2025-09-13 19:29:49,978 - easytorch-training - INFO - Epoch 29 / 100
2025-09-13 19:30:01,844 - easytorch-training - INFO - Result <train>: [train/time: 11.86 (s), train/lr: 1.00e-03, train/loss: 0.3252, train/MAE: 0.3252, train/MAPE: 4.7431, train/RMSE: 0.5262]
2025-09-13 19:30:01,845 - easytorch-training - INFO - Start validation.
2025-09-13 19:30:07,603 - easytorch-training - INFO - Result <val>: [val/time: 5.76 (s), val/loss: 0.3081, val/MAE: 0.3081, val/MAPE: 3.5665, val/RMSE: 0.4304]
2025-09-13 19:30:13,585 - easytorch-training - INFO - Result <test>: [test/time: 5.98 (s), test/loss: 0.0000, test/MAE: 0.3568, test/MAPE: 3.2676, test/RMSE: 0.5052]
2025-09-13 19:30:13,610 - easytorch-training - INFO - Checkpoint baselines\STDMAE\mask_save\Mask_SMAE\XueBu_5min_100_288_12\35d3d67cd171015b1da6bde1f82a72b8\Mask_SMAE_029.pt saved
2025-09-13 19:30:13,610 - easytorch-training - INFO - The estimated training finish time is 2025-09-13 19:55:55
2025-09-13 19:30:13,610 - easytorch-training - INFO - Epoch 30 / 100
2025-09-13 19:30:24,303 - easytorch-training - INFO - Result <train>: [train/time: 10.69 (s), train/lr: 1.00e-03, train/loss: 0.3295, train/MAE: 0.3295, train/MAPE: 4.0253, train/RMSE: 0.5194]
2025-09-13 19:30:24,305 - easytorch-training - INFO - Start validation.
2025-09-13 19:30:30,015 - easytorch-training - INFO - Result <val>: [val/time: 5.71 (s), val/loss: 0.3221, val/MAE: 0.3221, val/MAPE: 3.1822, val/RMSE: 0.4506]
2025-09-13 19:30:36,274 - easytorch-training - INFO - Result <test>: [test/time: 6.26 (s), test/loss: 0.0000, test/MAE: 0.3585, test/MAPE: 2.7581, test/RMSE: 0.5022]
2025-09-13 19:30:36,304 - easytorch-training - INFO - Checkpoint baselines\STDMAE\mask_save\Mask_SMAE\XueBu_5min_100_288_12\35d3d67cd171015b1da6bde1f82a72b8\Mask_SMAE_030.pt saved
2025-09-13 19:30:36,317 - easytorch-training - INFO - The estimated training finish time is 2025-09-13 19:55:58
2025-09-13 19:30:36,317 - easytorch-training - INFO - Epoch 31 / 100
2025-09-13 19:30:46,163 - easytorch-training - INFO - Result <train>: [train/time: 9.84 (s), train/lr: 1.00e-03, train/loss: 0.3296, train/MAE: 0.3296, train/MAPE: 3.8227, train/RMSE: 0.5174]
2025-09-13 19:30:46,164 - easytorch-training - INFO - Start validation.
2025-09-13 19:30:51,975 - easytorch-training - INFO - Result <val>: [val/time: 5.81 (s), val/loss: 0.3218, val/MAE: 0.3218, val/MAPE: 4.1111, val/RMSE: 0.4551]
2025-09-13 19:30:57,902 - easytorch-training - INFO - Result <test>: [test/time: 5.92 (s), test/loss: 0.0000, test/MAE: 0.3651, test/MAPE: 3.0070, test/RMSE: 0.5162]
2025-09-13 19:30:57,928 - easytorch-training - INFO - Checkpoint baselines\STDMAE\mask_save\Mask_SMAE\XueBu_5min_100_288_12\35d3d67cd171015b1da6bde1f82a72b8\Mask_SMAE_031.pt saved
2025-09-13 19:30:57,928 - easytorch-training - INFO - The estimated training finish time is 2025-09-13 19:55:58
2025-09-13 19:30:57,928 - easytorch-training - INFO - Epoch 32 / 100
2025-09-13 19:31:08,053 - easytorch-training - INFO - Result <train>: [train/time: 10.12 (s), train/lr: 1.00e-03, train/loss: 0.3301, train/MAE: 0.3301, train/MAPE: 4.2945, train/RMSE: 0.5285]
2025-09-13 19:31:08,055 - easytorch-training - INFO - Start validation.
2025-09-13 19:31:13,840 - easytorch-training - INFO - Result <val>: [val/time: 5.78 (s), val/loss: 0.3083, val/MAE: 0.3083, val/MAPE: 3.0476, val/RMSE: 0.4279]
2025-09-13 19:31:20,276 - easytorch-training - INFO - Result <test>: [test/time: 6.44 (s), test/loss: 0.0000, test/MAE: 0.3610, test/MAPE: 2.7220, test/RMSE: 0.5110]
2025-09-13 19:31:20,306 - easytorch-training - INFO - Checkpoint baselines\STDMAE\mask_save\Mask_SMAE\XueBu_5min_100_288_12\35d3d67cd171015b1da6bde1f82a72b8\Mask_SMAE_032.pt saved
2025-09-13 19:31:20,306 - easytorch-training - INFO - The estimated training finish time is 2025-09-13 19:56:00
2025-09-13 19:31:20,306 - easytorch-training - INFO - Epoch 33 / 100
2025-09-13 19:31:30,401 - easytorch-training - INFO - Result <train>: [train/time: 10.09 (s), train/lr: 1.00e-03, train/loss: 0.3258, train/MAE: 0.3258, train/MAPE: 3.7646, train/RMSE: 0.5205]
2025-09-13 19:31:30,403 - easytorch-training - INFO - Start validation.
2025-09-13 19:31:36,105 - easytorch-training - INFO - Result <val>: [val/time: 5.70 (s), val/loss: 0.2684, val/MAE: 0.2684, val/MAPE: 3.3021, val/RMSE: 0.3732]
2025-09-13 19:31:36,129 - easytorch-training - INFO - Checkpoint baselines\STDMAE\mask_save\Mask_SMAE\XueBu_5min_100_288_12\35d3d67cd171015b1da6bde1f82a72b8\Mask_SMAE_best_val_MAE.pt saved
2025-09-13 19:31:42,148 - easytorch-training - INFO - Result <test>: [test/time: 6.02 (s), test/loss: 0.0000, test/MAE: 0.3498, test/MAPE: 3.0512, test/RMSE: 0.4946]
2025-09-13 19:31:42,180 - easytorch-training - INFO - Checkpoint baselines\STDMAE\mask_save\Mask_SMAE\XueBu_5min_100_288_12\35d3d67cd171015b1da6bde1f82a72b8\Mask_SMAE_033.pt saved
2025-09-13 19:31:42,180 - easytorch-training - INFO - The estimated training finish time is 2025-09-13 19:56:00
2025-09-13 19:31:42,180 - easytorch-training - INFO - Epoch 34 / 100
2025-09-13 19:31:51,918 - easytorch-training - INFO - Result <train>: [train/time: 9.74 (s), train/lr: 1.00e-03, train/loss: 0.3229, train/MAE: 0.3229, train/MAPE: 3.8066, train/RMSE: 0.5009]
2025-09-13 19:31:51,919 - easytorch-training - INFO - Start validation.
2025-09-13 19:31:57,745 - easytorch-training - INFO - Result <val>: [val/time: 5.82 (s), val/loss: 0.3249, val/MAE: 0.3249, val/MAPE: 3.4944, val/RMSE: 0.4550]
2025-09-13 19:32:03,770 - easytorch-training - INFO - Result <test>: [test/time: 6.02 (s), test/loss: 0.0000, test/MAE: 0.3580, test/MAPE: 2.4239, test/RMSE: 0.5071]
2025-09-13 19:32:03,792 - easytorch-training - INFO - Checkpoint baselines\STDMAE\mask_save\Mask_SMAE\XueBu_5min_100_288_12\35d3d67cd171015b1da6bde1f82a72b8\Mask_SMAE_034.pt saved
2025-09-13 19:32:03,792 - easytorch-training - INFO - The estimated training finish time is 2025-09-13 19:56:00
2025-09-13 19:32:03,792 - easytorch-training - INFO - Epoch 35 / 100
2025-09-13 19:32:13,165 - easytorch-training - INFO - Result <train>: [train/time: 9.37 (s), train/lr: 1.00e-03, train/loss: 0.3209, train/MAE: 0.3209, train/MAPE: 3.7438, train/RMSE: 0.5054]
2025-09-13 19:32:13,167 - easytorch-training - INFO - Start validation.
2025-09-13 19:32:18,837 - easytorch-training - INFO - Result <val>: [val/time: 5.67 (s), val/loss: 0.2949, val/MAE: 0.2949, val/MAPE: 3.8561, val/RMSE: 0.4147]
2025-09-13 19:32:24,963 - easytorch-training - INFO - Result <test>: [test/time: 6.12 (s), test/loss: 0.0000, test/MAE: 0.3617, test/MAPE: 2.2501, test/RMSE: 0.5189]
2025-09-13 19:32:24,990 - easytorch-training - INFO - Checkpoint baselines\STDMAE\mask_save\Mask_SMAE\XueBu_5min_100_288_12\35d3d67cd171015b1da6bde1f82a72b8\Mask_SMAE_035.pt saved
2025-09-13 19:32:24,990 - easytorch-training - INFO - The estimated training finish time is 2025-09-13 19:55:58
2025-09-13 19:32:24,990 - easytorch-training - INFO - Epoch 36 / 100
2025-09-13 19:32:34,937 - easytorch-training - INFO - Result <train>: [train/time: 9.95 (s), train/lr: 1.00e-03, train/loss: 0.3225, train/MAE: 0.3225, train/MAPE: 3.2656, train/RMSE: 0.5038]
2025-09-13 19:32:34,939 - easytorch-training - INFO - Start validation.
2025-09-13 19:32:40,822 - easytorch-training - INFO - Result <val>: [val/time: 5.88 (s), val/loss: 0.3067, val/MAE: 0.3067, val/MAPE: 3.3672, val/RMSE: 0.4365]
2025-09-13 19:32:47,051 - easytorch-training - INFO - Result <test>: [test/time: 6.23 (s), test/loss: 0.0000, test/MAE: 0.3500, test/MAPE: 4.0339, test/RMSE: 0.5010]
2025-09-13 19:32:47,078 - easytorch-training - INFO - Checkpoint baselines\STDMAE\mask_save\Mask_SMAE\XueBu_5min_100_288_12\35d3d67cd171015b1da6bde1f82a72b8\Mask_SMAE_036.pt saved
2025-09-13 19:32:47,079 - easytorch-training - INFO - The estimated training finish time is 2025-09-13 19:55:59
2025-09-13 19:32:47,079 - easytorch-training - INFO - Epoch 37 / 100
2025-09-13 19:32:57,480 - easytorch-training - INFO - Result <train>: [train/time: 10.40 (s), train/lr: 1.00e-03, train/loss: 0.3206, train/MAE: 0.3206, train/MAPE: 4.1417, train/RMSE: 0.5100]
2025-09-13 19:32:57,482 - easytorch-training - INFO - Start validation.
2025-09-13 19:33:03,235 - easytorch-training - INFO - Result <val>: [val/time: 5.75 (s), val/loss: 0.3148, val/MAE: 0.3148, val/MAPE: 3.2267, val/RMSE: 0.4434]
2025-09-13 19:33:09,215 - easytorch-training - INFO - Result <test>: [test/time: 5.98 (s), test/loss: 0.0000, test/MAE: 0.3498, test/MAPE: 2.8832, test/RMSE: 0.5047]
2025-09-13 19:33:09,240 - easytorch-training - INFO - Checkpoint baselines\STDMAE\mask_save\Mask_SMAE\XueBu_5min_100_288_12\35d3d67cd171015b1da6bde1f82a72b8\Mask_SMAE_037.pt saved
2025-09-13 19:33:09,241 - easytorch-training - INFO - The estimated training finish time is 2025-09-13 19:56:00
2025-09-13 19:33:09,241 - easytorch-training - INFO - Epoch 38 / 100
2025-09-13 19:33:20,618 - easytorch-training - INFO - Result <train>: [train/time: 11.38 (s), train/lr: 1.00e-03, train/loss: 0.3208, train/MAE: 0.3208, train/MAPE: 3.9288, train/RMSE: 0.5111]
2025-09-13 19:33:20,620 - easytorch-training - INFO - Start validation.
2025-09-13 19:33:26,452 - easytorch-training - INFO - Result <val>: [val/time: 5.83 (s), val/loss: 0.2954, val/MAE: 0.2954, val/MAPE: 3.5940, val/RMSE: 0.4066]
2025-09-13 19:33:32,611 - easytorch-training - INFO - Result <test>: [test/time: 6.16 (s), test/loss: 0.0000, test/MAE: 0.3524, test/MAPE: 4.7537, test/RMSE: 0.4959]
2025-09-13 19:33:32,634 - easytorch-training - INFO - Checkpoint baselines\STDMAE\mask_save\Mask_SMAE\XueBu_5min_100_288_12\35d3d67cd171015b1da6bde1f82a72b8\Mask_SMAE_038.pt saved
2025-09-13 19:33:32,634 - easytorch-training - INFO - The estimated training finish time is 2025-09-13 19:56:04
2025-09-13 19:33:32,634 - easytorch-training - INFO - Epoch 39 / 100
2025-09-13 19:33:45,386 - easytorch-training - INFO - Result <train>: [train/time: 12.75 (s), train/lr: 1.00e-03, train/loss: 0.3199, train/MAE: 0.3199, train/MAPE: 3.5856, train/RMSE: 0.5010]
2025-09-13 19:33:45,387 - easytorch-training - INFO - Start validation.
2025-09-13 19:33:51,194 - easytorch-training - INFO - Result <val>: [val/time: 5.81 (s), val/loss: 0.3121, val/MAE: 0.3121, val/MAPE: 4.3030, val/RMSE: 0.4354]
2025-09-13 19:33:57,276 - easytorch-training - INFO - Result <test>: [test/time: 6.08 (s), test/loss: 0.0000, test/MAE: 0.3543, test/MAPE: 4.0703, test/RMSE: 0.5060]
2025-09-13 19:33:57,302 - easytorch-training - INFO - Checkpoint baselines\STDMAE\mask_save\Mask_SMAE\XueBu_5min_100_288_12\35d3d67cd171015b1da6bde1f82a72b8\Mask_SMAE_039.pt saved
2025-09-13 19:33:57,302 - easytorch-training - INFO - The estimated training finish time is 2025-09-13 19:56:12
2025-09-13 19:33:57,302 - easytorch-training - INFO - Epoch 40 / 100
2025-09-13 19:34:09,468 - easytorch-training - INFO - Result <train>: [train/time: 12.17 (s), train/lr: 1.00e-03, train/loss: 0.3162, train/MAE: 0.3162, train/MAPE: 3.9529, train/RMSE: 0.5003]
2025-09-13 19:34:09,469 - easytorch-training - INFO - Start validation.
2025-09-13 19:34:15,034 - easytorch-training - INFO - Result <val>: [val/time: 5.56 (s), val/loss: 0.3146, val/MAE: 0.3146, val/MAPE: 2.4872, val/RMSE: 0.4451]
2025-09-13 19:34:21,031 - easytorch-training - INFO - Result <test>: [test/time: 5.99 (s), test/loss: 0.0000, test/MAE: 0.3423, test/MAPE: 3.3674, test/RMSE: 0.4899]
2025-09-13 19:34:21,059 - easytorch-training - INFO - Checkpoint baselines\STDMAE\mask_save\Mask_SMAE\XueBu_5min_100_288_12\35d3d67cd171015b1da6bde1f82a72b8\Mask_SMAE_040.pt saved
2025-09-13 19:34:21,069 - easytorch-training - INFO - The estimated training finish time is 2025-09-13 19:56:16
2025-09-13 19:34:21,069 - easytorch-training - INFO - Epoch 41 / 100
2025-09-13 19:34:32,647 - easytorch-training - INFO - Result <train>: [train/time: 11.58 (s), train/lr: 1.00e-03, train/loss: 0.3163, train/MAE: 0.3163, train/MAPE: 3.4205, train/RMSE: 0.4924]
2025-09-13 19:34:32,648 - easytorch-training - INFO - Start validation.
2025-09-13 19:34:38,433 - easytorch-training - INFO - Result <val>: [val/time: 5.78 (s), val/loss: 0.2882, val/MAE: 0.2882, val/MAPE: 2.5666, val/RMSE: 0.3992]
2025-09-13 19:34:44,270 - easytorch-training - INFO - Result <test>: [test/time: 5.84 (s), test/loss: 0.0000, test/MAE: 0.3635, test/MAPE: 2.5479, test/RMSE: 0.5114]
2025-09-13 19:34:44,293 - easytorch-training - INFO - Checkpoint baselines\STDMAE\mask_save\Mask_SMAE\XueBu_5min_100_288_12\35d3d67cd171015b1da6bde1f82a72b8\Mask_SMAE_041.pt saved
2025-09-13 19:34:44,294 - easytorch-training - INFO - The estimated training finish time is 2025-09-13 19:56:20
2025-09-13 19:34:44,294 - easytorch-training - INFO - Epoch 42 / 100
2025-09-13 19:34:54,919 - easytorch-training - INFO - Result <train>: [train/time: 10.62 (s), train/lr: 1.00e-03, train/loss: 0.3151, train/MAE: 0.3151, train/MAPE: 3.5786, train/RMSE: 0.4963]
2025-09-13 19:34:54,921 - easytorch-training - INFO - Start validation.
2025-09-13 19:35:00,670 - easytorch-training - INFO - Result <val>: [val/time: 5.75 (s), val/loss: 0.2911, val/MAE: 0.2911, val/MAPE: 3.1344, val/RMSE: 0.4050]
2025-09-13 19:35:06,449 - easytorch-training - INFO - Result <test>: [test/time: 5.78 (s), test/loss: 0.0000, test/MAE: 0.3629, test/MAPE: 3.7849, test/RMSE: 0.5208]
2025-09-13 19:35:06,471 - easytorch-training - INFO - Checkpoint baselines\STDMAE\mask_save\Mask_SMAE\XueBu_5min_100_288_12\35d3d67cd171015b1da6bde1f82a72b8\Mask_SMAE_042.pt saved
2025-09-13 19:35:06,471 - easytorch-training - INFO - The estimated training finish time is 2025-09-13 19:56:20
2025-09-13 19:35:06,471 - easytorch-training - INFO - Epoch 43 / 100
2025-09-13 19:35:14,635 - easytorch-training - INFO - Result <train>: [train/time: 8.16 (s), train/lr: 1.00e-03, train/loss: 0.3144, train/MAE: 0.3144, train/MAPE: 3.8025, train/RMSE: 0.4995]
2025-09-13 19:35:14,636 - easytorch-training - INFO - Start validation.
2025-09-13 19:35:20,406 - easytorch-training - INFO - Result <val>: [val/time: 5.77 (s), val/loss: 0.2930, val/MAE: 0.2930, val/MAPE: 5.3052, val/RMSE: 0.4139]
2025-09-13 19:35:26,301 - easytorch-training - INFO - Result <test>: [test/time: 5.89 (s), test/loss: 0.0000, test/MAE: 0.3524, test/MAPE: 2.7894, test/RMSE: 0.5099]
2025-09-13 19:35:26,324 - easytorch-training - INFO - Checkpoint baselines\STDMAE\mask_save\Mask_SMAE\XueBu_5min_100_288_12\35d3d67cd171015b1da6bde1f82a72b8\Mask_SMAE_043.pt saved
2025-09-13 19:35:26,324 - easytorch-training - INFO - The estimated training finish time is 2025-09-13 19:56:15
2025-09-13 19:35:26,325 - easytorch-training - INFO - Epoch 44 / 100
2025-09-13 19:35:33,935 - easytorch-training - INFO - Result <train>: [train/time: 7.61 (s), train/lr: 1.00e-03, train/loss: 0.3115, train/MAE: 0.3115, train/MAPE: 2.9828, train/RMSE: 0.4883]
2025-09-13 19:35:33,937 - easytorch-training - INFO - Start validation.
2025-09-13 19:35:39,837 - easytorch-training - INFO - Result <val>: [val/time: 5.90 (s), val/loss: 0.3049, val/MAE: 0.3049, val/MAPE: 3.1627, val/RMSE: 0.4305]
2025-09-13 19:35:45,575 - easytorch-training - INFO - Result <test>: [test/time: 5.74 (s), test/loss: 0.0000, test/MAE: 0.3628, test/MAPE: 4.7358, test/RMSE: 0.5222]
2025-09-13 19:35:45,601 - easytorch-training - INFO - Checkpoint baselines\STDMAE\mask_save\Mask_SMAE\XueBu_5min_100_288_12\35d3d67cd171015b1da6bde1f82a72b8\Mask_SMAE_044.pt saved
2025-09-13 19:35:45,601 - easytorch-training - INFO - The estimated training finish time is 2025-09-13 19:56:09
2025-09-13 19:35:45,602 - easytorch-training - INFO - Epoch 45 / 100
2025-09-13 19:35:53,135 - easytorch-training - INFO - Result <train>: [train/time: 7.53 (s), train/lr: 1.00e-03, train/loss: 0.3143, train/MAE: 0.3143, train/MAPE: 3.5266, train/RMSE: 0.4915]
2025-09-13 19:35:53,137 - easytorch-training - INFO - Start validation.
2025-09-13 19:35:59,028 - easytorch-training - INFO - Result <val>: [val/time: 5.89 (s), val/loss: 0.3104, val/MAE: 0.3104, val/MAPE: 4.4200, val/RMSE: 0.4414]
2025-09-13 19:36:04,829 - easytorch-training - INFO - Result <test>: [test/time: 5.80 (s), test/loss: 0.0000, test/MAE: 0.3803, test/MAPE: 3.2216, test/RMSE: 0.5423]
2025-09-13 19:36:04,851 - easytorch-training - INFO - Checkpoint baselines\STDMAE\mask_save\Mask_SMAE\XueBu_5min_100_288_12\35d3d67cd171015b1da6bde1f82a72b8\Mask_SMAE_045.pt saved
2025-09-13 19:36:04,851 - easytorch-training - INFO - The estimated training finish time is 2025-09-13 19:56:03
2025-09-13 19:36:04,851 - easytorch-training - INFO - Epoch 46 / 100
2025-09-13 19:36:12,688 - easytorch-training - INFO - Result <train>: [train/time: 7.84 (s), train/lr: 1.00e-03, train/loss: 0.3109, train/MAE: 0.3109, train/MAPE: 4.2718, train/RMSE: 0.4972]
2025-09-13 19:36:12,690 - easytorch-training - INFO - Start validation.
2025-09-13 19:36:18,600 - easytorch-training - INFO - Result <val>: [val/time: 5.91 (s), val/loss: 0.2958, val/MAE: 0.2958, val/MAPE: 4.6583, val/RMSE: 0.4266]
2025-09-13 19:36:24,678 - easytorch-training - INFO - Result <test>: [test/time: 6.08 (s), test/loss: 0.0000, test/MAE: 0.3342, test/MAPE: 3.7402, test/RMSE: 0.4772]
2025-09-13 19:36:24,700 - easytorch-training - INFO - Checkpoint baselines\STDMAE\mask_save\Mask_SMAE\XueBu_5min_100_288_12\35d3d67cd171015b1da6bde1f82a72b8\Mask_SMAE_046.pt saved
2025-09-13 19:36:24,700 - easytorch-training - INFO - The estimated training finish time is 2025-09-13 19:55:59
2025-09-13 19:36:24,700 - easytorch-training - INFO - Epoch 47 / 100
2025-09-13 19:36:32,460 - easytorch-training - INFO - Result <train>: [train/time: 7.76 (s), train/lr: 1.00e-03, train/loss: 0.3153, train/MAE: 0.3153, train/MAPE: 3.6509, train/RMSE: 0.4934]
2025-09-13 19:36:32,461 - easytorch-training - INFO - Start validation.
2025-09-13 19:36:38,240 - easytorch-training - INFO - Result <val>: [val/time: 5.78 (s), val/loss: 0.3114, val/MAE: 0.3114, val/MAPE: 1.5938, val/RMSE: 0.4340]
2025-09-13 19:36:44,271 - easytorch-training - INFO - Result <test>: [test/time: 6.03 (s), test/loss: 0.0000, test/MAE: 0.3671, test/MAPE: 3.0040, test/RMSE: 0.5244]
2025-09-13 19:36:44,294 - easytorch-training - INFO - Checkpoint baselines\STDMAE\mask_save\Mask_SMAE\XueBu_5min_100_288_12\35d3d67cd171015b1da6bde1f82a72b8\Mask_SMAE_047.pt saved
2025-09-13 19:36:44,295 - easytorch-training - INFO - The estimated training finish time is 2025-09-13 19:55:54
2025-09-13 19:36:44,295 - easytorch-training - INFO - Epoch 48 / 100
2025-09-13 19:36:51,982 - easytorch-training - INFO - Result <train>: [train/time: 7.69 (s), train/lr: 1.00e-03, train/loss: 0.3109, train/MAE: 0.3109, train/MAPE: 3.8786, train/RMSE: 0.4902]
2025-09-13 19:36:51,984 - easytorch-training - INFO - Start validation.
2025-09-13 19:36:57,644 - easytorch-training - INFO - Result <val>: [val/time: 5.66 (s), val/loss: 0.3070, val/MAE: 0.3070, val/MAPE: 4.8742, val/RMSE: 0.4426]
2025-09-13 19:37:04,299 - easytorch-training - INFO - Result <test>: [test/time: 6.65 (s), test/loss: 0.0000, test/MAE: 0.3362, test/MAPE: 3.5939, test/RMSE: 0.4786]
2025-09-13 19:37:04,329 - easytorch-training - INFO - Checkpoint baselines\STDMAE\mask_save\Mask_SMAE\XueBu_5min_100_288_12\35d3d67cd171015b1da6bde1f82a72b8\Mask_SMAE_048.pt saved
2025-09-13 19:37:04,330 - easytorch-training - INFO - The estimated training finish time is 2025-09-13 19:55:51
2025-09-13 19:37:04,330 - easytorch-training - INFO - Epoch 49 / 100
2025-09-13 19:37:12,671 - easytorch-training - INFO - Result <train>: [train/time: 8.34 (s), train/lr: 1.00e-03, train/loss: 0.3097, train/MAE: 0.3097, train/MAPE: 4.0476, train/RMSE: 0.4904]
2025-09-13 19:37:12,672 - easytorch-training - INFO - Start validation.
2025-09-13 19:37:18,559 - easytorch-training - INFO - Result <val>: [val/time: 5.89 (s), val/loss: 0.2977, val/MAE: 0.2977, val/MAPE: 4.0733, val/RMSE: 0.4241]
2025-09-13 19:37:25,099 - easytorch-training - INFO - Result <test>: [test/time: 6.54 (s), test/loss: 0.0000, test/MAE: 0.3681, test/MAPE: 3.5292, test/RMSE: 0.5243]
2025-09-13 19:37:25,130 - easytorch-training - INFO - Checkpoint baselines\STDMAE\mask_save\Mask_SMAE\XueBu_5min_100_288_12\35d3d67cd171015b1da6bde1f82a72b8\Mask_SMAE_049.pt saved
2025-09-13 19:37:25,130 - easytorch-training - INFO - The estimated training finish time is 2025-09-13 19:55:49
2025-09-13 19:37:25,130 - easytorch-training - INFO - Epoch 50 / 100
2025-09-13 19:37:33,725 - easytorch-training - INFO - Result <train>: [train/time: 8.60 (s), train/lr: 1.00e-03, train/loss: 0.3094, train/MAE: 0.3094, train/MAPE: 4.1782, train/RMSE: 0.4954]
2025-09-13 19:37:33,726 - easytorch-training - INFO - Start validation.
2025-09-13 19:37:39,475 - easytorch-training - INFO - Result <val>: [val/time: 5.75 (s), val/loss: 0.3045, val/MAE: 0.3045, val/MAPE: 5.0763, val/RMSE: 0.4181]
2025-09-13 19:37:45,468 - easytorch-training - INFO - Result <test>: [test/time: 5.99 (s), test/loss: 0.0000, test/MAE: 0.3730, test/MAPE: 2.9137, test/RMSE: 0.5294]
2025-09-13 19:37:45,491 - easytorch-training - INFO - Checkpoint baselines\STDMAE\mask_save\Mask_SMAE\XueBu_5min_100_288_12\35d3d67cd171015b1da6bde1f82a72b8\Mask_SMAE_050.pt saved
2025-09-13 19:37:45,501 - easytorch-training - INFO - The estimated training finish time is 2025-09-13 19:55:47
2025-09-13 19:37:45,501 - easytorch-training - INFO - Epoch 51 / 100
2025-09-13 19:37:54,262 - easytorch-training - INFO - Result <train>: [train/time: 8.76 (s), train/lr: 5.00e-04, train/loss: 0.3093, train/MAE: 0.3093, train/MAPE: 2.8348, train/RMSE: 0.4752]
2025-09-13 19:37:54,263 - easytorch-training - INFO - Start validation.
2025-09-13 19:37:59,989 - easytorch-training - INFO - Result <val>: [val/time: 5.73 (s), val/loss: 0.2877, val/MAE: 0.2877, val/MAPE: 1.9521, val/RMSE: 0.4075]
2025-09-13 19:38:05,929 - easytorch-training - INFO - Result <test>: [test/time: 5.94 (s), test/loss: 0.0000, test/MAE: 0.3450, test/MAPE: 2.9151, test/RMSE: 0.4995]
2025-09-13 19:38:05,950 - easytorch-training - INFO - Checkpoint baselines\STDMAE\mask_save\Mask_SMAE\XueBu_5min_100_288_12\35d3d67cd171015b1da6bde1f82a72b8\Mask_SMAE_051.pt saved
2025-09-13 19:38:05,950 - easytorch-training - INFO - The estimated training finish time is 2025-09-13 19:55:44
2025-09-13 19:38:05,950 - easytorch-training - INFO - Epoch 52 / 100
2025-09-13 19:38:17,381 - easytorch-training - INFO - Result <train>: [train/time: 11.43 (s), train/lr: 5.00e-04, train/loss: 0.2988, train/MAE: 0.2988, train/MAPE: 3.8671, train/RMSE: 0.4644]
2025-09-13 19:38:17,383 - easytorch-training - INFO - Start validation.
2025-09-13 19:38:23,395 - easytorch-training - INFO - Result <val>: [val/time: 6.01 (s), val/loss: 0.3068, val/MAE: 0.3068, val/MAPE: 4.5536, val/RMSE: 0.4218]
2025-09-13 19:38:29,565 - easytorch-training - INFO - Result <test>: [test/time: 6.17 (s), test/loss: 0.0000, test/MAE: 0.3678, test/MAPE: 3.0113, test/RMSE: 0.5250]
2025-09-13 19:38:29,588 - easytorch-training - INFO - Checkpoint baselines\STDMAE\mask_save\Mask_SMAE\XueBu_5min_100_288_12\35d3d67cd171015b1da6bde1f82a72b8\Mask_SMAE_052.pt saved
2025-09-13 19:38:29,588 - easytorch-training - INFO - The estimated training finish time is 2025-09-13 19:55:48
2025-09-13 19:38:29,588 - easytorch-training - INFO - Epoch 53 / 100
2025-09-13 19:38:41,454 - easytorch-training - INFO - Result <train>: [train/time: 11.87 (s), train/lr: 5.00e-04, train/loss: 0.3010, train/MAE: 0.3010, train/MAPE: 3.3955, train/RMSE: 0.4714]
2025-09-13 19:38:41,455 - easytorch-training - INFO - Start validation.
2025-09-13 19:38:47,397 - easytorch-training - INFO - Result <val>: [val/time: 5.94 (s), val/loss: 0.3067, val/MAE: 0.3067, val/MAPE: 3.9401, val/RMSE: 0.4247]
2025-09-13 19:38:53,520 - easytorch-training - INFO - Result <test>: [test/time: 6.12 (s), test/loss: 0.0000, test/MAE: 0.3583, test/MAPE: 2.9189, test/RMSE: 0.5117]
2025-09-13 19:38:53,547 - easytorch-training - INFO - Checkpoint baselines\STDMAE\mask_save\Mask_SMAE\XueBu_5min_100_288_12\35d3d67cd171015b1da6bde1f82a72b8\Mask_SMAE_053.pt saved
2025-09-13 19:38:53,547 - easytorch-training - INFO - The estimated training finish time is 2025-09-13 19:55:53
2025-09-13 19:38:53,547 - easytorch-training - INFO - Epoch 54 / 100
2025-09-13 19:39:05,369 - easytorch-training - INFO - Result <train>: [train/time: 11.82 (s), train/lr: 5.00e-04, train/loss: 0.3009, train/MAE: 0.3009, train/MAPE: 3.9789, train/RMSE: 0.4765]
2025-09-13 19:39:05,371 - easytorch-training - INFO - Start validation.
2025-09-13 19:39:11,447 - easytorch-training - INFO - Result <val>: [val/time: 6.08 (s), val/loss: 0.2966, val/MAE: 0.2966, val/MAPE: 4.3140, val/RMSE: 0.4165]
2025-09-13 19:39:18,030 - easytorch-training - INFO - Result <test>: [test/time: 6.58 (s), test/loss: 0.0000, test/MAE: 0.3456, test/MAPE: 3.1075, test/RMSE: 0.5007]
2025-09-13 19:39:18,067 - easytorch-training - INFO - Checkpoint baselines\STDMAE\mask_save\Mask_SMAE\XueBu_5min_100_288_12\35d3d67cd171015b1da6bde1f82a72b8\Mask_SMAE_054.pt saved
2025-09-13 19:39:18,067 - easytorch-training - INFO - The estimated training finish time is 2025-09-13 19:55:58
2025-09-13 19:39:18,067 - easytorch-training - INFO - Epoch 55 / 100
2025-09-13 19:39:29,638 - easytorch-training - INFO - Result <train>: [train/time: 11.57 (s), train/lr: 5.00e-04, train/loss: 0.3024, train/MAE: 0.3024, train/MAPE: 3.5278, train/RMSE: 0.4729]
2025-09-13 19:39:29,639 - easytorch-training - INFO - Start validation.
2025-09-13 19:39:35,673 - easytorch-training - INFO - Result <val>: [val/time: 6.03 (s), val/loss: 0.3121, val/MAE: 0.3121, val/MAPE: 2.8022, val/RMSE: 0.4419]
2025-09-13 19:39:42,156 - easytorch-training - INFO - Result <test>: [test/time: 6.48 (s), test/loss: 0.0000, test/MAE: 0.3464, test/MAPE: 2.2770, test/RMSE: 0.4927]
2025-09-13 19:39:42,181 - easytorch-training - INFO - Checkpoint baselines\STDMAE\mask_save\Mask_SMAE\XueBu_5min_100_288_12\35d3d67cd171015b1da6bde1f82a72b8\Mask_SMAE_055.pt saved
2025-09-13 19:39:42,182 - easytorch-training - INFO - The estimated training finish time is 2025-09-13 19:56:02
2025-09-13 19:39:42,182 - easytorch-training - INFO - Epoch 56 / 100
2025-09-13 19:39:53,591 - easytorch-training - INFO - Result <train>: [train/time: 11.41 (s), train/lr: 5.00e-04, train/loss: 0.3053, train/MAE: 0.3053, train/MAPE: 3.3115, train/RMSE: 0.4726]
2025-09-13 19:39:53,592 - easytorch-training - INFO - Start validation.
2025-09-13 19:39:59,924 - easytorch-training - INFO - Result <val>: [val/time: 6.33 (s), val/loss: 0.3128, val/MAE: 0.3128, val/MAPE: 4.4960, val/RMSE: 0.4365]
2025-09-13 19:40:06,589 - easytorch-training - INFO - Result <test>: [test/time: 6.66 (s), test/loss: 0.0000, test/MAE: 0.3633, test/MAPE: 3.1735, test/RMSE: 0.5177]
2025-09-13 19:40:06,617 - easytorch-training - INFO - Checkpoint baselines\STDMAE\mask_save\Mask_SMAE\XueBu_5min_100_288_12\35d3d67cd171015b1da6bde1f82a72b8\Mask_SMAE_056.pt saved
2025-09-13 19:40:06,618 - easytorch-training - INFO - The estimated training finish time is 2025-09-13 19:56:07
2025-09-13 19:40:06,618 - easytorch-training - INFO - Epoch 57 / 100
2025-09-13 19:40:16,683 - easytorch-training - INFO - Result <train>: [train/time: 10.06 (s), train/lr: 5.00e-04, train/loss: 0.3010, train/MAE: 0.3010, train/MAPE: 3.2694, train/RMSE: 0.4653]
2025-09-13 19:40:16,685 - easytorch-training - INFO - Start validation.
2025-09-13 19:40:22,669 - easytorch-training - INFO - Result <val>: [val/time: 5.98 (s), val/loss: 0.3122, val/MAE: 0.3122, val/MAPE: 3.4805, val/RMSE: 0.4279]
2025-09-13 19:40:28,897 - easytorch-training - INFO - Result <test>: [test/time: 6.23 (s), test/loss: 0.0000, test/MAE: 0.3446, test/MAPE: 4.0725, test/RMSE: 0.4995]
2025-09-13 19:40:28,925 - easytorch-training - INFO - Checkpoint baselines\STDMAE\mask_save\Mask_SMAE\XueBu_5min_100_288_12\35d3d67cd171015b1da6bde1f82a72b8\Mask_SMAE_057.pt saved
2025-09-13 19:40:28,925 - easytorch-training - INFO - The estimated training finish time is 2025-09-13 19:56:08
2025-09-13 19:40:28,925 - easytorch-training - INFO - Epoch 58 / 100
2025-09-13 19:40:39,909 - easytorch-training - INFO - Result <train>: [train/time: 10.98 (s), train/lr: 5.00e-04, train/loss: 0.2973, train/MAE: 0.2973, train/MAPE: 3.5268, train/RMSE: 0.4727]
2025-09-13 19:40:39,910 - easytorch-training - INFO - Start validation.
2025-09-13 19:40:45,890 - easytorch-training - INFO - Result <val>: [val/time: 5.98 (s), val/loss: 0.2729, val/MAE: 0.2729, val/MAPE: 3.0169, val/RMSE: 0.3848]
2025-09-13 19:40:52,097 - easytorch-training - INFO - Result <test>: [test/time: 6.21 (s), test/loss: 0.0000, test/MAE: 0.3642, test/MAPE: 3.2109, test/RMSE: 0.5355]
2025-09-13 19:40:52,121 - easytorch-training - INFO - Checkpoint baselines\STDMAE\mask_save\Mask_SMAE\XueBu_5min_100_288_12\35d3d67cd171015b1da6bde1f82a72b8\Mask_SMAE_058.pt saved
2025-09-13 19:40:52,121 - easytorch-training - INFO - The estimated training finish time is 2025-09-13 19:56:10
2025-09-13 19:40:52,121 - easytorch-training - INFO - Epoch 59 / 100
2025-09-13 19:41:03,057 - easytorch-training - INFO - Result <train>: [train/time: 10.93 (s), train/lr: 5.00e-04, train/loss: 0.2956, train/MAE: 0.2956, train/MAPE: 3.6772, train/RMSE: 0.4652]
2025-09-13 19:41:03,058 - easytorch-training - INFO - Start validation.
2025-09-13 19:41:09,015 - easytorch-training - INFO - Result <val>: [val/time: 5.96 (s), val/loss: 0.2759, val/MAE: 0.2759, val/MAPE: 1.9595, val/RMSE: 0.3832]
2025-09-13 19:41:15,333 - easytorch-training - INFO - Result <test>: [test/time: 6.32 (s), test/loss: 0.0000, test/MAE: 0.3639, test/MAPE: 2.5871, test/RMSE: 0.5223]
2025-09-13 19:41:15,356 - easytorch-training - INFO - Checkpoint baselines\STDMAE\mask_save\Mask_SMAE\XueBu_5min_100_288_12\35d3d67cd171015b1da6bde1f82a72b8\Mask_SMAE_059.pt saved
2025-09-13 19:41:15,356 - easytorch-training - INFO - The estimated training finish time is 2025-09-13 19:56:12
2025-09-13 19:41:15,356 - easytorch-training - INFO - Epoch 60 / 100
2025-09-13 19:41:25,864 - easytorch-training - INFO - Result <train>: [train/time: 10.51 (s), train/lr: 5.00e-04, train/loss: 0.3005, train/MAE: 0.3005, train/MAPE: 4.0873, train/RMSE: 0.4758]
2025-09-13 19:41:25,866 - easytorch-training - INFO - Start validation.
2025-09-13 19:41:31,883 - easytorch-training - INFO - Result <val>: [val/time: 6.02 (s), val/loss: 0.2721, val/MAE: 0.2721, val/MAPE: 4.8742, val/RMSE: 0.3839]
2025-09-13 19:41:38,056 - easytorch-training - INFO - Result <test>: [test/time: 6.17 (s), test/loss: 0.0000, test/MAE: 0.3686, test/MAPE: 2.5476, test/RMSE: 0.5354]
2025-09-13 19:41:38,086 - easytorch-training - INFO - Checkpoint baselines\STDMAE\mask_save\Mask_SMAE\XueBu_5min_100_288_12\35d3d67cd171015b1da6bde1f82a72b8\Mask_SMAE_060.pt saved
2025-09-13 19:41:38,098 - easytorch-training - INFO - The estimated training finish time is 2025-09-13 19:56:14
2025-09-13 19:41:38,098 - easytorch-training - INFO - Epoch 61 / 100
2025-09-13 19:41:48,910 - easytorch-training - INFO - Result <train>: [train/time: 10.81 (s), train/lr: 5.00e-04, train/loss: 0.2956, train/MAE: 0.2956, train/MAPE: 3.5721, train/RMSE: 0.4694]
2025-09-13 19:41:48,911 - easytorch-training - INFO - Start validation.
2025-09-13 19:41:54,692 - easytorch-training - INFO - Result <val>: [val/time: 5.78 (s), val/loss: 0.3094, val/MAE: 0.3094, val/MAPE: 3.9274, val/RMSE: 0.4458]
2025-09-13 19:42:00,786 - easytorch-training - INFO - Result <test>: [test/time: 6.09 (s), test/loss: 0.0000, test/MAE: 0.3451, test/MAPE: 3.6689, test/RMSE: 0.4963]
2025-09-13 19:42:00,811 - easytorch-training - INFO - Checkpoint baselines\STDMAE\mask_save\Mask_SMAE\XueBu_5min_100_288_12\35d3d67cd171015b1da6bde1f82a72b8\Mask_SMAE_061.pt saved
2025-09-13 19:42:00,811 - easytorch-training - INFO - The estimated training finish time is 2025-09-13 19:56:15
2025-09-13 19:42:00,811 - easytorch-training - INFO - Epoch 62 / 100
2025-09-13 19:42:12,239 - easytorch-training - INFO - Result <train>: [train/time: 11.43 (s), train/lr: 5.00e-04, train/loss: 0.2948, train/MAE: 0.2948, train/MAPE: 3.5589, train/RMSE: 0.4639]
2025-09-13 19:42:12,240 - easytorch-training - INFO - Start validation.
2025-09-13 19:42:18,147 - easytorch-training - INFO - Result <val>: [val/time: 5.91 (s), val/loss: 0.2959, val/MAE: 0.2959, val/MAPE: 3.3664, val/RMSE: 0.4106]
2025-09-13 19:42:24,210 - easytorch-training - INFO - Result <test>: [test/time: 6.06 (s), test/loss: 0.0000, test/MAE: 0.3537, test/MAPE: 3.4234, test/RMSE: 0.5096]
2025-09-13 19:42:24,233 - easytorch-training - INFO - Checkpoint baselines\STDMAE\mask_save\Mask_SMAE\XueBu_5min_100_288_12\35d3d67cd171015b1da6bde1f82a72b8\Mask_SMAE_062.pt saved
2025-09-13 19:42:24,234 - easytorch-training - INFO - The estimated training finish time is 2025-09-13 19:56:18
2025-09-13 19:42:24,234 - easytorch-training - INFO - Epoch 63 / 100
2025-09-13 19:42:36,272 - easytorch-training - INFO - Result <train>: [train/time: 12.04 (s), train/lr: 5.00e-04, train/loss: 0.2969, train/MAE: 0.2969, train/MAPE: 3.5824, train/RMSE: 0.4674]
2025-09-13 19:42:36,274 - easytorch-training - INFO - Start validation.
2025-09-13 19:42:42,183 - easytorch-training - INFO - Result <val>: [val/time: 5.91 (s), val/loss: 0.3092, val/MAE: 0.3092, val/MAPE: 4.2247, val/RMSE: 0.4228]
2025-09-13 19:42:48,618 - easytorch-training - INFO - Result <test>: [test/time: 6.43 (s), test/loss: 0.0000, test/MAE: 0.3526, test/MAPE: 3.2931, test/RMSE: 0.5110]
2025-09-13 19:42:48,643 - easytorch-training - INFO - Checkpoint baselines\STDMAE\mask_save\Mask_SMAE\XueBu_5min_100_288_12\35d3d67cd171015b1da6bde1f82a72b8\Mask_SMAE_063.pt saved
2025-09-13 19:42:48,644 - easytorch-training - INFO - The estimated training finish time is 2025-09-13 19:56:21
2025-09-13 19:42:48,644 - easytorch-training - INFO - Epoch 64 / 100
2025-09-13 19:43:00,751 - easytorch-training - INFO - Result <train>: [train/time: 12.11 (s), train/lr: 5.00e-04, train/loss: 0.2946, train/MAE: 0.2946, train/MAPE: 3.2538, train/RMSE: 0.4564]
2025-09-13 19:43:00,753 - easytorch-training - INFO - Start validation.
2025-09-13 19:43:06,708 - easytorch-training - INFO - Result <val>: [val/time: 5.95 (s), val/loss: 0.2956, val/MAE: 0.2956, val/MAPE: 1.9114, val/RMSE: 0.4086]
2025-09-13 19:43:12,912 - easytorch-training - INFO - Result <test>: [test/time: 6.20 (s), test/loss: 0.0000, test/MAE: 0.3492, test/MAPE: 3.7272, test/RMSE: 0.5035]
2025-09-13 19:43:12,939 - easytorch-training - INFO - Checkpoint baselines\STDMAE\mask_save\Mask_SMAE\XueBu_5min_100_288_12\35d3d67cd171015b1da6bde1f82a72b8\Mask_SMAE_064.pt saved
2025-09-13 19:43:12,939 - easytorch-training - INFO - The estimated training finish time is 2025-09-13 19:56:25
2025-09-13 19:43:12,939 - easytorch-training - INFO - Epoch 65 / 100
2025-09-13 19:43:25,118 - easytorch-training - INFO - Result <train>: [train/time: 12.18 (s), train/lr: 5.00e-04, train/loss: 0.2976, train/MAE: 0.2976, train/MAPE: 3.5101, train/RMSE: 0.4655]
2025-09-13 19:43:25,119 - easytorch-training - INFO - Start validation.
2025-09-13 19:43:31,338 - easytorch-training - INFO - Result <val>: [val/time: 6.22 (s), val/loss: 0.3030, val/MAE: 0.3030, val/MAPE: 3.2951, val/RMSE: 0.4222]
2025-09-13 19:43:37,901 - easytorch-training - INFO - Result <test>: [test/time: 6.56 (s), test/loss: 0.0000, test/MAE: 0.3559, test/MAPE: 3.6610, test/RMSE: 0.5229]
2025-09-13 19:43:37,922 - easytorch-training - INFO - Checkpoint baselines\STDMAE\mask_save\Mask_SMAE\XueBu_5min_100_288_12\35d3d67cd171015b1da6bde1f82a72b8\Mask_SMAE_065.pt saved
2025-09-13 19:43:37,922 - easytorch-training - INFO - The estimated training finish time is 2025-09-13 19:56:30
2025-09-13 19:43:37,922 - easytorch-training - INFO - Epoch 66 / 100
2025-09-13 19:43:48,727 - easytorch-training - INFO - Result <train>: [train/time: 10.81 (s), train/lr: 5.00e-04, train/loss: 0.2998, train/MAE: 0.2998, train/MAPE: 3.2792, train/RMSE: 0.4670]
2025-09-13 19:43:48,728 - easytorch-training - INFO - Start validation.
2025-09-13 19:43:54,851 - easytorch-training - INFO - Result <val>: [val/time: 6.12 (s), val/loss: 0.2885, val/MAE: 0.2885, val/MAPE: 3.0859, val/RMSE: 0.3915]
2025-09-13 19:44:01,221 - easytorch-training - INFO - Result <test>: [test/time: 6.37 (s), test/loss: 0.0000, test/MAE: 0.3443, test/MAPE: 2.2974, test/RMSE: 0.5000]
2025-09-13 19:44:01,246 - easytorch-training - INFO - Checkpoint baselines\STDMAE\mask_save\Mask_SMAE\XueBu_5min_100_288_12\35d3d67cd171015b1da6bde1f82a72b8\Mask_SMAE_066.pt saved
2025-09-13 19:44:01,247 - easytorch-training - INFO - The estimated training finish time is 2025-09-13 19:56:32
2025-09-13 19:44:01,247 - easytorch-training - INFO - Epoch 67 / 100
2025-09-13 19:44:11,376 - easytorch-training - INFO - Result <train>: [train/time: 10.13 (s), train/lr: 5.00e-04, train/loss: 0.2987, train/MAE: 0.2987, train/MAPE: 3.4663, train/RMSE: 0.4643]
2025-09-13 19:44:11,377 - easytorch-training - INFO - Start validation.
2025-09-13 19:44:17,657 - easytorch-training - INFO - Result <val>: [val/time: 6.28 (s), val/loss: 0.3023, val/MAE: 0.3023, val/MAPE: 3.7105, val/RMSE: 0.4273]
2025-09-13 19:44:24,135 - easytorch-training - INFO - Result <test>: [test/time: 6.48 (s), test/loss: 0.0000, test/MAE: 0.3391, test/MAPE: 2.6636, test/RMSE: 0.4994]
2025-09-13 19:44:24,160 - easytorch-training - INFO - Checkpoint baselines\STDMAE\mask_save\Mask_SMAE\XueBu_5min_100_288_12\35d3d67cd171015b1da6bde1f82a72b8\Mask_SMAE_067.pt saved
2025-09-13 19:44:24,161 - easytorch-training - INFO - The estimated training finish time is 2025-09-13 19:56:33
2025-09-13 19:44:24,161 - easytorch-training - INFO - Epoch 68 / 100
2025-09-13 19:44:33,227 - easytorch-training - INFO - Result <train>: [train/time: 9.07 (s), train/lr: 5.00e-04, train/loss: 0.2939, train/MAE: 0.2939, train/MAPE: 3.4300, train/RMSE: 0.4582]
2025-09-13 19:44:33,228 - easytorch-training - INFO - Start validation.
2025-09-13 19:44:39,330 - easytorch-training - INFO - Result <val>: [val/time: 6.10 (s), val/loss: 0.2980, val/MAE: 0.2980, val/MAPE: 3.7184, val/RMSE: 0.4178]
2025-09-13 19:44:46,004 - easytorch-training - INFO - Result <test>: [test/time: 6.67 (s), test/loss: 0.0000, test/MAE: 0.3459, test/MAPE: 3.4446, test/RMSE: 0.4990]
2025-09-13 19:44:46,027 - easytorch-training - INFO - Checkpoint baselines\STDMAE\mask_save\Mask_SMAE\XueBu_5min_100_288_12\35d3d67cd171015b1da6bde1f82a72b8\Mask_SMAE_068.pt saved
2025-09-13 19:44:46,027 - easytorch-training - INFO - The estimated training finish time is 2025-09-13 19:56:32
2025-09-13 19:44:46,027 - easytorch-training - INFO - Epoch 69 / 100
2025-09-13 19:44:55,250 - easytorch-training - INFO - Result <train>: [train/time: 9.22 (s), train/lr: 5.00e-04, train/loss: 0.2922, train/MAE: 0.2922, train/MAPE: 3.3394, train/RMSE: 0.4573]
2025-09-13 19:44:55,251 - easytorch-training - INFO - Start validation.
2025-09-13 19:45:01,490 - easytorch-training - INFO - Result <val>: [val/time: 6.24 (s), val/loss: 0.2976, val/MAE: 0.2976, val/MAPE: 5.7277, val/RMSE: 0.4160]
2025-09-13 19:45:07,796 - easytorch-training - INFO - Result <test>: [test/time: 6.30 (s), test/loss: 0.0000, test/MAE: 0.3616, test/MAPE: 4.3431, test/RMSE: 0.5267]
2025-09-13 19:45:07,817 - easytorch-training - INFO - Checkpoint baselines\STDMAE\mask_save\Mask_SMAE\XueBu_5min_100_288_12\35d3d67cd171015b1da6bde1f82a72b8\Mask_SMAE_069.pt saved
2025-09-13 19:45:07,817 - easytorch-training - INFO - The estimated training finish time is 2025-09-13 19:56:32
2025-09-13 19:45:07,817 - easytorch-training - INFO - Epoch 70 / 100
2025-09-13 19:45:17,686 - easytorch-training - INFO - Result <train>: [train/time: 9.87 (s), train/lr: 5.00e-04, train/loss: 0.2983, train/MAE: 0.2983, train/MAPE: 3.7916, train/RMSE: 0.4714]
2025-09-13 19:45:17,688 - easytorch-training - INFO - Start validation.
2025-09-13 19:45:23,875 - easytorch-training - INFO - Result <val>: [val/time: 6.19 (s), val/loss: 0.2670, val/MAE: 0.2670, val/MAPE: 3.2384, val/RMSE: 0.3730]
2025-09-13 19:45:23,898 - easytorch-training - INFO - Checkpoint baselines\STDMAE\mask_save\Mask_SMAE\XueBu_5min_100_288_12\35d3d67cd171015b1da6bde1f82a72b8\Mask_SMAE_best_val_MAE.pt saved
2025-09-13 19:45:30,494 - easytorch-training - INFO - Result <test>: [test/time: 6.60 (s), test/loss: 0.0000, test/MAE: 0.3451, test/MAPE: 2.5809, test/RMSE: 0.5004]
2025-09-13 19:45:30,522 - easytorch-training - INFO - Checkpoint baselines\STDMAE\mask_save\Mask_SMAE\XueBu_5min_100_288_12\35d3d67cd171015b1da6bde1f82a72b8\Mask_SMAE_070.pt saved
2025-09-13 19:45:30,529 - easytorch-training - INFO - The estimated training finish time is 2025-09-13 19:56:33
2025-09-13 19:45:30,530 - easytorch-training - INFO - Epoch 71 / 100
2025-09-13 19:45:41,022 - easytorch-training - INFO - Result <train>: [train/time: 10.49 (s), train/lr: 5.00e-04, train/loss: 0.2934, train/MAE: 0.2934, train/MAPE: 3.7436, train/RMSE: 0.4646]
2025-09-13 19:45:41,024 - easytorch-training - INFO - Start validation.
2025-09-13 19:45:47,285 - easytorch-training - INFO - Result <val>: [val/time: 6.26 (s), val/loss: 0.3136, val/MAE: 0.3136, val/MAPE: 4.4439, val/RMSE: 0.4324]
2025-09-13 19:45:53,666 - easytorch-training - INFO - Result <test>: [test/time: 6.38 (s), test/loss: 0.0000, test/MAE: 0.3494, test/MAPE: 3.9000, test/RMSE: 0.5085]
2025-09-13 19:45:53,688 - easytorch-training - INFO - Checkpoint baselines\STDMAE\mask_save\Mask_SMAE\XueBu_5min_100_288_12\35d3d67cd171015b1da6bde1f82a72b8\Mask_SMAE_071.pt saved
2025-09-13 19:45:53,689 - easytorch-training - INFO - The estimated training finish time is 2025-09-13 19:56:34
2025-09-13 19:45:53,689 - easytorch-training - INFO - Epoch 72 / 100
2025-09-13 19:46:04,031 - easytorch-training - INFO - Result <train>: [train/time: 10.34 (s), train/lr: 5.00e-04, train/loss: 0.2970, train/MAE: 0.2970, train/MAPE: 3.3621, train/RMSE: 0.4628]
2025-09-13 19:46:04,032 - easytorch-training - INFO - Start validation.
2025-09-13 19:46:10,323 - easytorch-training - INFO - Result <val>: [val/time: 6.29 (s), val/loss: 0.2881, val/MAE: 0.2881, val/MAPE: 3.2307, val/RMSE: 0.4164]
2025-09-13 19:46:16,785 - easytorch-training - INFO - Result <test>: [test/time: 6.46 (s), test/loss: 0.0000, test/MAE: 0.3318, test/MAPE: 3.4699, test/RMSE: 0.4813]
2025-09-13 19:46:16,812 - easytorch-training - INFO - Checkpoint baselines\STDMAE\mask_save\Mask_SMAE\XueBu_5min_100_288_12\35d3d67cd171015b1da6bde1f82a72b8\Mask_SMAE_072.pt saved
2025-09-13 19:46:16,812 - easytorch-training - INFO - The estimated training finish time is 2025-09-13 19:56:36
2025-09-13 19:46:16,812 - easytorch-training - INFO - Epoch 73 / 100
2025-09-13 19:46:26,984 - easytorch-training - INFO - Result <train>: [train/time: 10.17 (s), train/lr: 5.00e-04, train/loss: 0.2994, train/MAE: 0.2994, train/MAPE: 3.8057, train/RMSE: 0.4735]
2025-09-13 19:46:26,986 - easytorch-training - INFO - Start validation.
2025-09-13 19:46:32,915 - easytorch-training - INFO - Result <val>: [val/time: 5.93 (s), val/loss: 0.2945, val/MAE: 0.2945, val/MAPE: 2.6333, val/RMSE: 0.4078]
2025-09-13 19:46:39,001 - easytorch-training - INFO - Result <test>: [test/time: 6.08 (s), test/loss: 0.0000, test/MAE: 0.3373, test/MAPE: 3.5481, test/RMSE: 0.4890]
2025-09-13 19:46:39,027 - easytorch-training - INFO - Checkpoint baselines\STDMAE\mask_save\Mask_SMAE\XueBu_5min_100_288_12\35d3d67cd171015b1da6bde1f82a72b8\Mask_SMAE_073.pt saved
2025-09-13 19:46:39,027 - easytorch-training - INFO - The estimated training finish time is 2025-09-13 19:56:36
2025-09-13 19:46:39,027 - easytorch-training - INFO - Epoch 74 / 100
2025-09-13 19:46:50,421 - easytorch-training - INFO - Result <train>: [train/time: 11.39 (s), train/lr: 5.00e-04, train/loss: 0.2904, train/MAE: 0.2904, train/MAPE: 3.2998, train/RMSE: 0.4554]
2025-09-13 19:46:50,423 - easytorch-training - INFO - Start validation.
2025-09-13 19:46:56,387 - easytorch-training - INFO - Result <val>: [val/time: 5.96 (s), val/loss: 0.2890, val/MAE: 0.2890, val/MAPE: 3.2096, val/RMSE: 0.4203]
2025-09-13 19:47:02,650 - easytorch-training - INFO - Result <test>: [test/time: 6.26 (s), test/loss: 0.0000, test/MAE: 0.3435, test/MAPE: 3.3484, test/RMSE: 0.5064]
2025-09-13 19:47:02,671 - easytorch-training - INFO - Checkpoint baselines\STDMAE\mask_save\Mask_SMAE\XueBu_5min_100_288_12\35d3d67cd171015b1da6bde1f82a72b8\Mask_SMAE_074.pt saved
2025-09-13 19:47:02,671 - easytorch-training - INFO - The estimated training finish time is 2025-09-13 19:56:38
2025-09-13 19:47:02,671 - easytorch-training - INFO - Epoch 75 / 100
2025-09-13 19:47:14,242 - easytorch-training - INFO - Result <train>: [train/time: 11.57 (s), train/lr: 5.00e-04, train/loss: 0.2878, train/MAE: 0.2878, train/MAPE: 3.6526, train/RMSE: 0.4541]
2025-09-13 19:47:14,244 - easytorch-training - INFO - Start validation.
2025-09-13 19:47:20,156 - easytorch-training - INFO - Result <val>: [val/time: 5.91 (s), val/loss: 0.2793, val/MAE: 0.2793, val/MAPE: 2.8112, val/RMSE: 0.3891]
2025-09-13 19:47:26,565 - easytorch-training - INFO - Result <test>: [test/time: 6.41 (s), test/loss: 0.0000, test/MAE: 0.3733, test/MAPE: 3.2930, test/RMSE: 0.5501]
2025-09-13 19:47:26,597 - easytorch-training - INFO - Checkpoint baselines\STDMAE\mask_save\Mask_SMAE\XueBu_5min_100_288_12\35d3d67cd171015b1da6bde1f82a72b8\Mask_SMAE_075.pt saved
2025-09-13 19:47:26,598 - easytorch-training - INFO - The estimated training finish time is 2025-09-13 19:56:40
2025-09-13 19:47:26,598 - easytorch-training - INFO - Epoch 76 / 100
2025-09-13 19:47:38,784 - easytorch-training - INFO - Result <train>: [train/time: 12.19 (s), train/lr: 5.00e-04, train/loss: 0.2911, train/MAE: 0.2911, train/MAPE: 3.4493, train/RMSE: 0.4557]
2025-09-13 19:47:38,785 - easytorch-training - INFO - Start validation.
2025-09-13 19:47:44,714 - easytorch-training - INFO - Result <val>: [val/time: 5.93 (s), val/loss: 0.2965, val/MAE: 0.2965, val/MAPE: 2.7103, val/RMSE: 0.4172]
2025-09-13 19:47:51,419 - easytorch-training - INFO - Result <test>: [test/time: 6.70 (s), test/loss: 0.0000, test/MAE: 0.3396, test/MAPE: 3.7911, test/RMSE: 0.4998]
2025-09-13 19:47:51,439 - easytorch-training - INFO - Checkpoint baselines\STDMAE\mask_save\Mask_SMAE\XueBu_5min_100_288_12\35d3d67cd171015b1da6bde1f82a72b8\Mask_SMAE_076.pt saved
2025-09-13 19:47:51,439 - easytorch-training - INFO - The estimated training finish time is 2025-09-13 19:56:44
2025-09-13 19:47:51,439 - easytorch-training - INFO - Epoch 77 / 100
2025-09-13 19:48:04,796 - easytorch-training - INFO - Result <train>: [train/time: 13.36 (s), train/lr: 5.00e-04, train/loss: 0.2942, train/MAE: 0.2942, train/MAPE: 3.9973, train/RMSE: 0.4700]
2025-09-13 19:48:04,797 - easytorch-training - INFO - Start validation.
2025-09-13 19:48:10,885 - easytorch-training - INFO - Result <val>: [val/time: 6.09 (s), val/loss: 0.2990, val/MAE: 0.2990, val/MAPE: 3.4717, val/RMSE: 0.4123]
2025-09-13 19:48:17,374 - easytorch-training - INFO - Result <test>: [test/time: 6.49 (s), test/loss: 0.0000, test/MAE: 0.3469, test/MAPE: 3.2332, test/RMSE: 0.5045]
2025-09-13 19:48:17,407 - easytorch-training - INFO - Checkpoint baselines\STDMAE\mask_save\Mask_SMAE\XueBu_5min_100_288_12\35d3d67cd171015b1da6bde1f82a72b8\Mask_SMAE_077.pt saved
2025-09-13 19:48:17,407 - easytorch-training - INFO - The estimated training finish time is 2025-09-13 19:56:49
2025-09-13 19:48:17,407 - easytorch-training - INFO - Epoch 78 / 100
2025-09-13 19:48:30,726 - easytorch-training - INFO - Result <train>: [train/time: 13.32 (s), train/lr: 5.00e-04, train/loss: 0.2945, train/MAE: 0.2945, train/MAPE: 3.5561, train/RMSE: 0.4616]
2025-09-13 19:48:30,727 - easytorch-training - INFO - Start validation.
2025-09-13 19:48:36,866 - easytorch-training - INFO - Result <val>: [val/time: 6.14 (s), val/loss: 0.2972, val/MAE: 0.2972, val/MAPE: 3.8694, val/RMSE: 0.4115]
2025-09-13 19:48:43,526 - easytorch-training - INFO - Result <test>: [test/time: 6.66 (s), test/loss: 0.0000, test/MAE: 0.3566, test/MAPE: 3.8748, test/RMSE: 0.5294]
2025-09-13 19:48:43,555 - easytorch-training - INFO - Checkpoint baselines\STDMAE\mask_save\Mask_SMAE\XueBu_5min_100_288_12\35d3d67cd171015b1da6bde1f82a72b8\Mask_SMAE_078.pt saved
2025-09-13 19:48:43,555 - easytorch-training - INFO - The estimated training finish time is 2025-09-13 19:56:54
2025-09-13 19:48:43,555 - easytorch-training - INFO - Epoch 79 / 100
2025-09-13 19:48:55,362 - easytorch-training - INFO - Result <train>: [train/time: 11.81 (s), train/lr: 5.00e-04, train/loss: 0.2917, train/MAE: 0.2917, train/MAPE: 3.4833, train/RMSE: 0.4529]
2025-09-13 19:48:55,364 - easytorch-training - INFO - Start validation.
2025-09-13 19:49:01,332 - easytorch-training - INFO - Result <val>: [val/time: 5.97 (s), val/loss: 0.2852, val/MAE: 0.2852, val/MAPE: 4.3343, val/RMSE: 0.4013]
2025-09-13 19:49:08,161 - easytorch-training - INFO - Result <test>: [test/time: 6.83 (s), test/loss: 0.0000, test/MAE: 0.3463, test/MAPE: 3.5992, test/RMSE: 0.5114]
2025-09-13 19:49:08,192 - easytorch-training - INFO - Checkpoint baselines\STDMAE\mask_save\Mask_SMAE\XueBu_5min_100_288_12\35d3d67cd171015b1da6bde1f82a72b8\Mask_SMAE_079.pt saved
2025-09-13 19:49:08,192 - easytorch-training - INFO - The estimated training finish time is 2025-09-13 19:56:57
2025-09-13 19:49:08,193 - easytorch-training - INFO - Epoch 80 / 100
2025-09-13 19:49:19,690 - easytorch-training - INFO - Result <train>: [train/time: 11.50 (s), train/lr: 5.00e-04, train/loss: 0.2920, train/MAE: 0.2920, train/MAPE: 2.5687, train/RMSE: 0.4474]
2025-09-13 19:49:19,691 - easytorch-training - INFO - Start validation.
2025-09-13 19:49:25,486 - easytorch-training - INFO - Result <val>: [val/time: 5.80 (s), val/loss: 0.3159, val/MAE: 0.3159, val/MAPE: 3.6706, val/RMSE: 0.4446]
2025-09-13 19:49:32,458 - easytorch-training - INFO - Result <test>: [test/time: 6.97 (s), test/loss: 0.0000, test/MAE: 0.3484, test/MAPE: 2.7360, test/RMSE: 0.4957]
2025-09-13 19:49:32,483 - easytorch-training - INFO - Checkpoint baselines\STDMAE\mask_save\Mask_SMAE\XueBu_5min_100_288_12\35d3d67cd171015b1da6bde1f82a72b8\Mask_SMAE_080.pt saved
2025-09-13 19:49:32,497 - easytorch-training - INFO - The estimated training finish time is 2025-09-13 19:56:59
2025-09-13 19:49:32,497 - easytorch-training - INFO - Epoch 81 / 100
2025-09-13 19:49:43,358 - easytorch-training - INFO - Result <train>: [train/time: 10.86 (s), train/lr: 5.00e-04, train/loss: 0.2911, train/MAE: 0.2911, train/MAPE: 3.3713, train/RMSE: 0.4516]
2025-09-13 19:49:43,359 - easytorch-training - INFO - Start validation.
2025-09-13 19:49:49,272 - easytorch-training - INFO - Result <val>: [val/time: 5.91 (s), val/loss: 0.2909, val/MAE: 0.2909, val/MAPE: 3.8431, val/RMSE: 0.4101]
2025-09-13 19:49:55,578 - easytorch-training - INFO - Result <test>: [test/time: 6.30 (s), test/loss: 0.0000, test/MAE: 0.3382, test/MAPE: 3.4288, test/RMSE: 0.4830]
2025-09-13 19:49:55,598 - easytorch-training - INFO - Checkpoint baselines\STDMAE\mask_save\Mask_SMAE\XueBu_5min_100_288_12\35d3d67cd171015b1da6bde1f82a72b8\Mask_SMAE_081.pt saved
2025-09-13 19:49:55,598 - easytorch-training - INFO - The estimated training finish time is 2025-09-13 19:57:00
2025-09-13 19:49:55,598 - easytorch-training - INFO - Epoch 82 / 100
2025-09-13 19:50:05,839 - easytorch-training - INFO - Result <train>: [train/time: 10.24 (s), train/lr: 5.00e-04, train/loss: 0.2882, train/MAE: 0.2882, train/MAPE: 3.4383, train/RMSE: 0.4508]
2025-09-13 19:50:05,840 - easytorch-training - INFO - Start validation.
2025-09-13 19:50:11,909 - easytorch-training - INFO - Result <val>: [val/time: 6.07 (s), val/loss: 0.2990, val/MAE: 0.2990, val/MAPE: 2.3621, val/RMSE: 0.4133]
2025-09-13 19:50:18,407 - easytorch-training - INFO - Result <test>: [test/time: 6.50 (s), test/loss: 0.0000, test/MAE: 0.3515, test/MAPE: 2.4347, test/RMSE: 0.5150]
2025-09-13 19:50:18,434 - easytorch-training - INFO - Checkpoint baselines\STDMAE\mask_save\Mask_SMAE\XueBu_5min_100_288_12\35d3d67cd171015b1da6bde1f82a72b8\Mask_SMAE_082.pt saved
2025-09-13 19:50:18,434 - easytorch-training - INFO - The estimated training finish time is 2025-09-13 19:57:01
2025-09-13 19:50:18,434 - easytorch-training - INFO - Epoch 83 / 100
2025-09-13 19:50:27,738 - easytorch-training - INFO - Result <train>: [train/time: 9.30 (s), train/lr: 5.00e-04, train/loss: 0.2891, train/MAE: 0.2891, train/MAPE: 3.2133, train/RMSE: 0.4487]
2025-09-13 19:50:27,740 - easytorch-training - INFO - Start validation.
2025-09-13 19:50:33,647 - easytorch-training - INFO - Result <val>: [val/time: 5.91 (s), val/loss: 0.2927, val/MAE: 0.2927, val/MAPE: 5.0631, val/RMSE: 0.4112]
2025-09-13 19:50:39,865 - easytorch-training - INFO - Result <test>: [test/time: 6.22 (s), test/loss: 0.0000, test/MAE: 0.3420, test/MAPE: 3.1461, test/RMSE: 0.4942]
2025-09-13 19:50:39,887 - easytorch-training - INFO - Checkpoint baselines\STDMAE\mask_save\Mask_SMAE\XueBu_5min_100_288_12\35d3d67cd171015b1da6bde1f82a72b8\Mask_SMAE_083.pt saved
2025-09-13 19:50:39,888 - easytorch-training - INFO - The estimated training finish time is 2025-09-13 19:57:00
2025-09-13 19:50:39,888 - easytorch-training - INFO - Epoch 84 / 100
2025-09-13 19:50:48,468 - easytorch-training - INFO - Result <train>: [train/time: 8.58 (s), train/lr: 5.00e-04, train/loss: 0.2885, train/MAE: 0.2885, train/MAPE: 3.7925, train/RMSE: 0.4527]
2025-09-13 19:50:48,469 - easytorch-training - INFO - Start validation.
2025-09-13 19:50:54,061 - easytorch-training - INFO - Result <val>: [val/time: 5.59 (s), val/loss: 0.3065, val/MAE: 0.3065, val/MAPE: 5.0192, val/RMSE: 0.4337]
2025-09-13 19:51:00,424 - easytorch-training - INFO - Result <test>: [test/time: 6.36 (s), test/loss: 0.0000, test/MAE: 0.3473, test/MAPE: 4.0706, test/RMSE: 0.5016]
2025-09-13 19:51:00,450 - easytorch-training - INFO - Checkpoint baselines\STDMAE\mask_save\Mask_SMAE\XueBu_5min_100_288_12\35d3d67cd171015b1da6bde1f82a72b8\Mask_SMAE_084.pt saved
2025-09-13 19:51:00,450 - easytorch-training - INFO - The estimated training finish time is 2025-09-13 19:56:57
2025-09-13 19:51:00,450 - easytorch-training - INFO - Epoch 85 / 100
2025-09-13 19:51:08,819 - easytorch-training - INFO - Result <train>: [train/time: 8.37 (s), train/lr: 5.00e-04, train/loss: 0.2914, train/MAE: 0.2914, train/MAPE: 3.6154, train/RMSE: 0.4581]
2025-09-13 19:51:08,820 - easytorch-training - INFO - Start validation.
2025-09-13 19:51:14,450 - easytorch-training - INFO - Result <val>: [val/time: 5.63 (s), val/loss: 0.2824, val/MAE: 0.2824, val/MAPE: 4.3333, val/RMSE: 0.3922]
2025-09-13 19:51:20,842 - easytorch-training - INFO - Result <test>: [test/time: 6.39 (s), test/loss: 0.0000, test/MAE: 0.3434, test/MAPE: 3.1964, test/RMSE: 0.4932]
2025-09-13 19:51:20,863 - easytorch-training - INFO - Checkpoint baselines\STDMAE\mask_save\Mask_SMAE\XueBu_5min_100_288_12\35d3d67cd171015b1da6bde1f82a72b8\Mask_SMAE_085.pt saved
2025-09-13 19:51:20,863 - easytorch-training - INFO - The estimated training finish time is 2025-09-13 19:56:55
2025-09-13 19:51:20,863 - easytorch-training - INFO - Epoch 86 / 100
2025-09-13 19:51:29,287 - easytorch-training - INFO - Result <train>: [train/time: 8.42 (s), train/lr: 5.00e-04, train/loss: 0.2976, train/MAE: 0.2976, train/MAPE: 3.5228, train/RMSE: 0.4676]
2025-09-13 19:51:29,288 - easytorch-training - INFO - Start validation.
2025-09-13 19:51:34,924 - easytorch-training - INFO - Result <val>: [val/time: 5.64 (s), val/loss: 0.3034, val/MAE: 0.3034, val/MAPE: 3.8725, val/RMSE: 0.4269]
2025-09-13 19:51:41,364 - easytorch-training - INFO - Result <test>: [test/time: 6.44 (s), test/loss: 0.0000, test/MAE: 0.3316, test/MAPE: 4.2383, test/RMSE: 0.4781]
2025-09-13 19:51:41,394 - easytorch-training - INFO - Checkpoint baselines\STDMAE\mask_save\Mask_SMAE\XueBu_5min_100_288_12\35d3d67cd171015b1da6bde1f82a72b8\Mask_SMAE_086.pt saved
2025-09-13 19:51:41,394 - easytorch-training - INFO - The estimated training finish time is 2025-09-13 19:56:53
2025-09-13 19:51:41,394 - easytorch-training - INFO - Epoch 87 / 100
2025-09-13 19:51:50,047 - easytorch-training - INFO - Result <train>: [train/time: 8.65 (s), train/lr: 5.00e-04, train/loss: 0.2896, train/MAE: 0.2896, train/MAPE: 3.6040, train/RMSE: 0.4543]
2025-09-13 19:51:50,048 - easytorch-training - INFO - Start validation.
2025-09-13 19:51:55,774 - easytorch-training - INFO - Result <val>: [val/time: 5.73 (s), val/loss: 0.2841, val/MAE: 0.2841, val/MAPE: 3.4466, val/RMSE: 0.4019]
2025-09-13 19:52:02,764 - easytorch-training - INFO - Result <test>: [test/time: 6.99 (s), test/loss: 0.0000, test/MAE: 0.3501, test/MAPE: 3.5569, test/RMSE: 0.5130]
2025-09-13 19:52:02,816 - easytorch-training - INFO - Checkpoint baselines\STDMAE\mask_save\Mask_SMAE\XueBu_5min_100_288_12\35d3d67cd171015b1da6bde1f82a72b8\Mask_SMAE_087.pt saved
2025-09-13 19:52:02,816 - easytorch-training - INFO - The estimated training finish time is 2025-09-13 19:56:52
2025-09-13 19:52:02,816 - easytorch-training - INFO - Epoch 88 / 100
2025-09-13 19:52:11,638 - easytorch-training - INFO - Result <train>: [train/time: 8.82 (s), train/lr: 5.00e-04, train/loss: 0.2855, train/MAE: 0.2855, train/MAPE: 2.9121, train/RMSE: 0.4440]
2025-09-13 19:52:11,639 - easytorch-training - INFO - Start validation.
2025-09-13 19:52:17,451 - easytorch-training - INFO - Result <val>: [val/time: 5.81 (s), val/loss: 0.2881, val/MAE: 0.2881, val/MAPE: 3.0652, val/RMSE: 0.3931]
2025-09-13 19:52:24,635 - easytorch-training - INFO - Result <test>: [test/time: 7.18 (s), test/loss: 0.0000, test/MAE: 0.3504, test/MAPE: 3.0874, test/RMSE: 0.5142]
2025-09-13 19:52:24,665 - easytorch-training - INFO - Checkpoint baselines\STDMAE\mask_save\Mask_SMAE\XueBu_5min_100_288_12\35d3d67cd171015b1da6bde1f82a72b8\Mask_SMAE_088.pt saved
2025-09-13 19:52:24,665 - easytorch-training - INFO - The estimated training finish time is 2025-09-13 19:56:52
2025-09-13 19:52:24,666 - easytorch-training - INFO - Epoch 89 / 100
2025-09-13 19:52:33,782 - easytorch-training - INFO - Result <train>: [train/time: 9.12 (s), train/lr: 5.00e-04, train/loss: 0.2877, train/MAE: 0.2877, train/MAPE: 2.7673, train/RMSE: 0.4439]
2025-09-13 19:52:33,783 - easytorch-training - INFO - Start validation.
2025-09-13 19:52:39,443 - easytorch-training - INFO - Result <val>: [val/time: 5.66 (s), val/loss: 0.3005, val/MAE: 0.3005, val/MAPE: 5.3468, val/RMSE: 0.4249]
2025-09-13 19:52:46,377 - easytorch-training - INFO - Result <test>: [test/time: 6.93 (s), test/loss: 0.0000, test/MAE: 0.3466, test/MAPE: 3.4360, test/RMSE: 0.5244]
2025-09-13 19:52:46,413 - easytorch-training - INFO - Checkpoint baselines\STDMAE\mask_save\Mask_SMAE\XueBu_5min_100_288_12\35d3d67cd171015b1da6bde1f82a72b8\Mask_SMAE_089.pt saved
2025-09-13 19:52:46,413 - easytorch-training - INFO - The estimated training finish time is 2025-09-13 19:56:51
2025-09-13 19:52:46,413 - easytorch-training - INFO - Epoch 90 / 100
2025-09-13 19:52:55,553 - easytorch-training - INFO - Result <train>: [train/time: 9.14 (s), train/lr: 5.00e-04, train/loss: 0.2866, train/MAE: 0.2866, train/MAPE: 3.7036, train/RMSE: 0.4534]
2025-09-13 19:52:55,554 - easytorch-training - INFO - Start validation.
2025-09-13 19:53:01,413 - easytorch-training - INFO - Result <val>: [val/time: 5.86 (s), val/loss: 0.2895, val/MAE: 0.2895, val/MAPE: 4.6101, val/RMSE: 0.4175]
2025-09-13 19:53:08,338 - easytorch-training - INFO - Result <test>: [test/time: 6.92 (s), test/loss: 0.0000, test/MAE: 0.3380, test/MAPE: 2.6522, test/RMSE: 0.4985]
2025-09-13 19:53:08,363 - easytorch-training - INFO - Checkpoint baselines\STDMAE\mask_save\Mask_SMAE\XueBu_5min_100_288_12\35d3d67cd171015b1da6bde1f82a72b8\Mask_SMAE_090.pt saved
2025-09-13 19:53:08,372 - easytorch-training - INFO - The estimated training finish time is 2025-09-13 19:56:51
2025-09-13 19:53:08,372 - easytorch-training - INFO - Epoch 91 / 100
2025-09-13 19:53:17,361 - easytorch-training - INFO - Result <train>: [train/time: 8.99 (s), train/lr: 5.00e-04, train/loss: 0.2903, train/MAE: 0.2903, train/MAPE: 2.6467, train/RMSE: 0.4464]
2025-09-13 19:53:17,362 - easytorch-training - INFO - Start validation.
2025-09-13 19:53:23,187 - easytorch-training - INFO - Result <val>: [val/time: 5.82 (s), val/loss: 0.2938, val/MAE: 0.2938, val/MAPE: 3.2902, val/RMSE: 0.4151]
2025-09-13 19:53:30,102 - easytorch-training - INFO - Result <test>: [test/time: 6.91 (s), test/loss: 0.0000, test/MAE: 0.3459, test/MAPE: 3.1324, test/RMSE: 0.5110]
2025-09-13 19:53:30,134 - easytorch-training - INFO - Checkpoint baselines\STDMAE\mask_save\Mask_SMAE\XueBu_5min_100_288_12\35d3d67cd171015b1da6bde1f82a72b8\Mask_SMAE_091.pt saved
2025-09-13 19:53:30,135 - easytorch-training - INFO - The estimated training finish time is 2025-09-13 19:56:50
2025-09-13 19:53:30,135 - easytorch-training - INFO - Epoch 92 / 100
2025-09-13 19:53:38,981 - easytorch-training - INFO - Result <train>: [train/time: 8.84 (s), train/lr: 5.00e-04, train/loss: 0.2861, train/MAE: 0.2861, train/MAPE: 3.2295, train/RMSE: 0.4459]
2025-09-13 19:53:38,982 - easytorch-training - INFO - Start validation.
2025-09-13 19:53:44,653 - easytorch-training - INFO - Result <val>: [val/time: 5.67 (s), val/loss: 0.2759, val/MAE: 0.2759, val/MAPE: 2.7051, val/RMSE: 0.3856]
2025-09-13 19:53:50,522 - easytorch-training - INFO - Result <test>: [test/time: 5.87 (s), test/loss: 0.0000, test/MAE: 0.3414, test/MAPE: 3.1018, test/RMSE: 0.4968]
2025-09-13 19:53:50,549 - easytorch-training - INFO - Checkpoint baselines\STDMAE\mask_save\Mask_SMAE\XueBu_5min_100_288_12\35d3d67cd171015b1da6bde1f82a72b8\Mask_SMAE_092.pt saved
2025-09-13 19:53:50,549 - easytorch-training - INFO - The estimated training finish time is 2025-09-13 19:56:48
2025-09-13 19:53:50,550 - easytorch-training - INFO - Epoch 93 / 100
2025-09-13 19:54:00,004 - easytorch-training - INFO - Result <train>: [train/time: 9.45 (s), train/lr: 5.00e-04, train/loss: 0.2904, train/MAE: 0.2904, train/MAPE: 3.3337, train/RMSE: 0.4535]
2025-09-13 19:54:00,005 - easytorch-training - INFO - Start validation.
2025-09-13 19:54:05,695 - easytorch-training - INFO - Result <val>: [val/time: 5.69 (s), val/loss: 0.2878, val/MAE: 0.2878, val/MAPE: 4.9477, val/RMSE: 0.4076]
2025-09-13 19:54:11,484 - easytorch-training - INFO - Result <test>: [test/time: 5.79 (s), test/loss: 0.0000, test/MAE: 0.3412, test/MAPE: 3.4110, test/RMSE: 0.4978]
2025-09-13 19:54:11,508 - easytorch-training - INFO - Checkpoint baselines\STDMAE\mask_save\Mask_SMAE\XueBu_5min_100_288_12\35d3d67cd171015b1da6bde1f82a72b8\Mask_SMAE_093.pt saved
2025-09-13 19:54:11,509 - easytorch-training - INFO - The estimated training finish time is 2025-09-13 19:56:47
2025-09-13 19:54:11,509 - easytorch-training - INFO - Epoch 94 / 100
2025-09-13 19:54:21,031 - easytorch-training - INFO - Result <train>: [train/time: 9.52 (s), train/lr: 5.00e-04, train/loss: 0.2917, train/MAE: 0.2917, train/MAPE: 3.5572, train/RMSE: 0.4560]
2025-09-13 19:54:21,032 - easytorch-training - INFO - Start validation.
2025-09-13 19:54:26,469 - easytorch-training - INFO - Result <val>: [val/time: 5.44 (s), val/loss: 0.2885, val/MAE: 0.2885, val/MAPE: 4.2627, val/RMSE: 0.4076]
2025-09-13 19:54:32,054 - easytorch-training - INFO - Result <test>: [test/time: 5.58 (s), test/loss: 0.0000, test/MAE: 0.3298, test/MAPE: 3.0463, test/RMSE: 0.4718]
2025-09-13 19:54:32,080 - easytorch-training - INFO - Checkpoint baselines\STDMAE\mask_save\Mask_SMAE\XueBu_5min_100_288_12\35d3d67cd171015b1da6bde1f82a72b8\Mask_SMAE_094.pt saved
2025-09-13 19:54:32,081 - easytorch-training - INFO - The estimated training finish time is 2025-09-13 19:56:45
2025-09-13 19:54:32,081 - easytorch-training - INFO - Epoch 95 / 100
2025-09-13 19:54:40,868 - easytorch-training - INFO - Result <train>: [train/time: 8.79 (s), train/lr: 5.00e-04, train/loss: 0.2897, train/MAE: 0.2897, train/MAPE: 3.2775, train/RMSE: 0.4538]
2025-09-13 19:54:40,869 - easytorch-training - INFO - Start validation.
2025-09-13 19:54:46,315 - easytorch-training - INFO - Result <val>: [val/time: 5.45 (s), val/loss: 0.2698, val/MAE: 0.2698, val/MAPE: 6.0395, val/RMSE: 0.3851]
2025-09-13 19:54:51,840 - easytorch-training - INFO - Result <test>: [test/time: 5.52 (s), test/loss: 0.0000, test/MAE: 0.3580, test/MAPE: 3.5877, test/RMSE: 0.5302]
2025-09-13 19:54:51,863 - easytorch-training - INFO - Checkpoint baselines\STDMAE\mask_save\Mask_SMAE\XueBu_5min_100_288_12\35d3d67cd171015b1da6bde1f82a72b8\Mask_SMAE_095.pt saved
2025-09-13 19:54:51,863 - easytorch-training - INFO - The estimated training finish time is 2025-09-13 19:56:42
2025-09-13 19:54:51,864 - easytorch-training - INFO - Epoch 96 / 100
2025-09-13 19:55:00,140 - easytorch-training - INFO - Result <train>: [train/time: 8.28 (s), train/lr: 5.00e-04, train/loss: 0.2874, train/MAE: 0.2874, train/MAPE: 3.1769, train/RMSE: 0.4462]
2025-09-13 19:55:00,141 - easytorch-training - INFO - Start validation.
2025-09-13 19:55:05,675 - easytorch-training - INFO - Result <val>: [val/time: 5.53 (s), val/loss: 0.3199, val/MAE: 0.3199, val/MAPE: 5.3630, val/RMSE: 0.4680]
2025-09-13 19:55:11,309 - easytorch-training - INFO - Result <test>: [test/time: 5.63 (s), test/loss: 0.0000, test/MAE: 0.3385, test/MAPE: 2.7416, test/RMSE: 0.4819]
2025-09-13 19:55:11,336 - easytorch-training - INFO - Checkpoint baselines\STDMAE\mask_save\Mask_SMAE\XueBu_5min_100_288_12\35d3d67cd171015b1da6bde1f82a72b8\Mask_SMAE_096.pt saved
2025-09-13 19:55:11,336 - easytorch-training - INFO - The estimated training finish time is 2025-09-13 19:56:39
2025-09-13 19:55:11,336 - easytorch-training - INFO - Epoch 97 / 100
2025-09-13 19:55:19,823 - easytorch-training - INFO - Result <train>: [train/time: 8.49 (s), train/lr: 5.00e-04, train/loss: 0.2854, train/MAE: 0.2854, train/MAPE: 3.3429, train/RMSE: 0.4452]
2025-09-13 19:55:19,825 - easytorch-training - INFO - Start validation.
2025-09-13 19:55:25,056 - easytorch-training - INFO - Result <val>: [val/time: 5.23 (s), val/loss: 0.2885, val/MAE: 0.2885, val/MAPE: 3.5447, val/RMSE: 0.4047]
2025-09-13 19:55:30,807 - easytorch-training - INFO - Result <test>: [test/time: 5.75 (s), test/loss: 0.0000, test/MAE: 0.3484, test/MAPE: 3.3313, test/RMSE: 0.5127]
2025-09-13 19:55:30,841 - easytorch-training - INFO - Checkpoint baselines\STDMAE\mask_save\Mask_SMAE\XueBu_5min_100_288_12\35d3d67cd171015b1da6bde1f82a72b8\Mask_SMAE_097.pt saved
2025-09-13 19:55:30,841 - easytorch-training - INFO - The estimated training finish time is 2025-09-13 19:56:37
2025-09-13 19:55:30,841 - easytorch-training - INFO - Epoch 98 / 100
2025-09-13 19:55:38,965 - easytorch-training - INFO - Result <train>: [train/time: 8.12 (s), train/lr: 5.00e-04, train/loss: 0.2841, train/MAE: 0.2841, train/MAPE: 4.2890, train/RMSE: 0.4560]
2025-09-13 19:55:38,966 - easytorch-training - INFO - Start validation.
2025-09-13 19:55:44,212 - easytorch-training - INFO - Result <val>: [val/time: 5.25 (s), val/loss: 0.2915, val/MAE: 0.2915, val/MAPE: 3.3475, val/RMSE: 0.4179]
2025-09-13 19:55:49,724 - easytorch-training - INFO - Result <test>: [test/time: 5.51 (s), test/loss: 0.0000, test/MAE: 0.3384, test/MAPE: 3.0604, test/RMSE: 0.4918]
2025-09-13 19:55:49,752 - easytorch-training - INFO - Checkpoint baselines\STDMAE\mask_save\Mask_SMAE\XueBu_5min_100_288_12\35d3d67cd171015b1da6bde1f82a72b8\Mask_SMAE_098.pt saved
2025-09-13 19:55:49,752 - easytorch-training - INFO - The estimated training finish time is 2025-09-13 19:56:33
2025-09-13 19:55:49,752 - easytorch-training - INFO - Epoch 99 / 100
2025-09-13 19:55:57,110 - easytorch-training - INFO - Result <train>: [train/time: 7.36 (s), train/lr: 5.00e-04, train/loss: 0.2858, train/MAE: 0.2858, train/MAPE: 3.4152, train/RMSE: 0.4513]
2025-09-13 19:55:57,111 - easytorch-training - INFO - Start validation.
2025-09-13 19:56:02,076 - easytorch-training - INFO - Result <val>: [val/time: 4.96 (s), val/loss: 0.2948, val/MAE: 0.2948, val/MAPE: 3.2318, val/RMSE: 0.4277]
2025-09-13 19:56:07,162 - easytorch-training - INFO - Result <test>: [test/time: 5.08 (s), test/loss: 0.0000, test/MAE: 0.3582, test/MAPE: 3.4327, test/RMSE: 0.5200]
2025-09-13 19:56:07,182 - easytorch-training - INFO - Checkpoint baselines\STDMAE\mask_save\Mask_SMAE\XueBu_5min_100_288_12\35d3d67cd171015b1da6bde1f82a72b8\Mask_SMAE_099.pt saved
2025-09-13 19:56:07,182 - easytorch-training - INFO - The estimated training finish time is 2025-09-13 19:56:29
2025-09-13 19:56:07,182 - easytorch-training - INFO - Epoch 100 / 100
2025-09-13 19:56:13,502 - easytorch-training - INFO - Result <train>: [train/time: 6.32 (s), train/lr: 5.00e-04, train/loss: 0.2855, train/MAE: 0.2855, train/MAPE: 3.0369, train/RMSE: 0.4475]
2025-09-13 19:56:13,503 - easytorch-training - INFO - Start validation.
2025-09-13 19:56:18,319 - easytorch-training - INFO - Result <val>: [val/time: 4.82 (s), val/loss: 0.2840, val/MAE: 0.2840, val/MAPE: 3.5502, val/RMSE: 0.4054]
2025-09-13 19:56:23,386 - easytorch-training - INFO - Result <test>: [test/time: 5.07 (s), test/loss: 0.0000, test/MAE: 0.3392, test/MAPE: 2.4304, test/RMSE: 0.4940]
2025-09-13 19:56:23,407 - easytorch-training - INFO - Checkpoint baselines\STDMAE\mask_save\Mask_SMAE\XueBu_5min_100_288_12\35d3d67cd171015b1da6bde1f82a72b8\Mask_SMAE_100.pt saved
2025-09-13 19:56:23,418 - easytorch-training - INFO - The training finished at 2025-09-13 19:56:23
2025-09-13 19:56:23,418 - easytorch-training - INFO - Evaluating the best model on the test set.
2025-09-13 19:56:23,418 - easytorch-training - INFO - Loading Checkpoint from 'baselines\STDMAE\mask_save\Mask_SMAE\XueBu_5min_100_288_12\35d3d67cd171015b1da6bde1f82a72b8\Mask_SMAE_best_val_MAE.pt'
2025-09-13 19:56:28,449 - easytorch-training - INFO - Result <test>: [test/time: 5.00 (s), test/loss: 0.0000, test/MAE: 0.3390, test/MAPE: 3.5631, test/RMSE: 0.4889]
2025-09-13 19:56:28,451 - easytorch-training - INFO - Test metrics saved to baselines\STDMAE\mask_save\Mask_SMAE\XueBu_5min_100_288_12\35d3d67cd171015b1da6bde1f82a72b8\test_metrics.json.
