2025-09-06 16:38:01,355 - easytorch-training - INFO - Initializing training.
2025-09-06 16:38:01,355 - easytorch-training - INFO - Set clip grad, param: {'max_norm': 5.0}
2025-09-06 16:38:01,355 - easytorch-training - INFO - Building training data loader.
2025-09-06 16:38:01,356 - easytorch-training - INFO - Train dataset length: 2293
2025-09-06 16:38:01,357 - easytorch-training - INFO - Set optim: Adam (
Parameter Group 0
    amsgrad: False
    betas: (0.9, 0.95)
    capturable: False
    differentiable: False
    eps: 1e-08
    foreach: None
    fused: None
    lr: 0.001
    maximize: False
    weight_decay: 0
)
2025-09-06 16:38:01,357 - easytorch-training - INFO - Set lr_scheduler: <torch.optim.lr_scheduler.MultiStepLR object at 0x000001F5C89EE420>
2025-09-06 16:38:01,360 - easytorch-training - INFO - Initializing validation.
2025-09-06 16:38:01,360 - easytorch-training - INFO - Building val data loader.
2025-09-06 16:38:01,361 - easytorch-training - INFO - Validation dataset length: 277
2025-09-06 16:38:01,361 - easytorch-training - INFO - Test dataset length: 277
2025-09-06 16:38:01,362 - easytorch-training - INFO - Number of parameters: 571404
2025-09-06 16:38:01,362 - easytorch-training - INFO - Epoch 1 / 100
2025-09-06 16:38:14,776 - easytorch-training - INFO - Result <train>: [train/time: 13.41 (s), train/lr: 1.00e-03, train/loss: 0.7326, train/MAE: 0.7326, train/MAPE: 1.5357, train/RMSE: 0.9433]
2025-09-06 16:38:14,777 - easytorch-training - INFO - Start validation.
2025-09-06 16:38:21,899 - easytorch-training - INFO - Result <val>: [val/time: 7.12 (s), val/loss: 0.5116, val/MAE: 0.5116, val/MAPE: 2.0284, val/RMSE: 0.6406]
2025-09-06 16:38:21,919 - easytorch-training - INFO - Checkpoint baselines\STDMAE\mask_save\Mask_TMAE\XueBu_10min_100_144_12\96e05df63cc86c7799876658048114c3\Mask_TMAE_best_val_MAE.pt saved
2025-09-06 16:38:29,072 - easytorch-training - INFO - Result <test>: [test/time: 7.15 (s), test/loss: 0.0000, test/MAE: 0.6494, test/MAPE: 2.0473, test/RMSE: 0.8267]
2025-09-06 16:38:29,095 - easytorch-training - INFO - Checkpoint baselines\STDMAE\mask_save\Mask_TMAE\XueBu_10min_100_144_12\96e05df63cc86c7799876658048114c3\Mask_TMAE_001.pt saved
2025-09-06 16:38:29,095 - easytorch-training - INFO - The estimated training finish time is 2025-09-06 17:24:14
2025-09-06 16:38:29,095 - easytorch-training - INFO - Epoch 2 / 100
2025-09-06 16:38:41,641 - easytorch-training - INFO - Result <train>: [train/time: 12.55 (s), train/lr: 1.00e-03, train/loss: 0.5488, train/MAE: 0.5488, train/MAPE: 1.7837, train/RMSE: 0.7720]
2025-09-06 16:38:41,643 - easytorch-training - INFO - Start validation.
2025-09-06 16:38:48,895 - easytorch-training - INFO - Result <val>: [val/time: 7.25 (s), val/loss: 0.4576, val/MAE: 0.4576, val/MAPE: 2.2521, val/RMSE: 0.5904]
2025-09-06 16:38:48,922 - easytorch-training - INFO - Checkpoint baselines\STDMAE\mask_save\Mask_TMAE\XueBu_10min_100_144_12\96e05df63cc86c7799876658048114c3\Mask_TMAE_best_val_MAE.pt saved
2025-09-06 16:38:56,140 - easytorch-training - INFO - Result <test>: [test/time: 7.22 (s), test/loss: 0.0000, test/MAE: 0.5254, test/MAPE: 2.1046, test/RMSE: 0.6888]
2025-09-06 16:38:56,160 - easytorch-training - INFO - Checkpoint baselines\STDMAE\mask_save\Mask_TMAE\XueBu_10min_100_144_12\96e05df63cc86c7799876658048114c3\Mask_TMAE_002.pt saved
2025-09-06 16:38:56,160 - easytorch-training - INFO - The estimated training finish time is 2025-09-06 17:23:41
2025-09-06 16:38:56,160 - easytorch-training - INFO - Epoch 3 / 100
2025-09-06 16:39:08,648 - easytorch-training - INFO - Result <train>: [train/time: 12.49 (s), train/lr: 1.00e-03, train/loss: 0.5234, train/MAE: 0.5234, train/MAPE: 1.7556, train/RMSE: 0.7469]
2025-09-06 16:39:08,649 - easytorch-training - INFO - Start validation.
2025-09-06 16:39:16,028 - easytorch-training - INFO - Result <val>: [val/time: 7.38 (s), val/loss: 0.4154, val/MAE: 0.4154, val/MAPE: 2.2493, val/RMSE: 0.5465]
2025-09-06 16:39:16,050 - easytorch-training - INFO - Checkpoint baselines\STDMAE\mask_save\Mask_TMAE\XueBu_10min_100_144_12\96e05df63cc86c7799876658048114c3\Mask_TMAE_best_val_MAE.pt saved
2025-09-06 16:39:23,276 - easytorch-training - INFO - Result <test>: [test/time: 7.23 (s), test/loss: 0.0000, test/MAE: 0.5124, test/MAPE: 2.3503, test/RMSE: 0.6869]
2025-09-06 16:39:23,297 - easytorch-training - INFO - Checkpoint baselines\STDMAE\mask_save\Mask_TMAE\XueBu_10min_100_144_12\96e05df63cc86c7799876658048114c3\Mask_TMAE_003.pt saved
2025-09-06 16:39:23,297 - easytorch-training - INFO - The estimated training finish time is 2025-09-06 17:23:32
2025-09-06 16:39:23,297 - easytorch-training - INFO - Epoch 4 / 100
2025-09-06 16:39:36,056 - easytorch-training - INFO - Result <train>: [train/time: 12.76 (s), train/lr: 1.00e-03, train/loss: 0.5065, train/MAE: 0.5065, train/MAPE: 1.7104, train/RMSE: 0.7245]
2025-09-06 16:39:36,057 - easytorch-training - INFO - Start validation.
2025-09-06 16:39:43,262 - easytorch-training - INFO - Result <val>: [val/time: 7.20 (s), val/loss: 0.4187, val/MAE: 0.4187, val/MAPE: 2.2331, val/RMSE: 0.5603]
2025-09-06 16:39:50,255 - easytorch-training - INFO - Result <test>: [test/time: 6.99 (s), test/loss: 0.0000, test/MAE: 0.5212, test/MAPE: 2.2708, test/RMSE: 0.7196]
2025-09-06 16:39:50,276 - easytorch-training - INFO - Checkpoint baselines\STDMAE\mask_save\Mask_TMAE\XueBu_10min_100_144_12\96e05df63cc86c7799876658048114c3\Mask_TMAE_004.pt saved
2025-09-06 16:39:50,276 - easytorch-training - INFO - The estimated training finish time is 2025-09-06 17:23:24
2025-09-06 16:39:50,276 - easytorch-training - INFO - Epoch 5 / 100
2025-09-06 16:40:02,220 - easytorch-training - INFO - Result <train>: [train/time: 11.94 (s), train/lr: 1.00e-03, train/loss: 0.4896, train/MAE: 0.4896, train/MAPE: 1.6787, train/RMSE: 0.7100]
2025-09-06 16:40:02,221 - easytorch-training - INFO - Start validation.
2025-09-06 16:40:09,611 - easytorch-training - INFO - Result <val>: [val/time: 7.39 (s), val/loss: 0.4212, val/MAE: 0.4212, val/MAPE: 2.2408, val/RMSE: 0.5645]
2025-09-06 16:40:16,741 - easytorch-training - INFO - Result <test>: [test/time: 7.13 (s), test/loss: 0.0000, test/MAE: 0.4933, test/MAPE: 2.1789, test/RMSE: 0.6621]
2025-09-06 16:40:16,765 - easytorch-training - INFO - Checkpoint baselines\STDMAE\mask_save\Mask_TMAE\XueBu_10min_100_144_12\96e05df63cc86c7799876658048114c3\Mask_TMAE_005.pt saved
2025-09-06 16:40:16,766 - easytorch-training - INFO - The estimated training finish time is 2025-09-06 17:23:09
2025-09-06 16:40:16,766 - easytorch-training - INFO - Epoch 6 / 100
2025-09-06 16:40:29,223 - easytorch-training - INFO - Result <train>: [train/time: 12.46 (s), train/lr: 1.00e-03, train/loss: 0.4933, train/MAE: 0.4933, train/MAPE: 1.7064, train/RMSE: 0.7162]
2025-09-06 16:40:29,224 - easytorch-training - INFO - Start validation.
2025-09-06 16:40:37,079 - easytorch-training - INFO - Result <val>: [val/time: 7.85 (s), val/loss: 0.4006, val/MAE: 0.4006, val/MAPE: 2.2082, val/RMSE: 0.5320]
2025-09-06 16:40:37,105 - easytorch-training - INFO - Checkpoint baselines\STDMAE\mask_save\Mask_TMAE\XueBu_10min_100_144_12\96e05df63cc86c7799876658048114c3\Mask_TMAE_best_val_MAE.pt saved
2025-09-06 16:40:44,287 - easytorch-training - INFO - Result <test>: [test/time: 7.18 (s), test/loss: 0.0000, test/MAE: 0.4907, test/MAPE: 2.3350, test/RMSE: 0.6561]
2025-09-06 16:40:44,310 - easytorch-training - INFO - Checkpoint baselines\STDMAE\mask_save\Mask_TMAE\XueBu_10min_100_144_12\96e05df63cc86c7799876658048114c3\Mask_TMAE_006.pt saved
2025-09-06 16:40:44,310 - easytorch-training - INFO - The estimated training finish time is 2025-09-06 17:23:17
2025-09-06 16:40:44,310 - easytorch-training - INFO - Epoch 7 / 100
2025-09-06 16:40:56,508 - easytorch-training - INFO - Result <train>: [train/time: 12.20 (s), train/lr: 1.00e-03, train/loss: 0.4812, train/MAE: 0.4812, train/MAPE: 1.6879, train/RMSE: 0.6991]
2025-09-06 16:40:56,509 - easytorch-training - INFO - Start validation.
2025-09-06 16:41:04,025 - easytorch-training - INFO - Result <val>: [val/time: 7.52 (s), val/loss: 0.4031, val/MAE: 0.4031, val/MAPE: 2.2298, val/RMSE: 0.5315]
2025-09-06 16:41:11,403 - easytorch-training - INFO - Result <test>: [test/time: 7.37 (s), test/loss: 0.0000, test/MAE: 0.5327, test/MAPE: 2.3937, test/RMSE: 0.7218]
2025-09-06 16:41:11,427 - easytorch-training - INFO - Checkpoint baselines\STDMAE\mask_save\Mask_TMAE\XueBu_10min_100_144_12\96e05df63cc86c7799876658048114c3\Mask_TMAE_007.pt saved
2025-09-06 16:41:11,427 - easytorch-training - INFO - The estimated training finish time is 2025-09-06 17:23:16
2025-09-06 16:41:11,427 - easytorch-training - INFO - Epoch 8 / 100
2025-09-06 16:41:24,053 - easytorch-training - INFO - Result <train>: [train/time: 12.63 (s), train/lr: 1.00e-03, train/loss: 0.4722, train/MAE: 0.4722, train/MAPE: 1.6844, train/RMSE: 0.6869]
2025-09-06 16:41:24,054 - easytorch-training - INFO - Start validation.
2025-09-06 16:41:31,307 - easytorch-training - INFO - Result <val>: [val/time: 7.25 (s), val/loss: 0.4201, val/MAE: 0.4201, val/MAPE: 2.1835, val/RMSE: 0.5570]
2025-09-06 16:41:38,640 - easytorch-training - INFO - Result <test>: [test/time: 7.33 (s), test/loss: 0.0000, test/MAE: 0.5463, test/MAPE: 2.2983, test/RMSE: 0.7363]
2025-09-06 16:41:38,661 - easytorch-training - INFO - Checkpoint baselines\STDMAE\mask_save\Mask_TMAE\XueBu_10min_100_144_12\96e05df63cc86c7799876658048114c3\Mask_TMAE_008.pt saved
2025-09-06 16:41:38,661 - easytorch-training - INFO - The estimated training finish time is 2025-09-06 17:23:17
2025-09-06 16:41:38,661 - easytorch-training - INFO - Epoch 9 / 100
2025-09-06 16:41:50,916 - easytorch-training - INFO - Result <train>: [train/time: 12.26 (s), train/lr: 1.00e-03, train/loss: 0.4716, train/MAE: 0.4716, train/MAPE: 1.6912, train/RMSE: 0.6912]
2025-09-06 16:41:50,917 - easytorch-training - INFO - Start validation.
2025-09-06 16:41:58,358 - easytorch-training - INFO - Result <val>: [val/time: 7.44 (s), val/loss: 0.3858, val/MAE: 0.3858, val/MAPE: 2.4114, val/RMSE: 0.5180]
2025-09-06 16:41:58,379 - easytorch-training - INFO - Checkpoint baselines\STDMAE\mask_save\Mask_TMAE\XueBu_10min_100_144_12\96e05df63cc86c7799876658048114c3\Mask_TMAE_best_val_MAE.pt saved
2025-09-06 16:42:05,776 - easytorch-training - INFO - Result <test>: [test/time: 7.40 (s), test/loss: 0.0000, test/MAE: 0.5072, test/MAPE: 2.2900, test/RMSE: 0.6866]
2025-09-06 16:42:05,801 - easytorch-training - INFO - Checkpoint baselines\STDMAE\mask_save\Mask_TMAE\XueBu_10min_100_144_12\96e05df63cc86c7799876658048114c3\Mask_TMAE_009.pt saved
2025-09-06 16:42:05,801 - easytorch-training - INFO - The estimated training finish time is 2025-09-06 17:23:17
2025-09-06 16:42:05,801 - easytorch-training - INFO - Epoch 10 / 100
2025-09-06 16:42:18,229 - easytorch-training - INFO - Result <train>: [train/time: 12.43 (s), train/lr: 1.00e-03, train/loss: 0.4618, train/MAE: 0.4618, train/MAPE: 1.6662, train/RMSE: 0.6731]
2025-09-06 16:42:18,231 - easytorch-training - INFO - Start validation.
2025-09-06 16:42:25,451 - easytorch-training - INFO - Result <val>: [val/time: 7.22 (s), val/loss: 0.4251, val/MAE: 0.4251, val/MAPE: 2.3012, val/RMSE: 0.5657]
2025-09-06 16:42:32,904 - easytorch-training - INFO - Result <test>: [test/time: 7.45 (s), test/loss: 0.0000, test/MAE: 0.5264, test/MAPE: 2.4040, test/RMSE: 0.7133]
2025-09-06 16:42:32,925 - easytorch-training - INFO - Checkpoint baselines\STDMAE\mask_save\Mask_TMAE\XueBu_10min_100_144_12\96e05df63cc86c7799876658048114c3\Mask_TMAE_010.pt saved
2025-09-06 16:42:32,937 - easytorch-training - INFO - The estimated training finish time is 2025-09-06 17:23:17
2025-09-06 16:42:32,937 - easytorch-training - INFO - Epoch 11 / 100
2025-09-06 16:42:45,601 - easytorch-training - INFO - Result <train>: [train/time: 12.66 (s), train/lr: 1.00e-03, train/loss: 0.4585, train/MAE: 0.4585, train/MAPE: 1.6630, train/RMSE: 0.6758]
2025-09-06 16:42:45,603 - easytorch-training - INFO - Start validation.
2025-09-06 16:42:52,806 - easytorch-training - INFO - Result <val>: [val/time: 7.20 (s), val/loss: 0.4153, val/MAE: 0.4153, val/MAPE: 2.4806, val/RMSE: 0.5527]
2025-09-06 16:43:00,171 - easytorch-training - INFO - Result <test>: [test/time: 7.36 (s), test/loss: 0.0000, test/MAE: 0.4822, test/MAPE: 2.3670, test/RMSE: 0.6505]
2025-09-06 16:43:00,192 - easytorch-training - INFO - Checkpoint baselines\STDMAE\mask_save\Mask_TMAE\XueBu_10min_100_144_12\96e05df63cc86c7799876658048114c3\Mask_TMAE_011.pt saved
2025-09-06 16:43:00,192 - easytorch-training - INFO - The estimated training finish time is 2025-09-06 17:23:17
2025-09-06 16:43:00,192 - easytorch-training - INFO - Epoch 12 / 100
2025-09-06 16:43:13,003 - easytorch-training - INFO - Result <train>: [train/time: 12.81 (s), train/lr: 1.00e-03, train/loss: 0.4528, train/MAE: 0.4528, train/MAPE: 1.6469, train/RMSE: 0.6686]
2025-09-06 16:43:13,004 - easytorch-training - INFO - Start validation.
2025-09-06 16:43:20,456 - easytorch-training - INFO - Result <val>: [val/time: 7.45 (s), val/loss: 0.4299, val/MAE: 0.4299, val/MAPE: 2.5701, val/RMSE: 0.5724]
2025-09-06 16:43:28,375 - easytorch-training - INFO - Result <test>: [test/time: 7.92 (s), test/loss: 0.0000, test/MAE: 0.4809, test/MAPE: 2.4228, test/RMSE: 0.6607]
2025-09-06 16:43:28,398 - easytorch-training - INFO - Checkpoint baselines\STDMAE\mask_save\Mask_TMAE\XueBu_10min_100_144_12\96e05df63cc86c7799876658048114c3\Mask_TMAE_012.pt saved
2025-09-06 16:43:28,398 - easytorch-training - INFO - The estimated training finish time is 2025-09-06 17:23:26
2025-09-06 16:43:28,399 - easytorch-training - INFO - Epoch 13 / 100
2025-09-06 16:43:40,692 - easytorch-training - INFO - Result <train>: [train/time: 12.29 (s), train/lr: 1.00e-03, train/loss: 0.4432, train/MAE: 0.4432, train/MAPE: 1.6424, train/RMSE: 0.6539]
2025-09-06 16:43:40,693 - easytorch-training - INFO - Start validation.
2025-09-06 16:43:47,989 - easytorch-training - INFO - Result <val>: [val/time: 7.30 (s), val/loss: 0.4076, val/MAE: 0.4076, val/MAPE: 2.3046, val/RMSE: 0.5430]
2025-09-06 16:43:55,412 - easytorch-training - INFO - Result <test>: [test/time: 7.42 (s), test/loss: 0.0000, test/MAE: 0.5098, test/MAPE: 2.5970, test/RMSE: 0.6841]
2025-09-06 16:43:55,438 - easytorch-training - INFO - Checkpoint baselines\STDMAE\mask_save\Mask_TMAE\XueBu_10min_100_144_12\96e05df63cc86c7799876658048114c3\Mask_TMAE_013.pt saved
2025-09-06 16:43:55,438 - easytorch-training - INFO - The estimated training finish time is 2025-09-06 17:23:25
2025-09-06 16:43:55,438 - easytorch-training - INFO - Epoch 14 / 100
2025-09-06 16:44:08,070 - easytorch-training - INFO - Result <train>: [train/time: 12.63 (s), train/lr: 1.00e-03, train/loss: 0.4438, train/MAE: 0.4438, train/MAPE: 1.6477, train/RMSE: 0.6609]
2025-09-06 16:44:08,072 - easytorch-training - INFO - Start validation.
2025-09-06 16:44:15,758 - easytorch-training - INFO - Result <val>: [val/time: 7.69 (s), val/loss: 0.3956, val/MAE: 0.3956, val/MAPE: 1.9869, val/RMSE: 0.5307]
2025-09-06 16:44:23,433 - easytorch-training - INFO - Result <test>: [test/time: 7.67 (s), test/loss: 0.0000, test/MAE: 0.4727, test/MAPE: 2.1095, test/RMSE: 0.6463]
2025-09-06 16:44:23,464 - easytorch-training - INFO - Checkpoint baselines\STDMAE\mask_save\Mask_TMAE\XueBu_10min_100_144_12\96e05df63cc86c7799876658048114c3\Mask_TMAE_014.pt saved
2025-09-06 16:44:23,465 - easytorch-training - INFO - The estimated training finish time is 2025-09-06 17:23:30
2025-09-06 16:44:23,465 - easytorch-training - INFO - Epoch 15 / 100
2025-09-06 16:44:35,831 - easytorch-training - INFO - Result <train>: [train/time: 12.37 (s), train/lr: 1.00e-03, train/loss: 0.4423, train/MAE: 0.4423, train/MAPE: 1.6609, train/RMSE: 0.6519]
2025-09-06 16:44:35,832 - easytorch-training - INFO - Start validation.
2025-09-06 16:44:43,204 - easytorch-training - INFO - Result <val>: [val/time: 7.37 (s), val/loss: 0.4029, val/MAE: 0.4029, val/MAPE: 2.0194, val/RMSE: 0.5349]
2025-09-06 16:44:50,980 - easytorch-training - INFO - Result <test>: [test/time: 7.77 (s), test/loss: 0.0000, test/MAE: 0.5100, test/MAPE: 2.0978, test/RMSE: 0.6898]
2025-09-06 16:44:51,008 - easytorch-training - INFO - Checkpoint baselines\STDMAE\mask_save\Mask_TMAE\XueBu_10min_100_144_12\96e05df63cc86c7799876658048114c3\Mask_TMAE_015.pt saved
2025-09-06 16:44:51,008 - easytorch-training - INFO - The estimated training finish time is 2025-09-06 17:23:32
2025-09-06 16:44:51,008 - easytorch-training - INFO - Epoch 16 / 100
2025-09-06 16:45:03,521 - easytorch-training - INFO - Result <train>: [train/time: 12.51 (s), train/lr: 1.00e-03, train/loss: 0.4331, train/MAE: 0.4331, train/MAPE: 1.6039, train/RMSE: 0.6514]
2025-09-06 16:45:03,523 - easytorch-training - INFO - Start validation.
2025-09-06 16:45:11,556 - easytorch-training - INFO - Result <val>: [val/time: 8.03 (s), val/loss: 0.4222, val/MAE: 0.4222, val/MAPE: 2.3953, val/RMSE: 0.5655]
2025-09-06 16:45:19,354 - easytorch-training - INFO - Result <test>: [test/time: 7.80 (s), test/loss: 0.0000, test/MAE: 0.4897, test/MAPE: 2.2666, test/RMSE: 0.6725]
2025-09-06 16:45:19,376 - easytorch-training - INFO - Checkpoint baselines\STDMAE\mask_save\Mask_TMAE\XueBu_10min_100_144_12\96e05df63cc86c7799876658048114c3\Mask_TMAE_016.pt saved
2025-09-06 16:45:19,376 - easytorch-training - INFO - The estimated training finish time is 2025-09-06 17:23:38
2025-09-06 16:45:19,376 - easytorch-training - INFO - Epoch 17 / 100
2025-09-06 16:45:31,516 - easytorch-training - INFO - Result <train>: [train/time: 12.14 (s), train/lr: 1.00e-03, train/loss: 0.4341, train/MAE: 0.4341, train/MAPE: 1.6321, train/RMSE: 0.6437]
2025-09-06 16:45:31,517 - easytorch-training - INFO - Start validation.
2025-09-06 16:45:39,407 - easytorch-training - INFO - Result <val>: [val/time: 7.89 (s), val/loss: 0.4161, val/MAE: 0.4161, val/MAPE: 2.5958, val/RMSE: 0.5604]
2025-09-06 16:45:46,934 - easytorch-training - INFO - Result <test>: [test/time: 7.53 (s), test/loss: 0.0000, test/MAE: 0.4720, test/MAPE: 2.5432, test/RMSE: 0.6551]
2025-09-06 16:45:46,957 - easytorch-training - INFO - Checkpoint baselines\STDMAE\mask_save\Mask_TMAE\XueBu_10min_100_144_12\96e05df63cc86c7799876658048114c3\Mask_TMAE_017.pt saved
2025-09-06 16:45:46,957 - easytorch-training - INFO - The estimated training finish time is 2025-09-06 17:23:40
2025-09-06 16:45:46,957 - easytorch-training - INFO - Epoch 18 / 100
2025-09-06 16:45:59,312 - easytorch-training - INFO - Result <train>: [train/time: 12.35 (s), train/lr: 1.00e-03, train/loss: 0.4264, train/MAE: 0.4264, train/MAPE: 1.5794, train/RMSE: 0.6417]
2025-09-06 16:45:59,314 - easytorch-training - INFO - Start validation.
2025-09-06 16:46:06,937 - easytorch-training - INFO - Result <val>: [val/time: 7.62 (s), val/loss: 0.3901, val/MAE: 0.3901, val/MAPE: 2.3528, val/RMSE: 0.5165]
2025-09-06 16:46:14,340 - easytorch-training - INFO - Result <test>: [test/time: 7.40 (s), test/loss: 0.0000, test/MAE: 0.4567, test/MAPE: 2.1821, test/RMSE: 0.6334]
2025-09-06 16:46:14,364 - easytorch-training - INFO - Checkpoint baselines\STDMAE\mask_save\Mask_TMAE\XueBu_10min_100_144_12\96e05df63cc86c7799876658048114c3\Mask_TMAE_018.pt saved
2025-09-06 16:46:14,365 - easytorch-training - INFO - The estimated training finish time is 2025-09-06 17:23:40
2025-09-06 16:46:14,365 - easytorch-training - INFO - Epoch 19 / 100
2025-09-06 16:46:26,588 - easytorch-training - INFO - Result <train>: [train/time: 12.22 (s), train/lr: 1.00e-03, train/loss: 0.4255, train/MAE: 0.4255, train/MAPE: 1.5940, train/RMSE: 0.6395]
2025-09-06 16:46:26,590 - easytorch-training - INFO - Start validation.
2025-09-06 16:46:34,340 - easytorch-training - INFO - Result <val>: [val/time: 7.75 (s), val/loss: 0.3965, val/MAE: 0.3965, val/MAPE: 2.4432, val/RMSE: 0.5286]
2025-09-06 16:46:41,679 - easytorch-training - INFO - Result <test>: [test/time: 7.34 (s), test/loss: 0.0000, test/MAE: 0.4641, test/MAPE: 2.2770, test/RMSE: 0.6401]
2025-09-06 16:46:41,709 - easytorch-training - INFO - Checkpoint baselines\STDMAE\mask_save\Mask_TMAE\XueBu_10min_100_144_12\96e05df63cc86c7799876658048114c3\Mask_TMAE_019.pt saved
2025-09-06 16:46:41,710 - easytorch-training - INFO - The estimated training finish time is 2025-09-06 17:23:40
2025-09-06 16:46:41,710 - easytorch-training - INFO - Epoch 20 / 100
2025-09-06 16:46:53,871 - easytorch-training - INFO - Result <train>: [train/time: 12.16 (s), train/lr: 1.00e-03, train/loss: 0.4252, train/MAE: 0.4252, train/MAPE: 1.5833, train/RMSE: 0.6345]
2025-09-06 16:46:53,872 - easytorch-training - INFO - Start validation.
2025-09-06 16:47:01,444 - easytorch-training - INFO - Result <val>: [val/time: 7.57 (s), val/loss: 0.3777, val/MAE: 0.3777, val/MAPE: 2.0782, val/RMSE: 0.5047]
2025-09-06 16:47:01,475 - easytorch-training - INFO - Checkpoint baselines\STDMAE\mask_save\Mask_TMAE\XueBu_10min_100_144_12\96e05df63cc86c7799876658048114c3\Mask_TMAE_best_val_MAE.pt saved
2025-09-06 16:47:08,865 - easytorch-training - INFO - Result <test>: [test/time: 7.39 (s), test/loss: 0.0000, test/MAE: 0.4703, test/MAPE: 2.3366, test/RMSE: 0.6388]
2025-09-06 16:47:08,896 - easytorch-training - INFO - Checkpoint baselines\STDMAE\mask_save\Mask_TMAE\XueBu_10min_100_144_12\96e05df63cc86c7799876658048114c3\Mask_TMAE_020.pt saved
2025-09-06 16:47:08,907 - easytorch-training - INFO - The estimated training finish time is 2025-09-06 17:23:39
2025-09-06 16:47:08,907 - easytorch-training - INFO - Epoch 21 / 100
2025-09-06 16:47:21,128 - easytorch-training - INFO - Result <train>: [train/time: 12.22 (s), train/lr: 1.00e-03, train/loss: 0.4226, train/MAE: 0.4226, train/MAPE: 1.5782, train/RMSE: 0.6385]
2025-09-06 16:47:21,128 - easytorch-training - INFO - Start validation.
2025-09-06 16:47:28,618 - easytorch-training - INFO - Result <val>: [val/time: 7.49 (s), val/loss: 0.3939, val/MAE: 0.3939, val/MAPE: 1.9266, val/RMSE: 0.5308]
2025-09-06 16:47:35,861 - easytorch-training - INFO - Result <test>: [test/time: 7.24 (s), test/loss: 0.0000, test/MAE: 0.4957, test/MAPE: 2.0621, test/RMSE: 0.6780]
2025-09-06 16:47:35,885 - easytorch-training - INFO - Checkpoint baselines\STDMAE\mask_save\Mask_TMAE\XueBu_10min_100_144_12\96e05df63cc86c7799876658048114c3\Mask_TMAE_021.pt saved
2025-09-06 16:47:35,886 - easytorch-training - INFO - The estimated training finish time is 2025-09-06 17:23:37
2025-09-06 16:47:35,886 - easytorch-training - INFO - Epoch 22 / 100
2025-09-06 16:47:48,218 - easytorch-training - INFO - Result <train>: [train/time: 12.33 (s), train/lr: 1.00e-03, train/loss: 0.4208, train/MAE: 0.4208, train/MAPE: 1.5919, train/RMSE: 0.6300]
2025-09-06 16:47:48,219 - easytorch-training - INFO - Start validation.
2025-09-06 16:47:55,582 - easytorch-training - INFO - Result <val>: [val/time: 7.36 (s), val/loss: 0.3889, val/MAE: 0.3889, val/MAPE: 2.3181, val/RMSE: 0.5164]
2025-09-06 16:48:02,865 - easytorch-training - INFO - Result <test>: [test/time: 7.28 (s), test/loss: 0.0000, test/MAE: 0.4617, test/MAPE: 2.3282, test/RMSE: 0.6235]
2025-09-06 16:48:02,886 - easytorch-training - INFO - Checkpoint baselines\STDMAE\mask_save\Mask_TMAE\XueBu_10min_100_144_12\96e05df63cc86c7799876658048114c3\Mask_TMAE_022.pt saved
2025-09-06 16:48:02,886 - easytorch-training - INFO - The estimated training finish time is 2025-09-06 17:23:35
2025-09-06 16:48:02,886 - easytorch-training - INFO - Epoch 23 / 100
2025-09-06 16:48:15,363 - easytorch-training - INFO - Result <train>: [train/time: 12.48 (s), train/lr: 1.00e-03, train/loss: 0.4205, train/MAE: 0.4205, train/MAPE: 1.5654, train/RMSE: 0.6362]
2025-09-06 16:48:15,365 - easytorch-training - INFO - Start validation.
2025-09-06 16:48:22,417 - easytorch-training - INFO - Result <val>: [val/time: 7.05 (s), val/loss: 0.4105, val/MAE: 0.4105, val/MAPE: 2.6655, val/RMSE: 0.5475]
2025-09-06 16:48:29,784 - easytorch-training - INFO - Result <test>: [test/time: 7.37 (s), test/loss: 0.0000, test/MAE: 0.4941, test/MAPE: 2.6642, test/RMSE: 0.6773]
2025-09-06 16:48:29,807 - easytorch-training - INFO - Checkpoint baselines\STDMAE\mask_save\Mask_TMAE\XueBu_10min_100_144_12\96e05df63cc86c7799876658048114c3\Mask_TMAE_023.pt saved
2025-09-06 16:48:29,808 - easytorch-training - INFO - The estimated training finish time is 2025-09-06 17:23:33
2025-09-06 16:48:29,808 - easytorch-training - INFO - Epoch 24 / 100
2025-09-06 16:48:42,295 - easytorch-training - INFO - Result <train>: [train/time: 12.49 (s), train/lr: 1.00e-03, train/loss: 0.4161, train/MAE: 0.4161, train/MAPE: 1.6015, train/RMSE: 0.6269]
2025-09-06 16:48:42,297 - easytorch-training - INFO - Start validation.
2025-09-06 16:48:49,488 - easytorch-training - INFO - Result <val>: [val/time: 7.19 (s), val/loss: 0.4033, val/MAE: 0.4033, val/MAPE: 2.3142, val/RMSE: 0.5346]
2025-09-06 16:48:56,955 - easytorch-training - INFO - Result <test>: [test/time: 7.47 (s), test/loss: 0.0000, test/MAE: 0.4699, test/MAPE: 2.3035, test/RMSE: 0.6442]
2025-09-06 16:48:57,012 - easytorch-training - INFO - Checkpoint baselines\STDMAE\mask_save\Mask_TMAE\XueBu_10min_100_144_12\96e05df63cc86c7799876658048114c3\Mask_TMAE_024.pt saved
2025-09-06 16:48:57,012 - easytorch-training - INFO - The estimated training finish time is 2025-09-06 17:23:33
2025-09-06 16:48:57,012 - easytorch-training - INFO - Epoch 25 / 100
2025-09-06 16:49:10,136 - easytorch-training - INFO - Result <train>: [train/time: 13.12 (s), train/lr: 1.00e-03, train/loss: 0.4158, train/MAE: 0.4158, train/MAPE: 1.5582, train/RMSE: 0.6294]
2025-09-06 16:49:10,138 - easytorch-training - INFO - Start validation.
2025-09-06 16:49:17,205 - easytorch-training - INFO - Result <val>: [val/time: 7.07 (s), val/loss: 0.3835, val/MAE: 0.3835, val/MAPE: 1.9616, val/RMSE: 0.5126]
2025-09-06 16:49:25,229 - easytorch-training - INFO - Result <test>: [test/time: 8.02 (s), test/loss: 0.0000, test/MAE: 0.4581, test/MAPE: 2.0449, test/RMSE: 0.6265]
2025-09-06 16:49:25,257 - easytorch-training - INFO - Checkpoint baselines\STDMAE\mask_save\Mask_TMAE\XueBu_10min_100_144_12\96e05df63cc86c7799876658048114c3\Mask_TMAE_025.pt saved
2025-09-06 16:49:25,258 - easytorch-training - INFO - The estimated training finish time is 2025-09-06 17:23:36
2025-09-06 16:49:25,258 - easytorch-training - INFO - Epoch 26 / 100
2025-09-06 16:49:37,761 - easytorch-training - INFO - Result <train>: [train/time: 12.50 (s), train/lr: 1.00e-03, train/loss: 0.4198, train/MAE: 0.4198, train/MAPE: 1.5923, train/RMSE: 0.6346]
2025-09-06 16:49:37,763 - easytorch-training - INFO - Start validation.
2025-09-06 16:49:45,000 - easytorch-training - INFO - Result <val>: [val/time: 7.24 (s), val/loss: 0.3909, val/MAE: 0.3909, val/MAPE: 2.1662, val/RMSE: 0.5187]
2025-09-06 16:49:52,696 - easytorch-training - INFO - Result <test>: [test/time: 7.69 (s), test/loss: 0.0000, test/MAE: 0.4666, test/MAPE: 2.1495, test/RMSE: 0.6459]
2025-09-06 16:49:52,725 - easytorch-training - INFO - Checkpoint baselines\STDMAE\mask_save\Mask_TMAE\XueBu_10min_100_144_12\96e05df63cc86c7799876658048114c3\Mask_TMAE_026.pt saved
2025-09-06 16:49:52,726 - easytorch-training - INFO - The estimated training finish time is 2025-09-06 17:23:37
2025-09-06 16:49:52,726 - easytorch-training - INFO - Epoch 27 / 100
2025-09-06 16:50:05,191 - easytorch-training - INFO - Result <train>: [train/time: 12.46 (s), train/lr: 1.00e-03, train/loss: 0.4125, train/MAE: 0.4125, train/MAPE: 1.5573, train/RMSE: 0.6251]
2025-09-06 16:50:05,192 - easytorch-training - INFO - Start validation.
2025-09-06 16:50:12,248 - easytorch-training - INFO - Result <val>: [val/time: 7.06 (s), val/loss: 0.4091, val/MAE: 0.4091, val/MAPE: 2.3556, val/RMSE: 0.5462]
2025-09-06 16:50:20,135 - easytorch-training - INFO - Result <test>: [test/time: 7.89 (s), test/loss: 0.0000, test/MAE: 0.4636, test/MAPE: 2.3610, test/RMSE: 0.6424]
2025-09-06 16:50:20,156 - easytorch-training - INFO - Checkpoint baselines\STDMAE\mask_save\Mask_TMAE\XueBu_10min_100_144_12\96e05df63cc86c7799876658048114c3\Mask_TMAE_027.pt saved
2025-09-06 16:50:20,156 - easytorch-training - INFO - The estimated training finish time is 2025-09-06 17:23:37
2025-09-06 16:50:20,156 - easytorch-training - INFO - Epoch 28 / 100
2025-09-06 16:50:33,397 - easytorch-training - INFO - Result <train>: [train/time: 13.24 (s), train/lr: 1.00e-03, train/loss: 0.4128, train/MAE: 0.4128, train/MAPE: 1.5643, train/RMSE: 0.6241]
2025-09-06 16:50:33,399 - easytorch-training - INFO - Start validation.
2025-09-06 16:50:40,441 - easytorch-training - INFO - Result <val>: [val/time: 7.04 (s), val/loss: 0.3986, val/MAE: 0.3986, val/MAPE: 2.1642, val/RMSE: 0.5335]
2025-09-06 16:50:48,596 - easytorch-training - INFO - Result <test>: [test/time: 8.15 (s), test/loss: 0.0000, test/MAE: 0.4502, test/MAPE: 2.1949, test/RMSE: 0.6250]
2025-09-06 16:50:48,620 - easytorch-training - INFO - Checkpoint baselines\STDMAE\mask_save\Mask_TMAE\XueBu_10min_100_144_12\96e05df63cc86c7799876658048114c3\Mask_TMAE_028.pt saved
2025-09-06 16:50:48,620 - easytorch-training - INFO - The estimated training finish time is 2025-09-06 17:23:41
2025-09-06 16:50:48,620 - easytorch-training - INFO - Epoch 29 / 100
2025-09-06 16:51:00,855 - easytorch-training - INFO - Result <train>: [train/time: 12.24 (s), train/lr: 1.00e-03, train/loss: 0.4135, train/MAE: 0.4135, train/MAPE: 1.5784, train/RMSE: 0.6262]
2025-09-06 16:51:00,857 - easytorch-training - INFO - Start validation.
2025-09-06 16:51:08,007 - easytorch-training - INFO - Result <val>: [val/time: 7.15 (s), val/loss: 0.3820, val/MAE: 0.3820, val/MAPE: 2.0593, val/RMSE: 0.5094]
2025-09-06 16:51:15,838 - easytorch-training - INFO - Result <test>: [test/time: 7.83 (s), test/loss: 0.0000, test/MAE: 0.4448, test/MAPE: 2.0836, test/RMSE: 0.6098]
2025-09-06 16:51:15,893 - easytorch-training - INFO - Checkpoint baselines\STDMAE\mask_save\Mask_TMAE\XueBu_10min_100_144_12\96e05df63cc86c7799876658048114c3\Mask_TMAE_029.pt saved
2025-09-06 16:51:15,893 - easytorch-training - INFO - The estimated training finish time is 2025-09-06 17:23:41
2025-09-06 16:51:15,893 - easytorch-training - INFO - Epoch 30 / 100
2025-09-06 16:51:28,756 - easytorch-training - INFO - Result <train>: [train/time: 12.86 (s), train/lr: 1.00e-03, train/loss: 0.4163, train/MAE: 0.4163, train/MAPE: 1.5789, train/RMSE: 0.6299]
2025-09-06 16:51:28,757 - easytorch-training - INFO - Start validation.
2025-09-06 16:51:35,803 - easytorch-training - INFO - Result <val>: [val/time: 7.05 (s), val/loss: 0.3851, val/MAE: 0.3851, val/MAPE: 2.0518, val/RMSE: 0.5169]
2025-09-06 16:51:43,855 - easytorch-training - INFO - Result <test>: [test/time: 8.05 (s), test/loss: 0.0000, test/MAE: 0.4726, test/MAPE: 2.1162, test/RMSE: 0.6534]
2025-09-06 16:51:43,881 - easytorch-training - INFO - Checkpoint baselines\STDMAE\mask_save\Mask_TMAE\XueBu_10min_100_144_12\96e05df63cc86c7799876658048114c3\Mask_TMAE_030.pt saved
2025-09-06 16:51:43,894 - easytorch-training - INFO - The estimated training finish time is 2025-09-06 17:23:43
2025-09-06 16:51:43,894 - easytorch-training - INFO - Epoch 31 / 100
2025-09-06 16:51:56,357 - easytorch-training - INFO - Result <train>: [train/time: 12.46 (s), train/lr: 1.00e-03, train/loss: 0.4226, train/MAE: 0.4226, train/MAPE: 1.5918, train/RMSE: 0.6396]
2025-09-06 16:51:56,359 - easytorch-training - INFO - Start validation.
2025-09-06 16:52:03,241 - easytorch-training - INFO - Result <val>: [val/time: 6.88 (s), val/loss: 0.3840, val/MAE: 0.3840, val/MAPE: 2.2026, val/RMSE: 0.5195]
2025-09-06 16:52:10,886 - easytorch-training - INFO - Result <test>: [test/time: 7.64 (s), test/loss: 0.0000, test/MAE: 0.4777, test/MAPE: 2.2354, test/RMSE: 0.6530]
2025-09-06 16:52:10,909 - easytorch-training - INFO - Checkpoint baselines\STDMAE\mask_save\Mask_TMAE\XueBu_10min_100_144_12\96e05df63cc86c7799876658048114c3\Mask_TMAE_031.pt saved
2025-09-06 16:52:10,910 - easytorch-training - INFO - The estimated training finish time is 2025-09-06 17:23:41
2025-09-06 16:52:10,910 - easytorch-training - INFO - Epoch 32 / 100
2025-09-06 16:52:24,165 - easytorch-training - INFO - Result <train>: [train/time: 13.25 (s), train/lr: 1.00e-03, train/loss: 0.4113, train/MAE: 0.4113, train/MAPE: 1.5533, train/RMSE: 0.6256]
2025-09-06 16:52:24,167 - easytorch-training - INFO - Start validation.
2025-09-06 16:52:30,965 - easytorch-training - INFO - Result <val>: [val/time: 6.80 (s), val/loss: 0.3961, val/MAE: 0.3961, val/MAPE: 2.3273, val/RMSE: 0.5329]
2025-09-06 16:52:39,475 - easytorch-training - INFO - Result <test>: [test/time: 8.51 (s), test/loss: 0.0000, test/MAE: 0.4580, test/MAPE: 2.2161, test/RMSE: 0.6272]
2025-09-06 16:52:39,506 - easytorch-training - INFO - Checkpoint baselines\STDMAE\mask_save\Mask_TMAE\XueBu_10min_100_144_12\96e05df63cc86c7799876658048114c3\Mask_TMAE_032.pt saved
2025-09-06 16:52:39,507 - easytorch-training - INFO - The estimated training finish time is 2025-09-06 17:23:45
2025-09-06 16:52:39,507 - easytorch-training - INFO - Epoch 33 / 100
2025-09-06 16:52:51,879 - easytorch-training - INFO - Result <train>: [train/time: 12.37 (s), train/lr: 1.00e-03, train/loss: 0.4107, train/MAE: 0.4107, train/MAPE: 1.5470, train/RMSE: 0.6239]
2025-09-06 16:52:51,881 - easytorch-training - INFO - Start validation.
2025-09-06 16:52:58,337 - easytorch-training - INFO - Result <val>: [val/time: 6.46 (s), val/loss: 0.3833, val/MAE: 0.3833, val/MAPE: 2.0387, val/RMSE: 0.5145]
2025-09-06 16:53:06,665 - easytorch-training - INFO - Result <test>: [test/time: 8.33 (s), test/loss: 0.0000, test/MAE: 0.4814, test/MAPE: 2.2491, test/RMSE: 0.6511]
2025-09-06 16:53:06,689 - easytorch-training - INFO - Checkpoint baselines\STDMAE\mask_save\Mask_TMAE\XueBu_10min_100_144_12\96e05df63cc86c7799876658048114c3\Mask_TMAE_033.pt saved
2025-09-06 16:53:06,689 - easytorch-training - INFO - The estimated training finish time is 2025-09-06 17:23:44
2025-09-06 16:53:06,689 - easytorch-training - INFO - Epoch 34 / 100
2025-09-06 16:53:18,943 - easytorch-training - INFO - Result <train>: [train/time: 12.25 (s), train/lr: 1.00e-03, train/loss: 0.4089, train/MAE: 0.4089, train/MAPE: 1.5423, train/RMSE: 0.6188]
2025-09-06 16:53:18,945 - easytorch-training - INFO - Start validation.
2025-09-06 16:53:25,644 - easytorch-training - INFO - Result <val>: [val/time: 6.70 (s), val/loss: 0.3679, val/MAE: 0.3679, val/MAPE: 2.2122, val/RMSE: 0.4912]
2025-09-06 16:53:25,667 - easytorch-training - INFO - Checkpoint baselines\STDMAE\mask_save\Mask_TMAE\XueBu_10min_100_144_12\96e05df63cc86c7799876658048114c3\Mask_TMAE_best_val_MAE.pt saved
2025-09-06 16:53:33,899 - easytorch-training - INFO - Result <test>: [test/time: 8.23 (s), test/loss: 0.0000, test/MAE: 0.4386, test/MAPE: 2.2386, test/RMSE: 0.6064]
2025-09-06 16:53:33,924 - easytorch-training - INFO - Checkpoint baselines\STDMAE\mask_save\Mask_TMAE\XueBu_10min_100_144_12\96e05df63cc86c7799876658048114c3\Mask_TMAE_034.pt saved
2025-09-06 16:53:33,924 - easytorch-training - INFO - The estimated training finish time is 2025-09-06 17:23:44
2025-09-06 16:53:33,924 - easytorch-training - INFO - Epoch 35 / 100
2025-09-06 16:53:46,504 - easytorch-training - INFO - Result <train>: [train/time: 12.58 (s), train/lr: 1.00e-03, train/loss: 0.4093, train/MAE: 0.4093, train/MAPE: 1.5306, train/RMSE: 0.6218]
2025-09-06 16:53:46,506 - easytorch-training - INFO - Start validation.
2025-09-06 16:53:53,110 - easytorch-training - INFO - Result <val>: [val/time: 6.60 (s), val/loss: 0.4142, val/MAE: 0.4142, val/MAPE: 2.5393, val/RMSE: 0.5595]
2025-09-06 16:54:01,406 - easytorch-training - INFO - Result <test>: [test/time: 8.30 (s), test/loss: 0.0000, test/MAE: 0.4894, test/MAPE: 2.6253, test/RMSE: 0.6699]
2025-09-06 16:54:01,435 - easytorch-training - INFO - Checkpoint baselines\STDMAE\mask_save\Mask_TMAE\XueBu_10min_100_144_12\96e05df63cc86c7799876658048114c3\Mask_TMAE_035.pt saved
2025-09-06 16:54:01,436 - easytorch-training - INFO - The estimated training finish time is 2025-09-06 17:23:44
2025-09-06 16:54:01,436 - easytorch-training - INFO - Epoch 36 / 100
2025-09-06 16:54:13,658 - easytorch-training - INFO - Result <train>: [train/time: 12.22 (s), train/lr: 1.00e-03, train/loss: 0.4125, train/MAE: 0.4125, train/MAPE: 1.5697, train/RMSE: 0.6326]
2025-09-06 16:54:13,660 - easytorch-training - INFO - Start validation.
2025-09-06 16:54:20,124 - easytorch-training - INFO - Result <val>: [val/time: 6.46 (s), val/loss: 0.3886, val/MAE: 0.3886, val/MAPE: 2.3904, val/RMSE: 0.5240]
2025-09-06 16:54:28,526 - easytorch-training - INFO - Result <test>: [test/time: 8.40 (s), test/loss: 0.0000, test/MAE: 0.4897, test/MAPE: 2.3708, test/RMSE: 0.6618]
2025-09-06 16:54:28,556 - easytorch-training - INFO - Checkpoint baselines\STDMAE\mask_save\Mask_TMAE\XueBu_10min_100_144_12\96e05df63cc86c7799876658048114c3\Mask_TMAE_036.pt saved
2025-09-06 16:54:28,556 - easytorch-training - INFO - The estimated training finish time is 2025-09-06 17:23:43
2025-09-06 16:54:28,557 - easytorch-training - INFO - Epoch 37 / 100
2025-09-06 16:54:41,031 - easytorch-training - INFO - Result <train>: [train/time: 12.47 (s), train/lr: 1.00e-03, train/loss: 0.4104, train/MAE: 0.4104, train/MAPE: 1.5423, train/RMSE: 0.6198]
2025-09-06 16:54:41,032 - easytorch-training - INFO - Start validation.
2025-09-06 16:54:47,666 - easytorch-training - INFO - Result <val>: [val/time: 6.63 (s), val/loss: 0.4023, val/MAE: 0.4023, val/MAPE: 2.3479, val/RMSE: 0.5363]
2025-09-06 16:54:55,620 - easytorch-training - INFO - Result <test>: [test/time: 7.95 (s), test/loss: 0.0000, test/MAE: 0.5130, test/MAPE: 2.5520, test/RMSE: 0.7006]
2025-09-06 16:54:55,652 - easytorch-training - INFO - Checkpoint baselines\STDMAE\mask_save\Mask_TMAE\XueBu_10min_100_144_12\96e05df63cc86c7799876658048114c3\Mask_TMAE_037.pt saved
2025-09-06 16:54:55,652 - easytorch-training - INFO - The estimated training finish time is 2025-09-06 17:23:42
2025-09-06 16:54:55,652 - easytorch-training - INFO - Epoch 38 / 100
2025-09-06 16:55:08,451 - easytorch-training - INFO - Result <train>: [train/time: 12.80 (s), train/lr: 1.00e-03, train/loss: 0.4076, train/MAE: 0.4076, train/MAPE: 1.5559, train/RMSE: 0.6207]
2025-09-06 16:55:08,453 - easytorch-training - INFO - Start validation.
2025-09-06 16:55:14,936 - easytorch-training - INFO - Result <val>: [val/time: 6.48 (s), val/loss: 0.3710, val/MAE: 0.3710, val/MAPE: 2.1336, val/RMSE: 0.4948]
2025-09-06 16:55:22,720 - easytorch-training - INFO - Result <test>: [test/time: 7.78 (s), test/loss: 0.0000, test/MAE: 0.4700, test/MAPE: 2.4548, test/RMSE: 0.6440]
2025-09-06 16:55:22,751 - easytorch-training - INFO - Checkpoint baselines\STDMAE\mask_save\Mask_TMAE\XueBu_10min_100_144_12\96e05df63cc86c7799876658048114c3\Mask_TMAE_038.pt saved
2025-09-06 16:55:22,751 - easytorch-training - INFO - The estimated training finish time is 2025-09-06 17:23:41
2025-09-06 16:55:22,751 - easytorch-training - INFO - Epoch 39 / 100
2025-09-06 16:55:35,786 - easytorch-training - INFO - Result <train>: [train/time: 13.03 (s), train/lr: 1.00e-03, train/loss: 0.4060, train/MAE: 0.4060, train/MAPE: 1.5523, train/RMSE: 0.6149]
2025-09-06 16:55:35,787 - easytorch-training - INFO - Start validation.
2025-09-06 16:55:42,221 - easytorch-training - INFO - Result <val>: [val/time: 6.43 (s), val/loss: 0.3817, val/MAE: 0.3817, val/MAPE: 2.3141, val/RMSE: 0.5097]
2025-09-06 16:55:49,788 - easytorch-training - INFO - Result <test>: [test/time: 7.57 (s), test/loss: 0.0000, test/MAE: 0.4658, test/MAPE: 2.2709, test/RMSE: 0.6461]
2025-09-06 16:55:49,819 - easytorch-training - INFO - Checkpoint baselines\STDMAE\mask_save\Mask_TMAE\XueBu_10min_100_144_12\96e05df63cc86c7799876658048114c3\Mask_TMAE_039.pt saved
2025-09-06 16:55:49,819 - easytorch-training - INFO - The estimated training finish time is 2025-09-06 17:23:40
2025-09-06 16:55:49,819 - easytorch-training - INFO - Epoch 40 / 100
2025-09-06 16:56:03,002 - easytorch-training - INFO - Result <train>: [train/time: 13.18 (s), train/lr: 1.00e-03, train/loss: 0.4024, train/MAE: 0.4024, train/MAPE: 1.5355, train/RMSE: 0.6135]
2025-09-06 16:56:03,003 - easytorch-training - INFO - Start validation.
2025-09-06 16:56:09,490 - easytorch-training - INFO - Result <val>: [val/time: 6.49 (s), val/loss: 0.3981, val/MAE: 0.3981, val/MAPE: 2.5629, val/RMSE: 0.5310]
2025-09-06 16:56:17,392 - easytorch-training - INFO - Result <test>: [test/time: 7.90 (s), test/loss: 0.0000, test/MAE: 0.4831, test/MAPE: 2.3786, test/RMSE: 0.6608]
2025-09-06 16:56:17,422 - easytorch-training - INFO - Checkpoint baselines\STDMAE\mask_save\Mask_TMAE\XueBu_10min_100_144_12\96e05df63cc86c7799876658048114c3\Mask_TMAE_040.pt saved
2025-09-06 16:56:17,435 - easytorch-training - INFO - The estimated training finish time is 2025-09-06 17:23:41
2025-09-06 16:56:17,435 - easytorch-training - INFO - Epoch 41 / 100
2025-09-06 16:56:30,761 - easytorch-training - INFO - Result <train>: [train/time: 13.33 (s), train/lr: 1.00e-03, train/loss: 0.4068, train/MAE: 0.4068, train/MAPE: 1.5718, train/RMSE: 0.6124]
2025-09-06 16:56:30,762 - easytorch-training - INFO - Start validation.
2025-09-06 16:56:37,220 - easytorch-training - INFO - Result <val>: [val/time: 6.46 (s), val/loss: 0.3798, val/MAE: 0.3798, val/MAPE: 2.2405, val/RMSE: 0.5032]
2025-09-06 16:56:45,001 - easytorch-training - INFO - Result <test>: [test/time: 7.78 (s), test/loss: 0.0000, test/MAE: 0.4695, test/MAPE: 2.2412, test/RMSE: 0.6343]
2025-09-06 16:56:45,033 - easytorch-training - INFO - Checkpoint baselines\STDMAE\mask_save\Mask_TMAE\XueBu_10min_100_144_12\96e05df63cc86c7799876658048114c3\Mask_TMAE_041.pt saved
2025-09-06 16:56:45,033 - easytorch-training - INFO - The estimated training finish time is 2025-09-06 17:23:42
2025-09-06 16:56:45,033 - easytorch-training - INFO - Epoch 42 / 100
2025-09-06 16:56:58,555 - easytorch-training - INFO - Result <train>: [train/time: 13.52 (s), train/lr: 1.00e-03, train/loss: 0.4089, train/MAE: 0.4089, train/MAPE: 1.5458, train/RMSE: 0.6228]
2025-09-06 16:56:58,556 - easytorch-training - INFO - Start validation.
2025-09-06 16:57:05,038 - easytorch-training - INFO - Result <val>: [val/time: 6.48 (s), val/loss: 0.4195, val/MAE: 0.4195, val/MAPE: 2.5011, val/RMSE: 0.5614]
2025-09-06 16:57:12,471 - easytorch-training - INFO - Result <test>: [test/time: 7.43 (s), test/loss: 0.0000, test/MAE: 0.4607, test/MAPE: 2.3673, test/RMSE: 0.6376]
2025-09-06 16:57:12,502 - easytorch-training - INFO - Checkpoint baselines\STDMAE\mask_save\Mask_TMAE\XueBu_10min_100_144_12\96e05df63cc86c7799876658048114c3\Mask_TMAE_042.pt saved
2025-09-06 16:57:12,502 - easytorch-training - INFO - The estimated training finish time is 2025-09-06 17:23:42
2025-09-06 16:57:12,502 - easytorch-training - INFO - Epoch 43 / 100
2025-09-06 16:57:25,734 - easytorch-training - INFO - Result <train>: [train/time: 13.23 (s), train/lr: 1.00e-03, train/loss: 0.4114, train/MAE: 0.4114, train/MAPE: 1.5831, train/RMSE: 0.6264]
2025-09-06 16:57:25,736 - easytorch-training - INFO - Start validation.
2025-09-06 16:57:32,578 - easytorch-training - INFO - Result <val>: [val/time: 6.84 (s), val/loss: 0.3774, val/MAE: 0.3774, val/MAPE: 2.2056, val/RMSE: 0.5067]
2025-09-06 16:57:39,588 - easytorch-training - INFO - Result <test>: [test/time: 7.01 (s), test/loss: 0.0000, test/MAE: 0.4615, test/MAPE: 2.2088, test/RMSE: 0.6359]
2025-09-06 16:57:39,621 - easytorch-training - INFO - Checkpoint baselines\STDMAE\mask_save\Mask_TMAE\XueBu_10min_100_144_12\96e05df63cc86c7799876658048114c3\Mask_TMAE_043.pt saved
2025-09-06 16:57:39,621 - easytorch-training - INFO - The estimated training finish time is 2025-09-06 17:23:41
2025-09-06 16:57:39,621 - easytorch-training - INFO - Epoch 44 / 100
2025-09-06 16:57:53,456 - easytorch-training - INFO - Result <train>: [train/time: 13.83 (s), train/lr: 1.00e-03, train/loss: 0.4030, train/MAE: 0.4030, train/MAPE: 1.5458, train/RMSE: 0.6163]
2025-09-06 16:57:53,458 - easytorch-training - INFO - Start validation.
2025-09-06 16:58:00,478 - easytorch-training - INFO - Result <val>: [val/time: 7.02 (s), val/loss: 0.3731, val/MAE: 0.3731, val/MAPE: 2.1396, val/RMSE: 0.5055]
2025-09-06 16:58:07,705 - easytorch-training - INFO - Result <test>: [test/time: 7.23 (s), test/loss: 0.0000, test/MAE: 0.4843, test/MAPE: 2.3580, test/RMSE: 0.6804]
2025-09-06 16:58:07,734 - easytorch-training - INFO - Checkpoint baselines\STDMAE\mask_save\Mask_TMAE\XueBu_10min_100_144_12\96e05df63cc86c7799876658048114c3\Mask_TMAE_044.pt saved
2025-09-06 16:58:07,734 - easytorch-training - INFO - The estimated training finish time is 2025-09-06 17:23:43
2025-09-06 16:58:07,734 - easytorch-training - INFO - Epoch 45 / 100
2025-09-06 16:58:21,822 - easytorch-training - INFO - Result <train>: [train/time: 14.09 (s), train/lr: 1.00e-03, train/loss: 0.4022, train/MAE: 0.4022, train/MAPE: 1.5437, train/RMSE: 0.6058]
2025-09-06 16:58:21,824 - easytorch-training - INFO - Start validation.
2025-09-06 16:58:28,415 - easytorch-training - INFO - Result <val>: [val/time: 6.59 (s), val/loss: 0.3918, val/MAE: 0.3918, val/MAPE: 2.1322, val/RMSE: 0.5207]
2025-09-06 16:58:35,121 - easytorch-training - INFO - Result <test>: [test/time: 6.70 (s), test/loss: 0.0000, test/MAE: 0.4711, test/MAPE: 2.3876, test/RMSE: 0.6419]
2025-09-06 16:58:35,143 - easytorch-training - INFO - Checkpoint baselines\STDMAE\mask_save\Mask_TMAE\XueBu_10min_100_144_12\96e05df63cc86c7799876658048114c3\Mask_TMAE_045.pt saved
2025-09-06 16:58:35,144 - easytorch-training - INFO - The estimated training finish time is 2025-09-06 17:23:43
2025-09-06 16:58:35,144 - easytorch-training - INFO - Epoch 46 / 100
2025-09-06 16:58:50,607 - easytorch-training - INFO - Result <train>: [train/time: 15.46 (s), train/lr: 1.00e-03, train/loss: 0.4012, train/MAE: 0.4012, train/MAPE: 1.5161, train/RMSE: 0.6142]
2025-09-06 16:58:50,609 - easytorch-training - INFO - Start validation.
2025-09-06 16:58:57,347 - easytorch-training - INFO - Result <val>: [val/time: 6.74 (s), val/loss: 0.3954, val/MAE: 0.3954, val/MAPE: 2.0952, val/RMSE: 0.5347]
2025-09-06 16:59:04,027 - easytorch-training - INFO - Result <test>: [test/time: 6.68 (s), test/loss: 0.0000, test/MAE: 0.4986, test/MAPE: 2.4095, test/RMSE: 0.6827]
2025-09-06 16:59:04,057 - easytorch-training - INFO - Checkpoint baselines\STDMAE\mask_save\Mask_TMAE\XueBu_10min_100_144_12\96e05df63cc86c7799876658048114c3\Mask_TMAE_046.pt saved
2025-09-06 16:59:04,057 - easytorch-training - INFO - The estimated training finish time is 2025-09-06 17:23:46
2025-09-06 16:59:04,057 - easytorch-training - INFO - Epoch 47 / 100
2025-09-06 16:59:18,440 - easytorch-training - INFO - Result <train>: [train/time: 14.38 (s), train/lr: 1.00e-03, train/loss: 0.4012, train/MAE: 0.4012, train/MAPE: 1.5312, train/RMSE: 0.6108]
2025-09-06 16:59:18,442 - easytorch-training - INFO - Start validation.
2025-09-06 16:59:25,145 - easytorch-training - INFO - Result <val>: [val/time: 6.70 (s), val/loss: 0.3772, val/MAE: 0.3772, val/MAPE: 2.0411, val/RMSE: 0.5018]
2025-09-06 16:59:31,792 - easytorch-training - INFO - Result <test>: [test/time: 6.64 (s), test/loss: 0.0000, test/MAE: 0.4564, test/MAPE: 2.3154, test/RMSE: 0.6194]
2025-09-06 16:59:31,819 - easytorch-training - INFO - Checkpoint baselines\STDMAE\mask_save\Mask_TMAE\XueBu_10min_100_144_12\96e05df63cc86c7799876658048114c3\Mask_TMAE_047.pt saved
2025-09-06 16:59:31,820 - easytorch-training - INFO - The estimated training finish time is 2025-09-06 17:23:47
2025-09-06 16:59:31,820 - easytorch-training - INFO - Epoch 48 / 100
2025-09-06 16:59:46,040 - easytorch-training - INFO - Result <train>: [train/time: 14.22 (s), train/lr: 1.00e-03, train/loss: 0.4045, train/MAE: 0.4045, train/MAPE: 1.5427, train/RMSE: 0.6253]
2025-09-06 16:59:46,042 - easytorch-training - INFO - Start validation.
2025-09-06 16:59:52,380 - easytorch-training - INFO - Result <val>: [val/time: 6.34 (s), val/loss: 0.3712, val/MAE: 0.3712, val/MAPE: 2.2305, val/RMSE: 0.5038]
2025-09-06 16:59:58,807 - easytorch-training - INFO - Result <test>: [test/time: 6.43 (s), test/loss: 0.0000, test/MAE: 0.4197, test/MAPE: 2.0583, test/RMSE: 0.5941]
2025-09-06 16:59:58,830 - easytorch-training - INFO - Checkpoint baselines\STDMAE\mask_save\Mask_TMAE\XueBu_10min_100_144_12\96e05df63cc86c7799876658048114c3\Mask_TMAE_048.pt saved
2025-09-06 16:59:58,830 - easytorch-training - INFO - The estimated training finish time is 2025-09-06 17:23:46
2025-09-06 16:59:58,830 - easytorch-training - INFO - Epoch 49 / 100
2025-09-06 17:00:13,226 - easytorch-training - INFO - Result <train>: [train/time: 14.40 (s), train/lr: 1.00e-03, train/loss: 0.3988, train/MAE: 0.3988, train/MAPE: 1.5190, train/RMSE: 0.6122]
2025-09-06 17:00:13,227 - easytorch-training - INFO - Start validation.
2025-09-06 17:00:19,662 - easytorch-training - INFO - Result <val>: [val/time: 6.43 (s), val/loss: 0.3892, val/MAE: 0.3892, val/MAPE: 2.4840, val/RMSE: 0.5214]
2025-09-06 17:00:26,421 - easytorch-training - INFO - Result <test>: [test/time: 6.76 (s), test/loss: 0.0000, test/MAE: 0.4704, test/MAPE: 2.3946, test/RMSE: 0.6528]
2025-09-06 17:00:26,448 - easytorch-training - INFO - Checkpoint baselines\STDMAE\mask_save\Mask_TMAE\XueBu_10min_100_144_12\96e05df63cc86c7799876658048114c3\Mask_TMAE_049.pt saved
2025-09-06 17:00:26,448 - easytorch-training - INFO - The estimated training finish time is 2025-09-06 17:23:46
2025-09-06 17:00:26,448 - easytorch-training - INFO - Epoch 50 / 100
2025-09-06 17:00:41,796 - easytorch-training - INFO - Result <train>: [train/time: 15.35 (s), train/lr: 1.00e-03, train/loss: 0.4038, train/MAE: 0.4038, train/MAPE: 1.5639, train/RMSE: 0.6145]
2025-09-06 17:00:41,797 - easytorch-training - INFO - Start validation.
2025-09-06 17:00:48,976 - easytorch-training - INFO - Result <val>: [val/time: 7.18 (s), val/loss: 0.3827, val/MAE: 0.3827, val/MAPE: 2.1732, val/RMSE: 0.5187]
2025-09-06 17:00:56,141 - easytorch-training - INFO - Result <test>: [test/time: 7.16 (s), test/loss: 0.0000, test/MAE: 0.4647, test/MAPE: 2.4507, test/RMSE: 0.6387]
2025-09-06 17:00:56,173 - easytorch-training - INFO - Checkpoint baselines\STDMAE\mask_save\Mask_TMAE\XueBu_10min_100_144_12\96e05df63cc86c7799876658048114c3\Mask_TMAE_050.pt saved
2025-09-06 17:00:56,183 - easytorch-training - INFO - The estimated training finish time is 2025-09-06 17:23:51
2025-09-06 17:00:56,183 - easytorch-training - INFO - Epoch 51 / 100
2025-09-06 17:01:12,580 - easytorch-training - INFO - Result <train>: [train/time: 16.40 (s), train/lr: 5.00e-04, train/loss: 0.3880, train/MAE: 0.3880, train/MAPE: 1.4643, train/RMSE: 0.5968]
2025-09-06 17:01:12,581 - easytorch-training - INFO - Start validation.
2025-09-06 17:01:19,327 - easytorch-training - INFO - Result <val>: [val/time: 6.74 (s), val/loss: 0.3768, val/MAE: 0.3768, val/MAPE: 2.0932, val/RMSE: 0.5088]
2025-09-06 17:01:26,295 - easytorch-training - INFO - Result <test>: [test/time: 6.97 (s), test/loss: 0.0000, test/MAE: 0.4543, test/MAPE: 2.2620, test/RMSE: 0.6290]
2025-09-06 17:01:26,335 - easytorch-training - INFO - Checkpoint baselines\STDMAE\mask_save\Mask_TMAE\XueBu_10min_100_144_12\96e05df63cc86c7799876658048114c3\Mask_TMAE_051.pt saved
2025-09-06 17:01:26,336 - easytorch-training - INFO - The estimated training finish time is 2025-09-06 17:23:56
2025-09-06 17:01:26,336 - easytorch-training - INFO - Epoch 52 / 100
2025-09-06 17:01:40,689 - easytorch-training - INFO - Result <train>: [train/time: 14.35 (s), train/lr: 5.00e-04, train/loss: 0.3842, train/MAE: 0.3842, train/MAPE: 1.4852, train/RMSE: 0.5962]
2025-09-06 17:01:40,690 - easytorch-training - INFO - Start validation.
2025-09-06 17:01:47,167 - easytorch-training - INFO - Result <val>: [val/time: 6.48 (s), val/loss: 0.3858, val/MAE: 0.3858, val/MAPE: 2.2025, val/RMSE: 0.5206]
2025-09-06 17:01:53,985 - easytorch-training - INFO - Result <test>: [test/time: 6.82 (s), test/loss: 0.0000, test/MAE: 0.4568, test/MAPE: 2.1449, test/RMSE: 0.6496]
2025-09-06 17:01:54,009 - easytorch-training - INFO - Checkpoint baselines\STDMAE\mask_save\Mask_TMAE\XueBu_10min_100_144_12\96e05df63cc86c7799876658048114c3\Mask_TMAE_052.pt saved
2025-09-06 17:01:54,009 - easytorch-training - INFO - The estimated training finish time is 2025-09-06 17:23:56
2025-09-06 17:01:54,009 - easytorch-training - INFO - Epoch 53 / 100
2025-09-06 17:02:08,431 - easytorch-training - INFO - Result <train>: [train/time: 14.42 (s), train/lr: 5.00e-04, train/loss: 0.3827, train/MAE: 0.3827, train/MAPE: 1.4927, train/RMSE: 0.5919]
2025-09-06 17:02:08,433 - easytorch-training - INFO - Start validation.
2025-09-06 17:02:14,788 - easytorch-training - INFO - Result <val>: [val/time: 6.35 (s), val/loss: 0.3700, val/MAE: 0.3700, val/MAPE: 2.1508, val/RMSE: 0.4946]
2025-09-06 17:02:21,715 - easytorch-training - INFO - Result <test>: [test/time: 6.92 (s), test/loss: 0.0000, test/MAE: 0.4695, test/MAPE: 2.3986, test/RMSE: 0.6395]
2025-09-06 17:02:21,738 - easytorch-training - INFO - Checkpoint baselines\STDMAE\mask_save\Mask_TMAE\XueBu_10min_100_144_12\96e05df63cc86c7799876658048114c3\Mask_TMAE_053.pt saved
2025-09-06 17:02:21,738 - easytorch-training - INFO - The estimated training finish time is 2025-09-06 17:23:56
2025-09-06 17:02:21,738 - easytorch-training - INFO - Epoch 54 / 100
2025-09-06 17:02:36,378 - easytorch-training - INFO - Result <train>: [train/time: 14.64 (s), train/lr: 5.00e-04, train/loss: 0.3866, train/MAE: 0.3866, train/MAPE: 1.4809, train/RMSE: 0.5971]
2025-09-06 17:02:36,379 - easytorch-training - INFO - Start validation.
2025-09-06 17:02:42,793 - easytorch-training - INFO - Result <val>: [val/time: 6.41 (s), val/loss: 0.3762, val/MAE: 0.3762, val/MAPE: 2.1244, val/RMSE: 0.5019]
2025-09-06 17:02:49,748 - easytorch-training - INFO - Result <test>: [test/time: 6.95 (s), test/loss: 0.0000, test/MAE: 0.4509, test/MAPE: 1.9843, test/RMSE: 0.6203]
2025-09-06 17:02:49,774 - easytorch-training - INFO - Checkpoint baselines\STDMAE\mask_save\Mask_TMAE\XueBu_10min_100_144_12\96e05df63cc86c7799876658048114c3\Mask_TMAE_054.pt saved
2025-09-06 17:02:49,774 - easytorch-training - INFO - The estimated training finish time is 2025-09-06 17:23:57
2025-09-06 17:02:49,774 - easytorch-training - INFO - Epoch 55 / 100
2025-09-06 17:03:04,366 - easytorch-training - INFO - Result <train>: [train/time: 14.59 (s), train/lr: 5.00e-04, train/loss: 0.3868, train/MAE: 0.3868, train/MAPE: 1.4795, train/RMSE: 0.6018]
2025-09-06 17:03:04,367 - easytorch-training - INFO - Start validation.
2025-09-06 17:03:10,729 - easytorch-training - INFO - Result <val>: [val/time: 6.36 (s), val/loss: 0.3701, val/MAE: 0.3701, val/MAPE: 2.1472, val/RMSE: 0.4967]
2025-09-06 17:03:17,823 - easytorch-training - INFO - Result <test>: [test/time: 7.09 (s), test/loss: 0.0000, test/MAE: 0.4382, test/MAPE: 2.2663, test/RMSE: 0.6081]
2025-09-06 17:03:17,848 - easytorch-training - INFO - Checkpoint baselines\STDMAE\mask_save\Mask_TMAE\XueBu_10min_100_144_12\96e05df63cc86c7799876658048114c3\Mask_TMAE_055.pt saved
2025-09-06 17:03:17,848 - easytorch-training - INFO - The estimated training finish time is 2025-09-06 17:23:58
2025-09-06 17:03:17,848 - easytorch-training - INFO - Epoch 56 / 100
2025-09-06 17:03:32,479 - easytorch-training - INFO - Result <train>: [train/time: 14.63 (s), train/lr: 5.00e-04, train/loss: 0.3864, train/MAE: 0.3864, train/MAPE: 1.4901, train/RMSE: 0.5937]
2025-09-06 17:03:32,480 - easytorch-training - INFO - Start validation.
2025-09-06 17:03:39,096 - easytorch-training - INFO - Result <val>: [val/time: 6.62 (s), val/loss: 0.3616, val/MAE: 0.3616, val/MAPE: 2.0255, val/RMSE: 0.4922]
2025-09-06 17:03:39,117 - easytorch-training - INFO - Checkpoint baselines\STDMAE\mask_save\Mask_TMAE\XueBu_10min_100_144_12\96e05df63cc86c7799876658048114c3\Mask_TMAE_best_val_MAE.pt saved
2025-09-06 17:03:46,899 - easytorch-training - INFO - Result <test>: [test/time: 7.78 (s), test/loss: 0.0000, test/MAE: 0.4517, test/MAPE: 2.1507, test/RMSE: 0.6274]
2025-09-06 17:03:46,925 - easytorch-training - INFO - Checkpoint baselines\STDMAE\mask_save\Mask_TMAE\XueBu_10min_100_144_12\96e05df63cc86c7799876658048114c3\Mask_TMAE_056.pt saved
2025-09-06 17:03:46,925 - easytorch-training - INFO - The estimated training finish time is 2025-09-06 17:24:01
2025-09-06 17:03:46,925 - easytorch-training - INFO - Epoch 57 / 100
2025-09-06 17:04:01,491 - easytorch-training - INFO - Result <train>: [train/time: 14.57 (s), train/lr: 5.00e-04, train/loss: 0.3828, train/MAE: 0.3828, train/MAPE: 1.4497, train/RMSE: 0.5968]
2025-09-06 17:04:01,493 - easytorch-training - INFO - Start validation.
2025-09-06 17:04:07,957 - easytorch-training - INFO - Result <val>: [val/time: 6.46 (s), val/loss: 0.3770, val/MAE: 0.3770, val/MAPE: 2.2255, val/RMSE: 0.5059]
2025-09-06 17:04:15,906 - easytorch-training - INFO - Result <test>: [test/time: 7.95 (s), test/loss: 0.0000, test/MAE: 0.4644, test/MAPE: 2.2482, test/RMSE: 0.6458]
2025-09-06 17:04:15,927 - easytorch-training - INFO - Checkpoint baselines\STDMAE\mask_save\Mask_TMAE\XueBu_10min_100_144_12\96e05df63cc86c7799876658048114c3\Mask_TMAE_057.pt saved
2025-09-06 17:04:15,927 - easytorch-training - INFO - The estimated training finish time is 2025-09-06 17:24:03
2025-09-06 17:04:15,927 - easytorch-training - INFO - Epoch 58 / 100
2025-09-06 17:04:30,466 - easytorch-training - INFO - Result <train>: [train/time: 14.54 (s), train/lr: 5.00e-04, train/loss: 0.3811, train/MAE: 0.3811, train/MAPE: 1.4672, train/RMSE: 0.5936]
2025-09-06 17:04:30,467 - easytorch-training - INFO - Start validation.
2025-09-06 17:04:37,151 - easytorch-training - INFO - Result <val>: [val/time: 6.68 (s), val/loss: 0.3735, val/MAE: 0.3735, val/MAPE: 2.1147, val/RMSE: 0.4984]
2025-09-06 17:04:44,311 - easytorch-training - INFO - Result <test>: [test/time: 7.16 (s), test/loss: 0.0000, test/MAE: 0.4605, test/MAPE: 2.2155, test/RMSE: 0.6433]
2025-09-06 17:04:44,336 - easytorch-training - INFO - Checkpoint baselines\STDMAE\mask_save\Mask_TMAE\XueBu_10min_100_144_12\96e05df63cc86c7799876658048114c3\Mask_TMAE_058.pt saved
2025-09-06 17:04:44,336 - easytorch-training - INFO - The estimated training finish time is 2025-09-06 17:24:05
2025-09-06 17:04:44,336 - easytorch-training - INFO - Epoch 59 / 100
2025-09-06 17:04:58,797 - easytorch-training - INFO - Result <train>: [train/time: 14.46 (s), train/lr: 5.00e-04, train/loss: 0.3800, train/MAE: 0.3800, train/MAPE: 1.4869, train/RMSE: 0.5847]
2025-09-06 17:04:58,798 - easytorch-training - INFO - Start validation.
2025-09-06 17:05:05,590 - easytorch-training - INFO - Result <val>: [val/time: 6.79 (s), val/loss: 0.3815, val/MAE: 0.3815, val/MAPE: 2.4420, val/RMSE: 0.5097]
2025-09-06 17:05:12,655 - easytorch-training - INFO - Result <test>: [test/time: 7.06 (s), test/loss: 0.0000, test/MAE: 0.4436, test/MAPE: 2.2279, test/RMSE: 0.6151]
2025-09-06 17:05:12,678 - easytorch-training - INFO - Checkpoint baselines\STDMAE\mask_save\Mask_TMAE\XueBu_10min_100_144_12\96e05df63cc86c7799876658048114c3\Mask_TMAE_059.pt saved
2025-09-06 17:05:12,678 - easytorch-training - INFO - The estimated training finish time is 2025-09-06 17:24:06
2025-09-06 17:05:12,678 - easytorch-training - INFO - Epoch 60 / 100
2025-09-06 17:05:27,289 - easytorch-training - INFO - Result <train>: [train/time: 14.61 (s), train/lr: 5.00e-04, train/loss: 0.3812, train/MAE: 0.3812, train/MAPE: 1.4856, train/RMSE: 0.5916]
2025-09-06 17:05:27,291 - easytorch-training - INFO - Start validation.
2025-09-06 17:05:34,608 - easytorch-training - INFO - Result <val>: [val/time: 7.32 (s), val/loss: 0.3933, val/MAE: 0.3933, val/MAPE: 2.4895, val/RMSE: 0.5221]
2025-09-06 17:05:41,431 - easytorch-training - INFO - Result <test>: [test/time: 6.82 (s), test/loss: 0.0000, test/MAE: 0.4671, test/MAPE: 2.3266, test/RMSE: 0.6489]
2025-09-06 17:05:41,453 - easytorch-training - INFO - Checkpoint baselines\STDMAE\mask_save\Mask_TMAE\XueBu_10min_100_144_12\96e05df63cc86c7799876658048114c3\Mask_TMAE_060.pt saved
2025-09-06 17:05:41,462 - easytorch-training - INFO - The estimated training finish time is 2025-09-06 17:24:08
2025-09-06 17:05:41,462 - easytorch-training - INFO - Epoch 61 / 100
2025-09-06 17:05:56,354 - easytorch-training - INFO - Result <train>: [train/time: 14.89 (s), train/lr: 5.00e-04, train/loss: 0.3818, train/MAE: 0.3818, train/MAPE: 1.4729, train/RMSE: 0.6025]
2025-09-06 17:05:56,355 - easytorch-training - INFO - Start validation.
2025-09-06 17:06:03,862 - easytorch-training - INFO - Result <val>: [val/time: 7.51 (s), val/loss: 0.3878, val/MAE: 0.3878, val/MAPE: 2.1804, val/RMSE: 0.5187]
2025-09-06 17:06:10,548 - easytorch-training - INFO - Result <test>: [test/time: 6.68 (s), test/loss: 0.0000, test/MAE: 0.4473, test/MAPE: 2.1612, test/RMSE: 0.6313]
2025-09-06 17:06:10,568 - easytorch-training - INFO - Checkpoint baselines\STDMAE\mask_save\Mask_TMAE\XueBu_10min_100_144_12\96e05df63cc86c7799876658048114c3\Mask_TMAE_061.pt saved
2025-09-06 17:06:10,568 - easytorch-training - INFO - The estimated training finish time is 2025-09-06 17:24:10
2025-09-06 17:06:10,568 - easytorch-training - INFO - Epoch 62 / 100
2025-09-06 17:06:25,477 - easytorch-training - INFO - Result <train>: [train/time: 14.91 (s), train/lr: 5.00e-04, train/loss: 0.3768, train/MAE: 0.3768, train/MAPE: 1.4658, train/RMSE: 0.5819]
2025-09-06 17:06:25,478 - easytorch-training - INFO - Start validation.
2025-09-06 17:06:33,290 - easytorch-training - INFO - Result <val>: [val/time: 7.81 (s), val/loss: 0.3953, val/MAE: 0.3953, val/MAPE: 2.3185, val/RMSE: 0.5294]
2025-09-06 17:06:39,395 - easytorch-training - INFO - Result <test>: [test/time: 6.10 (s), test/loss: 0.0000, test/MAE: 0.4523, test/MAPE: 2.2615, test/RMSE: 0.6441]
2025-09-06 17:06:39,428 - easytorch-training - INFO - Checkpoint baselines\STDMAE\mask_save\Mask_TMAE\XueBu_10min_100_144_12\96e05df63cc86c7799876658048114c3\Mask_TMAE_062.pt saved
2025-09-06 17:06:39,429 - easytorch-training - INFO - The estimated training finish time is 2025-09-06 17:24:12
2025-09-06 17:06:39,429 - easytorch-training - INFO - Epoch 63 / 100
2025-09-06 17:06:53,888 - easytorch-training - INFO - Result <train>: [train/time: 14.46 (s), train/lr: 5.00e-04, train/loss: 0.3801, train/MAE: 0.3801, train/MAPE: 1.4665, train/RMSE: 0.5929]
2025-09-06 17:06:53,889 - easytorch-training - INFO - Start validation.
2025-09-06 17:07:01,278 - easytorch-training - INFO - Result <val>: [val/time: 7.39 (s), val/loss: 0.3804, val/MAE: 0.3804, val/MAPE: 2.3296, val/RMSE: 0.5084]
2025-09-06 17:07:07,735 - easytorch-training - INFO - Result <test>: [test/time: 6.46 (s), test/loss: 0.0000, test/MAE: 0.4352, test/MAPE: 2.1408, test/RMSE: 0.6135]
2025-09-06 17:07:07,758 - easytorch-training - INFO - Checkpoint baselines\STDMAE\mask_save\Mask_TMAE\XueBu_10min_100_144_12\96e05df63cc86c7799876658048114c3\Mask_TMAE_063.pt saved
2025-09-06 17:07:07,759 - easytorch-training - INFO - The estimated training finish time is 2025-09-06 17:24:13
2025-09-06 17:07:07,759 - easytorch-training - INFO - Epoch 64 / 100
2025-09-06 17:07:22,782 - easytorch-training - INFO - Result <train>: [train/time: 15.02 (s), train/lr: 5.00e-04, train/loss: 0.3793, train/MAE: 0.3793, train/MAPE: 1.4688, train/RMSE: 0.5948]
2025-09-06 17:07:22,784 - easytorch-training - INFO - Start validation.
2025-09-06 17:07:29,838 - easytorch-training - INFO - Result <val>: [val/time: 7.05 (s), val/loss: 0.3810, val/MAE: 0.3810, val/MAPE: 2.2027, val/RMSE: 0.5153]
2025-09-06 17:07:36,181 - easytorch-training - INFO - Result <test>: [test/time: 6.34 (s), test/loss: 0.0000, test/MAE: 0.4775, test/MAPE: 2.4417, test/RMSE: 0.6604]
2025-09-06 17:07:36,203 - easytorch-training - INFO - Checkpoint baselines\STDMAE\mask_save\Mask_TMAE\XueBu_10min_100_144_12\96e05df63cc86c7799876658048114c3\Mask_TMAE_064.pt saved
2025-09-06 17:07:36,203 - easytorch-training - INFO - The estimated training finish time is 2025-09-06 17:24:14
2025-09-06 17:07:36,203 - easytorch-training - INFO - Epoch 65 / 100
2025-09-06 17:07:50,670 - easytorch-training - INFO - Result <train>: [train/time: 14.47 (s), train/lr: 5.00e-04, train/loss: 0.3787, train/MAE: 0.3787, train/MAPE: 1.4761, train/RMSE: 0.5900]
2025-09-06 17:07:50,671 - easytorch-training - INFO - Start validation.
2025-09-06 17:07:58,429 - easytorch-training - INFO - Result <val>: [val/time: 7.76 (s), val/loss: 0.3648, val/MAE: 0.3648, val/MAPE: 2.1086, val/RMSE: 0.4944]
2025-09-06 17:08:04,995 - easytorch-training - INFO - Result <test>: [test/time: 6.57 (s), test/loss: 0.0000, test/MAE: 0.4645, test/MAPE: 2.2394, test/RMSE: 0.6487]
2025-09-06 17:08:05,015 - easytorch-training - INFO - Checkpoint baselines\STDMAE\mask_save\Mask_TMAE\XueBu_10min_100_144_12\96e05df63cc86c7799876658048114c3\Mask_TMAE_065.pt saved
2025-09-06 17:08:05,016 - easytorch-training - INFO - The estimated training finish time is 2025-09-06 17:24:16
2025-09-06 17:08:05,016 - easytorch-training - INFO - Epoch 66 / 100
2025-09-06 17:08:20,470 - easytorch-training - INFO - Result <train>: [train/time: 15.45 (s), train/lr: 5.00e-04, train/loss: 0.3766, train/MAE: 0.3766, train/MAPE: 1.4591, train/RMSE: 0.5847]
2025-09-06 17:08:20,472 - easytorch-training - INFO - Start validation.
2025-09-06 17:08:27,796 - easytorch-training - INFO - Result <val>: [val/time: 7.32 (s), val/loss: 0.3731, val/MAE: 0.3731, val/MAPE: 2.2463, val/RMSE: 0.5046]
2025-09-06 17:08:34,153 - easytorch-training - INFO - Result <test>: [test/time: 6.36 (s), test/loss: 0.0000, test/MAE: 0.4400, test/MAPE: 2.1481, test/RMSE: 0.6269]
2025-09-06 17:08:34,173 - easytorch-training - INFO - Checkpoint baselines\STDMAE\mask_save\Mask_TMAE\XueBu_10min_100_144_12\96e05df63cc86c7799876658048114c3\Mask_TMAE_066.pt saved
2025-09-06 17:08:34,173 - easytorch-training - INFO - The estimated training finish time is 2025-09-06 17:24:18
2025-09-06 17:08:34,173 - easytorch-training - INFO - Epoch 67 / 100
2025-09-06 17:08:49,384 - easytorch-training - INFO - Result <train>: [train/time: 15.21 (s), train/lr: 5.00e-04, train/loss: 0.3767, train/MAE: 0.3767, train/MAPE: 1.4520, train/RMSE: 0.5907]
2025-09-06 17:08:49,386 - easytorch-training - INFO - Start validation.
2025-09-06 17:08:56,543 - easytorch-training - INFO - Result <val>: [val/time: 7.16 (s), val/loss: 0.3779, val/MAE: 0.3779, val/MAPE: 2.1590, val/RMSE: 0.5074]
2025-09-06 17:09:02,829 - easytorch-training - INFO - Result <test>: [test/time: 6.28 (s), test/loss: 0.0000, test/MAE: 0.4600, test/MAPE: 2.2440, test/RMSE: 0.6316]
2025-09-06 17:09:02,861 - easytorch-training - INFO - Checkpoint baselines\STDMAE\mask_save\Mask_TMAE\XueBu_10min_100_144_12\96e05df63cc86c7799876658048114c3\Mask_TMAE_067.pt saved
2025-09-06 17:09:02,861 - easytorch-training - INFO - The estimated training finish time is 2025-09-06 17:24:19
2025-09-06 17:09:02,861 - easytorch-training - INFO - Epoch 68 / 100
2025-09-06 17:09:17,700 - easytorch-training - INFO - Result <train>: [train/time: 14.84 (s), train/lr: 5.00e-04, train/loss: 0.3768, train/MAE: 0.3768, train/MAPE: 1.4586, train/RMSE: 0.5807]
2025-09-06 17:09:17,702 - easytorch-training - INFO - Start validation.
2025-09-06 17:09:25,173 - easytorch-training - INFO - Result <val>: [val/time: 7.47 (s), val/loss: 0.3574, val/MAE: 0.3574, val/MAPE: 2.0768, val/RMSE: 0.4852]
2025-09-06 17:09:25,195 - easytorch-training - INFO - Checkpoint baselines\STDMAE\mask_save\Mask_TMAE\XueBu_10min_100_144_12\96e05df63cc86c7799876658048114c3\Mask_TMAE_best_val_MAE.pt saved
2025-09-06 17:09:31,570 - easytorch-training - INFO - Result <test>: [test/time: 6.37 (s), test/loss: 0.0000, test/MAE: 0.4619, test/MAPE: 2.2789, test/RMSE: 0.6451]
2025-09-06 17:09:31,604 - easytorch-training - INFO - Checkpoint baselines\STDMAE\mask_save\Mask_TMAE\XueBu_10min_100_144_12\96e05df63cc86c7799876658048114c3\Mask_TMAE_068.pt saved
2025-09-06 17:09:31,604 - easytorch-training - INFO - The estimated training finish time is 2025-09-06 17:24:21
2025-09-06 17:09:31,604 - easytorch-training - INFO - Epoch 69 / 100
2025-09-06 17:09:45,527 - easytorch-training - INFO - Result <train>: [train/time: 13.92 (s), train/lr: 5.00e-04, train/loss: 0.3799, train/MAE: 0.3799, train/MAPE: 1.4603, train/RMSE: 0.5914]
2025-09-06 17:09:45,528 - easytorch-training - INFO - Start validation.
2025-09-06 17:09:53,437 - easytorch-training - INFO - Result <val>: [val/time: 7.91 (s), val/loss: 0.3772, val/MAE: 0.3772, val/MAPE: 2.2630, val/RMSE: 0.5103]
2025-09-06 17:09:59,713 - easytorch-training - INFO - Result <test>: [test/time: 6.27 (s), test/loss: 0.0000, test/MAE: 0.4334, test/MAPE: 2.3731, test/RMSE: 0.6017]
2025-09-06 17:09:59,734 - easytorch-training - INFO - Checkpoint baselines\STDMAE\mask_save\Mask_TMAE\XueBu_10min_100_144_12\96e05df63cc86c7799876658048114c3\Mask_TMAE_069.pt saved
2025-09-06 17:09:59,734 - easytorch-training - INFO - The estimated training finish time is 2025-09-06 17:24:21
2025-09-06 17:09:59,734 - easytorch-training - INFO - Epoch 70 / 100
2025-09-06 17:10:11,307 - easytorch-training - INFO - Result <train>: [train/time: 11.57 (s), train/lr: 5.00e-04, train/loss: 0.3759, train/MAE: 0.3759, train/MAPE: 1.4636, train/RMSE: 0.5802]
2025-09-06 17:10:11,309 - easytorch-training - INFO - Start validation.
2025-09-06 17:10:20,757 - easytorch-training - INFO - Result <val>: [val/time: 9.45 (s), val/loss: 0.3717, val/MAE: 0.3717, val/MAPE: 2.1438, val/RMSE: 0.5025]
2025-09-06 17:10:27,583 - easytorch-training - INFO - Result <test>: [test/time: 6.82 (s), test/loss: 0.0000, test/MAE: 0.4766, test/MAPE: 2.4734, test/RMSE: 0.6661]
2025-09-06 17:10:27,608 - easytorch-training - INFO - Checkpoint baselines\STDMAE\mask_save\Mask_TMAE\XueBu_10min_100_144_12\96e05df63cc86c7799876658048114c3\Mask_TMAE_070.pt saved
2025-09-06 17:10:27,617 - easytorch-training - INFO - The estimated training finish time is 2025-09-06 17:24:21
2025-09-06 17:10:27,618 - easytorch-training - INFO - Epoch 71 / 100
2025-09-06 17:10:39,651 - easytorch-training - INFO - Result <train>: [train/time: 12.03 (s), train/lr: 5.00e-04, train/loss: 0.3771, train/MAE: 0.3771, train/MAPE: 1.4551, train/RMSE: 0.5907]
2025-09-06 17:10:39,652 - easytorch-training - INFO - Start validation.
2025-09-06 17:10:48,532 - easytorch-training - INFO - Result <val>: [val/time: 8.88 (s), val/loss: 0.3744, val/MAE: 0.3744, val/MAPE: 2.1910, val/RMSE: 0.5039]
2025-09-06 17:10:55,411 - easytorch-training - INFO - Result <test>: [test/time: 6.88 (s), test/loss: 0.0000, test/MAE: 0.4505, test/MAPE: 2.0689, test/RMSE: 0.6361]
2025-09-06 17:10:55,435 - easytorch-training - INFO - Checkpoint baselines\STDMAE\mask_save\Mask_TMAE\XueBu_10min_100_144_12\96e05df63cc86c7799876658048114c3\Mask_TMAE_071.pt saved
2025-09-06 17:10:55,435 - easytorch-training - INFO - The estimated training finish time is 2025-09-06 17:24:21
2025-09-06 17:10:55,435 - easytorch-training - INFO - Epoch 72 / 100
2025-09-06 17:11:07,741 - easytorch-training - INFO - Result <train>: [train/time: 12.31 (s), train/lr: 5.00e-04, train/loss: 0.3752, train/MAE: 0.3752, train/MAPE: 1.4439, train/RMSE: 0.5795]
2025-09-06 17:11:07,743 - easytorch-training - INFO - Start validation.
2025-09-06 17:11:16,712 - easytorch-training - INFO - Result <val>: [val/time: 8.97 (s), val/loss: 0.3576, val/MAE: 0.3576, val/MAPE: 2.0304, val/RMSE: 0.4898]
2025-09-06 17:11:23,660 - easytorch-training - INFO - Result <test>: [test/time: 6.95 (s), test/loss: 0.0000, test/MAE: 0.4467, test/MAPE: 2.2847, test/RMSE: 0.6147]
2025-09-06 17:11:23,682 - easytorch-training - INFO - Checkpoint baselines\STDMAE\mask_save\Mask_TMAE\XueBu_10min_100_144_12\96e05df63cc86c7799876658048114c3\Mask_TMAE_072.pt saved
2025-09-06 17:11:23,682 - easytorch-training - INFO - The estimated training finish time is 2025-09-06 17:24:22
2025-09-06 17:11:23,682 - easytorch-training - INFO - Epoch 73 / 100
2025-09-06 17:11:36,019 - easytorch-training - INFO - Result <train>: [train/time: 12.34 (s), train/lr: 5.00e-04, train/loss: 0.3763, train/MAE: 0.3763, train/MAPE: 1.4523, train/RMSE: 0.5815]
2025-09-06 17:11:36,021 - easytorch-training - INFO - Start validation.
2025-09-06 17:11:44,661 - easytorch-training - INFO - Result <val>: [val/time: 8.64 (s), val/loss: 0.3687, val/MAE: 0.3687, val/MAPE: 2.1231, val/RMSE: 0.4885]
2025-09-06 17:11:51,961 - easytorch-training - INFO - Result <test>: [test/time: 7.30 (s), test/loss: 0.0000, test/MAE: 0.4451, test/MAPE: 2.1642, test/RMSE: 0.6139]
2025-09-06 17:11:51,987 - easytorch-training - INFO - Checkpoint baselines\STDMAE\mask_save\Mask_TMAE\XueBu_10min_100_144_12\96e05df63cc86c7799876658048114c3\Mask_TMAE_073.pt saved
2025-09-06 17:11:51,987 - easytorch-training - INFO - The estimated training finish time is 2025-09-06 17:24:23
2025-09-06 17:11:51,987 - easytorch-training - INFO - Epoch 74 / 100
2025-09-06 17:12:04,496 - easytorch-training - INFO - Result <train>: [train/time: 12.51 (s), train/lr: 5.00e-04, train/loss: 0.3715, train/MAE: 0.3715, train/MAPE: 1.4355, train/RMSE: 0.5823]
2025-09-06 17:12:04,497 - easytorch-training - INFO - Start validation.
2025-09-06 17:12:12,796 - easytorch-training - INFO - Result <val>: [val/time: 8.30 (s), val/loss: 0.3585, val/MAE: 0.3585, val/MAPE: 1.9597, val/RMSE: 0.4787]
2025-09-06 17:12:19,515 - easytorch-training - INFO - Result <test>: [test/time: 6.72 (s), test/loss: 0.0000, test/MAE: 0.4422, test/MAPE: 2.1659, test/RMSE: 0.6222]
2025-09-06 17:12:19,554 - easytorch-training - INFO - Checkpoint baselines\STDMAE\mask_save\Mask_TMAE\XueBu_10min_100_144_12\96e05df63cc86c7799876658048114c3\Mask_TMAE_074.pt saved
2025-09-06 17:12:19,555 - easytorch-training - INFO - The estimated training finish time is 2025-09-06 17:24:22
2025-09-06 17:12:19,555 - easytorch-training - INFO - Epoch 75 / 100
2025-09-06 17:12:31,974 - easytorch-training - INFO - Result <train>: [train/time: 12.42 (s), train/lr: 5.00e-04, train/loss: 0.3757, train/MAE: 0.3757, train/MAPE: 1.4599, train/RMSE: 0.5864]
2025-09-06 17:12:31,975 - easytorch-training - INFO - Start validation.
2025-09-06 17:12:39,995 - easytorch-training - INFO - Result <val>: [val/time: 8.02 (s), val/loss: 0.3856, val/MAE: 0.3856, val/MAPE: 2.2256, val/RMSE: 0.5149]
2025-09-06 17:12:46,981 - easytorch-training - INFO - Result <test>: [test/time: 6.99 (s), test/loss: 0.0000, test/MAE: 0.4616, test/MAPE: 2.3937, test/RMSE: 0.6480]
2025-09-06 17:12:47,011 - easytorch-training - INFO - Checkpoint baselines\STDMAE\mask_save\Mask_TMAE\XueBu_10min_100_144_12\96e05df63cc86c7799876658048114c3\Mask_TMAE_075.pt saved
2025-09-06 17:12:47,011 - easytorch-training - INFO - The estimated training finish time is 2025-09-06 17:24:22
2025-09-06 17:12:47,011 - easytorch-training - INFO - Epoch 76 / 100
2025-09-06 17:12:59,420 - easytorch-training - INFO - Result <train>: [train/time: 12.41 (s), train/lr: 5.00e-04, train/loss: 0.3742, train/MAE: 0.3742, train/MAPE: 1.4424, train/RMSE: 0.5807]
2025-09-06 17:12:59,421 - easytorch-training - INFO - Start validation.
2025-09-06 17:13:07,486 - easytorch-training - INFO - Result <val>: [val/time: 8.06 (s), val/loss: 0.3738, val/MAE: 0.3738, val/MAPE: 2.1450, val/RMSE: 0.5053]
2025-09-06 17:13:14,475 - easytorch-training - INFO - Result <test>: [test/time: 6.99 (s), test/loss: 0.0000, test/MAE: 0.4749, test/MAPE: 2.4330, test/RMSE: 0.6641]
2025-09-06 17:13:14,502 - easytorch-training - INFO - Checkpoint baselines\STDMAE\mask_save\Mask_TMAE\XueBu_10min_100_144_12\96e05df63cc86c7799876658048114c3\Mask_TMAE_076.pt saved
2025-09-06 17:13:14,502 - easytorch-training - INFO - The estimated training finish time is 2025-09-06 17:24:21
2025-09-06 17:13:14,502 - easytorch-training - INFO - Epoch 77 / 100
2025-09-06 17:13:26,653 - easytorch-training - INFO - Result <train>: [train/time: 12.15 (s), train/lr: 5.00e-04, train/loss: 0.3759, train/MAE: 0.3759, train/MAPE: 1.4413, train/RMSE: 0.5885]
2025-09-06 17:13:26,655 - easytorch-training - INFO - Start validation.
2025-09-06 17:13:34,109 - easytorch-training - INFO - Result <val>: [val/time: 7.45 (s), val/loss: 0.3806, val/MAE: 0.3806, val/MAPE: 2.1701, val/RMSE: 0.5114]
2025-09-06 17:13:41,735 - easytorch-training - INFO - Result <test>: [test/time: 7.62 (s), test/loss: 0.0000, test/MAE: 0.4688, test/MAPE: 2.1579, test/RMSE: 0.6633]
2025-09-06 17:13:41,759 - easytorch-training - INFO - Checkpoint baselines\STDMAE\mask_save\Mask_TMAE\XueBu_10min_100_144_12\96e05df63cc86c7799876658048114c3\Mask_TMAE_077.pt saved
2025-09-06 17:13:41,759 - easytorch-training - INFO - The estimated training finish time is 2025-09-06 17:24:21
2025-09-06 17:13:41,759 - easytorch-training - INFO - Epoch 78 / 100
2025-09-06 17:13:54,011 - easytorch-training - INFO - Result <train>: [train/time: 12.25 (s), train/lr: 5.00e-04, train/loss: 0.3734, train/MAE: 0.3734, train/MAPE: 1.4364, train/RMSE: 0.5818]
2025-09-06 17:13:54,012 - easytorch-training - INFO - Start validation.
2025-09-06 17:14:01,636 - easytorch-training - INFO - Result <val>: [val/time: 7.62 (s), val/loss: 0.3623, val/MAE: 0.3623, val/MAPE: 2.0445, val/RMSE: 0.4844]
2025-09-06 17:14:09,203 - easytorch-training - INFO - Result <test>: [test/time: 7.57 (s), test/loss: 0.0000, test/MAE: 0.4553, test/MAPE: 2.1359, test/RMSE: 0.6257]
2025-09-06 17:14:09,225 - easytorch-training - INFO - Checkpoint baselines\STDMAE\mask_save\Mask_TMAE\XueBu_10min_100_144_12\96e05df63cc86c7799876658048114c3\Mask_TMAE_078.pt saved
2025-09-06 17:14:09,225 - easytorch-training - INFO - The estimated training finish time is 2025-09-06 17:24:20
2025-09-06 17:14:09,225 - easytorch-training - INFO - Epoch 79 / 100
2025-09-06 17:14:21,370 - easytorch-training - INFO - Result <train>: [train/time: 12.14 (s), train/lr: 5.00e-04, train/loss: 0.3740, train/MAE: 0.3740, train/MAPE: 1.4219, train/RMSE: 0.5853]
2025-09-06 17:14:21,371 - easytorch-training - INFO - Start validation.
2025-09-06 17:14:28,635 - easytorch-training - INFO - Result <val>: [val/time: 7.26 (s), val/loss: 0.3720, val/MAE: 0.3720, val/MAPE: 2.0504, val/RMSE: 0.4990]
2025-09-06 17:14:36,436 - easytorch-training - INFO - Result <test>: [test/time: 7.80 (s), test/loss: 0.0000, test/MAE: 0.4668, test/MAPE: 2.2816, test/RMSE: 0.6593]
2025-09-06 17:14:36,458 - easytorch-training - INFO - Checkpoint baselines\STDMAE\mask_save\Mask_TMAE\XueBu_10min_100_144_12\96e05df63cc86c7799876658048114c3\Mask_TMAE_079.pt saved
2025-09-06 17:14:36,458 - easytorch-training - INFO - The estimated training finish time is 2025-09-06 17:24:19
2025-09-06 17:14:36,458 - easytorch-training - INFO - Epoch 80 / 100
2025-09-06 17:14:48,806 - easytorch-training - INFO - Result <train>: [train/time: 12.35 (s), train/lr: 5.00e-04, train/loss: 0.3694, train/MAE: 0.3694, train/MAPE: 1.4079, train/RMSE: 0.5773]
2025-09-06 17:14:48,807 - easytorch-training - INFO - Start validation.
2025-09-06 17:14:56,473 - easytorch-training - INFO - Result <val>: [val/time: 7.67 (s), val/loss: 0.4023, val/MAE: 0.4023, val/MAPE: 2.4671, val/RMSE: 0.5337]
2025-09-06 17:15:04,173 - easytorch-training - INFO - Result <test>: [test/time: 7.70 (s), test/loss: 0.0000, test/MAE: 0.4578, test/MAPE: 2.3384, test/RMSE: 0.6476]
2025-09-06 17:15:04,195 - easytorch-training - INFO - Checkpoint baselines\STDMAE\mask_save\Mask_TMAE\XueBu_10min_100_144_12\96e05df63cc86c7799876658048114c3\Mask_TMAE_080.pt saved
2025-09-06 17:15:04,209 - easytorch-training - INFO - The estimated training finish time is 2025-09-06 17:24:19
2025-09-06 17:15:04,209 - easytorch-training - INFO - Epoch 81 / 100
2025-09-06 17:15:16,427 - easytorch-training - INFO - Result <train>: [train/time: 12.22 (s), train/lr: 5.00e-04, train/loss: 0.3705, train/MAE: 0.3705, train/MAPE: 1.4377, train/RMSE: 0.5845]
2025-09-06 17:15:16,428 - easytorch-training - INFO - Start validation.
2025-09-06 17:15:23,823 - easytorch-training - INFO - Result <val>: [val/time: 7.39 (s), val/loss: 0.3831, val/MAE: 0.3831, val/MAPE: 2.1096, val/RMSE: 0.5149]
2025-09-06 17:15:31,420 - easytorch-training - INFO - Result <test>: [test/time: 7.60 (s), test/loss: 0.0000, test/MAE: 0.4342, test/MAPE: 2.0932, test/RMSE: 0.6060]
2025-09-06 17:15:31,449 - easytorch-training - INFO - Checkpoint baselines\STDMAE\mask_save\Mask_TMAE\XueBu_10min_100_144_12\96e05df63cc86c7799876658048114c3\Mask_TMAE_081.pt saved
2025-09-06 17:15:31,449 - easytorch-training - INFO - The estimated training finish time is 2025-09-06 17:24:19
2025-09-06 17:15:31,449 - easytorch-training - INFO - Epoch 82 / 100
2025-09-06 17:15:43,665 - easytorch-training - INFO - Result <train>: [train/time: 12.22 (s), train/lr: 5.00e-04, train/loss: 0.3702, train/MAE: 0.3702, train/MAPE: 1.4160, train/RMSE: 0.5828]
2025-09-06 17:15:43,666 - easytorch-training - INFO - Start validation.
2025-09-06 17:15:50,988 - easytorch-training - INFO - Result <val>: [val/time: 7.32 (s), val/loss: 0.3624, val/MAE: 0.3624, val/MAPE: 1.9470, val/RMSE: 0.4876]
2025-09-06 17:15:58,847 - easytorch-training - INFO - Result <test>: [test/time: 7.86 (s), test/loss: 0.0000, test/MAE: 0.4616, test/MAPE: 2.3045, test/RMSE: 0.6453]
2025-09-06 17:15:58,870 - easytorch-training - INFO - Checkpoint baselines\STDMAE\mask_save\Mask_TMAE\XueBu_10min_100_144_12\96e05df63cc86c7799876658048114c3\Mask_TMAE_082.pt saved
2025-09-06 17:15:58,870 - easytorch-training - INFO - The estimated training finish time is 2025-09-06 17:24:18
2025-09-06 17:15:58,870 - easytorch-training - INFO - Epoch 83 / 100
2025-09-06 17:16:11,094 - easytorch-training - INFO - Result <train>: [train/time: 12.22 (s), train/lr: 5.00e-04, train/loss: 0.3740, train/MAE: 0.3740, train/MAPE: 1.4164, train/RMSE: 0.5903]
2025-09-06 17:16:11,095 - easytorch-training - INFO - Start validation.
2025-09-06 17:16:18,251 - easytorch-training - INFO - Result <val>: [val/time: 7.16 (s), val/loss: 0.3758, val/MAE: 0.3758, val/MAPE: 2.2397, val/RMSE: 0.5062]
2025-09-06 17:16:26,034 - easytorch-training - INFO - Result <test>: [test/time: 7.78 (s), test/loss: 0.0000, test/MAE: 0.4410, test/MAPE: 2.2326, test/RMSE: 0.6218]
2025-09-06 17:16:26,054 - easytorch-training - INFO - Checkpoint baselines\STDMAE\mask_save\Mask_TMAE\XueBu_10min_100_144_12\96e05df63cc86c7799876658048114c3\Mask_TMAE_083.pt saved
2025-09-06 17:16:26,054 - easytorch-training - INFO - The estimated training finish time is 2025-09-06 17:24:18
2025-09-06 17:16:26,054 - easytorch-training - INFO - Epoch 84 / 100
2025-09-06 17:16:37,918 - easytorch-training - INFO - Result <train>: [train/time: 11.86 (s), train/lr: 5.00e-04, train/loss: 0.3722, train/MAE: 0.3722, train/MAPE: 1.4168, train/RMSE: 0.5849]
2025-09-06 17:16:37,919 - easytorch-training - INFO - Start validation.
2025-09-06 17:16:44,893 - easytorch-training - INFO - Result <val>: [val/time: 6.97 (s), val/loss: 0.3639, val/MAE: 0.3639, val/MAPE: 2.2562, val/RMSE: 0.4947]
2025-09-06 17:16:52,742 - easytorch-training - INFO - Result <test>: [test/time: 7.85 (s), test/loss: 0.0000, test/MAE: 0.4798, test/MAPE: 2.4772, test/RMSE: 0.6723]
2025-09-06 17:16:52,765 - easytorch-training - INFO - Checkpoint baselines\STDMAE\mask_save\Mask_TMAE\XueBu_10min_100_144_12\96e05df63cc86c7799876658048114c3\Mask_TMAE_084.pt saved
2025-09-06 17:16:52,765 - easytorch-training - INFO - The estimated training finish time is 2025-09-06 17:24:16
2025-09-06 17:16:52,765 - easytorch-training - INFO - Epoch 85 / 100
2025-09-06 17:17:05,014 - easytorch-training - INFO - Result <train>: [train/time: 12.25 (s), train/lr: 5.00e-04, train/loss: 0.3674, train/MAE: 0.3674, train/MAPE: 1.4248, train/RMSE: 0.5746]
2025-09-06 17:17:05,016 - easytorch-training - INFO - Start validation.
2025-09-06 17:17:11,892 - easytorch-training - INFO - Result <val>: [val/time: 6.88 (s), val/loss: 0.3514, val/MAE: 0.3514, val/MAPE: 2.0110, val/RMSE: 0.4736]
2025-09-06 17:17:11,914 - easytorch-training - INFO - Checkpoint baselines\STDMAE\mask_save\Mask_TMAE\XueBu_10min_100_144_12\96e05df63cc86c7799876658048114c3\Mask_TMAE_best_val_MAE.pt saved
2025-09-06 17:17:19,639 - easytorch-training - INFO - Result <test>: [test/time: 7.72 (s), test/loss: 0.0000, test/MAE: 0.4607, test/MAPE: 2.1970, test/RMSE: 0.6451]
2025-09-06 17:17:19,662 - easytorch-training - INFO - Checkpoint baselines\STDMAE\mask_save\Mask_TMAE\XueBu_10min_100_144_12\96e05df63cc86c7799876658048114c3\Mask_TMAE_085.pt saved
2025-09-06 17:17:19,662 - easytorch-training - INFO - The estimated training finish time is 2025-09-06 17:24:15
2025-09-06 17:17:19,662 - easytorch-training - INFO - Epoch 86 / 100
2025-09-06 17:17:31,901 - easytorch-training - INFO - Result <train>: [train/time: 12.24 (s), train/lr: 5.00e-04, train/loss: 0.3704, train/MAE: 0.3704, train/MAPE: 1.4164, train/RMSE: 0.5822]
2025-09-06 17:17:31,903 - easytorch-training - INFO - Start validation.
2025-09-06 17:17:38,788 - easytorch-training - INFO - Result <val>: [val/time: 6.88 (s), val/loss: 0.3569, val/MAE: 0.3569, val/MAPE: 1.9908, val/RMSE: 0.4824]
2025-09-06 17:17:46,364 - easytorch-training - INFO - Result <test>: [test/time: 7.57 (s), test/loss: 0.0000, test/MAE: 0.4327, test/MAPE: 2.1295, test/RMSE: 0.5966]
2025-09-06 17:17:46,389 - easytorch-training - INFO - Checkpoint baselines\STDMAE\mask_save\Mask_TMAE\XueBu_10min_100_144_12\96e05df63cc86c7799876658048114c3\Mask_TMAE_086.pt saved
2025-09-06 17:17:46,389 - easytorch-training - INFO - The estimated training finish time is 2025-09-06 17:24:14
2025-09-06 17:17:46,389 - easytorch-training - INFO - Epoch 87 / 100
2025-09-06 17:17:58,765 - easytorch-training - INFO - Result <train>: [train/time: 12.38 (s), train/lr: 5.00e-04, train/loss: 0.3728, train/MAE: 0.3728, train/MAPE: 1.4289, train/RMSE: 0.5847]
2025-09-06 17:17:58,766 - easytorch-training - INFO - Start validation.
2025-09-06 17:18:05,729 - easytorch-training - INFO - Result <val>: [val/time: 6.96 (s), val/loss: 0.3733, val/MAE: 0.3733, val/MAPE: 2.2474, val/RMSE: 0.5016]
2025-09-06 17:18:13,569 - easytorch-training - INFO - Result <test>: [test/time: 7.84 (s), test/loss: 0.0000, test/MAE: 0.4543, test/MAPE: 2.2788, test/RMSE: 0.6267]
2025-09-06 17:18:13,595 - easytorch-training - INFO - Checkpoint baselines\STDMAE\mask_save\Mask_TMAE\XueBu_10min_100_144_12\96e05df63cc86c7799876658048114c3\Mask_TMAE_087.pt saved
2025-09-06 17:18:13,595 - easytorch-training - INFO - The estimated training finish time is 2025-09-06 17:24:14
2025-09-06 17:18:13,595 - easytorch-training - INFO - Epoch 88 / 100
2025-09-06 17:18:26,175 - easytorch-training - INFO - Result <train>: [train/time: 12.58 (s), train/lr: 5.00e-04, train/loss: 0.3704, train/MAE: 0.3704, train/MAPE: 1.4270, train/RMSE: 0.5847]
2025-09-06 17:18:26,176 - easytorch-training - INFO - Start validation.
2025-09-06 17:18:33,074 - easytorch-training - INFO - Result <val>: [val/time: 6.90 (s), val/loss: 0.3689, val/MAE: 0.3689, val/MAPE: 2.1827, val/RMSE: 0.4985]
2025-09-06 17:18:40,770 - easytorch-training - INFO - Result <test>: [test/time: 7.70 (s), test/loss: 0.0000, test/MAE: 0.4532, test/MAPE: 2.3078, test/RMSE: 0.6249]
2025-09-06 17:18:40,794 - easytorch-training - INFO - Checkpoint baselines\STDMAE\mask_save\Mask_TMAE\XueBu_10min_100_144_12\96e05df63cc86c7799876658048114c3\Mask_TMAE_088.pt saved
2025-09-06 17:18:40,794 - easytorch-training - INFO - The estimated training finish time is 2025-09-06 17:24:13
2025-09-06 17:18:40,795 - easytorch-training - INFO - Epoch 89 / 100
2025-09-06 17:18:53,331 - easytorch-training - INFO - Result <train>: [train/time: 12.54 (s), train/lr: 5.00e-04, train/loss: 0.3694, train/MAE: 0.3694, train/MAPE: 1.4342, train/RMSE: 0.5779]
2025-09-06 17:18:53,332 - easytorch-training - INFO - Start validation.
2025-09-06 17:19:00,406 - easytorch-training - INFO - Result <val>: [val/time: 7.07 (s), val/loss: 0.3808, val/MAE: 0.3808, val/MAPE: 2.4042, val/RMSE: 0.5095]
2025-09-06 17:19:08,297 - easytorch-training - INFO - Result <test>: [test/time: 7.89 (s), test/loss: 0.0000, test/MAE: 0.4669, test/MAPE: 2.3465, test/RMSE: 0.6451]
2025-09-06 17:19:08,319 - easytorch-training - INFO - Checkpoint baselines\STDMAE\mask_save\Mask_TMAE\XueBu_10min_100_144_12\96e05df63cc86c7799876658048114c3\Mask_TMAE_089.pt saved
2025-09-06 17:19:08,320 - easytorch-training - INFO - The estimated training finish time is 2025-09-06 17:24:13
2025-09-06 17:19:08,320 - easytorch-training - INFO - Epoch 90 / 100
2025-09-06 17:19:21,102 - easytorch-training - INFO - Result <train>: [train/time: 12.78 (s), train/lr: 5.00e-04, train/loss: 0.3699, train/MAE: 0.3699, train/MAPE: 1.4096, train/RMSE: 0.5794]
2025-09-06 17:19:21,103 - easytorch-training - INFO - Start validation.
2025-09-06 17:19:27,870 - easytorch-training - INFO - Result <val>: [val/time: 6.77 (s), val/loss: 0.3768, val/MAE: 0.3768, val/MAPE: 2.1048, val/RMSE: 0.5137]
2025-09-06 17:19:35,747 - easytorch-training - INFO - Result <test>: [test/time: 7.88 (s), test/loss: 0.0000, test/MAE: 0.4459, test/MAPE: 2.1093, test/RMSE: 0.6277]
2025-09-06 17:19:35,769 - easytorch-training - INFO - Checkpoint baselines\STDMAE\mask_save\Mask_TMAE\XueBu_10min_100_144_12\96e05df63cc86c7799876658048114c3\Mask_TMAE_090.pt saved
2025-09-06 17:19:35,779 - easytorch-training - INFO - The estimated training finish time is 2025-09-06 17:24:12
2025-09-06 17:19:35,780 - easytorch-training - INFO - Epoch 91 / 100
2025-09-06 17:19:48,460 - easytorch-training - INFO - Result <train>: [train/time: 12.68 (s), train/lr: 5.00e-04, train/loss: 0.3703, train/MAE: 0.3703, train/MAPE: 1.4144, train/RMSE: 0.5804]
2025-09-06 17:19:48,461 - easytorch-training - INFO - Start validation.
2025-09-06 17:19:55,464 - easytorch-training - INFO - Result <val>: [val/time: 7.00 (s), val/loss: 0.3672, val/MAE: 0.3672, val/MAPE: 2.1395, val/RMSE: 0.4951]
2025-09-06 17:20:03,728 - easytorch-training - INFO - Result <test>: [test/time: 8.26 (s), test/loss: 0.0000, test/MAE: 0.4317, test/MAPE: 2.1932, test/RMSE: 0.6035]
2025-09-06 17:20:03,751 - easytorch-training - INFO - Checkpoint baselines\STDMAE\mask_save\Mask_TMAE\XueBu_10min_100_144_12\96e05df63cc86c7799876658048114c3\Mask_TMAE_091.pt saved
2025-09-06 17:20:03,752 - easytorch-training - INFO - The estimated training finish time is 2025-09-06 17:24:13
2025-09-06 17:20:03,752 - easytorch-training - INFO - Epoch 92 / 100
2025-09-06 17:20:17,089 - easytorch-training - INFO - Result <train>: [train/time: 13.34 (s), train/lr: 5.00e-04, train/loss: 0.3720, train/MAE: 0.3720, train/MAPE: 1.4241, train/RMSE: 0.5885]
2025-09-06 17:20:17,090 - easytorch-training - INFO - Start validation.
2025-09-06 17:20:24,166 - easytorch-training - INFO - Result <val>: [val/time: 7.08 (s), val/loss: 0.3886, val/MAE: 0.3886, val/MAPE: 2.3644, val/RMSE: 0.5154]
2025-09-06 17:20:31,856 - easytorch-training - INFO - Result <test>: [test/time: 7.69 (s), test/loss: 0.0000, test/MAE: 0.4649, test/MAPE: 2.3503, test/RMSE: 0.6472]
2025-09-06 17:20:31,879 - easytorch-training - INFO - Checkpoint baselines\STDMAE\mask_save\Mask_TMAE\XueBu_10min_100_144_12\96e05df63cc86c7799876658048114c3\Mask_TMAE_092.pt saved
2025-09-06 17:20:31,879 - easytorch-training - INFO - The estimated training finish time is 2025-09-06 17:24:13
2025-09-06 17:20:31,879 - easytorch-training - INFO - Epoch 93 / 100
2025-09-06 17:20:45,050 - easytorch-training - INFO - Result <train>: [train/time: 13.17 (s), train/lr: 5.00e-04, train/loss: 0.3690, train/MAE: 0.3690, train/MAPE: 1.4335, train/RMSE: 0.5767]
2025-09-06 17:20:45,051 - easytorch-training - INFO - Start validation.
2025-09-06 17:20:51,815 - easytorch-training - INFO - Result <val>: [val/time: 6.76 (s), val/loss: 0.3693, val/MAE: 0.3693, val/MAPE: 2.2121, val/RMSE: 0.4991]
2025-09-06 17:20:59,632 - easytorch-training - INFO - Result <test>: [test/time: 7.81 (s), test/loss: 0.0000, test/MAE: 0.4447, test/MAPE: 2.0873, test/RMSE: 0.6360]
2025-09-06 17:20:59,658 - easytorch-training - INFO - Checkpoint baselines\STDMAE\mask_save\Mask_TMAE\XueBu_10min_100_144_12\96e05df63cc86c7799876658048114c3\Mask_TMAE_093.pt saved
2025-09-06 17:20:59,659 - easytorch-training - INFO - The estimated training finish time is 2025-09-06 17:24:13
2025-09-06 17:20:59,659 - easytorch-training - INFO - Epoch 94 / 100
2025-09-06 17:21:13,255 - easytorch-training - INFO - Result <train>: [train/time: 13.60 (s), train/lr: 5.00e-04, train/loss: 0.3682, train/MAE: 0.3682, train/MAPE: 1.4112, train/RMSE: 0.5836]
2025-09-06 17:21:13,257 - easytorch-training - INFO - Start validation.
2025-09-06 17:21:20,295 - easytorch-training - INFO - Result <val>: [val/time: 7.04 (s), val/loss: 0.3630, val/MAE: 0.3630, val/MAPE: 2.0468, val/RMSE: 0.4803]
2025-09-06 17:21:28,244 - easytorch-training - INFO - Result <test>: [test/time: 7.95 (s), test/loss: 0.0000, test/MAE: 0.4518, test/MAPE: 2.0592, test/RMSE: 0.6357]
2025-09-06 17:21:28,267 - easytorch-training - INFO - Checkpoint baselines\STDMAE\mask_save\Mask_TMAE\XueBu_10min_100_144_12\96e05df63cc86c7799876658048114c3\Mask_TMAE_094.pt saved
2025-09-06 17:21:28,267 - easytorch-training - INFO - The estimated training finish time is 2025-09-06 17:24:14
2025-09-06 17:21:28,267 - easytorch-training - INFO - Epoch 95 / 100
2025-09-06 17:21:41,921 - easytorch-training - INFO - Result <train>: [train/time: 13.65 (s), train/lr: 5.00e-04, train/loss: 0.3648, train/MAE: 0.3648, train/MAPE: 1.4052, train/RMSE: 0.5706]
2025-09-06 17:21:41,923 - easytorch-training - INFO - Start validation.
2025-09-06 17:21:49,572 - easytorch-training - INFO - Result <val>: [val/time: 7.65 (s), val/loss: 0.3776, val/MAE: 0.3776, val/MAPE: 2.2537, val/RMSE: 0.5068]
2025-09-06 17:21:57,340 - easytorch-training - INFO - Result <test>: [test/time: 7.77 (s), test/loss: 0.0000, test/MAE: 0.4401, test/MAPE: 2.1852, test/RMSE: 0.6268]
2025-09-06 17:21:57,364 - easytorch-training - INFO - Checkpoint baselines\STDMAE\mask_save\Mask_TMAE\XueBu_10min_100_144_12\96e05df63cc86c7799876658048114c3\Mask_TMAE_095.pt saved
2025-09-06 17:21:57,364 - easytorch-training - INFO - The estimated training finish time is 2025-09-06 17:24:16
2025-09-06 17:21:57,364 - easytorch-training - INFO - Epoch 96 / 100
2025-09-06 17:22:11,072 - easytorch-training - INFO - Result <train>: [train/time: 13.71 (s), train/lr: 5.00e-04, train/loss: 0.3679, train/MAE: 0.3679, train/MAPE: 1.4165, train/RMSE: 0.5794]
2025-09-06 17:22:11,074 - easytorch-training - INFO - Start validation.
2025-09-06 17:22:18,498 - easytorch-training - INFO - Result <val>: [val/time: 7.42 (s), val/loss: 0.3714, val/MAE: 0.3714, val/MAPE: 2.0853, val/RMSE: 0.4976]
2025-09-06 17:22:25,773 - easytorch-training - INFO - Result <test>: [test/time: 7.27 (s), test/loss: 0.0000, test/MAE: 0.4602, test/MAPE: 2.3332, test/RMSE: 0.6414]
2025-09-06 17:22:25,795 - easytorch-training - INFO - Checkpoint baselines\STDMAE\mask_save\Mask_TMAE\XueBu_10min_100_144_12\96e05df63cc86c7799876658048114c3\Mask_TMAE_096.pt saved
2025-09-06 17:22:25,795 - easytorch-training - INFO - The estimated training finish time is 2025-09-06 17:24:16
2025-09-06 17:22:25,795 - easytorch-training - INFO - Epoch 97 / 100
2025-09-06 17:22:39,083 - easytorch-training - INFO - Result <train>: [train/time: 13.29 (s), train/lr: 5.00e-04, train/loss: 0.3686, train/MAE: 0.3686, train/MAPE: 1.3986, train/RMSE: 0.5787]
2025-09-06 17:22:39,084 - easytorch-training - INFO - Start validation.
2025-09-06 17:22:46,438 - easytorch-training - INFO - Result <val>: [val/time: 7.35 (s), val/loss: 0.3665, val/MAE: 0.3665, val/MAPE: 2.1127, val/RMSE: 0.4919]
2025-09-06 17:22:53,535 - easytorch-training - INFO - Result <test>: [test/time: 7.10 (s), test/loss: 0.0000, test/MAE: 0.4422, test/MAPE: 2.1657, test/RMSE: 0.6188]
2025-09-06 17:22:53,559 - easytorch-training - INFO - Checkpoint baselines\STDMAE\mask_save\Mask_TMAE\XueBu_10min_100_144_12\96e05df63cc86c7799876658048114c3\Mask_TMAE_097.pt saved
2025-09-06 17:22:53,560 - easytorch-training - INFO - The estimated training finish time is 2025-09-06 17:24:16
2025-09-06 17:22:53,560 - easytorch-training - INFO - Epoch 98 / 100
2025-09-06 17:23:07,159 - easytorch-training - INFO - Result <train>: [train/time: 13.60 (s), train/lr: 5.00e-04, train/loss: 0.3670, train/MAE: 0.3670, train/MAPE: 1.4209, train/RMSE: 0.5739]
2025-09-06 17:23:07,160 - easytorch-training - INFO - Start validation.
2025-09-06 17:23:14,076 - easytorch-training - INFO - Result <val>: [val/time: 6.91 (s), val/loss: 0.3806, val/MAE: 0.3806, val/MAPE: 2.2953, val/RMSE: 0.5105]
2025-09-06 17:23:20,856 - easytorch-training - INFO - Result <test>: [test/time: 6.78 (s), test/loss: 0.0000, test/MAE: 0.4135, test/MAPE: 2.0030, test/RMSE: 0.5865]
2025-09-06 17:23:20,881 - easytorch-training - INFO - Checkpoint baselines\STDMAE\mask_save\Mask_TMAE\XueBu_10min_100_144_12\96e05df63cc86c7799876658048114c3\Mask_TMAE_098.pt saved
2025-09-06 17:23:20,881 - easytorch-training - INFO - The estimated training finish time is 2025-09-06 17:24:16
2025-09-06 17:23:20,881 - easytorch-training - INFO - Epoch 99 / 100
2025-09-06 17:23:33,047 - easytorch-training - INFO - Result <train>: [train/time: 12.17 (s), train/lr: 5.00e-04, train/loss: 0.3691, train/MAE: 0.3691, train/MAPE: 1.4246, train/RMSE: 0.5799]
2025-09-06 17:23:33,048 - easytorch-training - INFO - Start validation.
2025-09-06 17:23:39,169 - easytorch-training - INFO - Result <val>: [val/time: 6.12 (s), val/loss: 0.3716, val/MAE: 0.3716, val/MAPE: 2.2015, val/RMSE: 0.5010]
2025-09-06 17:23:45,166 - easytorch-training - INFO - Result <test>: [test/time: 6.00 (s), test/loss: 0.0000, test/MAE: 0.4617, test/MAPE: 2.4817, test/RMSE: 0.6462]
2025-09-06 17:23:45,186 - easytorch-training - INFO - Checkpoint baselines\STDMAE\mask_save\Mask_TMAE\XueBu_10min_100_144_12\96e05df63cc86c7799876658048114c3\Mask_TMAE_099.pt saved
2025-09-06 17:23:45,186 - easytorch-training - INFO - The estimated training finish time is 2025-09-06 17:24:12
2025-09-06 17:23:45,186 - easytorch-training - INFO - Epoch 100 / 100
2025-09-06 17:23:55,384 - easytorch-training - INFO - Result <train>: [train/time: 10.20 (s), train/lr: 5.00e-04, train/loss: 0.3707, train/MAE: 0.3707, train/MAPE: 1.4186, train/RMSE: 0.5863]
2025-09-06 17:23:55,386 - easytorch-training - INFO - Start validation.
2025-09-06 17:24:00,901 - easytorch-training - INFO - Result <val>: [val/time: 5.52 (s), val/loss: 0.3562, val/MAE: 0.3562, val/MAPE: 2.0378, val/RMSE: 0.4811]
2025-09-06 17:24:06,325 - easytorch-training - INFO - Result <test>: [test/time: 5.42 (s), test/loss: 0.0000, test/MAE: 0.4533, test/MAPE: 2.2899, test/RMSE: 0.6347]
2025-09-06 17:24:06,346 - easytorch-training - INFO - Checkpoint baselines\STDMAE\mask_save\Mask_TMAE\XueBu_10min_100_144_12\96e05df63cc86c7799876658048114c3\Mask_TMAE_100.pt saved
2025-09-06 17:24:06,354 - easytorch-training - INFO - The training finished at 2025-09-06 17:24:06
2025-09-06 17:24:06,355 - easytorch-training - INFO - Evaluating the best model on the test set.
2025-09-06 17:24:06,355 - easytorch-training - INFO - Loading Checkpoint from 'baselines\STDMAE\mask_save\Mask_TMAE\XueBu_10min_100_144_12\96e05df63cc86c7799876658048114c3\Mask_TMAE_best_val_MAE.pt'
2025-09-06 17:24:11,819 - easytorch-training - INFO - Result <test>: [test/time: 5.42 (s), test/loss: 0.0000, test/MAE: 0.4603, test/MAPE: 2.3032, test/RMSE: 0.6556]
2025-09-06 17:24:11,821 - easytorch-training - INFO - Test metrics saved to baselines\STDMAE\mask_save\Mask_TMAE\XueBu_10min_100_144_12\96e05df63cc86c7799876658048114c3\test_metrics.json.
