2025-09-14 14:31:09,441 - easytorch-training - INFO - Initializing training.
2025-09-14 14:31:09,441 - easytorch-training - INFO - Set clip grad, param: {'max_norm': 5.0}
2025-09-14 14:31:09,441 - easytorch-training - INFO - Building training data loader.
2025-09-14 14:31:09,443 - easytorch-training - INFO - Train dataset length: 7669
2025-09-14 14:31:09,444 - easytorch-training - INFO - Set optim: Adam (
Parameter Group 0
    amsgrad: False
    betas: (0.9, 0.95)
    capturable: False
    differentiable: False
    eps: 1e-08
    foreach: None
    fused: None
    lr: 0.001
    maximize: False
    weight_decay: 0
)
2025-09-14 14:31:09,444 - easytorch-training - INFO - Set lr_scheduler: <torch.optim.lr_scheduler.MultiStepLR object at 0x0000023A642ECE00>
2025-09-14 14:31:09,446 - easytorch-training - INFO - Initializing validation.
2025-09-14 14:31:09,446 - easytorch-training - INFO - Building val data loader.
2025-09-14 14:31:09,447 - easytorch-training - INFO - Validation dataset length: 481
2025-09-14 14:31:09,447 - easytorch-training - INFO - Test dataset length: 1417
2025-09-14 14:31:09,448 - easytorch-training - INFO - Number of parameters: 571404
2025-09-14 14:31:09,448 - easytorch-training - INFO - Epoch 1 / 100
2025-09-14 14:31:17,667 - easytorch-training - INFO - Result <train>: [train/time: 8.22 (s), train/lr: 1.00e-03, train/loss: 0.7533, train/MAE: 0.7533, train/MAPE: 1.4251, train/RMSE: 1.0568]
2025-09-14 14:31:17,668 - easytorch-training - INFO - Start validation.
2025-09-14 14:31:22,781 - easytorch-training - INFO - Result <val>: [val/time: 5.11 (s), val/loss: 0.5631, val/MAE: 0.5631, val/MAPE: 1.2847, val/RMSE: 0.7939]
2025-09-14 14:31:22,800 - easytorch-training - INFO - Checkpoint baselines\STDMAE\mask_save\Mask_TMAE\DanYangXinQu_3min_100_480_12\b18274680e117122391b7b8fc0327340\Mask_TMAE_best_val_MAE.pt saved
2025-09-14 14:31:28,134 - easytorch-training - INFO - Result <test>: [test/time: 5.33 (s), test/loss: 0.0000, test/MAE: 0.6070, test/MAPE: 1.3543, test/RMSE: 0.8589]
2025-09-14 14:31:28,154 - easytorch-training - INFO - Checkpoint baselines\STDMAE\mask_save\Mask_TMAE\DanYangXinQu_3min_100_480_12\b18274680e117122391b7b8fc0327340\Mask_TMAE_001.pt saved
2025-09-14 14:31:28,154 - easytorch-training - INFO - The estimated training finish time is 2025-09-14 15:02:20
2025-09-14 14:31:28,154 - easytorch-training - INFO - Epoch 2 / 100
2025-09-14 14:31:37,601 - easytorch-training - INFO - Result <train>: [train/time: 9.45 (s), train/lr: 1.00e-03, train/loss: 0.6370, train/MAE: 0.6370, train/MAPE: 1.4366, train/RMSE: 0.9507]
2025-09-14 14:31:37,602 - easytorch-training - INFO - Start validation.
2025-09-14 14:31:43,091 - easytorch-training - INFO - Result <val>: [val/time: 5.49 (s), val/loss: 0.5062, val/MAE: 0.5062, val/MAPE: 1.8582, val/RMSE: 0.7481]
2025-09-14 14:31:43,117 - easytorch-training - INFO - Checkpoint baselines\STDMAE\mask_save\Mask_TMAE\DanYangXinQu_3min_100_480_12\b18274680e117122391b7b8fc0327340\Mask_TMAE_best_val_MAE.pt saved
2025-09-14 14:31:49,447 - easytorch-training - INFO - Result <test>: [test/time: 6.33 (s), test/loss: 0.0000, test/MAE: 0.5419, test/MAPE: 1.8397, test/RMSE: 0.8054]
2025-09-14 14:31:49,465 - easytorch-training - INFO - Checkpoint baselines\STDMAE\mask_save\Mask_TMAE\DanYangXinQu_3min_100_480_12\b18274680e117122391b7b8fc0327340\Mask_TMAE_002.pt saved
2025-09-14 14:31:49,465 - easytorch-training - INFO - The estimated training finish time is 2025-09-14 15:04:30
2025-09-14 14:31:49,465 - easytorch-training - INFO - Epoch 3 / 100
2025-09-14 14:32:00,866 - easytorch-training - INFO - Result <train>: [train/time: 11.40 (s), train/lr: 1.00e-03, train/loss: 0.5389, train/MAE: 0.5389, train/MAPE: 1.5005, train/RMSE: 0.8548]
2025-09-14 14:32:00,867 - easytorch-training - INFO - Start validation.
2025-09-14 14:32:06,238 - easytorch-training - INFO - Result <val>: [val/time: 5.37 (s), val/loss: 0.4778, val/MAE: 0.4778, val/MAPE: 2.0195, val/RMSE: 0.7314]
2025-09-14 14:32:06,278 - easytorch-training - INFO - Checkpoint baselines\STDMAE\mask_save\Mask_TMAE\DanYangXinQu_3min_100_480_12\b18274680e117122391b7b8fc0327340\Mask_TMAE_best_val_MAE.pt saved
2025-09-14 14:32:12,368 - easytorch-training - INFO - Result <test>: [test/time: 6.09 (s), test/loss: 0.0000, test/MAE: 0.4485, test/MAPE: 1.8418, test/RMSE: 0.7160]
2025-09-14 14:32:12,389 - easytorch-training - INFO - Checkpoint baselines\STDMAE\mask_save\Mask_TMAE\DanYangXinQu_3min_100_480_12\b18274680e117122391b7b8fc0327340\Mask_TMAE_003.pt saved
2025-09-14 14:32:12,389 - easytorch-training - INFO - The estimated training finish time is 2025-09-14 15:06:07
2025-09-14 14:32:12,389 - easytorch-training - INFO - Epoch 4 / 100
2025-09-14 14:32:24,847 - easytorch-training - INFO - Result <train>: [train/time: 12.46 (s), train/lr: 1.00e-03, train/loss: 0.4950, train/MAE: 0.4950, train/MAPE: 1.4611, train/RMSE: 0.8141]
2025-09-14 14:32:24,848 - easytorch-training - INFO - Start validation.
2025-09-14 14:32:30,940 - easytorch-training - INFO - Result <val>: [val/time: 6.09 (s), val/loss: 0.4306, val/MAE: 0.4306, val/MAPE: 1.6350, val/RMSE: 0.6724]
2025-09-14 14:32:30,961 - easytorch-training - INFO - Checkpoint baselines\STDMAE\mask_save\Mask_TMAE\DanYangXinQu_3min_100_480_12\b18274680e117122391b7b8fc0327340\Mask_TMAE_best_val_MAE.pt saved
2025-09-14 14:32:36,619 - easytorch-training - INFO - Result <test>: [test/time: 5.66 (s), test/loss: 0.0000, test/MAE: 0.4443, test/MAPE: 1.7088, test/RMSE: 0.7088]
2025-09-14 14:32:36,637 - easytorch-training - INFO - Checkpoint baselines\STDMAE\mask_save\Mask_TMAE\DanYangXinQu_3min_100_480_12\b18274680e117122391b7b8fc0327340\Mask_TMAE_004.pt saved
2025-09-14 14:32:36,637 - easytorch-training - INFO - The estimated training finish time is 2025-09-14 15:07:29
2025-09-14 14:32:36,637 - easytorch-training - INFO - Epoch 5 / 100
2025-09-14 14:32:49,494 - easytorch-training - INFO - Result <train>: [train/time: 12.86 (s), train/lr: 1.00e-03, train/loss: 0.4757, train/MAE: 0.4757, train/MAPE: 1.4032, train/RMSE: 0.7961]
2025-09-14 14:32:49,496 - easytorch-training - INFO - Start validation.
2025-09-14 14:32:55,475 - easytorch-training - INFO - Result <val>: [val/time: 5.98 (s), val/loss: 0.3845, val/MAE: 0.3845, val/MAPE: 1.4948, val/RMSE: 0.6233]
2025-09-14 14:32:55,495 - easytorch-training - INFO - Checkpoint baselines\STDMAE\mask_save\Mask_TMAE\DanYangXinQu_3min_100_480_12\b18274680e117122391b7b8fc0327340\Mask_TMAE_best_val_MAE.pt saved
2025-09-14 14:33:01,163 - easytorch-training - INFO - Result <test>: [test/time: 5.67 (s), test/loss: 0.0000, test/MAE: 0.4382, test/MAPE: 1.6785, test/RMSE: 0.7149]
2025-09-14 14:33:01,182 - easytorch-training - INFO - Checkpoint baselines\STDMAE\mask_save\Mask_TMAE\DanYangXinQu_3min_100_480_12\b18274680e117122391b7b8fc0327340\Mask_TMAE_005.pt saved
2025-09-14 14:33:01,182 - easytorch-training - INFO - The estimated training finish time is 2025-09-14 15:08:24
2025-09-14 14:33:01,182 - easytorch-training - INFO - Epoch 6 / 100
2025-09-14 14:33:13,904 - easytorch-training - INFO - Result <train>: [train/time: 12.72 (s), train/lr: 1.00e-03, train/loss: 0.4641, train/MAE: 0.4641, train/MAPE: 1.3641, train/RMSE: 0.7858]
2025-09-14 14:33:13,905 - easytorch-training - INFO - Start validation.
2025-09-14 14:33:19,885 - easytorch-training - INFO - Result <val>: [val/time: 5.98 (s), val/loss: 0.3977, val/MAE: 0.3977, val/MAPE: 1.5859, val/RMSE: 0.6516]
2025-09-14 14:33:25,486 - easytorch-training - INFO - Result <test>: [test/time: 5.60 (s), test/loss: 0.0000, test/MAE: 0.4311, test/MAPE: 1.6371, test/RMSE: 0.7163]
2025-09-14 14:33:25,505 - easytorch-training - INFO - Checkpoint baselines\STDMAE\mask_save\Mask_TMAE\DanYangXinQu_3min_100_480_12\b18274680e117122391b7b8fc0327340\Mask_TMAE_006.pt saved
2025-09-14 14:33:25,505 - easytorch-training - INFO - The estimated training finish time is 2025-09-14 15:08:57
2025-09-14 14:33:25,505 - easytorch-training - INFO - Epoch 7 / 100
2025-09-14 14:33:34,012 - easytorch-training - INFO - Result <train>: [train/time: 8.51 (s), train/lr: 1.00e-03, train/loss: 0.4425, train/MAE: 0.4425, train/MAPE: 1.3011, train/RMSE: 0.7625]
2025-09-14 14:33:34,013 - easytorch-training - INFO - Start validation.
2025-09-14 14:33:40,609 - easytorch-training - INFO - Result <val>: [val/time: 6.60 (s), val/loss: 0.4106, val/MAE: 0.4106, val/MAPE: 1.5351, val/RMSE: 0.6668]
2025-09-14 14:33:46,568 - easytorch-training - INFO - Result <test>: [test/time: 5.96 (s), test/loss: 0.0000, test/MAE: 0.4328, test/MAPE: 1.5375, test/RMSE: 0.7184]
2025-09-14 14:33:46,587 - easytorch-training - INFO - Checkpoint baselines\STDMAE\mask_save\Mask_TMAE\DanYangXinQu_3min_100_480_12\b18274680e117122391b7b8fc0327340\Mask_TMAE_007.pt saved
2025-09-14 14:33:46,588 - easytorch-training - INFO - The estimated training finish time is 2025-09-14 15:08:34
2025-09-14 14:33:46,588 - easytorch-training - INFO - Epoch 8 / 100
2025-09-14 14:33:55,743 - easytorch-training - INFO - Result <train>: [train/time: 9.15 (s), train/lr: 1.00e-03, train/loss: 0.4304, train/MAE: 0.4304, train/MAPE: 1.2691, train/RMSE: 0.7491]
2025-09-14 14:33:55,744 - easytorch-training - INFO - Start validation.
2025-09-14 14:34:01,699 - easytorch-training - INFO - Result <val>: [val/time: 5.95 (s), val/loss: 0.3999, val/MAE: 0.3999, val/MAPE: 1.4431, val/RMSE: 0.6405]
2025-09-14 14:34:08,867 - easytorch-training - INFO - Result <test>: [test/time: 7.17 (s), test/loss: 0.0000, test/MAE: 0.4134, test/MAPE: 1.4671, test/RMSE: 0.6989]
2025-09-14 14:34:08,898 - easytorch-training - INFO - Checkpoint baselines\STDMAE\mask_save\Mask_TMAE\DanYangXinQu_3min_100_480_12\b18274680e117122391b7b8fc0327340\Mask_TMAE_008.pt saved
2025-09-14 14:34:08,898 - easytorch-training - INFO - The estimated training finish time is 2025-09-14 15:08:32
2025-09-14 14:34:08,898 - easytorch-training - INFO - Epoch 9 / 100
2025-09-14 14:34:17,371 - easytorch-training - INFO - Result <train>: [train/time: 8.47 (s), train/lr: 1.00e-03, train/loss: 0.4289, train/MAE: 0.4289, train/MAPE: 1.2582, train/RMSE: 0.7500]
2025-09-14 14:34:17,372 - easytorch-training - INFO - Start validation.
2025-09-14 14:34:22,733 - easytorch-training - INFO - Result <val>: [val/time: 5.36 (s), val/loss: 0.4098, val/MAE: 0.4098, val/MAPE: 1.6062, val/RMSE: 0.6644]
2025-09-14 14:34:29,913 - easytorch-training - INFO - Result <test>: [test/time: 7.18 (s), test/loss: 0.0000, test/MAE: 0.4261, test/MAPE: 1.6008, test/RMSE: 0.7072]
2025-09-14 14:34:29,935 - easytorch-training - INFO - Checkpoint baselines\STDMAE\mask_save\Mask_TMAE\DanYangXinQu_3min_100_480_12\b18274680e117122391b7b8fc0327340\Mask_TMAE_009.pt saved
2025-09-14 14:34:29,936 - easytorch-training - INFO - The estimated training finish time is 2025-09-14 15:08:17
2025-09-14 14:34:29,936 - easytorch-training - INFO - Epoch 10 / 100
2025-09-14 14:34:38,998 - easytorch-training - INFO - Result <train>: [train/time: 9.06 (s), train/lr: 1.00e-03, train/loss: 0.4202, train/MAE: 0.4202, train/MAPE: 1.2450, train/RMSE: 0.7400]
2025-09-14 14:34:38,999 - easytorch-training - INFO - Start validation.
2025-09-14 14:34:44,442 - easytorch-training - INFO - Result <val>: [val/time: 5.44 (s), val/loss: 0.3701, val/MAE: 0.3701, val/MAPE: 1.3714, val/RMSE: 0.6185]
2025-09-14 14:34:44,471 - easytorch-training - INFO - Checkpoint baselines\STDMAE\mask_save\Mask_TMAE\DanYangXinQu_3min_100_480_12\b18274680e117122391b7b8fc0327340\Mask_TMAE_best_val_MAE.pt saved
2025-09-14 14:34:51,183 - easytorch-training - INFO - Result <test>: [test/time: 6.71 (s), test/loss: 0.0000, test/MAE: 0.4206, test/MAPE: 1.5802, test/RMSE: 0.7060]
2025-09-14 14:34:51,226 - easytorch-training - INFO - Checkpoint baselines\STDMAE\mask_save\Mask_TMAE\DanYangXinQu_3min_100_480_12\b18274680e117122391b7b8fc0327340\Mask_TMAE_010.pt saved
2025-09-14 14:34:51,234 - easytorch-training - INFO - The estimated training finish time is 2025-09-14 15:08:07
2025-09-14 14:34:51,234 - easytorch-training - INFO - Epoch 11 / 100
2025-09-14 14:34:59,763 - easytorch-training - INFO - Result <train>: [train/time: 8.53 (s), train/lr: 1.00e-03, train/loss: 0.4185, train/MAE: 0.4185, train/MAPE: 1.2310, train/RMSE: 0.7406]
2025-09-14 14:34:59,765 - easytorch-training - INFO - Start validation.
2025-09-14 14:35:05,091 - easytorch-training - INFO - Result <val>: [val/time: 5.33 (s), val/loss: 0.3985, val/MAE: 0.3985, val/MAPE: 1.5421, val/RMSE: 0.6525]
2025-09-14 14:35:11,730 - easytorch-training - INFO - Result <test>: [test/time: 6.64 (s), test/loss: 0.0000, test/MAE: 0.4243, test/MAPE: 1.6392, test/RMSE: 0.7069]
2025-09-14 14:35:11,762 - easytorch-training - INFO - Checkpoint baselines\STDMAE\mask_save\Mask_TMAE\DanYangXinQu_3min_100_480_12\b18274680e117122391b7b8fc0327340\Mask_TMAE_011.pt saved
2025-09-14 14:35:11,762 - easytorch-training - INFO - The estimated training finish time is 2025-09-14 15:07:52
2025-09-14 14:35:11,762 - easytorch-training - INFO - Epoch 12 / 100
2025-09-14 14:35:21,344 - easytorch-training - INFO - Result <train>: [train/time: 9.58 (s), train/lr: 1.00e-03, train/loss: 0.4184, train/MAE: 0.4184, train/MAPE: 1.2284, train/RMSE: 0.7394]
2025-09-14 14:35:21,345 - easytorch-training - INFO - Start validation.
2025-09-14 14:35:26,964 - easytorch-training - INFO - Result <val>: [val/time: 5.62 (s), val/loss: 0.3704, val/MAE: 0.3704, val/MAPE: 1.6681, val/RMSE: 0.6067]
2025-09-14 14:35:33,718 - easytorch-training - INFO - Result <test>: [test/time: 6.75 (s), test/loss: 0.0000, test/MAE: 0.4251, test/MAPE: 1.7076, test/RMSE: 0.7068]
2025-09-14 14:35:33,764 - easytorch-training - INFO - Checkpoint baselines\STDMAE\mask_save\Mask_TMAE\DanYangXinQu_3min_100_480_12\b18274680e117122391b7b8fc0327340\Mask_TMAE_012.pt saved
2025-09-14 14:35:33,764 - easytorch-training - INFO - The estimated training finish time is 2025-09-14 15:07:52
2025-09-14 14:35:33,764 - easytorch-training - INFO - Epoch 13 / 100
2025-09-14 14:35:43,642 - easytorch-training - INFO - Result <train>: [train/time: 9.88 (s), train/lr: 1.00e-03, train/loss: 0.4116, train/MAE: 0.4116, train/MAPE: 1.2240, train/RMSE: 0.7333]
2025-09-14 14:35:43,643 - easytorch-training - INFO - Start validation.
2025-09-14 14:35:49,235 - easytorch-training - INFO - Result <val>: [val/time: 5.59 (s), val/loss: 0.3722, val/MAE: 0.3722, val/MAPE: 1.3657, val/RMSE: 0.6133]
2025-09-14 14:35:55,388 - easytorch-training - INFO - Result <test>: [test/time: 6.15 (s), test/loss: 0.0000, test/MAE: 0.4274, test/MAPE: 1.5972, test/RMSE: 0.7005]
2025-09-14 14:35:55,416 - easytorch-training - INFO - Checkpoint baselines\STDMAE\mask_save\Mask_TMAE\DanYangXinQu_3min_100_480_12\b18274680e117122391b7b8fc0327340\Mask_TMAE_013.pt saved
2025-09-14 14:35:55,416 - easytorch-training - INFO - The estimated training finish time is 2025-09-14 15:07:49
2025-09-14 14:35:55,416 - easytorch-training - INFO - Epoch 14 / 100
2025-09-14 14:36:05,547 - easytorch-training - INFO - Result <train>: [train/time: 10.13 (s), train/lr: 1.00e-03, train/loss: 0.4115, train/MAE: 0.4115, train/MAPE: 1.2119, train/RMSE: 0.7333]
2025-09-14 14:36:05,549 - easytorch-training - INFO - Start validation.
2025-09-14 14:36:11,051 - easytorch-training - INFO - Result <val>: [val/time: 5.50 (s), val/loss: 0.4153, val/MAE: 0.4153, val/MAPE: 1.6383, val/RMSE: 0.6760]
2025-09-14 14:36:17,389 - easytorch-training - INFO - Result <test>: [test/time: 6.34 (s), test/loss: 0.0000, test/MAE: 0.4045, test/MAPE: 1.5540, test/RMSE: 0.6985]
2025-09-14 14:36:17,418 - easytorch-training - INFO - Checkpoint baselines\STDMAE\mask_save\Mask_TMAE\DanYangXinQu_3min_100_480_12\b18274680e117122391b7b8fc0327340\Mask_TMAE_014.pt saved
2025-09-14 14:36:17,418 - easytorch-training - INFO - The estimated training finish time is 2025-09-14 15:07:49
2025-09-14 14:36:17,418 - easytorch-training - INFO - Epoch 15 / 100
2025-09-14 14:36:27,001 - easytorch-training - INFO - Result <train>: [train/time: 9.58 (s), train/lr: 1.00e-03, train/loss: 0.4075, train/MAE: 0.4075, train/MAPE: 1.1952, train/RMSE: 0.7290]
2025-09-14 14:36:27,002 - easytorch-training - INFO - Start validation.
2025-09-14 14:36:32,538 - easytorch-training - INFO - Result <val>: [val/time: 5.54 (s), val/loss: 0.4002, val/MAE: 0.4002, val/MAPE: 1.5001, val/RMSE: 0.6440]
2025-09-14 14:36:38,752 - easytorch-training - INFO - Result <test>: [test/time: 6.21 (s), test/loss: 0.0000, test/MAE: 0.4281, test/MAPE: 1.5236, test/RMSE: 0.7042]
2025-09-14 14:36:38,800 - easytorch-training - INFO - Checkpoint baselines\STDMAE\mask_save\Mask_TMAE\DanYangXinQu_3min_100_480_12\b18274680e117122391b7b8fc0327340\Mask_TMAE_015.pt saved
2025-09-14 14:36:38,800 - easytorch-training - INFO - The estimated training finish time is 2025-09-14 15:07:45
2025-09-14 14:36:38,800 - easytorch-training - INFO - Epoch 16 / 100
2025-09-14 14:36:48,918 - easytorch-training - INFO - Result <train>: [train/time: 10.12 (s), train/lr: 1.00e-03, train/loss: 0.4053, train/MAE: 0.4053, train/MAPE: 1.1946, train/RMSE: 0.7274]
2025-09-14 14:36:48,919 - easytorch-training - INFO - Start validation.
2025-09-14 14:36:54,400 - easytorch-training - INFO - Result <val>: [val/time: 5.48 (s), val/loss: 0.3942, val/MAE: 0.3942, val/MAPE: 1.4443, val/RMSE: 0.6467]
2025-09-14 14:37:00,853 - easytorch-training - INFO - Result <test>: [test/time: 6.45 (s), test/loss: 0.0000, test/MAE: 0.4352, test/MAPE: 1.6095, test/RMSE: 0.7209]
2025-09-14 14:37:00,906 - easytorch-training - INFO - Checkpoint baselines\STDMAE\mask_save\Mask_TMAE\DanYangXinQu_3min_100_480_12\b18274680e117122391b7b8fc0327340\Mask_TMAE_016.pt saved
2025-09-14 14:37:00,906 - easytorch-training - INFO - The estimated training finish time is 2025-09-14 15:07:46
2025-09-14 14:37:00,906 - easytorch-training - INFO - Epoch 17 / 100
2025-09-14 14:37:10,758 - easytorch-training - INFO - Result <train>: [train/time: 9.85 (s), train/lr: 1.00e-03, train/loss: 0.4046, train/MAE: 0.4046, train/MAPE: 1.1893, train/RMSE: 0.7246]
2025-09-14 14:37:10,759 - easytorch-training - INFO - Start validation.
2025-09-14 14:37:16,193 - easytorch-training - INFO - Result <val>: [val/time: 5.43 (s), val/loss: 0.3806, val/MAE: 0.3806, val/MAPE: 1.4433, val/RMSE: 0.6401]
2025-09-14 14:37:22,811 - easytorch-training - INFO - Result <test>: [test/time: 6.62 (s), test/loss: 0.0000, test/MAE: 0.4048, test/MAPE: 1.5267, test/RMSE: 0.6914]
2025-09-14 14:37:22,839 - easytorch-training - INFO - Checkpoint baselines\STDMAE\mask_save\Mask_TMAE\DanYangXinQu_3min_100_480_12\b18274680e117122391b7b8fc0327340\Mask_TMAE_017.pt saved
2025-09-14 14:37:22,840 - easytorch-training - INFO - The estimated training finish time is 2025-09-14 15:07:45
2025-09-14 14:37:22,840 - easytorch-training - INFO - Epoch 18 / 100
2025-09-14 14:37:33,503 - easytorch-training - INFO - Result <train>: [train/time: 10.66 (s), train/lr: 1.00e-03, train/loss: 0.4039, train/MAE: 0.4039, train/MAPE: 1.1852, train/RMSE: 0.7260]
2025-09-14 14:37:33,504 - easytorch-training - INFO - Start validation.
2025-09-14 14:37:38,944 - easytorch-training - INFO - Result <val>: [val/time: 5.44 (s), val/loss: 0.3820, val/MAE: 0.3820, val/MAPE: 1.4782, val/RMSE: 0.6345]
2025-09-14 14:37:45,529 - easytorch-training - INFO - Result <test>: [test/time: 6.58 (s), test/loss: 0.0000, test/MAE: 0.4225, test/MAPE: 1.5777, test/RMSE: 0.7087]
2025-09-14 14:37:45,551 - easytorch-training - INFO - Checkpoint baselines\STDMAE\mask_save\Mask_TMAE\DanYangXinQu_3min_100_480_12\b18274680e117122391b7b8fc0327340\Mask_TMAE_018.pt saved
2025-09-14 14:37:45,551 - easytorch-training - INFO - The estimated training finish time is 2025-09-14 15:07:50
2025-09-14 14:37:45,551 - easytorch-training - INFO - Epoch 19 / 100
2025-09-14 14:37:57,552 - easytorch-training - INFO - Result <train>: [train/time: 12.00 (s), train/lr: 1.00e-03, train/loss: 0.4072, train/MAE: 0.4072, train/MAPE: 1.1962, train/RMSE: 0.7319]
2025-09-14 14:37:57,553 - easytorch-training - INFO - Start validation.
2025-09-14 14:38:03,058 - easytorch-training - INFO - Result <val>: [val/time: 5.50 (s), val/loss: 0.3999, val/MAE: 0.3999, val/MAPE: 1.5360, val/RMSE: 0.6564]
2025-09-14 14:38:09,316 - easytorch-training - INFO - Result <test>: [test/time: 6.26 (s), test/loss: 0.0000, test/MAE: 0.4213, test/MAPE: 1.5972, test/RMSE: 0.6995]
2025-09-14 14:38:09,335 - easytorch-training - INFO - Checkpoint baselines\STDMAE\mask_save\Mask_TMAE\DanYangXinQu_3min_100_480_12\b18274680e117122391b7b8fc0327340\Mask_TMAE_019.pt saved
2025-09-14 14:38:09,335 - easytorch-training - INFO - The estimated training finish time is 2025-09-14 15:07:59
2025-09-14 14:38:09,336 - easytorch-training - INFO - Epoch 20 / 100
2025-09-14 14:38:22,223 - easytorch-training - INFO - Result <train>: [train/time: 12.89 (s), train/lr: 1.00e-03, train/loss: 0.4020, train/MAE: 0.4020, train/MAPE: 1.1766, train/RMSE: 0.7253]
2025-09-14 14:38:22,224 - easytorch-training - INFO - Start validation.
2025-09-14 14:38:28,429 - easytorch-training - INFO - Result <val>: [val/time: 6.20 (s), val/loss: 0.3725, val/MAE: 0.3725, val/MAPE: 1.4530, val/RMSE: 0.6271]
2025-09-14 14:38:34,482 - easytorch-training - INFO - Result <test>: [test/time: 6.05 (s), test/loss: 0.0000, test/MAE: 0.4138, test/MAPE: 1.6142, test/RMSE: 0.6966]
2025-09-14 14:38:34,501 - easytorch-training - INFO - Checkpoint baselines\STDMAE\mask_save\Mask_TMAE\DanYangXinQu_3min_100_480_12\b18274680e117122391b7b8fc0327340\Mask_TMAE_020.pt saved
2025-09-14 14:38:34,512 - easytorch-training - INFO - The estimated training finish time is 2025-09-14 15:08:14
2025-09-14 14:38:34,512 - easytorch-training - INFO - Epoch 21 / 100
2025-09-14 14:38:48,121 - easytorch-training - INFO - Result <train>: [train/time: 13.61 (s), train/lr: 1.00e-03, train/loss: 0.3995, train/MAE: 0.3995, train/MAPE: 1.1745, train/RMSE: 0.7234]
2025-09-14 14:38:48,123 - easytorch-training - INFO - Start validation.
2025-09-14 14:38:54,040 - easytorch-training - INFO - Result <val>: [val/time: 5.92 (s), val/loss: 0.3882, val/MAE: 0.3882, val/MAPE: 1.4786, val/RMSE: 0.6352]
2025-09-14 14:38:59,803 - easytorch-training - INFO - Result <test>: [test/time: 5.76 (s), test/loss: 0.0000, test/MAE: 0.4382, test/MAPE: 1.7209, test/RMSE: 0.7155]
2025-09-14 14:38:59,824 - easytorch-training - INFO - Checkpoint baselines\STDMAE\mask_save\Mask_TMAE\DanYangXinQu_3min_100_480_12\b18274680e117122391b7b8fc0327340\Mask_TMAE_021.pt saved
2025-09-14 14:38:59,824 - easytorch-training - INFO - The estimated training finish time is 2025-09-14 15:08:29
2025-09-14 14:38:59,824 - easytorch-training - INFO - Epoch 22 / 100
2025-09-14 14:39:12,126 - easytorch-training - INFO - Result <train>: [train/time: 12.30 (s), train/lr: 1.00e-03, train/loss: 0.3997, train/MAE: 0.3997, train/MAPE: 1.1724, train/RMSE: 0.7232]
2025-09-14 14:39:12,127 - easytorch-training - INFO - Start validation.
2025-09-14 14:39:18,349 - easytorch-training - INFO - Result <val>: [val/time: 6.22 (s), val/loss: 0.3711, val/MAE: 0.3711, val/MAPE: 1.4373, val/RMSE: 0.6148]
2025-09-14 14:39:24,077 - easytorch-training - INFO - Result <test>: [test/time: 5.73 (s), test/loss: 0.0000, test/MAE: 0.4089, test/MAPE: 1.5554, test/RMSE: 0.6976]
2025-09-14 14:39:24,096 - easytorch-training - INFO - Checkpoint baselines\STDMAE\mask_save\Mask_TMAE\DanYangXinQu_3min_100_480_12\b18274680e117122391b7b8fc0327340\Mask_TMAE_022.pt saved
2025-09-14 14:39:24,096 - easytorch-training - INFO - The estimated training finish time is 2025-09-14 15:08:37
2025-09-14 14:39:24,096 - easytorch-training - INFO - Epoch 23 / 100
2025-09-14 14:39:32,805 - easytorch-training - INFO - Result <train>: [train/time: 8.71 (s), train/lr: 1.00e-03, train/loss: 0.4011, train/MAE: 0.4011, train/MAPE: 1.1780, train/RMSE: 0.7245]
2025-09-14 14:39:32,806 - easytorch-training - INFO - Start validation.
2025-09-14 14:39:39,284 - easytorch-training - INFO - Result <val>: [val/time: 6.48 (s), val/loss: 0.3662, val/MAE: 0.3662, val/MAPE: 1.3475, val/RMSE: 0.6162]
2025-09-14 14:39:39,308 - easytorch-training - INFO - Checkpoint baselines\STDMAE\mask_save\Mask_TMAE\DanYangXinQu_3min_100_480_12\b18274680e117122391b7b8fc0327340\Mask_TMAE_best_val_MAE.pt saved
2025-09-14 14:39:45,674 - easytorch-training - INFO - Result <test>: [test/time: 6.37 (s), test/loss: 0.0000, test/MAE: 0.4033, test/MAPE: 1.4750, test/RMSE: 0.6850]
2025-09-14 14:39:45,694 - easytorch-training - INFO - Checkpoint baselines\STDMAE\mask_save\Mask_TMAE\DanYangXinQu_3min_100_480_12\b18274680e117122391b7b8fc0327340\Mask_TMAE_023.pt saved
2025-09-14 14:39:45,695 - easytorch-training - INFO - The estimated training finish time is 2025-09-14 15:08:34
2025-09-14 14:39:45,695 - easytorch-training - INFO - Epoch 24 / 100
2025-09-14 14:39:54,895 - easytorch-training - INFO - Result <train>: [train/time: 9.20 (s), train/lr: 1.00e-03, train/loss: 0.4000, train/MAE: 0.4000, train/MAPE: 1.1670, train/RMSE: 0.7234]
2025-09-14 14:39:54,897 - easytorch-training - INFO - Start validation.
2025-09-14 14:40:00,779 - easytorch-training - INFO - Result <val>: [val/time: 5.88 (s), val/loss: 0.3752, val/MAE: 0.3752, val/MAPE: 1.4385, val/RMSE: 0.6278]
2025-09-14 14:40:08,178 - easytorch-training - INFO - Result <test>: [test/time: 7.40 (s), test/loss: 0.0000, test/MAE: 0.4221, test/MAPE: 1.6128, test/RMSE: 0.7081]
2025-09-14 14:40:08,212 - easytorch-training - INFO - Checkpoint baselines\STDMAE\mask_save\Mask_TMAE\DanYangXinQu_3min_100_480_12\b18274680e117122391b7b8fc0327340\Mask_TMAE_024.pt saved
2025-09-14 14:40:08,213 - easytorch-training - INFO - The estimated training finish time is 2025-09-14 15:08:34
2025-09-14 14:40:08,213 - easytorch-training - INFO - Epoch 25 / 100
2025-09-14 14:40:17,059 - easytorch-training - INFO - Result <train>: [train/time: 8.84 (s), train/lr: 1.00e-03, train/loss: 0.3967, train/MAE: 0.3967, train/MAPE: 1.1665, train/RMSE: 0.7203]
2025-09-14 14:40:17,060 - easytorch-training - INFO - Start validation.
2025-09-14 14:40:22,564 - easytorch-training - INFO - Result <val>: [val/time: 5.50 (s), val/loss: 0.3487, val/MAE: 0.3487, val/MAPE: 1.3883, val/RMSE: 0.5975]
2025-09-14 14:40:22,585 - easytorch-training - INFO - Checkpoint baselines\STDMAE\mask_save\Mask_TMAE\DanYangXinQu_3min_100_480_12\b18274680e117122391b7b8fc0327340\Mask_TMAE_best_val_MAE.pt saved
2025-09-14 14:40:29,601 - easytorch-training - INFO - Result <test>: [test/time: 7.02 (s), test/loss: 0.0000, test/MAE: 0.4265, test/MAPE: 1.6057, test/RMSE: 0.7152]
2025-09-14 14:40:29,643 - easytorch-training - INFO - Checkpoint baselines\STDMAE\mask_save\Mask_TMAE\DanYangXinQu_3min_100_480_12\b18274680e117122391b7b8fc0327340\Mask_TMAE_025.pt saved
2025-09-14 14:40:29,643 - easytorch-training - INFO - The estimated training finish time is 2025-09-14 15:08:30
2025-09-14 14:40:29,643 - easytorch-training - INFO - Epoch 26 / 100
2025-09-14 14:40:38,676 - easytorch-training - INFO - Result <train>: [train/time: 9.03 (s), train/lr: 1.00e-03, train/loss: 0.3973, train/MAE: 0.3973, train/MAPE: 1.1577, train/RMSE: 0.7227]
2025-09-14 14:40:38,677 - easytorch-training - INFO - Start validation.
2025-09-14 14:40:44,239 - easytorch-training - INFO - Result <val>: [val/time: 5.56 (s), val/loss: 0.3632, val/MAE: 0.3632, val/MAPE: 1.3648, val/RMSE: 0.6105]
2025-09-14 14:40:50,983 - easytorch-training - INFO - Result <test>: [test/time: 6.74 (s), test/loss: 0.0000, test/MAE: 0.4169, test/MAPE: 1.6177, test/RMSE: 0.6930]
2025-09-14 14:40:51,006 - easytorch-training - INFO - Checkpoint baselines\STDMAE\mask_save\Mask_TMAE\DanYangXinQu_3min_100_480_12\b18274680e117122391b7b8fc0327340\Mask_TMAE_026.pt saved
2025-09-14 14:40:51,006 - easytorch-training - INFO - The estimated training finish time is 2025-09-14 15:08:26
2025-09-14 14:40:51,006 - easytorch-training - INFO - Epoch 27 / 100
2025-09-14 14:41:00,476 - easytorch-training - INFO - Result <train>: [train/time: 9.47 (s), train/lr: 1.00e-03, train/loss: 0.3942, train/MAE: 0.3942, train/MAPE: 1.1582, train/RMSE: 0.7164]
2025-09-14 14:41:00,477 - easytorch-training - INFO - Start validation.
2025-09-14 14:41:06,041 - easytorch-training - INFO - Result <val>: [val/time: 5.56 (s), val/loss: 0.3724, val/MAE: 0.3724, val/MAPE: 1.4208, val/RMSE: 0.6305]
2025-09-14 14:41:12,366 - easytorch-training - INFO - Result <test>: [test/time: 6.32 (s), test/loss: 0.0000, test/MAE: 0.3901, test/MAPE: 1.4389, test/RMSE: 0.6742]
2025-09-14 14:41:12,410 - easytorch-training - INFO - Checkpoint baselines\STDMAE\mask_save\Mask_TMAE\DanYangXinQu_3min_100_480_12\b18274680e117122391b7b8fc0327340\Mask_TMAE_027.pt saved
2025-09-14 14:41:12,410 - easytorch-training - INFO - The estimated training finish time is 2025-09-14 15:08:22
2025-09-14 14:41:12,410 - easytorch-training - INFO - Epoch 28 / 100
2025-09-14 14:41:22,633 - easytorch-training - INFO - Result <train>: [train/time: 10.22 (s), train/lr: 1.00e-03, train/loss: 0.3952, train/MAE: 0.3952, train/MAPE: 1.1477, train/RMSE: 0.7208]
2025-09-14 14:41:22,635 - easytorch-training - INFO - Start validation.
2025-09-14 14:41:28,138 - easytorch-training - INFO - Result <val>: [val/time: 5.50 (s), val/loss: 0.3839, val/MAE: 0.3839, val/MAPE: 1.4621, val/RMSE: 0.6384]
2025-09-14 14:41:34,712 - easytorch-training - INFO - Result <test>: [test/time: 6.57 (s), test/loss: 0.0000, test/MAE: 0.4016, test/MAPE: 1.5270, test/RMSE: 0.6959]
2025-09-14 14:41:34,748 - easytorch-training - INFO - Checkpoint baselines\STDMAE\mask_save\Mask_TMAE\DanYangXinQu_3min_100_480_12\b18274680e117122391b7b8fc0327340\Mask_TMAE_028.pt saved
2025-09-14 14:41:34,749 - easytorch-training - INFO - The estimated training finish time is 2025-09-14 15:08:22
2025-09-14 14:41:34,749 - easytorch-training - INFO - Epoch 29 / 100
2025-09-14 14:41:45,313 - easytorch-training - INFO - Result <train>: [train/time: 10.56 (s), train/lr: 1.00e-03, train/loss: 0.3949, train/MAE: 0.3949, train/MAPE: 1.1492, train/RMSE: 0.7180]
2025-09-14 14:41:45,314 - easytorch-training - INFO - Start validation.
2025-09-14 14:41:50,787 - easytorch-training - INFO - Result <val>: [val/time: 5.47 (s), val/loss: 0.3544, val/MAE: 0.3544, val/MAPE: 1.2259, val/RMSE: 0.6067]
2025-09-14 14:41:57,482 - easytorch-training - INFO - Result <test>: [test/time: 6.69 (s), test/loss: 0.0000, test/MAE: 0.4026, test/MAPE: 1.4189, test/RMSE: 0.7035]
2025-09-14 14:41:57,509 - easytorch-training - INFO - Checkpoint baselines\STDMAE\mask_save\Mask_TMAE\DanYangXinQu_3min_100_480_12\b18274680e117122391b7b8fc0327340\Mask_TMAE_029.pt saved
2025-09-14 14:41:57,509 - easytorch-training - INFO - The estimated training finish time is 2025-09-14 15:08:24
2025-09-14 14:41:57,509 - easytorch-training - INFO - Epoch 30 / 100
2025-09-14 14:42:07,654 - easytorch-training - INFO - Result <train>: [train/time: 10.14 (s), train/lr: 1.00e-03, train/loss: 0.3924, train/MAE: 0.3924, train/MAPE: 1.1405, train/RMSE: 0.7165]
2025-09-14 14:42:07,656 - easytorch-training - INFO - Start validation.
2025-09-14 14:42:13,140 - easytorch-training - INFO - Result <val>: [val/time: 5.48 (s), val/loss: 0.3828, val/MAE: 0.3828, val/MAPE: 1.4912, val/RMSE: 0.6358]
2025-09-14 14:42:19,740 - easytorch-training - INFO - Result <test>: [test/time: 6.60 (s), test/loss: 0.0000, test/MAE: 0.4224, test/MAPE: 1.5393, test/RMSE: 0.7071]
2025-09-14 14:42:19,768 - easytorch-training - INFO - Checkpoint baselines\STDMAE\mask_save\Mask_TMAE\DanYangXinQu_3min_100_480_12\b18274680e117122391b7b8fc0327340\Mask_TMAE_030.pt saved
2025-09-14 14:42:19,781 - easytorch-training - INFO - The estimated training finish time is 2025-09-14 15:08:23
2025-09-14 14:42:19,781 - easytorch-training - INFO - Epoch 31 / 100
2025-09-14 14:42:30,839 - easytorch-training - INFO - Result <train>: [train/time: 11.06 (s), train/lr: 1.00e-03, train/loss: 0.3918, train/MAE: 0.3918, train/MAPE: 1.1403, train/RMSE: 0.7167]
2025-09-14 14:42:30,840 - easytorch-training - INFO - Start validation.
2025-09-14 14:42:36,322 - easytorch-training - INFO - Result <val>: [val/time: 5.48 (s), val/loss: 0.3919, val/MAE: 0.3919, val/MAPE: 1.3790, val/RMSE: 0.6593]
2025-09-14 14:42:42,495 - easytorch-training - INFO - Result <test>: [test/time: 6.17 (s), test/loss: 0.0000, test/MAE: 0.3970, test/MAPE: 1.4447, test/RMSE: 0.6859]
2025-09-14 14:42:42,517 - easytorch-training - INFO - Checkpoint baselines\STDMAE\mask_save\Mask_TMAE\DanYangXinQu_3min_100_480_12\b18274680e117122391b7b8fc0327340\Mask_TMAE_031.pt saved
2025-09-14 14:42:42,517 - easytorch-training - INFO - The estimated training finish time is 2025-09-14 15:08:25
2025-09-14 14:42:42,517 - easytorch-training - INFO - Epoch 32 / 100
2025-09-14 14:42:54,557 - easytorch-training - INFO - Result <train>: [train/time: 12.04 (s), train/lr: 1.00e-03, train/loss: 0.3941, train/MAE: 0.3941, train/MAPE: 1.1448, train/RMSE: 0.7184]
2025-09-14 14:42:54,558 - easytorch-training - INFO - Start validation.
2025-09-14 14:43:00,333 - easytorch-training - INFO - Result <val>: [val/time: 5.77 (s), val/loss: 0.3719, val/MAE: 0.3719, val/MAPE: 1.3644, val/RMSE: 0.6409]
2025-09-14 14:43:06,201 - easytorch-training - INFO - Result <test>: [test/time: 5.87 (s), test/loss: 0.0000, test/MAE: 0.4149, test/MAPE: 1.5379, test/RMSE: 0.7091]
2025-09-14 14:43:06,227 - easytorch-training - INFO - Checkpoint baselines\STDMAE\mask_save\Mask_TMAE\DanYangXinQu_3min_100_480_12\b18274680e117122391b7b8fc0327340\Mask_TMAE_032.pt saved
2025-09-14 14:43:06,228 - easytorch-training - INFO - The estimated training finish time is 2025-09-14 15:08:29
2025-09-14 14:43:06,228 - easytorch-training - INFO - Epoch 33 / 100
2025-09-14 14:43:19,214 - easytorch-training - INFO - Result <train>: [train/time: 12.99 (s), train/lr: 1.00e-03, train/loss: 0.3897, train/MAE: 0.3897, train/MAPE: 1.1286, train/RMSE: 0.7144]
2025-09-14 14:43:19,217 - easytorch-training - INFO - Start validation.
2025-09-14 14:43:25,010 - easytorch-training - INFO - Result <val>: [val/time: 5.79 (s), val/loss: 0.4002, val/MAE: 0.4002, val/MAPE: 1.4495, val/RMSE: 0.6619]
2025-09-14 14:43:30,959 - easytorch-training - INFO - Result <test>: [test/time: 5.95 (s), test/loss: 0.0000, test/MAE: 0.4106, test/MAPE: 1.5586, test/RMSE: 0.7001]
2025-09-14 14:43:30,981 - easytorch-training - INFO - Checkpoint baselines\STDMAE\mask_save\Mask_TMAE\DanYangXinQu_3min_100_480_12\b18274680e117122391b7b8fc0327340\Mask_TMAE_033.pt saved
2025-09-14 14:43:30,981 - easytorch-training - INFO - The estimated training finish time is 2025-09-14 15:08:36
2025-09-14 14:43:30,981 - easytorch-training - INFO - Epoch 34 / 100
2025-09-14 14:43:44,766 - easytorch-training - INFO - Result <train>: [train/time: 13.78 (s), train/lr: 1.00e-03, train/loss: 0.3930, train/MAE: 0.3930, train/MAPE: 1.1372, train/RMSE: 0.7191]
2025-09-14 14:43:44,768 - easytorch-training - INFO - Start validation.
2025-09-14 14:43:50,481 - easytorch-training - INFO - Result <val>: [val/time: 5.71 (s), val/loss: 0.3583, val/MAE: 0.3583, val/MAPE: 1.3289, val/RMSE: 0.6075]
2025-09-14 14:43:56,253 - easytorch-training - INFO - Result <test>: [test/time: 5.77 (s), test/loss: 0.0000, test/MAE: 0.4014, test/MAPE: 1.4905, test/RMSE: 0.6923]
2025-09-14 14:43:56,277 - easytorch-training - INFO - Checkpoint baselines\STDMAE\mask_save\Mask_TMAE\DanYangXinQu_3min_100_480_12\b18274680e117122391b7b8fc0327340\Mask_TMAE_034.pt saved
2025-09-14 14:43:56,277 - easytorch-training - INFO - The estimated training finish time is 2025-09-14 15:08:44
2025-09-14 14:43:56,277 - easytorch-training - INFO - Epoch 35 / 100
2025-09-14 14:44:05,702 - easytorch-training - INFO - Result <train>: [train/time: 9.42 (s), train/lr: 1.00e-03, train/loss: 0.3922, train/MAE: 0.3922, train/MAPE: 1.1342, train/RMSE: 0.7179]
2025-09-14 14:44:05,704 - easytorch-training - INFO - Start validation.
2025-09-14 14:44:11,978 - easytorch-training - INFO - Result <val>: [val/time: 6.27 (s), val/loss: 0.3935, val/MAE: 0.3935, val/MAPE: 1.5383, val/RMSE: 0.6469]
2025-09-14 14:44:17,767 - easytorch-training - INFO - Result <test>: [test/time: 5.79 (s), test/loss: 0.0000, test/MAE: 0.3870, test/MAPE: 1.5026, test/RMSE: 0.6705]
2025-09-14 14:44:17,790 - easytorch-training - INFO - Checkpoint baselines\STDMAE\mask_save\Mask_TMAE\DanYangXinQu_3min_100_480_12\b18274680e117122391b7b8fc0327340\Mask_TMAE_035.pt saved
2025-09-14 14:44:17,790 - easytorch-training - INFO - The estimated training finish time is 2025-09-14 15:08:41
2025-09-14 14:44:17,790 - easytorch-training - INFO - Epoch 36 / 100
2025-09-14 14:44:26,807 - easytorch-training - INFO - Result <train>: [train/time: 9.02 (s), train/lr: 1.00e-03, train/loss: 0.3895, train/MAE: 0.3895, train/MAPE: 1.1314, train/RMSE: 0.7141]
2025-09-14 14:44:26,808 - easytorch-training - INFO - Start validation.
2025-09-14 14:44:32,879 - easytorch-training - INFO - Result <val>: [val/time: 6.07 (s), val/loss: 0.3700, val/MAE: 0.3700, val/MAPE: 1.4158, val/RMSE: 0.6302]
2025-09-14 14:44:39,001 - easytorch-training - INFO - Result <test>: [test/time: 6.12 (s), test/loss: 0.0000, test/MAE: 0.4127, test/MAPE: 1.5990, test/RMSE: 0.7091]
2025-09-14 14:44:39,023 - easytorch-training - INFO - Checkpoint baselines\STDMAE\mask_save\Mask_TMAE\DanYangXinQu_3min_100_480_12\b18274680e117122391b7b8fc0327340\Mask_TMAE_036.pt saved
2025-09-14 14:44:39,023 - easytorch-training - INFO - The estimated training finish time is 2025-09-14 15:08:38
2025-09-14 14:44:39,023 - easytorch-training - INFO - Epoch 37 / 100
2025-09-14 14:44:47,729 - easytorch-training - INFO - Result <train>: [train/time: 8.71 (s), train/lr: 1.00e-03, train/loss: 0.3900, train/MAE: 0.3900, train/MAPE: 1.1275, train/RMSE: 0.7170]
2025-09-14 14:44:47,730 - easytorch-training - INFO - Start validation.
2025-09-14 14:44:53,356 - easytorch-training - INFO - Result <val>: [val/time: 5.63 (s), val/loss: 0.4106, val/MAE: 0.4106, val/MAPE: 1.4777, val/RMSE: 0.6692]
2025-09-14 14:45:01,091 - easytorch-training - INFO - Result <test>: [test/time: 7.73 (s), test/loss: 0.0000, test/MAE: 0.3921, test/MAPE: 1.4131, test/RMSE: 0.6789]
2025-09-14 14:45:01,116 - easytorch-training - INFO - Checkpoint baselines\STDMAE\mask_save\Mask_TMAE\DanYangXinQu_3min_100_480_12\b18274680e117122391b7b8fc0327340\Mask_TMAE_037.pt saved
2025-09-14 14:45:01,116 - easytorch-training - INFO - The estimated training finish time is 2025-09-14 15:08:37
2025-09-14 14:45:01,116 - easytorch-training - INFO - Epoch 38 / 100
2025-09-14 14:45:09,896 - easytorch-training - INFO - Result <train>: [train/time: 8.78 (s), train/lr: 1.00e-03, train/loss: 0.3888, train/MAE: 0.3888, train/MAPE: 1.1229, train/RMSE: 0.7130]
2025-09-14 14:45:09,897 - easytorch-training - INFO - Start validation.
2025-09-14 14:45:15,474 - easytorch-training - INFO - Result <val>: [val/time: 5.58 (s), val/loss: 0.3601, val/MAE: 0.3601, val/MAPE: 1.2626, val/RMSE: 0.6191]
2025-09-14 14:45:22,543 - easytorch-training - INFO - Result <test>: [test/time: 7.07 (s), test/loss: 0.0000, test/MAE: 0.4050, test/MAPE: 1.3960, test/RMSE: 0.7025]
2025-09-14 14:45:22,566 - easytorch-training - INFO - Checkpoint baselines\STDMAE\mask_save\Mask_TMAE\DanYangXinQu_3min_100_480_12\b18274680e117122391b7b8fc0327340\Mask_TMAE_038.pt saved
2025-09-14 14:45:22,566 - easytorch-training - INFO - The estimated training finish time is 2025-09-14 15:08:34
2025-09-14 14:45:22,566 - easytorch-training - INFO - Epoch 39 / 100
2025-09-14 14:45:31,435 - easytorch-training - INFO - Result <train>: [train/time: 8.87 (s), train/lr: 1.00e-03, train/loss: 0.3909, train/MAE: 0.3909, train/MAPE: 1.1376, train/RMSE: 0.7162]
2025-09-14 14:45:31,436 - easytorch-training - INFO - Start validation.
2025-09-14 14:45:37,035 - easytorch-training - INFO - Result <val>: [val/time: 5.60 (s), val/loss: 0.3525, val/MAE: 0.3525, val/MAPE: 1.3104, val/RMSE: 0.6150]
2025-09-14 14:45:43,571 - easytorch-training - INFO - Result <test>: [test/time: 6.53 (s), test/loss: 0.0000, test/MAE: 0.4126, test/MAPE: 1.3970, test/RMSE: 0.7030]
2025-09-14 14:45:43,607 - easytorch-training - INFO - Checkpoint baselines\STDMAE\mask_save\Mask_TMAE\DanYangXinQu_3min_100_480_12\b18274680e117122391b7b8fc0327340\Mask_TMAE_039.pt saved
2025-09-14 14:45:43,608 - easytorch-training - INFO - The estimated training finish time is 2025-09-14 15:08:30
2025-09-14 14:45:43,608 - easytorch-training - INFO - Epoch 40 / 100
2025-09-14 14:45:52,661 - easytorch-training - INFO - Result <train>: [train/time: 9.05 (s), train/lr: 1.00e-03, train/loss: 0.3875, train/MAE: 0.3875, train/MAPE: 1.1165, train/RMSE: 0.7138]
2025-09-14 14:45:52,663 - easytorch-training - INFO - Start validation.
2025-09-14 14:45:58,190 - easytorch-training - INFO - Result <val>: [val/time: 5.53 (s), val/loss: 0.3938, val/MAE: 0.3938, val/MAPE: 1.4187, val/RMSE: 0.6477]
2025-09-14 14:46:04,196 - easytorch-training - INFO - Result <test>: [test/time: 6.00 (s), test/loss: 0.0000, test/MAE: 0.3915, test/MAPE: 1.4727, test/RMSE: 0.6726]
2025-09-14 14:46:04,216 - easytorch-training - INFO - Checkpoint baselines\STDMAE\mask_save\Mask_TMAE\DanYangXinQu_3min_100_480_12\b18274680e117122391b7b8fc0327340\Mask_TMAE_040.pt saved
2025-09-14 14:46:04,225 - easytorch-training - INFO - The estimated training finish time is 2025-09-14 15:08:26
2025-09-14 14:46:04,225 - easytorch-training - INFO - Epoch 41 / 100
2025-09-14 14:46:13,308 - easytorch-training - INFO - Result <train>: [train/time: 9.08 (s), train/lr: 1.00e-03, train/loss: 0.3886, train/MAE: 0.3886, train/MAPE: 1.1262, train/RMSE: 0.7135]
2025-09-14 14:46:13,310 - easytorch-training - INFO - Start validation.
2025-09-14 14:46:18,746 - easytorch-training - INFO - Result <val>: [val/time: 5.43 (s), val/loss: 0.3403, val/MAE: 0.3403, val/MAPE: 1.2772, val/RMSE: 0.5867]
2025-09-14 14:46:18,766 - easytorch-training - INFO - Checkpoint baselines\STDMAE\mask_save\Mask_TMAE\DanYangXinQu_3min_100_480_12\b18274680e117122391b7b8fc0327340\Mask_TMAE_best_val_MAE.pt saved
2025-09-14 14:46:24,812 - easytorch-training - INFO - Result <test>: [test/time: 6.04 (s), test/loss: 0.0000, test/MAE: 0.4101, test/MAPE: 1.5220, test/RMSE: 0.7013]
2025-09-14 14:46:24,833 - easytorch-training - INFO - Checkpoint baselines\STDMAE\mask_save\Mask_TMAE\DanYangXinQu_3min_100_480_12\b18274680e117122391b7b8fc0327340\Mask_TMAE_041.pt saved
2025-09-14 14:46:24,833 - easytorch-training - INFO - The estimated training finish time is 2025-09-14 15:08:22
2025-09-14 14:46:24,833 - easytorch-training - INFO - Epoch 42 / 100
2025-09-14 14:46:33,472 - easytorch-training - INFO - Result <train>: [train/time: 8.64 (s), train/lr: 1.00e-03, train/loss: 0.3885, train/MAE: 0.3885, train/MAPE: 1.1268, train/RMSE: 0.7132]
2025-09-14 14:46:33,473 - easytorch-training - INFO - Start validation.
2025-09-14 14:46:38,932 - easytorch-training - INFO - Result <val>: [val/time: 5.46 (s), val/loss: 0.3711, val/MAE: 0.3711, val/MAPE: 1.3594, val/RMSE: 0.6149]
2025-09-14 14:46:44,948 - easytorch-training - INFO - Result <test>: [test/time: 6.01 (s), test/loss: 0.0000, test/MAE: 0.4176, test/MAPE: 1.4920, test/RMSE: 0.7002]
2025-09-14 14:46:44,974 - easytorch-training - INFO - Checkpoint baselines\STDMAE\mask_save\Mask_TMAE\DanYangXinQu_3min_100_480_12\b18274680e117122391b7b8fc0327340\Mask_TMAE_042.pt saved
2025-09-14 14:46:44,975 - easytorch-training - INFO - The estimated training finish time is 2025-09-14 15:08:16
2025-09-14 14:46:44,975 - easytorch-training - INFO - Epoch 43 / 100
2025-09-14 14:46:54,460 - easytorch-training - INFO - Result <train>: [train/time: 9.49 (s), train/lr: 1.00e-03, train/loss: 0.3867, train/MAE: 0.3867, train/MAPE: 1.1194, train/RMSE: 0.7115]
2025-09-14 14:46:54,462 - easytorch-training - INFO - Start validation.
2025-09-14 14:46:59,904 - easytorch-training - INFO - Result <val>: [val/time: 5.44 (s), val/loss: 0.3673, val/MAE: 0.3673, val/MAPE: 1.3456, val/RMSE: 0.6226]
2025-09-14 14:47:06,069 - easytorch-training - INFO - Result <test>: [test/time: 6.16 (s), test/loss: 0.0000, test/MAE: 0.3806, test/MAPE: 1.4370, test/RMSE: 0.6688]
2025-09-14 14:47:06,103 - easytorch-training - INFO - Checkpoint baselines\STDMAE\mask_save\Mask_TMAE\DanYangXinQu_3min_100_480_12\b18274680e117122391b7b8fc0327340\Mask_TMAE_043.pt saved
2025-09-14 14:47:06,103 - easytorch-training - INFO - The estimated training finish time is 2025-09-14 15:08:14
2025-09-14 14:47:06,103 - easytorch-training - INFO - Epoch 44 / 100
2025-09-14 14:47:18,073 - easytorch-training - INFO - Result <train>: [train/time: 11.97 (s), train/lr: 1.00e-03, train/loss: 0.3887, train/MAE: 0.3887, train/MAPE: 1.1276, train/RMSE: 0.7140]
2025-09-14 14:47:18,075 - easytorch-training - INFO - Start validation.
2025-09-14 14:47:23,925 - easytorch-training - INFO - Result <val>: [val/time: 5.85 (s), val/loss: 0.3955, val/MAE: 0.3955, val/MAPE: 1.4985, val/RMSE: 0.6616]
2025-09-14 14:47:30,114 - easytorch-training - INFO - Result <test>: [test/time: 6.19 (s), test/loss: 0.0000, test/MAE: 0.3872, test/MAPE: 1.4642, test/RMSE: 0.6736]
2025-09-14 14:47:30,136 - easytorch-training - INFO - Checkpoint baselines\STDMAE\mask_save\Mask_TMAE\DanYangXinQu_3min_100_480_12\b18274680e117122391b7b8fc0327340\Mask_TMAE_044.pt saved
2025-09-14 14:47:30,136 - easytorch-training - INFO - The estimated training finish time is 2025-09-14 15:08:18
2025-09-14 14:47:30,136 - easytorch-training - INFO - Epoch 45 / 100
2025-09-14 14:47:41,911 - easytorch-training - INFO - Result <train>: [train/time: 11.77 (s), train/lr: 1.00e-03, train/loss: 0.3842, train/MAE: 0.3842, train/MAPE: 1.1115, train/RMSE: 0.7109]
2025-09-14 14:47:41,913 - easytorch-training - INFO - Start validation.
2025-09-14 14:47:47,896 - easytorch-training - INFO - Result <val>: [val/time: 5.98 (s), val/loss: 0.3479, val/MAE: 0.3479, val/MAPE: 1.1784, val/RMSE: 0.6014]
2025-09-14 14:47:53,553 - easytorch-training - INFO - Result <test>: [test/time: 5.66 (s), test/loss: 0.0000, test/MAE: 0.4127, test/MAPE: 1.5049, test/RMSE: 0.7091]
2025-09-14 14:47:53,585 - easytorch-training - INFO - Checkpoint baselines\STDMAE\mask_save\Mask_TMAE\DanYangXinQu_3min_100_480_12\b18274680e117122391b7b8fc0327340\Mask_TMAE_045.pt saved
2025-09-14 14:47:53,585 - easytorch-training - INFO - The estimated training finish time is 2025-09-14 15:08:20
2025-09-14 14:47:53,585 - easytorch-training - INFO - Epoch 46 / 100
2025-09-14 14:48:06,420 - easytorch-training - INFO - Result <train>: [train/time: 12.83 (s), train/lr: 1.00e-03, train/loss: 0.3882, train/MAE: 0.3882, train/MAPE: 1.1233, train/RMSE: 0.7159]
2025-09-14 14:48:06,422 - easytorch-training - INFO - Start validation.
2025-09-14 14:48:12,062 - easytorch-training - INFO - Result <val>: [val/time: 5.64 (s), val/loss: 0.3852, val/MAE: 0.3852, val/MAPE: 1.2476, val/RMSE: 0.6550]
2025-09-14 14:48:18,062 - easytorch-training - INFO - Result <test>: [test/time: 6.00 (s), test/loss: 0.0000, test/MAE: 0.4015, test/MAPE: 1.4235, test/RMSE: 0.6999]
2025-09-14 14:48:18,086 - easytorch-training - INFO - Checkpoint baselines\STDMAE\mask_save\Mask_TMAE\DanYangXinQu_3min_100_480_12\b18274680e117122391b7b8fc0327340\Mask_TMAE_046.pt saved
2025-09-14 14:48:18,086 - easytorch-training - INFO - The estimated training finish time is 2025-09-14 15:08:25
2025-09-14 14:48:18,086 - easytorch-training - INFO - Epoch 47 / 100
2025-09-14 14:48:33,253 - easytorch-training - INFO - Result <train>: [train/time: 15.17 (s), train/lr: 1.00e-03, train/loss: 0.3863, train/MAE: 0.3863, train/MAPE: 1.1171, train/RMSE: 0.7126]
2025-09-14 14:48:33,257 - easytorch-training - INFO - Start validation.
2025-09-14 14:48:38,746 - easytorch-training - INFO - Result <val>: [val/time: 5.49 (s), val/loss: 0.3414, val/MAE: 0.3414, val/MAPE: 1.2309, val/RMSE: 0.5905]
2025-09-14 14:48:44,495 - easytorch-training - INFO - Result <test>: [test/time: 5.75 (s), test/loss: 0.0000, test/MAE: 0.4055, test/MAPE: 1.4658, test/RMSE: 0.6926]
2025-09-14 14:48:44,515 - easytorch-training - INFO - Checkpoint baselines\STDMAE\mask_save\Mask_TMAE\DanYangXinQu_3min_100_480_12\b18274680e117122391b7b8fc0327340\Mask_TMAE_047.pt saved
2025-09-14 14:48:44,515 - easytorch-training - INFO - The estimated training finish time is 2025-09-14 15:08:34
2025-09-14 14:48:44,515 - easytorch-training - INFO - Epoch 48 / 100
2025-09-14 14:48:58,168 - easytorch-training - INFO - Result <train>: [train/time: 13.65 (s), train/lr: 1.00e-03, train/loss: 0.3860, train/MAE: 0.3860, train/MAPE: 1.1188, train/RMSE: 0.7118]
2025-09-14 14:48:58,170 - easytorch-training - INFO - Start validation.
2025-09-14 14:49:03,802 - easytorch-training - INFO - Result <val>: [val/time: 5.63 (s), val/loss: 0.3443, val/MAE: 0.3443, val/MAPE: 1.3245, val/RMSE: 0.5870]
2025-09-14 14:49:09,422 - easytorch-training - INFO - Result <test>: [test/time: 5.62 (s), test/loss: 0.0000, test/MAE: 0.4083, test/MAPE: 1.5665, test/RMSE: 0.6975]
2025-09-14 14:49:09,444 - easytorch-training - INFO - Checkpoint baselines\STDMAE\mask_save\Mask_TMAE\DanYangXinQu_3min_100_480_12\b18274680e117122391b7b8fc0327340\Mask_TMAE_048.pt saved
2025-09-14 14:49:09,444 - easytorch-training - INFO - The estimated training finish time is 2025-09-14 15:08:39
2025-09-14 14:49:09,444 - easytorch-training - INFO - Epoch 49 / 100
2025-09-14 14:49:18,505 - easytorch-training - INFO - Result <train>: [train/time: 9.06 (s), train/lr: 1.00e-03, train/loss: 0.3848, train/MAE: 0.3848, train/MAPE: 1.1110, train/RMSE: 0.7104]
2025-09-14 14:49:18,508 - easytorch-training - INFO - Start validation.
2025-09-14 14:49:24,885 - easytorch-training - INFO - Result <val>: [val/time: 6.38 (s), val/loss: 0.3587, val/MAE: 0.3587, val/MAPE: 1.2760, val/RMSE: 0.6182]
2025-09-14 14:49:30,869 - easytorch-training - INFO - Result <test>: [test/time: 5.98 (s), test/loss: 0.0000, test/MAE: 0.4009, test/MAPE: 1.5177, test/RMSE: 0.6910]
2025-09-14 14:49:30,891 - easytorch-training - INFO - Checkpoint baselines\STDMAE\mask_save\Mask_TMAE\DanYangXinQu_3min_100_480_12\b18274680e117122391b7b8fc0327340\Mask_TMAE_049.pt saved
2025-09-14 14:49:30,891 - easytorch-training - INFO - The estimated training finish time is 2025-09-14 15:08:37
2025-09-14 14:49:30,891 - easytorch-training - INFO - Epoch 50 / 100
2025-09-14 14:49:40,612 - easytorch-training - INFO - Result <train>: [train/time: 9.72 (s), train/lr: 1.00e-03, train/loss: 0.3841, train/MAE: 0.3841, train/MAPE: 1.1127, train/RMSE: 0.7093]
2025-09-14 14:49:40,613 - easytorch-training - INFO - Start validation.
2025-09-14 14:49:46,895 - easytorch-training - INFO - Result <val>: [val/time: 6.28 (s), val/loss: 0.3758, val/MAE: 0.3758, val/MAPE: 1.3731, val/RMSE: 0.6333]
2025-09-14 14:49:53,022 - easytorch-training - INFO - Result <test>: [test/time: 6.13 (s), test/loss: 0.0000, test/MAE: 0.3832, test/MAPE: 1.4314, test/RMSE: 0.6719]
2025-09-14 14:49:53,047 - easytorch-training - INFO - Checkpoint baselines\STDMAE\mask_save\Mask_TMAE\DanYangXinQu_3min_100_480_12\b18274680e117122391b7b8fc0327340\Mask_TMAE_050.pt saved
2025-09-14 14:49:53,058 - easytorch-training - INFO - The estimated training finish time is 2025-09-14 15:08:36
2025-09-14 14:49:53,058 - easytorch-training - INFO - Epoch 51 / 100
2025-09-14 14:50:01,994 - easytorch-training - INFO - Result <train>: [train/time: 8.94 (s), train/lr: 5.00e-04, train/loss: 0.3825, train/MAE: 0.3825, train/MAPE: 1.1066, train/RMSE: 0.7094]
2025-09-14 14:50:01,996 - easytorch-training - INFO - Start validation.
2025-09-14 14:50:07,711 - easytorch-training - INFO - Result <val>: [val/time: 5.72 (s), val/loss: 0.3661, val/MAE: 0.3661, val/MAPE: 1.3217, val/RMSE: 0.6202]
2025-09-14 14:50:14,489 - easytorch-training - INFO - Result <test>: [test/time: 6.78 (s), test/loss: 0.0000, test/MAE: 0.4132, test/MAPE: 1.5639, test/RMSE: 0.6933]
2025-09-14 14:50:14,521 - easytorch-training - INFO - Checkpoint baselines\STDMAE\mask_save\Mask_TMAE\DanYangXinQu_3min_100_480_12\b18274680e117122391b7b8fc0327340\Mask_TMAE_051.pt saved
2025-09-14 14:50:14,521 - easytorch-training - INFO - The estimated training finish time is 2025-09-14 15:08:34
2025-09-14 14:50:14,521 - easytorch-training - INFO - Epoch 52 / 100
2025-09-14 14:50:23,300 - easytorch-training - INFO - Result <train>: [train/time: 8.78 (s), train/lr: 5.00e-04, train/loss: 0.3828, train/MAE: 0.3828, train/MAPE: 1.1031, train/RMSE: 0.7100]
2025-09-14 14:50:23,301 - easytorch-training - INFO - Start validation.
2025-09-14 14:50:28,730 - easytorch-training - INFO - Result <val>: [val/time: 5.43 (s), val/loss: 0.3617, val/MAE: 0.3617, val/MAPE: 1.3112, val/RMSE: 0.6189]
2025-09-14 14:50:35,402 - easytorch-training - INFO - Result <test>: [test/time: 6.67 (s), test/loss: 0.0000, test/MAE: 0.4057, test/MAPE: 1.4886, test/RMSE: 0.6967]
2025-09-14 14:50:35,431 - easytorch-training - INFO - Checkpoint baselines\STDMAE\mask_save\Mask_TMAE\DanYangXinQu_3min_100_480_12\b18274680e117122391b7b8fc0327340\Mask_TMAE_052.pt saved
2025-09-14 14:50:35,431 - easytorch-training - INFO - The estimated training finish time is 2025-09-14 15:08:31
2025-09-14 14:50:35,431 - easytorch-training - INFO - Epoch 53 / 100
2025-09-14 14:50:44,087 - easytorch-training - INFO - Result <train>: [train/time: 8.66 (s), train/lr: 5.00e-04, train/loss: 0.3809, train/MAE: 0.3809, train/MAPE: 1.0994, train/RMSE: 0.7078]
2025-09-14 14:50:44,088 - easytorch-training - INFO - Start validation.
2025-09-14 14:50:49,578 - easytorch-training - INFO - Result <val>: [val/time: 5.49 (s), val/loss: 0.3370, val/MAE: 0.3370, val/MAPE: 1.2173, val/RMSE: 0.5922]
2025-09-14 14:50:49,608 - easytorch-training - INFO - Checkpoint baselines\STDMAE\mask_save\Mask_TMAE\DanYangXinQu_3min_100_480_12\b18274680e117122391b7b8fc0327340\Mask_TMAE_best_val_MAE.pt saved
2025-09-14 14:50:56,305 - easytorch-training - INFO - Result <test>: [test/time: 6.70 (s), test/loss: 0.0000, test/MAE: 0.3971, test/MAPE: 1.4540, test/RMSE: 0.6943]
2025-09-14 14:50:56,335 - easytorch-training - INFO - Checkpoint baselines\STDMAE\mask_save\Mask_TMAE\DanYangXinQu_3min_100_480_12\b18274680e117122391b7b8fc0327340\Mask_TMAE_053.pt saved
2025-09-14 14:50:56,335 - easytorch-training - INFO - The estimated training finish time is 2025-09-14 15:08:28
2025-09-14 14:50:56,335 - easytorch-training - INFO - Epoch 54 / 100
2025-09-14 14:51:05,202 - easytorch-training - INFO - Result <train>: [train/time: 8.87 (s), train/lr: 5.00e-04, train/loss: 0.3807, train/MAE: 0.3807, train/MAPE: 1.0930, train/RMSE: 0.7069]
2025-09-14 14:51:05,203 - easytorch-training - INFO - Start validation.
2025-09-14 14:51:10,690 - easytorch-training - INFO - Result <val>: [val/time: 5.49 (s), val/loss: 0.3955, val/MAE: 0.3955, val/MAPE: 1.4355, val/RMSE: 0.6574]
2025-09-14 14:51:17,405 - easytorch-training - INFO - Result <test>: [test/time: 6.71 (s), test/loss: 0.0000, test/MAE: 0.3950, test/MAPE: 1.4648, test/RMSE: 0.6789]
2025-09-14 14:51:17,441 - easytorch-training - INFO - Checkpoint baselines\STDMAE\mask_save\Mask_TMAE\DanYangXinQu_3min_100_480_12\b18274680e117122391b7b8fc0327340\Mask_TMAE_054.pt saved
2025-09-14 14:51:17,441 - easytorch-training - INFO - The estimated training finish time is 2025-09-14 15:08:26
2025-09-14 14:51:17,441 - easytorch-training - INFO - Epoch 55 / 100
2025-09-14 14:51:26,624 - easytorch-training - INFO - Result <train>: [train/time: 9.18 (s), train/lr: 5.00e-04, train/loss: 0.3815, train/MAE: 0.3815, train/MAPE: 1.1041, train/RMSE: 0.7074]
2025-09-14 14:51:26,625 - easytorch-training - INFO - Start validation.
2025-09-14 14:51:32,617 - easytorch-training - INFO - Result <val>: [val/time: 5.99 (s), val/loss: 0.3847, val/MAE: 0.3847, val/MAPE: 1.4221, val/RMSE: 0.6510]
2025-09-14 14:51:38,868 - easytorch-training - INFO - Result <test>: [test/time: 6.25 (s), test/loss: 0.0000, test/MAE: 0.4062, test/MAPE: 1.5428, test/RMSE: 0.6937]
2025-09-14 14:51:38,901 - easytorch-training - INFO - Checkpoint baselines\STDMAE\mask_save\Mask_TMAE\DanYangXinQu_3min_100_480_12\b18274680e117122391b7b8fc0327340\Mask_TMAE_055.pt saved
2025-09-14 14:51:38,901 - easytorch-training - INFO - The estimated training finish time is 2025-09-14 15:08:24
2025-09-14 14:51:38,901 - easytorch-training - INFO - Epoch 56 / 100
2025-09-14 14:51:48,254 - easytorch-training - INFO - Result <train>: [train/time: 9.35 (s), train/lr: 5.00e-04, train/loss: 0.3815, train/MAE: 0.3815, train/MAPE: 1.1030, train/RMSE: 0.7079]
2025-09-14 14:51:48,255 - easytorch-training - INFO - Start validation.
2025-09-14 14:51:53,702 - easytorch-training - INFO - Result <val>: [val/time: 5.45 (s), val/loss: 0.3513, val/MAE: 0.3513, val/MAPE: 1.2742, val/RMSE: 0.5974]
2025-09-14 14:52:00,199 - easytorch-training - INFO - Result <test>: [test/time: 6.50 (s), test/loss: 0.0000, test/MAE: 0.4142, test/MAPE: 1.5659, test/RMSE: 0.6966]
2025-09-14 14:52:00,228 - easytorch-training - INFO - Checkpoint baselines\STDMAE\mask_save\Mask_TMAE\DanYangXinQu_3min_100_480_12\b18274680e117122391b7b8fc0327340\Mask_TMAE_056.pt saved
2025-09-14 14:52:00,228 - easytorch-training - INFO - The estimated training finish time is 2025-09-14 15:08:22
2025-09-14 14:52:00,228 - easytorch-training - INFO - Epoch 57 / 100
2025-09-14 14:52:09,591 - easytorch-training - INFO - Result <train>: [train/time: 9.36 (s), train/lr: 5.00e-04, train/loss: 0.3814, train/MAE: 0.3814, train/MAPE: 1.0975, train/RMSE: 0.7084]
2025-09-14 14:52:09,592 - easytorch-training - INFO - Start validation.
2025-09-14 14:52:15,131 - easytorch-training - INFO - Result <val>: [val/time: 5.54 (s), val/loss: 0.3905, val/MAE: 0.3905, val/MAPE: 1.4161, val/RMSE: 0.6643]
2025-09-14 14:52:21,541 - easytorch-training - INFO - Result <test>: [test/time: 6.41 (s), test/loss: 0.0000, test/MAE: 0.3877, test/MAPE: 1.4119, test/RMSE: 0.6747]
2025-09-14 14:52:21,561 - easytorch-training - INFO - Checkpoint baselines\STDMAE\mask_save\Mask_TMAE\DanYangXinQu_3min_100_480_12\b18274680e117122391b7b8fc0327340\Mask_TMAE_057.pt saved
2025-09-14 14:52:21,561 - easytorch-training - INFO - The estimated training finish time is 2025-09-14 15:08:21
2025-09-14 14:52:21,561 - easytorch-training - INFO - Epoch 58 / 100
2025-09-14 14:52:31,187 - easytorch-training - INFO - Result <train>: [train/time: 9.63 (s), train/lr: 5.00e-04, train/loss: 0.3810, train/MAE: 0.3810, train/MAPE: 1.1000, train/RMSE: 0.7081]
2025-09-14 14:52:31,190 - easytorch-training - INFO - Start validation.
2025-09-14 14:52:36,826 - easytorch-training - INFO - Result <val>: [val/time: 5.64 (s), val/loss: 0.3528, val/MAE: 0.3528, val/MAPE: 1.2793, val/RMSE: 0.6070]
2025-09-14 14:52:42,761 - easytorch-training - INFO - Result <test>: [test/time: 5.93 (s), test/loss: 0.0000, test/MAE: 0.3939, test/MAPE: 1.5117, test/RMSE: 0.6845]
2025-09-14 14:52:42,783 - easytorch-training - INFO - Checkpoint baselines\STDMAE\mask_save\Mask_TMAE\DanYangXinQu_3min_100_480_12\b18274680e117122391b7b8fc0327340\Mask_TMAE_058.pt saved
2025-09-14 14:52:42,783 - easytorch-training - INFO - The estimated training finish time is 2025-09-14 15:08:19
2025-09-14 14:52:42,783 - easytorch-training - INFO - Epoch 59 / 100
2025-09-14 14:52:53,026 - easytorch-training - INFO - Result <train>: [train/time: 10.24 (s), train/lr: 5.00e-04, train/loss: 0.3801, train/MAE: 0.3801, train/MAPE: 1.0941, train/RMSE: 0.7071]
2025-09-14 14:52:53,027 - easytorch-training - INFO - Start validation.
2025-09-14 14:52:58,675 - easytorch-training - INFO - Result <val>: [val/time: 5.65 (s), val/loss: 0.3743, val/MAE: 0.3743, val/MAPE: 1.3907, val/RMSE: 0.6264]
2025-09-14 14:53:04,516 - easytorch-training - INFO - Result <test>: [test/time: 5.84 (s), test/loss: 0.0000, test/MAE: 0.4061, test/MAPE: 1.5676, test/RMSE: 0.6995]
2025-09-14 14:53:04,539 - easytorch-training - INFO - Checkpoint baselines\STDMAE\mask_save\Mask_TMAE\DanYangXinQu_3min_100_480_12\b18274680e117122391b7b8fc0327340\Mask_TMAE_059.pt saved
2025-09-14 14:53:04,539 - easytorch-training - INFO - The estimated training finish time is 2025-09-14 15:08:18
2025-09-14 14:53:04,539 - easytorch-training - INFO - Epoch 60 / 100
2025-09-14 14:53:15,057 - easytorch-training - INFO - Result <train>: [train/time: 10.52 (s), train/lr: 5.00e-04, train/loss: 0.3799, train/MAE: 0.3799, train/MAPE: 1.0946, train/RMSE: 0.7079]
2025-09-14 14:53:15,058 - easytorch-training - INFO - Start validation.
2025-09-14 14:53:21,041 - easytorch-training - INFO - Result <val>: [val/time: 5.98 (s), val/loss: 0.3795, val/MAE: 0.3795, val/MAPE: 1.3247, val/RMSE: 0.6459]
2025-09-14 14:53:26,659 - easytorch-training - INFO - Result <test>: [test/time: 5.62 (s), test/loss: 0.0000, test/MAE: 0.3859, test/MAPE: 1.4207, test/RMSE: 0.6700]
2025-09-14 14:53:26,694 - easytorch-training - INFO - Checkpoint baselines\STDMAE\mask_save\Mask_TMAE\DanYangXinQu_3min_100_480_12\b18274680e117122391b7b8fc0327340\Mask_TMAE_060.pt saved
2025-09-14 14:53:26,703 - easytorch-training - INFO - The estimated training finish time is 2025-09-14 15:08:18
2025-09-14 14:53:26,703 - easytorch-training - INFO - Epoch 61 / 100
2025-09-14 14:53:37,691 - easytorch-training - INFO - Result <train>: [train/time: 10.99 (s), train/lr: 5.00e-04, train/loss: 0.3788, train/MAE: 0.3788, train/MAPE: 1.0889, train/RMSE: 0.7052]
2025-09-14 14:53:37,692 - easytorch-training - INFO - Start validation.
2025-09-14 14:53:43,332 - easytorch-training - INFO - Result <val>: [val/time: 5.64 (s), val/loss: 0.3655, val/MAE: 0.3655, val/MAPE: 1.3441, val/RMSE: 0.6240]
2025-09-14 14:53:48,936 - easytorch-training - INFO - Result <test>: [test/time: 5.60 (s), test/loss: 0.0000, test/MAE: 0.4309, test/MAPE: 1.6260, test/RMSE: 0.7208]
2025-09-14 14:53:48,958 - easytorch-training - INFO - Checkpoint baselines\STDMAE\mask_save\Mask_TMAE\DanYangXinQu_3min_100_480_12\b18274680e117122391b7b8fc0327340\Mask_TMAE_061.pt saved
2025-09-14 14:53:48,958 - easytorch-training - INFO - The estimated training finish time is 2025-09-14 15:08:18
2025-09-14 14:53:48,958 - easytorch-training - INFO - Epoch 62 / 100
2025-09-14 14:54:02,225 - easytorch-training - INFO - Result <train>: [train/time: 13.27 (s), train/lr: 5.00e-04, train/loss: 0.3805, train/MAE: 0.3805, train/MAPE: 1.1035, train/RMSE: 0.7066]
2025-09-14 14:54:02,228 - easytorch-training - INFO - Start validation.
2025-09-14 14:54:07,978 - easytorch-training - INFO - Result <val>: [val/time: 5.75 (s), val/loss: 0.3572, val/MAE: 0.3572, val/MAPE: 1.2982, val/RMSE: 0.6210]
2025-09-14 14:54:14,020 - easytorch-training - INFO - Result <test>: [test/time: 6.04 (s), test/loss: 0.0000, test/MAE: 0.3958, test/MAPE: 1.4524, test/RMSE: 0.6925]
2025-09-14 14:54:14,041 - easytorch-training - INFO - Checkpoint baselines\STDMAE\mask_save\Mask_TMAE\DanYangXinQu_3min_100_480_12\b18274680e117122391b7b8fc0327340\Mask_TMAE_062.pt saved
2025-09-14 14:54:14,041 - easytorch-training - INFO - The estimated training finish time is 2025-09-14 15:08:22
2025-09-14 14:54:14,041 - easytorch-training - INFO - Epoch 63 / 100
2025-09-14 14:54:29,746 - easytorch-training - INFO - Result <train>: [train/time: 15.70 (s), train/lr: 5.00e-04, train/loss: 0.3790, train/MAE: 0.3790, train/MAPE: 1.0936, train/RMSE: 0.7048]
2025-09-14 14:54:29,747 - easytorch-training - INFO - Start validation.
2025-09-14 14:54:35,622 - easytorch-training - INFO - Result <val>: [val/time: 5.87 (s), val/loss: 0.3628, val/MAE: 0.3628, val/MAPE: 1.2968, val/RMSE: 0.6180]
2025-09-14 14:54:41,362 - easytorch-training - INFO - Result <test>: [test/time: 5.74 (s), test/loss: 0.0000, test/MAE: 0.4069, test/MAPE: 1.5416, test/RMSE: 0.7036]
2025-09-14 14:54:41,382 - easytorch-training - INFO - Checkpoint baselines\STDMAE\mask_save\Mask_TMAE\DanYangXinQu_3min_100_480_12\b18274680e117122391b7b8fc0327340\Mask_TMAE_063.pt saved
2025-09-14 14:54:41,382 - easytorch-training - INFO - The estimated training finish time is 2025-09-14 15:08:30
2025-09-14 14:54:41,382 - easytorch-training - INFO - Epoch 64 / 100
2025-09-14 14:54:52,286 - easytorch-training - INFO - Result <train>: [train/time: 10.90 (s), train/lr: 5.00e-04, train/loss: 0.3795, train/MAE: 0.3795, train/MAPE: 1.0915, train/RMSE: 0.7064]
2025-09-14 14:54:52,288 - easytorch-training - INFO - Start validation.
2025-09-14 14:54:58,641 - easytorch-training - INFO - Result <val>: [val/time: 6.35 (s), val/loss: 0.3754, val/MAE: 0.3754, val/MAPE: 1.3078, val/RMSE: 0.6388]
2025-09-14 14:55:04,386 - easytorch-training - INFO - Result <test>: [test/time: 5.74 (s), test/loss: 0.0000, test/MAE: 0.3831, test/MAPE: 1.4216, test/RMSE: 0.6730]
2025-09-14 14:55:04,406 - easytorch-training - INFO - Checkpoint baselines\STDMAE\mask_save\Mask_TMAE\DanYangXinQu_3min_100_480_12\b18274680e117122391b7b8fc0327340\Mask_TMAE_064.pt saved
2025-09-14 14:55:04,406 - easytorch-training - INFO - The estimated training finish time is 2025-09-14 15:08:31
2025-09-14 14:55:04,406 - easytorch-training - INFO - Epoch 65 / 100
2025-09-14 14:55:12,972 - easytorch-training - INFO - Result <train>: [train/time: 8.57 (s), train/lr: 5.00e-04, train/loss: 0.3801, train/MAE: 0.3801, train/MAPE: 1.1022, train/RMSE: 0.7067]
2025-09-14 14:55:12,973 - easytorch-training - INFO - Start validation.
2025-09-14 14:55:19,574 - easytorch-training - INFO - Result <val>: [val/time: 6.60 (s), val/loss: 0.3528, val/MAE: 0.3528, val/MAPE: 1.2465, val/RMSE: 0.6125]
2025-09-14 14:55:25,759 - easytorch-training - INFO - Result <test>: [test/time: 6.18 (s), test/loss: 0.0000, test/MAE: 0.3909, test/MAPE: 1.4303, test/RMSE: 0.6761]
2025-09-14 14:55:25,779 - easytorch-training - INFO - Checkpoint baselines\STDMAE\mask_save\Mask_TMAE\DanYangXinQu_3min_100_480_12\b18274680e117122391b7b8fc0327340\Mask_TMAE_065.pt saved
2025-09-14 14:55:25,779 - easytorch-training - INFO - The estimated training finish time is 2025-09-14 15:08:29
2025-09-14 14:55:25,779 - easytorch-training - INFO - Epoch 66 / 100
2025-09-14 14:55:34,993 - easytorch-training - INFO - Result <train>: [train/time: 9.21 (s), train/lr: 5.00e-04, train/loss: 0.3814, train/MAE: 0.3814, train/MAPE: 1.1010, train/RMSE: 0.7081]
2025-09-14 14:55:34,994 - easytorch-training - INFO - Start validation.
2025-09-14 14:55:41,079 - easytorch-training - INFO - Result <val>: [val/time: 6.08 (s), val/loss: 0.3938, val/MAE: 0.3938, val/MAPE: 1.3991, val/RMSE: 0.6505]
2025-09-14 14:55:47,664 - easytorch-training - INFO - Result <test>: [test/time: 6.58 (s), test/loss: 0.0000, test/MAE: 0.4007, test/MAPE: 1.4650, test/RMSE: 0.6889]
2025-09-14 14:55:47,684 - easytorch-training - INFO - Checkpoint baselines\STDMAE\mask_save\Mask_TMAE\DanYangXinQu_3min_100_480_12\b18274680e117122391b7b8fc0327340\Mask_TMAE_066.pt saved
2025-09-14 14:55:47,684 - easytorch-training - INFO - The estimated training finish time is 2025-09-14 15:08:29
2025-09-14 14:55:47,684 - easytorch-training - INFO - Epoch 67 / 100
2025-09-14 14:55:56,624 - easytorch-training - INFO - Result <train>: [train/time: 8.94 (s), train/lr: 5.00e-04, train/loss: 0.3785, train/MAE: 0.3785, train/MAPE: 1.0873, train/RMSE: 0.7072]
2025-09-14 14:55:56,625 - easytorch-training - INFO - Start validation.
2025-09-14 14:56:02,280 - easytorch-training - INFO - Result <val>: [val/time: 5.65 (s), val/loss: 0.3369, val/MAE: 0.3369, val/MAPE: 1.1642, val/RMSE: 0.5958]
2025-09-14 14:56:02,319 - easytorch-training - INFO - Checkpoint baselines\STDMAE\mask_save\Mask_TMAE\DanYangXinQu_3min_100_480_12\b18274680e117122391b7b8fc0327340\Mask_TMAE_best_val_MAE.pt saved
2025-09-14 14:56:09,548 - easytorch-training - INFO - Result <test>: [test/time: 7.23 (s), test/loss: 0.0000, test/MAE: 0.3974, test/MAPE: 1.4917, test/RMSE: 0.6953]
2025-09-14 14:56:09,567 - easytorch-training - INFO - Checkpoint baselines\STDMAE\mask_save\Mask_TMAE\DanYangXinQu_3min_100_480_12\b18274680e117122391b7b8fc0327340\Mask_TMAE_067.pt saved
2025-09-14 14:56:09,567 - easytorch-training - INFO - The estimated training finish time is 2025-09-14 15:08:28
2025-09-14 14:56:09,567 - easytorch-training - INFO - Epoch 68 / 100
2025-09-14 14:56:18,201 - easytorch-training - INFO - Result <train>: [train/time: 8.63 (s), train/lr: 5.00e-04, train/loss: 0.3782, train/MAE: 0.3782, train/MAPE: 1.0883, train/RMSE: 0.7054]
2025-09-14 14:56:18,203 - easytorch-training - INFO - Start validation.
2025-09-14 14:56:23,689 - easytorch-training - INFO - Result <val>: [val/time: 5.49 (s), val/loss: 0.3664, val/MAE: 0.3664, val/MAPE: 1.2877, val/RMSE: 0.6298]
2025-09-14 14:56:30,870 - easytorch-training - INFO - Result <test>: [test/time: 7.18 (s), test/loss: 0.0000, test/MAE: 0.3742, test/MAPE: 1.3733, test/RMSE: 0.6747]
2025-09-14 14:56:30,895 - easytorch-training - INFO - Checkpoint baselines\STDMAE\mask_save\Mask_TMAE\DanYangXinQu_3min_100_480_12\b18274680e117122391b7b8fc0327340\Mask_TMAE_068.pt saved
2025-09-14 14:56:30,895 - easytorch-training - INFO - The estimated training finish time is 2025-09-14 15:08:26
2025-09-14 14:56:30,896 - easytorch-training - INFO - Epoch 69 / 100
2025-09-14 14:56:39,975 - easytorch-training - INFO - Result <train>: [train/time: 9.08 (s), train/lr: 5.00e-04, train/loss: 0.3793, train/MAE: 0.3793, train/MAPE: 1.0949, train/RMSE: 0.7073]
2025-09-14 14:56:39,976 - easytorch-training - INFO - Start validation.
2025-09-14 14:56:45,446 - easytorch-training - INFO - Result <val>: [val/time: 5.47 (s), val/loss: 0.3637, val/MAE: 0.3637, val/MAPE: 1.2836, val/RMSE: 0.6213]
2025-09-14 14:56:52,598 - easytorch-training - INFO - Result <test>: [test/time: 7.15 (s), test/loss: 0.0000, test/MAE: 0.3798, test/MAPE: 1.3611, test/RMSE: 0.6651]
2025-09-14 14:56:52,620 - easytorch-training - INFO - Checkpoint baselines\STDMAE\mask_save\Mask_TMAE\DanYangXinQu_3min_100_480_12\b18274680e117122391b7b8fc0327340\Mask_TMAE_069.pt saved
2025-09-14 14:56:52,620 - easytorch-training - INFO - The estimated training finish time is 2025-09-14 15:08:25
2025-09-14 14:56:52,620 - easytorch-training - INFO - Epoch 70 / 100
2025-09-14 14:57:01,774 - easytorch-training - INFO - Result <train>: [train/time: 9.15 (s), train/lr: 5.00e-04, train/loss: 0.3793, train/MAE: 0.3793, train/MAPE: 1.0927, train/RMSE: 0.7065]
2025-09-14 14:57:01,775 - easytorch-training - INFO - Start validation.
2025-09-14 14:57:07,538 - easytorch-training - INFO - Result <val>: [val/time: 5.76 (s), val/loss: 0.3678, val/MAE: 0.3678, val/MAPE: 1.3625, val/RMSE: 0.6297]
2025-09-14 14:57:14,396 - easytorch-training - INFO - Result <test>: [test/time: 6.86 (s), test/loss: 0.0000, test/MAE: 0.4006, test/MAPE: 1.5507, test/RMSE: 0.6770]
2025-09-14 14:57:14,419 - easytorch-training - INFO - Checkpoint baselines\STDMAE\mask_save\Mask_TMAE\DanYangXinQu_3min_100_480_12\b18274680e117122391b7b8fc0327340\Mask_TMAE_070.pt saved
2025-09-14 14:57:14,425 - easytorch-training - INFO - The estimated training finish time is 2025-09-14 15:08:25
2025-09-14 14:57:14,425 - easytorch-training - INFO - Epoch 71 / 100
2025-09-14 14:57:23,908 - easytorch-training - INFO - Result <train>: [train/time: 9.48 (s), train/lr: 5.00e-04, train/loss: 0.3780, train/MAE: 0.3780, train/MAPE: 1.0915, train/RMSE: 0.7051]
2025-09-14 14:57:23,909 - easytorch-training - INFO - Start validation.
2025-09-14 14:57:29,705 - easytorch-training - INFO - Result <val>: [val/time: 5.80 (s), val/loss: 0.3451, val/MAE: 0.3451, val/MAPE: 1.2149, val/RMSE: 0.6018]
2025-09-14 14:57:36,539 - easytorch-training - INFO - Result <test>: [test/time: 6.83 (s), test/loss: 0.0000, test/MAE: 0.3909, test/MAPE: 1.4361, test/RMSE: 0.6802]
2025-09-14 14:57:36,579 - easytorch-training - INFO - Checkpoint baselines\STDMAE\mask_save\Mask_TMAE\DanYangXinQu_3min_100_480_12\b18274680e117122391b7b8fc0327340\Mask_TMAE_071.pt saved
2025-09-14 14:57:36,579 - easytorch-training - INFO - The estimated training finish time is 2025-09-14 15:08:24
2025-09-14 14:57:36,579 - easytorch-training - INFO - Epoch 72 / 100
2025-09-14 14:57:45,915 - easytorch-training - INFO - Result <train>: [train/time: 9.34 (s), train/lr: 5.00e-04, train/loss: 0.3760, train/MAE: 0.3760, train/MAPE: 1.0852, train/RMSE: 0.7050]
2025-09-14 14:57:45,916 - easytorch-training - INFO - Start validation.
2025-09-14 14:57:51,949 - easytorch-training - INFO - Result <val>: [val/time: 6.03 (s), val/loss: 0.3796, val/MAE: 0.3796, val/MAPE: 1.3348, val/RMSE: 0.6404]
2025-09-14 14:57:58,374 - easytorch-training - INFO - Result <test>: [test/time: 6.42 (s), test/loss: 0.0000, test/MAE: 0.3909, test/MAPE: 1.4898, test/RMSE: 0.6797]
2025-09-14 14:57:58,398 - easytorch-training - INFO - Checkpoint baselines\STDMAE\mask_save\Mask_TMAE\DanYangXinQu_3min_100_480_12\b18274680e117122391b7b8fc0327340\Mask_TMAE_072.pt saved
2025-09-14 14:57:58,398 - easytorch-training - INFO - The estimated training finish time is 2025-09-14 15:08:24
2025-09-14 14:57:58,398 - easytorch-training - INFO - Epoch 73 / 100
2025-09-14 14:58:08,204 - easytorch-training - INFO - Result <train>: [train/time: 9.81 (s), train/lr: 5.00e-04, train/loss: 0.3773, train/MAE: 0.3773, train/MAPE: 1.0878, train/RMSE: 0.7051]
2025-09-14 14:58:08,205 - easytorch-training - INFO - Start validation.
2025-09-14 14:58:13,987 - easytorch-training - INFO - Result <val>: [val/time: 5.78 (s), val/loss: 0.3936, val/MAE: 0.3936, val/MAPE: 1.4414, val/RMSE: 0.6597]
2025-09-14 14:58:20,426 - easytorch-training - INFO - Result <test>: [test/time: 6.44 (s), test/loss: 0.0000, test/MAE: 0.3960, test/MAPE: 1.4693, test/RMSE: 0.6898]
2025-09-14 14:58:20,447 - easytorch-training - INFO - Checkpoint baselines\STDMAE\mask_save\Mask_TMAE\DanYangXinQu_3min_100_480_12\b18274680e117122391b7b8fc0327340\Mask_TMAE_073.pt saved
2025-09-14 14:58:20,447 - easytorch-training - INFO - The estimated training finish time is 2025-09-14 15:08:23
2025-09-14 14:58:20,447 - easytorch-training - INFO - Epoch 74 / 100
2025-09-14 14:58:29,844 - easytorch-training - INFO - Result <train>: [train/time: 9.40 (s), train/lr: 5.00e-04, train/loss: 0.3758, train/MAE: 0.3758, train/MAPE: 1.0833, train/RMSE: 0.7017]
2025-09-14 14:58:29,845 - easytorch-training - INFO - Start validation.
2025-09-14 14:58:35,312 - easytorch-training - INFO - Result <val>: [val/time: 5.47 (s), val/loss: 0.3476, val/MAE: 0.3476, val/MAPE: 1.1878, val/RMSE: 0.6031]
2025-09-14 14:58:41,427 - easytorch-training - INFO - Result <test>: [test/time: 6.11 (s), test/loss: 0.0000, test/MAE: 0.4060, test/MAPE: 1.4475, test/RMSE: 0.7010]
2025-09-14 14:58:41,447 - easytorch-training - INFO - Checkpoint baselines\STDMAE\mask_save\Mask_TMAE\DanYangXinQu_3min_100_480_12\b18274680e117122391b7b8fc0327340\Mask_TMAE_074.pt saved
2025-09-14 14:58:41,448 - easytorch-training - INFO - The estimated training finish time is 2025-09-14 15:08:21
2025-09-14 14:58:41,448 - easytorch-training - INFO - Epoch 75 / 100
2025-09-14 14:58:50,191 - easytorch-training - INFO - Result <train>: [train/time: 8.74 (s), train/lr: 5.00e-04, train/loss: 0.3759, train/MAE: 0.3759, train/MAPE: 1.0805, train/RMSE: 0.7020]
2025-09-14 14:58:50,192 - easytorch-training - INFO - Start validation.
2025-09-14 14:58:55,640 - easytorch-training - INFO - Result <val>: [val/time: 5.45 (s), val/loss: 0.3579, val/MAE: 0.3579, val/MAPE: 1.1800, val/RMSE: 0.6189]
2025-09-14 14:59:01,878 - easytorch-training - INFO - Result <test>: [test/time: 6.24 (s), test/loss: 0.0000, test/MAE: 0.4098, test/MAPE: 1.4650, test/RMSE: 0.6956]
2025-09-14 14:59:01,897 - easytorch-training - INFO - Checkpoint baselines\STDMAE\mask_save\Mask_TMAE\DanYangXinQu_3min_100_480_12\b18274680e117122391b7b8fc0327340\Mask_TMAE_075.pt saved
2025-09-14 14:59:01,897 - easytorch-training - INFO - The estimated training finish time is 2025-09-14 15:08:19
2025-09-14 14:59:01,897 - easytorch-training - INFO - Epoch 76 / 100
2025-09-14 14:59:11,368 - easytorch-training - INFO - Result <train>: [train/time: 9.47 (s), train/lr: 5.00e-04, train/loss: 0.3776, train/MAE: 0.3776, train/MAPE: 1.0848, train/RMSE: 0.7058]
2025-09-14 14:59:11,369 - easytorch-training - INFO - Start validation.
2025-09-14 14:59:16,839 - easytorch-training - INFO - Result <val>: [val/time: 5.47 (s), val/loss: 0.3578, val/MAE: 0.3578, val/MAPE: 1.2980, val/RMSE: 0.6183]
2025-09-14 14:59:23,076 - easytorch-training - INFO - Result <test>: [test/time: 6.24 (s), test/loss: 0.0000, test/MAE: 0.3888, test/MAPE: 1.4523, test/RMSE: 0.6829]
2025-09-14 14:59:23,096 - easytorch-training - INFO - Checkpoint baselines\STDMAE\mask_save\Mask_TMAE\DanYangXinQu_3min_100_480_12\b18274680e117122391b7b8fc0327340\Mask_TMAE_076.pt saved
2025-09-14 14:59:23,096 - easytorch-training - INFO - The estimated training finish time is 2025-09-14 15:08:17
2025-09-14 14:59:23,096 - easytorch-training - INFO - Epoch 77 / 100
2025-09-14 14:59:33,330 - easytorch-training - INFO - Result <train>: [train/time: 10.23 (s), train/lr: 5.00e-04, train/loss: 0.3752, train/MAE: 0.3752, train/MAPE: 1.0773, train/RMSE: 0.7030]
2025-09-14 14:59:33,331 - easytorch-training - INFO - Start validation.
2025-09-14 14:59:39,198 - easytorch-training - INFO - Result <val>: [val/time: 5.87 (s), val/loss: 0.3667, val/MAE: 0.3667, val/MAPE: 1.2802, val/RMSE: 0.6275]
2025-09-14 14:59:45,344 - easytorch-training - INFO - Result <test>: [test/time: 6.15 (s), test/loss: 0.0000, test/MAE: 0.3938, test/MAPE: 1.3947, test/RMSE: 0.6814]
2025-09-14 14:59:45,365 - easytorch-training - INFO - Checkpoint baselines\STDMAE\mask_save\Mask_TMAE\DanYangXinQu_3min_100_480_12\b18274680e117122391b7b8fc0327340\Mask_TMAE_077.pt saved
2025-09-14 14:59:45,365 - easytorch-training - INFO - The estimated training finish time is 2025-09-14 15:08:17
2025-09-14 14:59:45,365 - easytorch-training - INFO - Epoch 78 / 100
2025-09-14 14:59:55,956 - easytorch-training - INFO - Result <train>: [train/time: 10.59 (s), train/lr: 5.00e-04, train/loss: 0.3754, train/MAE: 0.3754, train/MAPE: 1.0814, train/RMSE: 0.7022]
2025-09-14 14:59:55,956 - easytorch-training - INFO - Start validation.
2025-09-14 15:00:02,009 - easytorch-training - INFO - Result <val>: [val/time: 6.05 (s), val/loss: 0.3307, val/MAE: 0.3307, val/MAPE: 1.2162, val/RMSE: 0.5929]
2025-09-14 15:00:02,033 - easytorch-training - INFO - Checkpoint baselines\STDMAE\mask_save\Mask_TMAE\DanYangXinQu_3min_100_480_12\b18274680e117122391b7b8fc0327340\Mask_TMAE_best_val_MAE.pt saved
2025-09-14 15:00:07,886 - easytorch-training - INFO - Result <test>: [test/time: 5.85 (s), test/loss: 0.0000, test/MAE: 0.3947, test/MAPE: 1.4916, test/RMSE: 0.6812]
2025-09-14 15:00:07,905 - easytorch-training - INFO - Checkpoint baselines\STDMAE\mask_save\Mask_TMAE\DanYangXinQu_3min_100_480_12\b18274680e117122391b7b8fc0327340\Mask_TMAE_078.pt saved
2025-09-14 15:00:07,905 - easytorch-training - INFO - The estimated training finish time is 2025-09-14 15:08:18
2025-09-14 15:00:07,905 - easytorch-training - INFO - Epoch 79 / 100
2025-09-14 15:00:20,047 - easytorch-training - INFO - Result <train>: [train/time: 12.14 (s), train/lr: 5.00e-04, train/loss: 0.3759, train/MAE: 0.3759, train/MAPE: 1.0799, train/RMSE: 0.7024]
2025-09-14 15:00:20,048 - easytorch-training - INFO - Start validation.
2025-09-14 15:00:26,000 - easytorch-training - INFO - Result <val>: [val/time: 5.95 (s), val/loss: 0.3495, val/MAE: 0.3495, val/MAPE: 1.2498, val/RMSE: 0.6086]
2025-09-14 15:00:31,688 - easytorch-training - INFO - Result <test>: [test/time: 5.69 (s), test/loss: 0.0000, test/MAE: 0.3899, test/MAPE: 1.4395, test/RMSE: 0.6740]
2025-09-14 15:00:31,709 - easytorch-training - INFO - Checkpoint baselines\STDMAE\mask_save\Mask_TMAE\DanYangXinQu_3min_100_480_12\b18274680e117122391b7b8fc0327340\Mask_TMAE_079.pt saved
2025-09-14 15:00:31,709 - easytorch-training - INFO - The estimated training finish time is 2025-09-14 15:08:20
2025-09-14 15:00:31,709 - easytorch-training - INFO - Epoch 80 / 100
2025-09-14 15:00:45,308 - easytorch-training - INFO - Result <train>: [train/time: 13.60 (s), train/lr: 5.00e-04, train/loss: 0.3744, train/MAE: 0.3744, train/MAPE: 1.0757, train/RMSE: 0.7020]
2025-09-14 15:00:45,309 - easytorch-training - INFO - Start validation.
2025-09-14 15:00:51,190 - easytorch-training - INFO - Result <val>: [val/time: 5.88 (s), val/loss: 0.3806, val/MAE: 0.3806, val/MAPE: 1.3037, val/RMSE: 0.6465]
2025-09-14 15:00:57,148 - easytorch-training - INFO - Result <test>: [test/time: 5.96 (s), test/loss: 0.0000, test/MAE: 0.3926, test/MAPE: 1.4689, test/RMSE: 0.6917]
2025-09-14 15:00:57,169 - easytorch-training - INFO - Checkpoint baselines\STDMAE\mask_save\Mask_TMAE\DanYangXinQu_3min_100_480_12\b18274680e117122391b7b8fc0327340\Mask_TMAE_080.pt saved
2025-09-14 15:00:57,180 - easytorch-training - INFO - The estimated training finish time is 2025-09-14 15:08:24
2025-09-14 15:00:57,180 - easytorch-training - INFO - Epoch 81 / 100
2025-09-14 15:01:13,519 - easytorch-training - INFO - Result <train>: [train/time: 16.34 (s), train/lr: 5.00e-04, train/loss: 0.3765, train/MAE: 0.3765, train/MAPE: 1.0877, train/RMSE: 0.7045]
2025-09-14 15:01:13,521 - easytorch-training - INFO - Start validation.
2025-09-14 15:01:19,270 - easytorch-training - INFO - Result <val>: [val/time: 5.75 (s), val/loss: 0.3698, val/MAE: 0.3698, val/MAPE: 1.3201, val/RMSE: 0.6259]
2025-09-14 15:01:25,172 - easytorch-training - INFO - Result <test>: [test/time: 5.90 (s), test/loss: 0.0000, test/MAE: 0.3891, test/MAPE: 1.4194, test/RMSE: 0.6857]
2025-09-14 15:01:25,192 - easytorch-training - INFO - Checkpoint baselines\STDMAE\mask_save\Mask_TMAE\DanYangXinQu_3min_100_480_12\b18274680e117122391b7b8fc0327340\Mask_TMAE_081.pt saved
2025-09-14 15:01:25,192 - easytorch-training - INFO - The estimated training finish time is 2025-09-14 15:08:31
2025-09-14 15:01:25,192 - easytorch-training - INFO - Epoch 82 / 100
2025-09-14 15:01:36,115 - easytorch-training - INFO - Result <train>: [train/time: 10.92 (s), train/lr: 5.00e-04, train/loss: 0.3755, train/MAE: 0.3755, train/MAPE: 1.0808, train/RMSE: 0.7032]
2025-09-14 15:01:36,118 - easytorch-training - INFO - Start validation.
2025-09-14 15:01:42,465 - easytorch-training - INFO - Result <val>: [val/time: 6.35 (s), val/loss: 0.3672, val/MAE: 0.3672, val/MAPE: 1.2824, val/RMSE: 0.6319]
2025-09-14 15:01:48,226 - easytorch-training - INFO - Result <test>: [test/time: 5.76 (s), test/loss: 0.0000, test/MAE: 0.4100, test/MAPE: 1.5335, test/RMSE: 0.6993]
2025-09-14 15:01:48,245 - easytorch-training - INFO - Checkpoint baselines\STDMAE\mask_save\Mask_TMAE\DanYangXinQu_3min_100_480_12\b18274680e117122391b7b8fc0327340\Mask_TMAE_082.pt saved
2025-09-14 15:01:48,245 - easytorch-training - INFO - The estimated training finish time is 2025-09-14 15:08:31
2025-09-14 15:01:48,245 - easytorch-training - INFO - Epoch 83 / 100
2025-09-14 15:01:56,810 - easytorch-training - INFO - Result <train>: [train/time: 8.56 (s), train/lr: 5.00e-04, train/loss: 0.3741, train/MAE: 0.3741, train/MAPE: 1.0740, train/RMSE: 0.7014]
2025-09-14 15:01:56,811 - easytorch-training - INFO - Start validation.
2025-09-14 15:02:03,647 - easytorch-training - INFO - Result <val>: [val/time: 6.83 (s), val/loss: 0.3690, val/MAE: 0.3690, val/MAPE: 1.3392, val/RMSE: 0.6208]
2025-09-14 15:02:09,835 - easytorch-training - INFO - Result <test>: [test/time: 6.19 (s), test/loss: 0.0000, test/MAE: 0.3923, test/MAPE: 1.4857, test/RMSE: 0.6879]
2025-09-14 15:02:09,864 - easytorch-training - INFO - Checkpoint baselines\STDMAE\mask_save\Mask_TMAE\DanYangXinQu_3min_100_480_12\b18274680e117122391b7b8fc0327340\Mask_TMAE_083.pt saved
2025-09-14 15:02:09,864 - easytorch-training - INFO - The estimated training finish time is 2025-09-14 15:08:30
2025-09-14 15:02:09,865 - easytorch-training - INFO - Epoch 84 / 100
2025-09-14 15:02:19,519 - easytorch-training - INFO - Result <train>: [train/time: 9.65 (s), train/lr: 5.00e-04, train/loss: 0.3747, train/MAE: 0.3747, train/MAPE: 1.0806, train/RMSE: 0.7005]
2025-09-14 15:02:19,520 - easytorch-training - INFO - Start validation.
2025-09-14 15:02:25,832 - easytorch-training - INFO - Result <val>: [val/time: 6.31 (s), val/loss: 0.3536, val/MAE: 0.3536, val/MAPE: 1.2106, val/RMSE: 0.6193]
2025-09-14 15:02:32,278 - easytorch-training - INFO - Result <test>: [test/time: 6.44 (s), test/loss: 0.0000, test/MAE: 0.3982, test/MAPE: 1.4915, test/RMSE: 0.6888]
2025-09-14 15:02:32,298 - easytorch-training - INFO - Checkpoint baselines\STDMAE\mask_save\Mask_TMAE\DanYangXinQu_3min_100_480_12\b18274680e117122391b7b8fc0327340\Mask_TMAE_084.pt saved
2025-09-14 15:02:32,298 - easytorch-training - INFO - The estimated training finish time is 2025-09-14 15:08:30
2025-09-14 15:02:32,298 - easytorch-training - INFO - Epoch 85 / 100
2025-09-14 15:02:41,171 - easytorch-training - INFO - Result <train>: [train/time: 8.87 (s), train/lr: 5.00e-04, train/loss: 0.3735, train/MAE: 0.3735, train/MAPE: 1.0743, train/RMSE: 0.7008]
2025-09-14 15:02:41,172 - easytorch-training - INFO - Start validation.
2025-09-14 15:02:47,228 - easytorch-training - INFO - Result <val>: [val/time: 6.06 (s), val/loss: 0.3534, val/MAE: 0.3534, val/MAPE: 1.2392, val/RMSE: 0.6154]
2025-09-14 15:02:54,049 - easytorch-training - INFO - Result <test>: [test/time: 6.82 (s), test/loss: 0.0000, test/MAE: 0.3890, test/MAPE: 1.4432, test/RMSE: 0.6809]
2025-09-14 15:02:54,069 - easytorch-training - INFO - Checkpoint baselines\STDMAE\mask_save\Mask_TMAE\DanYangXinQu_3min_100_480_12\b18274680e117122391b7b8fc0327340\Mask_TMAE_085.pt saved
2025-09-14 15:02:54,069 - easytorch-training - INFO - The estimated training finish time is 2025-09-14 15:08:30
2025-09-14 15:02:54,069 - easytorch-training - INFO - Epoch 86 / 100
2025-09-14 15:03:02,688 - easytorch-training - INFO - Result <train>: [train/time: 8.62 (s), train/lr: 5.00e-04, train/loss: 0.3740, train/MAE: 0.3740, train/MAPE: 1.0758, train/RMSE: 0.7016]
2025-09-14 15:03:02,690 - easytorch-training - INFO - Start validation.
2025-09-14 15:03:08,149 - easytorch-training - INFO - Result <val>: [val/time: 5.46 (s), val/loss: 0.3565, val/MAE: 0.3565, val/MAPE: 1.2633, val/RMSE: 0.6229]
2025-09-14 15:03:15,511 - easytorch-training - INFO - Result <test>: [test/time: 7.36 (s), test/loss: 0.0000, test/MAE: 0.3844, test/MAPE: 1.4093, test/RMSE: 0.6793]
2025-09-14 15:03:15,546 - easytorch-training - INFO - Checkpoint baselines\STDMAE\mask_save\Mask_TMAE\DanYangXinQu_3min_100_480_12\b18274680e117122391b7b8fc0327340\Mask_TMAE_086.pt saved
2025-09-14 15:03:15,546 - easytorch-training - INFO - The estimated training finish time is 2025-09-14 15:08:29
2025-09-14 15:03:15,546 - easytorch-training - INFO - Epoch 87 / 100
2025-09-14 15:03:24,496 - easytorch-training - INFO - Result <train>: [train/time: 8.95 (s), train/lr: 5.00e-04, train/loss: 0.3740, train/MAE: 0.3740, train/MAPE: 1.0752, train/RMSE: 0.7009]
2025-09-14 15:03:24,498 - easytorch-training - INFO - Start validation.
2025-09-14 15:03:30,147 - easytorch-training - INFO - Result <val>: [val/time: 5.65 (s), val/loss: 0.3427, val/MAE: 0.3427, val/MAPE: 1.2317, val/RMSE: 0.5997]
2025-09-14 15:03:37,214 - easytorch-training - INFO - Result <test>: [test/time: 7.07 (s), test/loss: 0.0000, test/MAE: 0.3893, test/MAPE: 1.4927, test/RMSE: 0.6787]
2025-09-14 15:03:37,236 - easytorch-training - INFO - Checkpoint baselines\STDMAE\mask_save\Mask_TMAE\DanYangXinQu_3min_100_480_12\b18274680e117122391b7b8fc0327340\Mask_TMAE_087.pt saved
2025-09-14 15:03:37,236 - easytorch-training - INFO - The estimated training finish time is 2025-09-14 15:08:28
2025-09-14 15:03:37,236 - easytorch-training - INFO - Epoch 88 / 100
2025-09-14 15:03:46,095 - easytorch-training - INFO - Result <train>: [train/time: 8.86 (s), train/lr: 5.00e-04, train/loss: 0.3740, train/MAE: 0.3740, train/MAPE: 1.0764, train/RMSE: 0.7012]
2025-09-14 15:03:46,097 - easytorch-training - INFO - Start validation.
2025-09-14 15:03:51,919 - easytorch-training - INFO - Result <val>: [val/time: 5.82 (s), val/loss: 0.3404, val/MAE: 0.3404, val/MAPE: 1.2100, val/RMSE: 0.5965]
2025-09-14 15:03:58,925 - easytorch-training - INFO - Result <test>: [test/time: 7.01 (s), test/loss: 0.0000, test/MAE: 0.4111, test/MAPE: 1.5416, test/RMSE: 0.7109]
2025-09-14 15:03:58,946 - easytorch-training - INFO - Checkpoint baselines\STDMAE\mask_save\Mask_TMAE\DanYangXinQu_3min_100_480_12\b18274680e117122391b7b8fc0327340\Mask_TMAE_088.pt saved
2025-09-14 15:03:58,946 - easytorch-training - INFO - The estimated training finish time is 2025-09-14 15:08:27
2025-09-14 15:03:58,946 - easytorch-training - INFO - Epoch 89 / 100
2025-09-14 15:04:08,123 - easytorch-training - INFO - Result <train>: [train/time: 9.18 (s), train/lr: 5.00e-04, train/loss: 0.3748, train/MAE: 0.3748, train/MAPE: 1.0760, train/RMSE: 0.7028]
2025-09-14 15:04:08,124 - easytorch-training - INFO - Start validation.
2025-09-14 15:04:14,125 - easytorch-training - INFO - Result <val>: [val/time: 6.00 (s), val/loss: 0.3809, val/MAE: 0.3809, val/MAPE: 1.2274, val/RMSE: 0.6434]
2025-09-14 15:04:20,717 - easytorch-training - INFO - Result <test>: [test/time: 6.59 (s), test/loss: 0.0000, test/MAE: 0.3849, test/MAPE: 1.3573, test/RMSE: 0.6825]
2025-09-14 15:04:20,760 - easytorch-training - INFO - Checkpoint baselines\STDMAE\mask_save\Mask_TMAE\DanYangXinQu_3min_100_480_12\b18274680e117122391b7b8fc0327340\Mask_TMAE_089.pt saved
2025-09-14 15:04:20,760 - easytorch-training - INFO - The estimated training finish time is 2025-09-14 15:08:26
2025-09-14 15:04:20,760 - easytorch-training - INFO - Epoch 90 / 100
2025-09-14 15:04:29,960 - easytorch-training - INFO - Result <train>: [train/time: 9.20 (s), train/lr: 5.00e-04, train/loss: 0.3744, train/MAE: 0.3744, train/MAPE: 1.0750, train/RMSE: 0.7016]
2025-09-14 15:04:29,962 - easytorch-training - INFO - Start validation.
2025-09-14 15:04:35,807 - easytorch-training - INFO - Result <val>: [val/time: 5.85 (s), val/loss: 0.3850, val/MAE: 0.3850, val/MAPE: 1.4028, val/RMSE: 0.6461]
2025-09-14 15:04:42,378 - easytorch-training - INFO - Result <test>: [test/time: 6.57 (s), test/loss: 0.0000, test/MAE: 0.3998, test/MAPE: 1.5014, test/RMSE: 0.6939]
2025-09-14 15:04:42,396 - easytorch-training - INFO - Checkpoint baselines\STDMAE\mask_save\Mask_TMAE\DanYangXinQu_3min_100_480_12\b18274680e117122391b7b8fc0327340\Mask_TMAE_090.pt saved
2025-09-14 15:04:42,404 - easytorch-training - INFO - The estimated training finish time is 2025-09-14 15:08:26
2025-09-14 15:04:42,404 - easytorch-training - INFO - Epoch 91 / 100
2025-09-14 15:04:51,731 - easytorch-training - INFO - Result <train>: [train/time: 9.33 (s), train/lr: 5.00e-04, train/loss: 0.3726, train/MAE: 0.3726, train/MAPE: 1.0759, train/RMSE: 0.6998]
2025-09-14 15:04:51,732 - easytorch-training - INFO - Start validation.
2025-09-14 15:04:57,743 - easytorch-training - INFO - Result <val>: [val/time: 6.01 (s), val/loss: 0.3519, val/MAE: 0.3519, val/MAPE: 1.2150, val/RMSE: 0.6084]
2025-09-14 15:05:04,026 - easytorch-training - INFO - Result <test>: [test/time: 6.28 (s), test/loss: 0.0000, test/MAE: 0.3909, test/MAPE: 1.4719, test/RMSE: 0.6857]
2025-09-14 15:05:04,056 - easytorch-training - INFO - Checkpoint baselines\STDMAE\mask_save\Mask_TMAE\DanYangXinQu_3min_100_480_12\b18274680e117122391b7b8fc0327340\Mask_TMAE_091.pt saved
2025-09-14 15:05:04,058 - easytorch-training - INFO - The estimated training finish time is 2025-09-14 15:08:25
2025-09-14 15:05:04,058 - easytorch-training - INFO - Epoch 92 / 100
2025-09-14 15:05:13,474 - easytorch-training - INFO - Result <train>: [train/time: 9.42 (s), train/lr: 5.00e-04, train/loss: 0.3729, train/MAE: 0.3729, train/MAPE: 1.0693, train/RMSE: 0.7004]
2025-09-14 15:05:13,476 - easytorch-training - INFO - Start validation.
2025-09-14 15:05:19,818 - easytorch-training - INFO - Result <val>: [val/time: 6.34 (s), val/loss: 0.3703, val/MAE: 0.3703, val/MAPE: 1.3119, val/RMSE: 0.6332]
2025-09-14 15:05:25,956 - easytorch-training - INFO - Result <test>: [test/time: 6.14 (s), test/loss: 0.0000, test/MAE: 0.4226, test/MAPE: 1.5954, test/RMSE: 0.7168]
2025-09-14 15:05:25,976 - easytorch-training - INFO - Checkpoint baselines\STDMAE\mask_save\Mask_TMAE\DanYangXinQu_3min_100_480_12\b18274680e117122391b7b8fc0327340\Mask_TMAE_092.pt saved
2025-09-14 15:05:25,976 - easytorch-training - INFO - The estimated training finish time is 2025-09-14 15:08:24
2025-09-14 15:05:25,976 - easytorch-training - INFO - Epoch 93 / 100
2025-09-14 15:05:35,626 - easytorch-training - INFO - Result <train>: [train/time: 9.65 (s), train/lr: 5.00e-04, train/loss: 0.3764, train/MAE: 0.3764, train/MAPE: 1.0861, train/RMSE: 0.7040]
2025-09-14 15:05:35,628 - easytorch-training - INFO - Start validation.
2025-09-14 15:05:41,436 - easytorch-training - INFO - Result <val>: [val/time: 5.81 (s), val/loss: 0.3743, val/MAE: 0.3743, val/MAPE: 1.3462, val/RMSE: 0.6357]
2025-09-14 15:05:47,497 - easytorch-training - INFO - Result <test>: [test/time: 6.06 (s), test/loss: 0.0000, test/MAE: 0.4120, test/MAPE: 1.5903, test/RMSE: 0.6958]
2025-09-14 15:05:47,519 - easytorch-training - INFO - Checkpoint baselines\STDMAE\mask_save\Mask_TMAE\DanYangXinQu_3min_100_480_12\b18274680e117122391b7b8fc0327340\Mask_TMAE_093.pt saved
2025-09-14 15:05:47,519 - easytorch-training - INFO - The estimated training finish time is 2025-09-14 15:08:23
2025-09-14 15:05:47,519 - easytorch-training - INFO - Epoch 94 / 100
2025-09-14 15:05:56,821 - easytorch-training - INFO - Result <train>: [train/time: 9.30 (s), train/lr: 5.00e-04, train/loss: 0.3751, train/MAE: 0.3751, train/MAPE: 1.0860, train/RMSE: 0.7025]
2025-09-14 15:05:56,822 - easytorch-training - INFO - Start validation.
2025-09-14 15:06:02,496 - easytorch-training - INFO - Result <val>: [val/time: 5.67 (s), val/loss: 0.3798, val/MAE: 0.3798, val/MAPE: 1.3129, val/RMSE: 0.6437]
2025-09-14 15:06:08,696 - easytorch-training - INFO - Result <test>: [test/time: 6.20 (s), test/loss: 0.0000, test/MAE: 0.4104, test/MAPE: 1.5645, test/RMSE: 0.6970]
2025-09-14 15:06:08,717 - easytorch-training - INFO - Checkpoint baselines\STDMAE\mask_save\Mask_TMAE\DanYangXinQu_3min_100_480_12\b18274680e117122391b7b8fc0327340\Mask_TMAE_094.pt saved
2025-09-14 15:06:08,717 - easytorch-training - INFO - The estimated training finish time is 2025-09-14 15:08:22
2025-09-14 15:06:08,717 - easytorch-training - INFO - Epoch 95 / 100
2025-09-14 15:06:17,966 - easytorch-training - INFO - Result <train>: [train/time: 9.25 (s), train/lr: 5.00e-04, train/loss: 0.3722, train/MAE: 0.3722, train/MAPE: 1.0771, train/RMSE: 0.6987]
2025-09-14 15:06:17,968 - easytorch-training - INFO - Start validation.
2025-09-14 15:06:23,754 - easytorch-training - INFO - Result <val>: [val/time: 5.79 (s), val/loss: 0.3332, val/MAE: 0.3332, val/MAPE: 1.1621, val/RMSE: 0.5899]
2025-09-14 15:06:30,016 - easytorch-training - INFO - Result <test>: [test/time: 6.26 (s), test/loss: 0.0000, test/MAE: 0.4040, test/MAPE: 1.5013, test/RMSE: 0.6981]
2025-09-14 15:06:30,035 - easytorch-training - INFO - Checkpoint baselines\STDMAE\mask_save\Mask_TMAE\DanYangXinQu_3min_100_480_12\b18274680e117122391b7b8fc0327340\Mask_TMAE_095.pt saved
2025-09-14 15:06:30,035 - easytorch-training - INFO - The estimated training finish time is 2025-09-14 15:08:21
2025-09-14 15:06:30,035 - easytorch-training - INFO - Epoch 96 / 100
2025-09-14 15:06:39,618 - easytorch-training - INFO - Result <train>: [train/time: 9.58 (s), train/lr: 5.00e-04, train/loss: 0.3732, train/MAE: 0.3732, train/MAPE: 1.0719, train/RMSE: 0.7006]
2025-09-14 15:06:39,619 - easytorch-training - INFO - Start validation.
2025-09-14 15:06:45,366 - easytorch-training - INFO - Result <val>: [val/time: 5.75 (s), val/loss: 0.3566, val/MAE: 0.3566, val/MAPE: 1.2323, val/RMSE: 0.6204]
2025-09-14 15:06:51,691 - easytorch-training - INFO - Result <test>: [test/time: 6.32 (s), test/loss: 0.0000, test/MAE: 0.4013, test/MAPE: 1.4951, test/RMSE: 0.6844]
2025-09-14 15:06:51,712 - easytorch-training - INFO - Checkpoint baselines\STDMAE\mask_save\Mask_TMAE\DanYangXinQu_3min_100_480_12\b18274680e117122391b7b8fc0327340\Mask_TMAE_096.pt saved
2025-09-14 15:06:51,713 - easytorch-training - INFO - The estimated training finish time is 2025-09-14 15:08:20
2025-09-14 15:06:51,713 - easytorch-training - INFO - Epoch 97 / 100
2025-09-14 15:07:01,112 - easytorch-training - INFO - Result <train>: [train/time: 9.40 (s), train/lr: 5.00e-04, train/loss: 0.3732, train/MAE: 0.3732, train/MAPE: 1.0763, train/RMSE: 0.7015]
2025-09-14 15:07:01,113 - easytorch-training - INFO - Start validation.
2025-09-14 15:07:06,854 - easytorch-training - INFO - Result <val>: [val/time: 5.74 (s), val/loss: 0.3693, val/MAE: 0.3693, val/MAPE: 1.3206, val/RMSE: 0.6265]
2025-09-14 15:07:13,037 - easytorch-training - INFO - Result <test>: [test/time: 6.18 (s), test/loss: 0.0000, test/MAE: 0.4140, test/MAPE: 1.4632, test/RMSE: 0.7154]
2025-09-14 15:07:13,058 - easytorch-training - INFO - Checkpoint baselines\STDMAE\mask_save\Mask_TMAE\DanYangXinQu_3min_100_480_12\b18274680e117122391b7b8fc0327340\Mask_TMAE_097.pt saved
2025-09-14 15:07:13,058 - easytorch-training - INFO - The estimated training finish time is 2025-09-14 15:08:19
2025-09-14 15:07:13,058 - easytorch-training - INFO - Epoch 98 / 100
2025-09-14 15:07:22,329 - easytorch-training - INFO - Result <train>: [train/time: 9.27 (s), train/lr: 5.00e-04, train/loss: 0.3719, train/MAE: 0.3719, train/MAPE: 1.0727, train/RMSE: 0.6995]
2025-09-14 15:07:22,330 - easytorch-training - INFO - Start validation.
2025-09-14 15:07:28,061 - easytorch-training - INFO - Result <val>: [val/time: 5.73 (s), val/loss: 0.3971, val/MAE: 0.3971, val/MAPE: 1.3693, val/RMSE: 0.6662]
2025-09-14 15:07:34,292 - easytorch-training - INFO - Result <test>: [test/time: 6.23 (s), test/loss: 0.0000, test/MAE: 0.4060, test/MAPE: 1.5208, test/RMSE: 0.6993]
2025-09-14 15:07:34,312 - easytorch-training - INFO - Checkpoint baselines\STDMAE\mask_save\Mask_TMAE\DanYangXinQu_3min_100_480_12\b18274680e117122391b7b8fc0327340\Mask_TMAE_098.pt saved
2025-09-14 15:07:34,312 - easytorch-training - INFO - The estimated training finish time is 2025-09-14 15:08:18
2025-09-14 15:07:34,312 - easytorch-training - INFO - Epoch 99 / 100
2025-09-14 15:07:44,112 - easytorch-training - INFO - Result <train>: [train/time: 9.80 (s), train/lr: 5.00e-04, train/loss: 0.3708, train/MAE: 0.3708, train/MAPE: 1.0658, train/RMSE: 0.6971]
2025-09-14 15:07:44,113 - easytorch-training - INFO - Start validation.
2025-09-14 15:07:49,955 - easytorch-training - INFO - Result <val>: [val/time: 5.84 (s), val/loss: 0.3414, val/MAE: 0.3414, val/MAPE: 1.2023, val/RMSE: 0.5955]
2025-09-14 15:07:56,012 - easytorch-training - INFO - Result <test>: [test/time: 6.06 (s), test/loss: 0.0000, test/MAE: 0.3893, test/MAPE: 1.4795, test/RMSE: 0.6816]
2025-09-14 15:07:56,031 - easytorch-training - INFO - Checkpoint baselines\STDMAE\mask_save\Mask_TMAE\DanYangXinQu_3min_100_480_12\b18274680e117122391b7b8fc0327340\Mask_TMAE_099.pt saved
2025-09-14 15:07:56,032 - easytorch-training - INFO - The estimated training finish time is 2025-09-14 15:08:18
2025-09-14 15:07:56,032 - easytorch-training - INFO - Epoch 100 / 100
2025-09-14 15:08:06,180 - easytorch-training - INFO - Result <train>: [train/time: 10.15 (s), train/lr: 5.00e-04, train/loss: 0.3713, train/MAE: 0.3713, train/MAPE: 1.0676, train/RMSE: 0.6985]
2025-09-14 15:08:06,181 - easytorch-training - INFO - Start validation.
2025-09-14 15:08:12,375 - easytorch-training - INFO - Result <val>: [val/time: 6.19 (s), val/loss: 0.3807, val/MAE: 0.3807, val/MAPE: 1.3045, val/RMSE: 0.6465]
2025-09-14 15:08:18,438 - easytorch-training - INFO - Result <test>: [test/time: 6.06 (s), test/loss: 0.0000, test/MAE: 0.4057, test/MAPE: 1.4684, test/RMSE: 0.7026]
2025-09-14 15:08:18,456 - easytorch-training - INFO - Checkpoint baselines\STDMAE\mask_save\Mask_TMAE\DanYangXinQu_3min_100_480_12\b18274680e117122391b7b8fc0327340\Mask_TMAE_100.pt saved
2025-09-14 15:08:18,466 - easytorch-training - INFO - The training finished at 2025-09-14 15:08:18
2025-09-14 15:08:18,468 - easytorch-training - INFO - Evaluating the best model on the test set.
2025-09-14 15:08:18,468 - easytorch-training - INFO - Loading Checkpoint from 'baselines\STDMAE\mask_save\Mask_TMAE\DanYangXinQu_3min_100_480_12\b18274680e117122391b7b8fc0327340\Mask_TMAE_best_val_MAE.pt'
2025-09-14 15:08:25,684 - easytorch-training - INFO - Result <test>: [test/time: 7.18 (s), test/loss: 0.0000, test/MAE: 0.3930, test/MAPE: 1.4513, test/RMSE: 0.6852]
2025-09-14 15:08:25,686 - easytorch-training - INFO - Test metrics saved to baselines\STDMAE\mask_save\Mask_TMAE\DanYangXinQu_3min_100_480_12\b18274680e117122391b7b8fc0327340\test_metrics.json.
