2025-09-13 19:18:43,485 - easytorch-training - INFO - Initializing training.
2025-09-13 19:18:43,485 - easytorch-training - INFO - Set clip grad, param: {'max_norm': 5.0}
2025-09-13 19:18:43,485 - easytorch-training - INFO - Building training data loader.
2025-09-13 19:18:43,487 - easytorch-training - INFO - Train dataset length: 4597
2025-09-13 19:18:43,487 - easytorch-training - INFO - Set optim: Adam (
Parameter Group 0
    amsgrad: False
    betas: (0.9, 0.95)
    capturable: False
    differentiable: False
    eps: 1e-08
    foreach: None
    fused: None
    lr: 0.001
    maximize: False
    weight_decay: 0
)
2025-09-13 19:18:43,487 - easytorch-training - INFO - Set lr_scheduler: <torch.optim.lr_scheduler.MultiStepLR object at 0x0000022DC5927320>
2025-09-13 19:18:43,489 - easytorch-training - INFO - Initializing validation.
2025-09-13 19:18:43,489 - easytorch-training - INFO - Building val data loader.
2025-09-13 19:18:43,489 - easytorch-training - INFO - Validation dataset length: 289
2025-09-13 19:18:43,491 - easytorch-training - INFO - Test dataset length: 841
2025-09-13 19:18:43,491 - easytorch-training - INFO - Number of parameters: 571404
2025-09-13 19:18:43,491 - easytorch-training - INFO - Epoch 1 / 100
2025-09-13 19:18:50,299 - easytorch-training - INFO - Result <train>: [train/time: 6.81 (s), train/lr: 1.00e-03, train/loss: 0.7462, train/MAE: 0.7462, train/MAPE: 2.7863, train/RMSE: 0.9955]
2025-09-13 19:18:50,301 - easytorch-training - INFO - Start validation.
2025-09-13 19:18:55,484 - easytorch-training - INFO - Result <val>: [val/time: 5.18 (s), val/loss: 0.4333, val/MAE: 0.4333, val/MAPE: 2.9628, val/RMSE: 0.6067]
2025-09-13 19:18:55,503 - easytorch-training - INFO - Checkpoint baselines\STDMAE\mask_save\Mask_TMAE\QiLin_5min_100_288_12\1968092d3b985fb0309b7c94ac5bfe49\Mask_TMAE_best_val_MAE.pt saved
2025-09-13 19:19:00,791 - easytorch-training - INFO - Result <test>: [test/time: 5.29 (s), test/loss: 0.0000, test/MAE: 0.5664, test/MAPE: 4.6701, test/RMSE: 0.8040]
2025-09-13 19:19:00,811 - easytorch-training - INFO - Checkpoint baselines\STDMAE\mask_save\Mask_TMAE\QiLin_5min_100_288_12\1968092d3b985fb0309b7c94ac5bfe49\Mask_TMAE_001.pt saved
2025-09-13 19:19:00,811 - easytorch-training - INFO - The estimated training finish time is 2025-09-13 19:47:35
2025-09-13 19:19:00,811 - easytorch-training - INFO - Epoch 2 / 100
2025-09-13 19:19:07,699 - easytorch-training - INFO - Result <train>: [train/time: 6.89 (s), train/lr: 1.00e-03, train/loss: 0.5393, train/MAE: 0.5393, train/MAPE: 3.5575, train/RMSE: 0.7963]
2025-09-13 19:19:07,701 - easytorch-training - INFO - Start validation.
2025-09-13 19:19:13,258 - easytorch-training - INFO - Result <val>: [val/time: 5.56 (s), val/loss: 0.4292, val/MAE: 0.4292, val/MAPE: 4.8885, val/RMSE: 0.6148]
2025-09-13 19:19:13,289 - easytorch-training - INFO - Checkpoint baselines\STDMAE\mask_save\Mask_TMAE\QiLin_5min_100_288_12\1968092d3b985fb0309b7c94ac5bfe49\Mask_TMAE_best_val_MAE.pt saved
2025-09-13 19:19:18,827 - easytorch-training - INFO - Result <test>: [test/time: 5.54 (s), test/loss: 0.0000, test/MAE: 0.4630, test/MAPE: 6.0126, test/RMSE: 0.6522]
2025-09-13 19:19:18,847 - easytorch-training - INFO - Checkpoint baselines\STDMAE\mask_save\Mask_TMAE\QiLin_5min_100_288_12\1968092d3b985fb0309b7c94ac5bfe49\Mask_TMAE_002.pt saved
2025-09-13 19:19:18,848 - easytorch-training - INFO - The estimated training finish time is 2025-09-13 19:48:11
2025-09-13 19:19:18,848 - easytorch-training - INFO - Epoch 3 / 100
2025-09-13 19:19:25,573 - easytorch-training - INFO - Result <train>: [train/time: 6.72 (s), train/lr: 1.00e-03, train/loss: 0.4515, train/MAE: 0.4515, train/MAPE: 3.4571, train/RMSE: 0.6857]
2025-09-13 19:19:25,574 - easytorch-training - INFO - Start validation.
2025-09-13 19:19:31,493 - easytorch-training - INFO - Result <val>: [val/time: 5.92 (s), val/loss: 0.3851, val/MAE: 0.3851, val/MAPE: 4.5004, val/RMSE: 0.5562]
2025-09-13 19:19:31,522 - easytorch-training - INFO - Checkpoint baselines\STDMAE\mask_save\Mask_TMAE\QiLin_5min_100_288_12\1968092d3b985fb0309b7c94ac5bfe49\Mask_TMAE_best_val_MAE.pt saved
2025-09-13 19:19:37,343 - easytorch-training - INFO - Result <test>: [test/time: 5.82 (s), test/loss: 0.0000, test/MAE: 0.4304, test/MAPE: 5.0536, test/RMSE: 0.6295]
2025-09-13 19:19:37,368 - easytorch-training - INFO - Checkpoint baselines\STDMAE\mask_save\Mask_TMAE\QiLin_5min_100_288_12\1968092d3b985fb0309b7c94ac5bfe49\Mask_TMAE_003.pt saved
2025-09-13 19:19:37,368 - easytorch-training - INFO - The estimated training finish time is 2025-09-13 19:48:39
2025-09-13 19:19:37,369 - easytorch-training - INFO - Epoch 4 / 100
2025-09-13 19:19:44,931 - easytorch-training - INFO - Result <train>: [train/time: 7.56 (s), train/lr: 1.00e-03, train/loss: 0.4155, train/MAE: 0.4155, train/MAPE: 3.2589, train/RMSE: 0.6346]
2025-09-13 19:19:44,932 - easytorch-training - INFO - Start validation.
2025-09-13 19:19:51,029 - easytorch-training - INFO - Result <val>: [val/time: 6.10 (s), val/loss: 0.3792, val/MAE: 0.3792, val/MAPE: 5.7133, val/RMSE: 0.5321]
2025-09-13 19:19:51,056 - easytorch-training - INFO - Checkpoint baselines\STDMAE\mask_save\Mask_TMAE\QiLin_5min_100_288_12\1968092d3b985fb0309b7c94ac5bfe49\Mask_TMAE_best_val_MAE.pt saved
2025-09-13 19:19:57,192 - easytorch-training - INFO - Result <test>: [test/time: 6.13 (s), test/loss: 0.0000, test/MAE: 0.4142, test/MAPE: 5.3400, test/RMSE: 0.5853]
2025-09-13 19:19:57,212 - easytorch-training - INFO - Checkpoint baselines\STDMAE\mask_save\Mask_TMAE\QiLin_5min_100_288_12\1968092d3b985fb0309b7c94ac5bfe49\Mask_TMAE_004.pt saved
2025-09-13 19:19:57,212 - easytorch-training - INFO - The estimated training finish time is 2025-09-13 19:49:26
2025-09-13 19:19:57,212 - easytorch-training - INFO - Epoch 5 / 100
2025-09-13 19:20:04,325 - easytorch-training - INFO - Result <train>: [train/time: 7.11 (s), train/lr: 1.00e-03, train/loss: 0.4142, train/MAE: 0.4142, train/MAPE: 3.3320, train/RMSE: 0.6323]
2025-09-13 19:20:04,326 - easytorch-training - INFO - Start validation.
2025-09-13 19:20:10,138 - easytorch-training - INFO - Result <val>: [val/time: 5.81 (s), val/loss: 0.3269, val/MAE: 0.3269, val/MAPE: 4.6333, val/RMSE: 0.4731]
2025-09-13 19:20:10,165 - easytorch-training - INFO - Checkpoint baselines\STDMAE\mask_save\Mask_TMAE\QiLin_5min_100_288_12\1968092d3b985fb0309b7c94ac5bfe49\Mask_TMAE_best_val_MAE.pt saved
2025-09-13 19:20:16,945 - easytorch-training - INFO - Result <test>: [test/time: 6.78 (s), test/loss: 0.0000, test/MAE: 0.4012, test/MAPE: 5.5095, test/RMSE: 0.5677]
2025-09-13 19:20:16,965 - easytorch-training - INFO - Checkpoint baselines\STDMAE\mask_save\Mask_TMAE\QiLin_5min_100_288_12\1968092d3b985fb0309b7c94ac5bfe49\Mask_TMAE_005.pt saved
2025-09-13 19:20:16,965 - easytorch-training - INFO - The estimated training finish time is 2025-09-13 19:49:52
2025-09-13 19:20:16,965 - easytorch-training - INFO - Epoch 6 / 100
2025-09-13 19:20:24,253 - easytorch-training - INFO - Result <train>: [train/time: 7.29 (s), train/lr: 1.00e-03, train/loss: 0.3962, train/MAE: 0.3962, train/MAPE: 3.1713, train/RMSE: 0.6088]
2025-09-13 19:20:24,254 - easytorch-training - INFO - Start validation.
2025-09-13 19:20:30,043 - easytorch-training - INFO - Result <val>: [val/time: 5.79 (s), val/loss: 0.3446, val/MAE: 0.3446, val/MAPE: 4.3265, val/RMSE: 0.4891]
2025-09-13 19:20:36,738 - easytorch-training - INFO - Result <test>: [test/time: 6.69 (s), test/loss: 0.0000, test/MAE: 0.3950, test/MAPE: 5.0518, test/RMSE: 0.5797]
2025-09-13 19:20:36,772 - easytorch-training - INFO - Checkpoint baselines\STDMAE\mask_save\Mask_TMAE\QiLin_5min_100_288_12\1968092d3b985fb0309b7c94ac5bfe49\Mask_TMAE_006.pt saved
2025-09-13 19:20:36,772 - easytorch-training - INFO - The estimated training finish time is 2025-09-13 19:50:11
2025-09-13 19:20:36,772 - easytorch-training - INFO - Epoch 7 / 100
2025-09-13 19:20:44,943 - easytorch-training - INFO - Result <train>: [train/time: 8.17 (s), train/lr: 1.00e-03, train/loss: 0.3902, train/MAE: 0.3902, train/MAPE: 3.1954, train/RMSE: 0.5979]
2025-09-13 19:20:44,945 - easytorch-training - INFO - Start validation.
2025-09-13 19:20:51,081 - easytorch-training - INFO - Result <val>: [val/time: 6.14 (s), val/loss: 0.3410, val/MAE: 0.3410, val/MAPE: 3.4948, val/RMSE: 0.4891]
2025-09-13 19:20:57,732 - easytorch-training - INFO - Result <test>: [test/time: 6.65 (s), test/loss: 0.0000, test/MAE: 0.4176, test/MAPE: 4.2855, test/RMSE: 0.5941]
2025-09-13 19:20:57,754 - easytorch-training - INFO - Checkpoint baselines\STDMAE\mask_save\Mask_TMAE\QiLin_5min_100_288_12\1968092d3b985fb0309b7c94ac5bfe49\Mask_TMAE_007.pt saved
2025-09-13 19:20:57,754 - easytorch-training - INFO - The estimated training finish time is 2025-09-13 19:50:41
2025-09-13 19:20:57,755 - easytorch-training - INFO - Epoch 8 / 100
2025-09-13 19:21:06,206 - easytorch-training - INFO - Result <train>: [train/time: 8.45 (s), train/lr: 1.00e-03, train/loss: 0.3821, train/MAE: 0.3821, train/MAPE: 3.0708, train/RMSE: 0.5880]
2025-09-13 19:21:06,207 - easytorch-training - INFO - Start validation.
2025-09-13 19:21:12,425 - easytorch-training - INFO - Result <val>: [val/time: 6.22 (s), val/loss: 0.3478, val/MAE: 0.3478, val/MAPE: 4.9327, val/RMSE: 0.4926]
2025-09-13 19:21:19,158 - easytorch-training - INFO - Result <test>: [test/time: 6.73 (s), test/loss: 0.0000, test/MAE: 0.4209, test/MAPE: 5.9435, test/RMSE: 0.5920]
2025-09-13 19:21:19,182 - easytorch-training - INFO - Checkpoint baselines\STDMAE\mask_save\Mask_TMAE\QiLin_5min_100_288_12\1968092d3b985fb0309b7c94ac5bfe49\Mask_TMAE_008.pt saved
2025-09-13 19:21:19,183 - easytorch-training - INFO - The estimated training finish time is 2025-09-13 19:51:09
2025-09-13 19:21:19,183 - easytorch-training - INFO - Epoch 9 / 100
2025-09-13 19:21:27,874 - easytorch-training - INFO - Result <train>: [train/time: 8.69 (s), train/lr: 1.00e-03, train/loss: 0.3783, train/MAE: 0.3783, train/MAPE: 3.1776, train/RMSE: 0.5811]
2025-09-13 19:21:27,875 - easytorch-training - INFO - Start validation.
2025-09-13 19:21:33,918 - easytorch-training - INFO - Result <val>: [val/time: 6.04 (s), val/loss: 0.3364, val/MAE: 0.3364, val/MAPE: 4.8049, val/RMSE: 0.4904]
2025-09-13 19:21:40,485 - easytorch-training - INFO - Result <test>: [test/time: 6.57 (s), test/loss: 0.0000, test/MAE: 0.4276, test/MAPE: 6.3270, test/RMSE: 0.6188]
2025-09-13 19:21:40,513 - easytorch-training - INFO - Checkpoint baselines\STDMAE\mask_save\Mask_TMAE\QiLin_5min_100_288_12\1968092d3b985fb0309b7c94ac5bfe49\Mask_TMAE_009.pt saved
2025-09-13 19:21:40,513 - easytorch-training - INFO - The estimated training finish time is 2025-09-13 19:51:30
2025-09-13 19:21:40,513 - easytorch-training - INFO - Epoch 10 / 100
2025-09-13 19:21:48,230 - easytorch-training - INFO - Result <train>: [train/time: 7.72 (s), train/lr: 1.00e-03, train/loss: 0.3757, train/MAE: 0.3757, train/MAPE: 3.0875, train/RMSE: 0.5770]
2025-09-13 19:21:48,231 - easytorch-training - INFO - Start validation.
2025-09-13 19:21:54,118 - easytorch-training - INFO - Result <val>: [val/time: 5.89 (s), val/loss: 0.3542, val/MAE: 0.3542, val/MAPE: 4.3951, val/RMSE: 0.5242]
2025-09-13 19:22:00,710 - easytorch-training - INFO - Result <test>: [test/time: 6.59 (s), test/loss: 0.0000, test/MAE: 0.4140, test/MAPE: 4.8268, test/RMSE: 0.5878]
2025-09-13 19:22:00,737 - easytorch-training - INFO - Checkpoint baselines\STDMAE\mask_save\Mask_TMAE\QiLin_5min_100_288_12\1968092d3b985fb0309b7c94ac5bfe49\Mask_TMAE_010.pt saved
2025-09-13 19:22:00,751 - easytorch-training - INFO - The estimated training finish time is 2025-09-13 19:51:36
2025-09-13 19:22:00,751 - easytorch-training - INFO - Epoch 11 / 100
2025-09-13 19:22:08,689 - easytorch-training - INFO - Result <train>: [train/time: 7.94 (s), train/lr: 1.00e-03, train/loss: 0.3666, train/MAE: 0.3666, train/MAPE: 3.1042, train/RMSE: 0.5639]
2025-09-13 19:22:08,690 - easytorch-training - INFO - Start validation.
2025-09-13 19:22:14,567 - easytorch-training - INFO - Result <val>: [val/time: 5.88 (s), val/loss: 0.3466, val/MAE: 0.3466, val/MAPE: 3.2044, val/RMSE: 0.5107]
2025-09-13 19:22:20,830 - easytorch-training - INFO - Result <test>: [test/time: 6.26 (s), test/loss: 0.0000, test/MAE: 0.4109, test/MAPE: 4.8778, test/RMSE: 0.5825]
2025-09-13 19:22:20,864 - easytorch-training - INFO - Checkpoint baselines\STDMAE\mask_save\Mask_TMAE\QiLin_5min_100_288_12\1968092d3b985fb0309b7c94ac5bfe49\Mask_TMAE_011.pt saved
2025-09-13 19:22:20,864 - easytorch-training - INFO - The estimated training finish time is 2025-09-13 19:51:39
2025-09-13 19:22:20,864 - easytorch-training - INFO - Epoch 12 / 100
2025-09-13 19:22:30,641 - easytorch-training - INFO - Result <train>: [train/time: 9.78 (s), train/lr: 1.00e-03, train/loss: 0.3644, train/MAE: 0.3644, train/MAPE: 3.0667, train/RMSE: 0.5599]
2025-09-13 19:22:30,642 - easytorch-training - INFO - Start validation.
2025-09-13 19:22:36,585 - easytorch-training - INFO - Result <val>: [val/time: 5.94 (s), val/loss: 0.3294, val/MAE: 0.3294, val/MAPE: 5.2519, val/RMSE: 0.4760]
2025-09-13 19:22:43,129 - easytorch-training - INFO - Result <test>: [test/time: 6.54 (s), test/loss: 0.0000, test/MAE: 0.3958, test/MAPE: 5.2902, test/RMSE: 0.5590]
2025-09-13 19:22:43,154 - easytorch-training - INFO - Checkpoint baselines\STDMAE\mask_save\Mask_TMAE\QiLin_5min_100_288_12\1968092d3b985fb0309b7c94ac5bfe49\Mask_TMAE_012.pt saved
2025-09-13 19:22:43,154 - easytorch-training - INFO - The estimated training finish time is 2025-09-13 19:52:00
2025-09-13 19:22:43,154 - easytorch-training - INFO - Epoch 13 / 100
2025-09-13 19:22:52,769 - easytorch-training - INFO - Result <train>: [train/time: 9.62 (s), train/lr: 1.00e-03, train/loss: 0.3571, train/MAE: 0.3571, train/MAPE: 3.0022, train/RMSE: 0.5467]
2025-09-13 19:22:52,770 - easytorch-training - INFO - Start validation.
2025-09-13 19:22:58,807 - easytorch-training - INFO - Result <val>: [val/time: 6.04 (s), val/loss: 0.3362, val/MAE: 0.3362, val/MAPE: 4.3475, val/RMSE: 0.4603]
2025-09-13 19:23:05,038 - easytorch-training - INFO - Result <test>: [test/time: 6.23 (s), test/loss: 0.0000, test/MAE: 0.3875, test/MAPE: 5.2516, test/RMSE: 0.5498]
2025-09-13 19:23:05,066 - easytorch-training - INFO - Checkpoint baselines\STDMAE\mask_save\Mask_TMAE\QiLin_5min_100_288_12\1968092d3b985fb0309b7c94ac5bfe49\Mask_TMAE_013.pt saved
2025-09-13 19:23:05,067 - easytorch-training - INFO - The estimated training finish time is 2025-09-13 19:52:15
2025-09-13 19:23:05,067 - easytorch-training - INFO - Epoch 14 / 100
2025-09-13 19:23:14,427 - easytorch-training - INFO - Result <train>: [train/time: 9.36 (s), train/lr: 1.00e-03, train/loss: 0.3487, train/MAE: 0.3487, train/MAPE: 3.0074, train/RMSE: 0.5333]
2025-09-13 19:23:14,428 - easytorch-training - INFO - Start validation.
2025-09-13 19:23:20,470 - easytorch-training - INFO - Result <val>: [val/time: 6.04 (s), val/loss: 0.3687, val/MAE: 0.3687, val/MAPE: 5.1804, val/RMSE: 0.5212]
2025-09-13 19:23:26,502 - easytorch-training - INFO - Result <test>: [test/time: 6.03 (s), test/loss: 0.0000, test/MAE: 0.3970, test/MAPE: 5.1787, test/RMSE: 0.5744]
2025-09-13 19:23:26,522 - easytorch-training - INFO - Checkpoint baselines\STDMAE\mask_save\Mask_TMAE\QiLin_5min_100_288_12\1968092d3b985fb0309b7c94ac5bfe49\Mask_TMAE_014.pt saved
2025-09-13 19:23:26,523 - easytorch-training - INFO - The estimated training finish time is 2025-09-13 19:52:25
2025-09-13 19:23:26,523 - easytorch-training - INFO - Epoch 15 / 100
2025-09-13 19:23:33,800 - easytorch-training - INFO - Result <train>: [train/time: 7.28 (s), train/lr: 1.00e-03, train/loss: 0.3511, train/MAE: 0.3511, train/MAPE: 2.9681, train/RMSE: 0.5377]
2025-09-13 19:23:33,802 - easytorch-training - INFO - Start validation.
2025-09-13 19:23:39,948 - easytorch-training - INFO - Result <val>: [val/time: 6.15 (s), val/loss: 0.3267, val/MAE: 0.3267, val/MAPE: 4.3946, val/RMSE: 0.4665]
2025-09-13 19:23:39,968 - easytorch-training - INFO - Checkpoint baselines\STDMAE\mask_save\Mask_TMAE\QiLin_5min_100_288_12\1968092d3b985fb0309b7c94ac5bfe49\Mask_TMAE_best_val_MAE.pt saved
2025-09-13 19:23:46,036 - easytorch-training - INFO - Result <test>: [test/time: 6.07 (s), test/loss: 0.0000, test/MAE: 0.3887, test/MAPE: 4.8554, test/RMSE: 0.5510]
2025-09-13 19:23:46,055 - easytorch-training - INFO - Checkpoint baselines\STDMAE\mask_save\Mask_TMAE\QiLin_5min_100_288_12\1968092d3b985fb0309b7c94ac5bfe49\Mask_TMAE_015.pt saved
2025-09-13 19:23:46,056 - easytorch-training - INFO - The estimated training finish time is 2025-09-13 19:52:20
2025-09-13 19:23:46,056 - easytorch-training - INFO - Epoch 16 / 100
2025-09-13 19:23:53,395 - easytorch-training - INFO - Result <train>: [train/time: 7.34 (s), train/lr: 1.00e-03, train/loss: 0.3475, train/MAE: 0.3475, train/MAPE: 2.9404, train/RMSE: 0.5338]
2025-09-13 19:23:53,397 - easytorch-training - INFO - Start validation.
2025-09-13 19:23:59,542 - easytorch-training - INFO - Result <val>: [val/time: 6.14 (s), val/loss: 0.2932, val/MAE: 0.2932, val/MAPE: 4.1405, val/RMSE: 0.4111]
2025-09-13 19:23:59,571 - easytorch-training - INFO - Checkpoint baselines\STDMAE\mask_save\Mask_TMAE\QiLin_5min_100_288_12\1968092d3b985fb0309b7c94ac5bfe49\Mask_TMAE_best_val_MAE.pt saved
2025-09-13 19:24:05,749 - easytorch-training - INFO - Result <test>: [test/time: 6.18 (s), test/loss: 0.0000, test/MAE: 0.4001, test/MAPE: 5.4222, test/RMSE: 0.5676]
2025-09-13 19:24:05,777 - easytorch-training - INFO - Checkpoint baselines\STDMAE\mask_save\Mask_TMAE\QiLin_5min_100_288_12\1968092d3b985fb0309b7c94ac5bfe49\Mask_TMAE_016.pt saved
2025-09-13 19:24:05,777 - easytorch-training - INFO - The estimated training finish time is 2025-09-13 19:52:17
2025-09-13 19:24:05,777 - easytorch-training - INFO - Epoch 17 / 100
2025-09-13 19:24:13,424 - easytorch-training - INFO - Result <train>: [train/time: 7.65 (s), train/lr: 1.00e-03, train/loss: 0.3489, train/MAE: 0.3489, train/MAPE: 2.9766, train/RMSE: 0.5326]
2025-09-13 19:24:13,426 - easytorch-training - INFO - Start validation.
2025-09-13 19:24:19,348 - easytorch-training - INFO - Result <val>: [val/time: 5.92 (s), val/loss: 0.3150, val/MAE: 0.3150, val/MAPE: 4.6377, val/RMSE: 0.4446]
2025-09-13 19:24:25,583 - easytorch-training - INFO - Result <test>: [test/time: 6.23 (s), test/loss: 0.0000, test/MAE: 0.4048, test/MAPE: 5.4486, test/RMSE: 0.5791]
2025-09-13 19:24:25,612 - easytorch-training - INFO - Checkpoint baselines\STDMAE\mask_save\Mask_TMAE\QiLin_5min_100_288_12\1968092d3b985fb0309b7c94ac5bfe49\Mask_TMAE_017.pt saved
2025-09-13 19:24:25,612 - easytorch-training - INFO - The estimated training finish time is 2025-09-13 19:52:15
2025-09-13 19:24:25,612 - easytorch-training - INFO - Epoch 18 / 100
2025-09-13 19:24:33,021 - easytorch-training - INFO - Result <train>: [train/time: 7.41 (s), train/lr: 1.00e-03, train/loss: 0.3451, train/MAE: 0.3451, train/MAPE: 2.9276, train/RMSE: 0.5281]
2025-09-13 19:24:33,022 - easytorch-training - INFO - Start validation.
2025-09-13 19:24:38,865 - easytorch-training - INFO - Result <val>: [val/time: 5.84 (s), val/loss: 0.3139, val/MAE: 0.3139, val/MAPE: 4.3582, val/RMSE: 0.4345]
2025-09-13 19:24:45,342 - easytorch-training - INFO - Result <test>: [test/time: 6.48 (s), test/loss: 0.0000, test/MAE: 0.4097, test/MAPE: 5.1401, test/RMSE: 0.5853]
2025-09-13 19:24:45,366 - easytorch-training - INFO - Checkpoint baselines\STDMAE\mask_save\Mask_TMAE\QiLin_5min_100_288_12\1968092d3b985fb0309b7c94ac5bfe49\Mask_TMAE_018.pt saved
2025-09-13 19:24:45,367 - easytorch-training - INFO - The estimated training finish time is 2025-09-13 19:52:13
2025-09-13 19:24:45,367 - easytorch-training - INFO - Epoch 19 / 100
2025-09-13 19:24:52,814 - easytorch-training - INFO - Result <train>: [train/time: 7.45 (s), train/lr: 1.00e-03, train/loss: 0.3469, train/MAE: 0.3469, train/MAPE: 2.9689, train/RMSE: 0.5324]
2025-09-13 19:24:52,815 - easytorch-training - INFO - Start validation.
2025-09-13 19:24:58,464 - easytorch-training - INFO - Result <val>: [val/time: 5.65 (s), val/loss: 0.3385, val/MAE: 0.3385, val/MAPE: 5.4042, val/RMSE: 0.4663]
2025-09-13 19:25:05,392 - easytorch-training - INFO - Result <test>: [test/time: 6.93 (s), test/loss: 0.0000, test/MAE: 0.3815, test/MAPE: 6.0713, test/RMSE: 0.5384]
2025-09-13 19:25:05,417 - easytorch-training - INFO - Checkpoint baselines\STDMAE\mask_save\Mask_TMAE\QiLin_5min_100_288_12\1968092d3b985fb0309b7c94ac5bfe49\Mask_TMAE_019.pt saved
2025-09-13 19:25:05,417 - easytorch-training - INFO - The estimated training finish time is 2025-09-13 19:52:13
2025-09-13 19:25:05,418 - easytorch-training - INFO - Epoch 20 / 100
2025-09-13 19:25:13,075 - easytorch-training - INFO - Result <train>: [train/time: 7.66 (s), train/lr: 1.00e-03, train/loss: 0.3409, train/MAE: 0.3409, train/MAPE: 2.9073, train/RMSE: 0.5219]
2025-09-13 19:25:13,076 - easytorch-training - INFO - Start validation.
2025-09-13 19:25:18,921 - easytorch-training - INFO - Result <val>: [val/time: 5.84 (s), val/loss: 0.3288, val/MAE: 0.3288, val/MAPE: 4.4374, val/RMSE: 0.4683]
2025-09-13 19:25:25,709 - easytorch-training - INFO - Result <test>: [test/time: 6.79 (s), test/loss: 0.0000, test/MAE: 0.3918, test/MAPE: 5.1560, test/RMSE: 0.5599]
2025-09-13 19:25:25,739 - easytorch-training - INFO - Checkpoint baselines\STDMAE\mask_save\Mask_TMAE\QiLin_5min_100_288_12\1968092d3b985fb0309b7c94ac5bfe49\Mask_TMAE_020.pt saved
2025-09-13 19:25:25,746 - easytorch-training - INFO - The estimated training finish time is 2025-09-13 19:52:14
2025-09-13 19:25:25,746 - easytorch-training - INFO - Epoch 21 / 100
2025-09-13 19:25:33,282 - easytorch-training - INFO - Result <train>: [train/time: 7.54 (s), train/lr: 1.00e-03, train/loss: 0.3410, train/MAE: 0.3410, train/MAPE: 2.8747, train/RMSE: 0.5220]
2025-09-13 19:25:33,284 - easytorch-training - INFO - Start validation.
2025-09-13 19:25:38,978 - easytorch-training - INFO - Result <val>: [val/time: 5.69 (s), val/loss: 0.3347, val/MAE: 0.3347, val/MAPE: 3.4075, val/RMSE: 0.4752]
2025-09-13 19:25:44,817 - easytorch-training - INFO - Result <test>: [test/time: 5.84 (s), test/loss: 0.0000, test/MAE: 0.3806, test/MAPE: 4.7998, test/RMSE: 0.5526]
2025-09-13 19:25:44,842 - easytorch-training - INFO - Checkpoint baselines\STDMAE\mask_save\Mask_TMAE\QiLin_5min_100_288_12\1968092d3b985fb0309b7c94ac5bfe49\Mask_TMAE_021.pt saved
2025-09-13 19:25:44,842 - easytorch-training - INFO - The estimated training finish time is 2025-09-13 19:52:09
2025-09-13 19:25:44,842 - easytorch-training - INFO - Epoch 22 / 100
2025-09-13 19:25:54,676 - easytorch-training - INFO - Result <train>: [train/time: 9.83 (s), train/lr: 1.00e-03, train/loss: 0.3443, train/MAE: 0.3443, train/MAPE: 2.9389, train/RMSE: 0.5276]
2025-09-13 19:25:54,678 - easytorch-training - INFO - Start validation.
2025-09-13 19:26:00,366 - easytorch-training - INFO - Result <val>: [val/time: 5.69 (s), val/loss: 0.3491, val/MAE: 0.3491, val/MAPE: 4.7471, val/RMSE: 0.4836]
2025-09-13 19:26:06,242 - easytorch-training - INFO - Result <test>: [test/time: 5.87 (s), test/loss: 0.0000, test/MAE: 0.3889, test/MAPE: 5.2731, test/RMSE: 0.5543]
2025-09-13 19:26:06,268 - easytorch-training - INFO - Checkpoint baselines\STDMAE\mask_save\Mask_TMAE\QiLin_5min_100_288_12\1968092d3b985fb0309b7c94ac5bfe49\Mask_TMAE_022.pt saved
2025-09-13 19:26:06,268 - easytorch-training - INFO - The estimated training finish time is 2025-09-13 19:52:16
2025-09-13 19:26:06,268 - easytorch-training - INFO - Epoch 23 / 100
2025-09-13 19:26:16,363 - easytorch-training - INFO - Result <train>: [train/time: 10.09 (s), train/lr: 1.00e-03, train/loss: 0.3365, train/MAE: 0.3365, train/MAPE: 2.9090, train/RMSE: 0.5153]
2025-09-13 19:26:16,365 - easytorch-training - INFO - Start validation.
2025-09-13 19:26:22,019 - easytorch-training - INFO - Result <val>: [val/time: 5.65 (s), val/loss: 0.3232, val/MAE: 0.3232, val/MAPE: 3.9497, val/RMSE: 0.4498]
2025-09-13 19:26:27,838 - easytorch-training - INFO - Result <test>: [test/time: 5.82 (s), test/loss: 0.0000, test/MAE: 0.3994, test/MAPE: 4.8042, test/RMSE: 0.5645]
2025-09-13 19:26:27,862 - easytorch-training - INFO - Checkpoint baselines\STDMAE\mask_save\Mask_TMAE\QiLin_5min_100_288_12\1968092d3b985fb0309b7c94ac5bfe49\Mask_TMAE_023.pt saved
2025-09-13 19:26:27,862 - easytorch-training - INFO - The estimated training finish time is 2025-09-13 19:52:22
2025-09-13 19:26:27,862 - easytorch-training - INFO - Epoch 24 / 100
2025-09-13 19:26:36,356 - easytorch-training - INFO - Result <train>: [train/time: 8.49 (s), train/lr: 1.00e-03, train/loss: 0.3370, train/MAE: 0.3370, train/MAPE: 2.8659, train/RMSE: 0.5159]
2025-09-13 19:26:36,358 - easytorch-training - INFO - Start validation.
2025-09-13 19:26:42,248 - easytorch-training - INFO - Result <val>: [val/time: 5.89 (s), val/loss: 0.2970, val/MAE: 0.2970, val/MAPE: 2.8800, val/RMSE: 0.4234]
2025-09-13 19:26:48,193 - easytorch-training - INFO - Result <test>: [test/time: 5.94 (s), test/loss: 0.0000, test/MAE: 0.3762, test/MAPE: 5.0962, test/RMSE: 0.5449]
2025-09-13 19:26:48,222 - easytorch-training - INFO - Checkpoint baselines\STDMAE\mask_save\Mask_TMAE\QiLin_5min_100_288_12\1968092d3b985fb0309b7c94ac5bfe49\Mask_TMAE_024.pt saved
2025-09-13 19:26:48,222 - easytorch-training - INFO - The estimated training finish time is 2025-09-13 19:52:23
2025-09-13 19:26:48,222 - easytorch-training - INFO - Epoch 25 / 100
2025-09-13 19:26:55,600 - easytorch-training - INFO - Result <train>: [train/time: 7.38 (s), train/lr: 1.00e-03, train/loss: 0.3330, train/MAE: 0.3330, train/MAPE: 2.8338, train/RMSE: 0.5095]
2025-09-13 19:26:55,601 - easytorch-training - INFO - Start validation.
2025-09-13 19:27:01,542 - easytorch-training - INFO - Result <val>: [val/time: 5.94 (s), val/loss: 0.3149, val/MAE: 0.3149, val/MAPE: 5.2222, val/RMSE: 0.4408]
2025-09-13 19:27:07,428 - easytorch-training - INFO - Result <test>: [test/time: 5.89 (s), test/loss: 0.0000, test/MAE: 0.3880, test/MAPE: 4.4971, test/RMSE: 0.5500]
2025-09-13 19:27:07,454 - easytorch-training - INFO - Checkpoint baselines\STDMAE\mask_save\Mask_TMAE\QiLin_5min_100_288_12\1968092d3b985fb0309b7c94ac5bfe49\Mask_TMAE_025.pt saved
2025-09-13 19:27:07,455 - easytorch-training - INFO - The estimated training finish time is 2025-09-13 19:52:19
2025-09-13 19:27:07,455 - easytorch-training - INFO - Epoch 26 / 100
2025-09-13 19:27:14,797 - easytorch-training - INFO - Result <train>: [train/time: 7.34 (s), train/lr: 1.00e-03, train/loss: 0.3300, train/MAE: 0.3300, train/MAPE: 2.8033, train/RMSE: 0.5043]
2025-09-13 19:27:14,799 - easytorch-training - INFO - Start validation.
2025-09-13 19:27:20,984 - easytorch-training - INFO - Result <val>: [val/time: 6.18 (s), val/loss: 0.3066, val/MAE: 0.3066, val/MAPE: 4.6254, val/RMSE: 0.4284]
2025-09-13 19:27:27,013 - easytorch-training - INFO - Result <test>: [test/time: 6.03 (s), test/loss: 0.0000, test/MAE: 0.3772, test/MAPE: 4.6072, test/RMSE: 0.5311]
2025-09-13 19:27:27,040 - easytorch-training - INFO - Checkpoint baselines\STDMAE\mask_save\Mask_TMAE\QiLin_5min_100_288_12\1968092d3b985fb0309b7c94ac5bfe49\Mask_TMAE_026.pt saved
2025-09-13 19:27:27,040 - easytorch-training - INFO - The estimated training finish time is 2025-09-13 19:52:17
2025-09-13 19:27:27,040 - easytorch-training - INFO - Epoch 27 / 100
2025-09-13 19:27:34,675 - easytorch-training - INFO - Result <train>: [train/time: 7.63 (s), train/lr: 1.00e-03, train/loss: 0.3316, train/MAE: 0.3316, train/MAPE: 2.8889, train/RMSE: 0.5076]
2025-09-13 19:27:34,676 - easytorch-training - INFO - Start validation.
2025-09-13 19:27:40,589 - easytorch-training - INFO - Result <val>: [val/time: 5.91 (s), val/loss: 0.2943, val/MAE: 0.2943, val/MAPE: 3.5870, val/RMSE: 0.4123]
2025-09-13 19:27:46,819 - easytorch-training - INFO - Result <test>: [test/time: 6.23 (s), test/loss: 0.0000, test/MAE: 0.3694, test/MAPE: 4.1685, test/RMSE: 0.5304]
2025-09-13 19:27:46,846 - easytorch-training - INFO - Checkpoint baselines\STDMAE\mask_save\Mask_TMAE\QiLin_5min_100_288_12\1968092d3b985fb0309b7c94ac5bfe49\Mask_TMAE_027.pt saved
2025-09-13 19:27:46,846 - easytorch-training - INFO - The estimated training finish time is 2025-09-13 19:52:15
2025-09-13 19:27:46,846 - easytorch-training - INFO - Epoch 28 / 100
2025-09-13 19:27:54,337 - easytorch-training - INFO - Result <train>: [train/time: 7.49 (s), train/lr: 1.00e-03, train/loss: 0.3309, train/MAE: 0.3309, train/MAPE: 2.8118, train/RMSE: 0.5067]
2025-09-13 19:27:54,339 - easytorch-training - INFO - Start validation.
2025-09-13 19:28:00,161 - easytorch-training - INFO - Result <val>: [val/time: 5.82 (s), val/loss: 0.3257, val/MAE: 0.3257, val/MAPE: 5.2413, val/RMSE: 0.4480]
2025-09-13 19:28:06,141 - easytorch-training - INFO - Result <test>: [test/time: 5.98 (s), test/loss: 0.0000, test/MAE: 0.3948, test/MAPE: 5.2462, test/RMSE: 0.5626]
2025-09-13 19:28:06,169 - easytorch-training - INFO - Checkpoint baselines\STDMAE\mask_save\Mask_TMAE\QiLin_5min_100_288_12\1968092d3b985fb0309b7c94ac5bfe49\Mask_TMAE_028.pt saved
2025-09-13 19:28:06,169 - easytorch-training - INFO - The estimated training finish time is 2025-09-13 19:52:13
2025-09-13 19:28:06,169 - easytorch-training - INFO - Epoch 29 / 100
2025-09-13 19:28:13,500 - easytorch-training - INFO - Result <train>: [train/time: 7.33 (s), train/lr: 1.00e-03, train/loss: 0.3322, train/MAE: 0.3322, train/MAPE: 2.8193, train/RMSE: 0.5081]
2025-09-13 19:28:13,502 - easytorch-training - INFO - Start validation.
2025-09-13 19:28:19,290 - easytorch-training - INFO - Result <val>: [val/time: 5.79 (s), val/loss: 0.3054, val/MAE: 0.3054, val/MAPE: 2.9823, val/RMSE: 0.4432]
2025-09-13 19:28:25,844 - easytorch-training - INFO - Result <test>: [test/time: 6.55 (s), test/loss: 0.0000, test/MAE: 0.3756, test/MAPE: 4.8454, test/RMSE: 0.5374]
2025-09-13 19:28:25,869 - easytorch-training - INFO - Checkpoint baselines\STDMAE\mask_save\Mask_TMAE\QiLin_5min_100_288_12\1968092d3b985fb0309b7c94ac5bfe49\Mask_TMAE_029.pt saved
2025-09-13 19:28:25,870 - easytorch-training - INFO - The estimated training finish time is 2025-09-13 19:52:11
2025-09-13 19:28:25,870 - easytorch-training - INFO - Epoch 30 / 100
2025-09-13 19:28:33,390 - easytorch-training - INFO - Result <train>: [train/time: 7.52 (s), train/lr: 1.00e-03, train/loss: 0.3289, train/MAE: 0.3289, train/MAPE: 2.8150, train/RMSE: 0.5032]
2025-09-13 19:28:33,391 - easytorch-training - INFO - Start validation.
2025-09-13 19:28:39,140 - easytorch-training - INFO - Result <val>: [val/time: 5.75 (s), val/loss: 0.3087, val/MAE: 0.3087, val/MAPE: 4.1348, val/RMSE: 0.4484]
2025-09-13 19:28:45,009 - easytorch-training - INFO - Result <test>: [test/time: 5.87 (s), test/loss: 0.0000, test/MAE: 0.3724, test/MAPE: 5.2856, test/RMSE: 0.5303]
2025-09-13 19:28:45,045 - easytorch-training - INFO - Checkpoint baselines\STDMAE\mask_save\Mask_TMAE\QiLin_5min_100_288_12\1968092d3b985fb0309b7c94ac5bfe49\Mask_TMAE_030.pt saved
2025-09-13 19:28:45,054 - easytorch-training - INFO - The estimated training finish time is 2025-09-13 19:52:08
2025-09-13 19:28:45,054 - easytorch-training - INFO - Epoch 31 / 100
2025-09-13 19:28:52,828 - easytorch-training - INFO - Result <train>: [train/time: 7.77 (s), train/lr: 1.00e-03, train/loss: 0.3268, train/MAE: 0.3268, train/MAPE: 2.7580, train/RMSE: 0.5010]
2025-09-13 19:28:52,829 - easytorch-training - INFO - Start validation.
2025-09-13 19:28:58,518 - easytorch-training - INFO - Result <val>: [val/time: 5.69 (s), val/loss: 0.3034, val/MAE: 0.3034, val/MAPE: 2.9362, val/RMSE: 0.4295]
2025-09-13 19:29:04,308 - easytorch-training - INFO - Result <test>: [test/time: 5.79 (s), test/loss: 0.0000, test/MAE: 0.3610, test/MAPE: 5.1029, test/RMSE: 0.5227]
2025-09-13 19:29:04,330 - easytorch-training - INFO - Checkpoint baselines\STDMAE\mask_save\Mask_TMAE\QiLin_5min_100_288_12\1968092d3b985fb0309b7c94ac5bfe49\Mask_TMAE_031.pt saved
2025-09-13 19:29:04,330 - easytorch-training - INFO - The estimated training finish time is 2025-09-13 19:52:06
2025-09-13 19:29:04,330 - easytorch-training - INFO - Epoch 32 / 100
2025-09-13 19:29:14,622 - easytorch-training - INFO - Result <train>: [train/time: 10.29 (s), train/lr: 1.00e-03, train/loss: 0.3248, train/MAE: 0.3248, train/MAPE: 2.8139, train/RMSE: 0.4968]
2025-09-13 19:29:14,623 - easytorch-training - INFO - Start validation.
2025-09-13 19:29:20,346 - easytorch-training - INFO - Result <val>: [val/time: 5.72 (s), val/loss: 0.3202, val/MAE: 0.3202, val/MAPE: 4.0596, val/RMSE: 0.4476]
2025-09-13 19:29:26,331 - easytorch-training - INFO - Result <test>: [test/time: 5.98 (s), test/loss: 0.0000, test/MAE: 0.3725, test/MAPE: 4.8964, test/RMSE: 0.5246]
2025-09-13 19:29:26,355 - easytorch-training - INFO - Checkpoint baselines\STDMAE\mask_save\Mask_TMAE\QiLin_5min_100_288_12\1968092d3b985fb0309b7c94ac5bfe49\Mask_TMAE_032.pt saved
2025-09-13 19:29:26,356 - easytorch-training - INFO - The estimated training finish time is 2025-09-13 19:52:12
2025-09-13 19:29:26,356 - easytorch-training - INFO - Epoch 33 / 100
2025-09-13 19:29:37,426 - easytorch-training - INFO - Result <train>: [train/time: 11.07 (s), train/lr: 1.00e-03, train/loss: 0.3248, train/MAE: 0.3248, train/MAPE: 2.7407, train/RMSE: 0.4957]
2025-09-13 19:29:37,428 - easytorch-training - INFO - Start validation.
2025-09-13 19:29:43,166 - easytorch-training - INFO - Result <val>: [val/time: 5.74 (s), val/loss: 0.3104, val/MAE: 0.3104, val/MAPE: 3.7285, val/RMSE: 0.4420]
2025-09-13 19:29:49,077 - easytorch-training - INFO - Result <test>: [test/time: 5.91 (s), test/loss: 0.0000, test/MAE: 0.3694, test/MAPE: 5.2376, test/RMSE: 0.5290]
2025-09-13 19:29:49,108 - easytorch-training - INFO - Checkpoint baselines\STDMAE\mask_save\Mask_TMAE\QiLin_5min_100_288_12\1968092d3b985fb0309b7c94ac5bfe49\Mask_TMAE_033.pt saved
2025-09-13 19:29:49,108 - easytorch-training - INFO - The estimated training finish time is 2025-09-13 19:52:20
2025-09-13 19:29:49,108 - easytorch-training - INFO - Epoch 34 / 100
2025-09-13 19:29:58,808 - easytorch-training - INFO - Result <train>: [train/time: 9.70 (s), train/lr: 1.00e-03, train/loss: 0.3296, train/MAE: 0.3296, train/MAPE: 2.7990, train/RMSE: 0.5037]
2025-09-13 19:29:58,809 - easytorch-training - INFO - Start validation.
2025-09-13 19:30:04,609 - easytorch-training - INFO - Result <val>: [val/time: 5.80 (s), val/loss: 0.2983, val/MAE: 0.2983, val/MAPE: 5.6286, val/RMSE: 0.4196]
2025-09-13 19:30:10,423 - easytorch-training - INFO - Result <test>: [test/time: 5.81 (s), test/loss: 0.0000, test/MAE: 0.3887, test/MAPE: 4.8710, test/RMSE: 0.5534]
2025-09-13 19:30:10,450 - easytorch-training - INFO - Checkpoint baselines\STDMAE\mask_save\Mask_TMAE\QiLin_5min_100_288_12\1968092d3b985fb0309b7c94ac5bfe49\Mask_TMAE_034.pt saved
2025-09-13 19:30:10,450 - easytorch-training - INFO - The estimated training finish time is 2025-09-13 19:52:23
2025-09-13 19:30:10,450 - easytorch-training - INFO - Epoch 35 / 100
2025-09-13 19:30:17,625 - easytorch-training - INFO - Result <train>: [train/time: 7.17 (s), train/lr: 1.00e-03, train/loss: 0.3227, train/MAE: 0.3227, train/MAPE: 2.7448, train/RMSE: 0.4928]
2025-09-13 19:30:17,627 - easytorch-training - INFO - Start validation.
2025-09-13 19:30:23,960 - easytorch-training - INFO - Result <val>: [val/time: 6.33 (s), val/loss: 0.3030, val/MAE: 0.3030, val/MAPE: 3.4181, val/RMSE: 0.4337]
2025-09-13 19:30:29,672 - easytorch-training - INFO - Result <test>: [test/time: 5.71 (s), test/loss: 0.0000, test/MAE: 0.3513, test/MAPE: 4.8864, test/RMSE: 0.5095]
2025-09-13 19:30:29,701 - easytorch-training - INFO - Checkpoint baselines\STDMAE\mask_save\Mask_TMAE\QiLin_5min_100_288_12\1968092d3b985fb0309b7c94ac5bfe49\Mask_TMAE_035.pt saved
2025-09-13 19:30:29,702 - easytorch-training - INFO - The estimated training finish time is 2025-09-13 19:52:21
2025-09-13 19:30:29,702 - easytorch-training - INFO - Epoch 36 / 100
2025-09-13 19:30:37,254 - easytorch-training - INFO - Result <train>: [train/time: 7.55 (s), train/lr: 1.00e-03, train/loss: 0.3233, train/MAE: 0.3233, train/MAPE: 2.7518, train/RMSE: 0.4926]
2025-09-13 19:30:37,256 - easytorch-training - INFO - Start validation.
2025-09-13 19:30:43,177 - easytorch-training - INFO - Result <val>: [val/time: 5.92 (s), val/loss: 0.3254, val/MAE: 0.3254, val/MAPE: 4.0476, val/RMSE: 0.4626]
2025-09-13 19:30:49,100 - easytorch-training - INFO - Result <test>: [test/time: 5.92 (s), test/loss: 0.0000, test/MAE: 0.3679, test/MAPE: 4.6646, test/RMSE: 0.5299]
2025-09-13 19:30:49,120 - easytorch-training - INFO - Checkpoint baselines\STDMAE\mask_save\Mask_TMAE\QiLin_5min_100_288_12\1968092d3b985fb0309b7c94ac5bfe49\Mask_TMAE_036.pt saved
2025-09-13 19:30:49,120 - easytorch-training - INFO - The estimated training finish time is 2025-09-13 19:52:19
2025-09-13 19:30:49,120 - easytorch-training - INFO - Epoch 37 / 100
2025-09-13 19:30:56,212 - easytorch-training - INFO - Result <train>: [train/time: 7.09 (s), train/lr: 1.00e-03, train/loss: 0.3214, train/MAE: 0.3214, train/MAPE: 2.7225, train/RMSE: 0.4903]
2025-09-13 19:30:56,213 - easytorch-training - INFO - Start validation.
2025-09-13 19:31:01,946 - easytorch-training - INFO - Result <val>: [val/time: 5.73 (s), val/loss: 0.2855, val/MAE: 0.2855, val/MAPE: 4.6522, val/RMSE: 0.4028]
2025-09-13 19:31:01,969 - easytorch-training - INFO - Checkpoint baselines\STDMAE\mask_save\Mask_TMAE\QiLin_5min_100_288_12\1968092d3b985fb0309b7c94ac5bfe49\Mask_TMAE_best_val_MAE.pt saved
2025-09-13 19:31:08,353 - easytorch-training - INFO - Result <test>: [test/time: 6.38 (s), test/loss: 0.0000, test/MAE: 0.3488, test/MAPE: 4.1839, test/RMSE: 0.5069]
2025-09-13 19:31:08,383 - easytorch-training - INFO - Checkpoint baselines\STDMAE\mask_save\Mask_TMAE\QiLin_5min_100_288_12\1968092d3b985fb0309b7c94ac5bfe49\Mask_TMAE_037.pt saved
2025-09-13 19:31:08,383 - easytorch-training - INFO - The estimated training finish time is 2025-09-13 19:52:16
2025-09-13 19:31:08,383 - easytorch-training - INFO - Epoch 38 / 100
2025-09-13 19:31:15,600 - easytorch-training - INFO - Result <train>: [train/time: 7.22 (s), train/lr: 1.00e-03, train/loss: 0.3233, train/MAE: 0.3233, train/MAPE: 2.7725, train/RMSE: 0.4932]
2025-09-13 19:31:15,602 - easytorch-training - INFO - Start validation.
2025-09-13 19:31:21,327 - easytorch-training - INFO - Result <val>: [val/time: 5.73 (s), val/loss: 0.3216, val/MAE: 0.3216, val/MAPE: 4.6062, val/RMSE: 0.4593]
2025-09-13 19:31:27,812 - easytorch-training - INFO - Result <test>: [test/time: 6.48 (s), test/loss: 0.0000, test/MAE: 0.3679, test/MAPE: 4.7349, test/RMSE: 0.5217]
2025-09-13 19:31:27,841 - easytorch-training - INFO - Checkpoint baselines\STDMAE\mask_save\Mask_TMAE\QiLin_5min_100_288_12\1968092d3b985fb0309b7c94ac5bfe49\Mask_TMAE_038.pt saved
2025-09-13 19:31:27,841 - easytorch-training - INFO - The estimated training finish time is 2025-09-13 19:52:14
2025-09-13 19:31:27,841 - easytorch-training - INFO - Epoch 39 / 100
2025-09-13 19:31:35,071 - easytorch-training - INFO - Result <train>: [train/time: 7.23 (s), train/lr: 1.00e-03, train/loss: 0.3190, train/MAE: 0.3190, train/MAPE: 2.7328, train/RMSE: 0.4878]
2025-09-13 19:31:35,073 - easytorch-training - INFO - Start validation.
2025-09-13 19:31:40,729 - easytorch-training - INFO - Result <val>: [val/time: 5.66 (s), val/loss: 0.3048, val/MAE: 0.3048, val/MAPE: 4.1720, val/RMSE: 0.4275]
2025-09-13 19:31:46,598 - easytorch-training - INFO - Result <test>: [test/time: 5.87 (s), test/loss: 0.0000, test/MAE: 0.3430, test/MAPE: 4.5017, test/RMSE: 0.4963]
2025-09-13 19:31:46,620 - easytorch-training - INFO - Checkpoint baselines\STDMAE\mask_save\Mask_TMAE\QiLin_5min_100_288_12\1968092d3b985fb0309b7c94ac5bfe49\Mask_TMAE_039.pt saved
2025-09-13 19:31:46,620 - easytorch-training - INFO - The estimated training finish time is 2025-09-13 19:52:11
2025-09-13 19:31:46,620 - easytorch-training - INFO - Epoch 40 / 100
2025-09-13 19:31:54,081 - easytorch-training - INFO - Result <train>: [train/time: 7.46 (s), train/lr: 1.00e-03, train/loss: 0.3205, train/MAE: 0.3205, train/MAPE: 2.6898, train/RMSE: 0.4880]
2025-09-13 19:31:54,083 - easytorch-training - INFO - Start validation.
2025-09-13 19:31:59,765 - easytorch-training - INFO - Result <val>: [val/time: 5.68 (s), val/loss: 0.3219, val/MAE: 0.3219, val/MAPE: 3.5196, val/RMSE: 0.4545]
2025-09-13 19:32:05,642 - easytorch-training - INFO - Result <test>: [test/time: 5.88 (s), test/loss: 0.0000, test/MAE: 0.3577, test/MAPE: 4.9891, test/RMSE: 0.5176]
2025-09-13 19:32:05,668 - easytorch-training - INFO - Checkpoint baselines\STDMAE\mask_save\Mask_TMAE\QiLin_5min_100_288_12\1968092d3b985fb0309b7c94ac5bfe49\Mask_TMAE_040.pt saved
2025-09-13 19:32:05,677 - easytorch-training - INFO - The estimated training finish time is 2025-09-13 19:52:08
2025-09-13 19:32:05,678 - easytorch-training - INFO - Epoch 41 / 100
2025-09-13 19:32:14,127 - easytorch-training - INFO - Result <train>: [train/time: 8.45 (s), train/lr: 1.00e-03, train/loss: 0.3151, train/MAE: 0.3151, train/MAPE: 2.6975, train/RMSE: 0.4800]
2025-09-13 19:32:14,129 - easytorch-training - INFO - Start validation.
2025-09-13 19:32:19,810 - easytorch-training - INFO - Result <val>: [val/time: 5.68 (s), val/loss: 0.3175, val/MAE: 0.3175, val/MAPE: 4.5849, val/RMSE: 0.4565]
2025-09-13 19:32:25,745 - easytorch-training - INFO - Result <test>: [test/time: 5.93 (s), test/loss: 0.0000, test/MAE: 0.3513, test/MAPE: 4.1242, test/RMSE: 0.5116]
2025-09-13 19:32:25,767 - easytorch-training - INFO - Checkpoint baselines\STDMAE\mask_save\Mask_TMAE\QiLin_5min_100_288_12\1968092d3b985fb0309b7c94ac5bfe49\Mask_TMAE_041.pt saved
2025-09-13 19:32:25,767 - easytorch-training - INFO - The estimated training finish time is 2025-09-13 19:52:09
2025-09-13 19:32:25,767 - easytorch-training - INFO - Epoch 42 / 100
2025-09-13 19:32:35,187 - easytorch-training - INFO - Result <train>: [train/time: 9.42 (s), train/lr: 1.00e-03, train/loss: 0.3141, train/MAE: 0.3141, train/MAPE: 2.6426, train/RMSE: 0.4785]
2025-09-13 19:32:35,188 - easytorch-training - INFO - Start validation.
2025-09-13 19:32:41,012 - easytorch-training - INFO - Result <val>: [val/time: 5.82 (s), val/loss: 0.3030, val/MAE: 0.3030, val/MAPE: 3.4766, val/RMSE: 0.4359]
2025-09-13 19:32:47,223 - easytorch-training - INFO - Result <test>: [test/time: 6.21 (s), test/loss: 0.0000, test/MAE: 0.3669, test/MAPE: 4.3983, test/RMSE: 0.5326]
2025-09-13 19:32:47,253 - easytorch-training - INFO - Checkpoint baselines\STDMAE\mask_save\Mask_TMAE\QiLin_5min_100_288_12\1968092d3b985fb0309b7c94ac5bfe49\Mask_TMAE_042.pt saved
2025-09-13 19:32:47,253 - easytorch-training - INFO - The estimated training finish time is 2025-09-13 19:52:12
2025-09-13 19:32:47,253 - easytorch-training - INFO - Epoch 43 / 100
2025-09-13 19:32:57,695 - easytorch-training - INFO - Result <train>: [train/time: 10.44 (s), train/lr: 1.00e-03, train/loss: 0.3173, train/MAE: 0.3173, train/MAPE: 2.7167, train/RMSE: 0.4846]
2025-09-13 19:32:57,696 - easytorch-training - INFO - Start validation.
2025-09-13 19:33:03,434 - easytorch-training - INFO - Result <val>: [val/time: 5.74 (s), val/loss: 0.3127, val/MAE: 0.3127, val/MAPE: 3.5872, val/RMSE: 0.4467]
2025-09-13 19:33:09,422 - easytorch-training - INFO - Result <test>: [test/time: 5.99 (s), test/loss: 0.0000, test/MAE: 0.3582, test/MAPE: 4.9905, test/RMSE: 0.5147]
2025-09-13 19:33:09,448 - easytorch-training - INFO - Checkpoint baselines\STDMAE\mask_save\Mask_TMAE\QiLin_5min_100_288_12\1968092d3b985fb0309b7c94ac5bfe49\Mask_TMAE_043.pt saved
2025-09-13 19:33:09,448 - easytorch-training - INFO - The estimated training finish time is 2025-09-13 19:52:17
2025-09-13 19:33:09,448 - easytorch-training - INFO - Epoch 44 / 100
2025-09-13 19:33:20,451 - easytorch-training - INFO - Result <train>: [train/time: 11.00 (s), train/lr: 1.00e-03, train/loss: 0.3133, train/MAE: 0.3133, train/MAPE: 2.6421, train/RMSE: 0.4756]
2025-09-13 19:33:20,452 - easytorch-training - INFO - Start validation.
2025-09-13 19:33:26,382 - easytorch-training - INFO - Result <val>: [val/time: 5.93 (s), val/loss: 0.2975, val/MAE: 0.2975, val/MAPE: 4.7724, val/RMSE: 0.4208]
2025-09-13 19:33:32,529 - easytorch-training - INFO - Result <test>: [test/time: 6.15 (s), test/loss: 0.0000, test/MAE: 0.3725, test/MAPE: 4.3493, test/RMSE: 0.5397]
2025-09-13 19:33:32,553 - easytorch-training - INFO - Checkpoint baselines\STDMAE\mask_save\Mask_TMAE\QiLin_5min_100_288_12\1968092d3b985fb0309b7c94ac5bfe49\Mask_TMAE_044.pt saved
2025-09-13 19:33:32,553 - easytorch-training - INFO - The estimated training finish time is 2025-09-13 19:52:24
2025-09-13 19:33:32,553 - easytorch-training - INFO - Epoch 45 / 100
2025-09-13 19:33:44,562 - easytorch-training - INFO - Result <train>: [train/time: 12.01 (s), train/lr: 1.00e-03, train/loss: 0.3135, train/MAE: 0.3135, train/MAPE: 2.6671, train/RMSE: 0.4774]
2025-09-13 19:33:44,564 - easytorch-training - INFO - Start validation.
2025-09-13 19:33:50,164 - easytorch-training - INFO - Result <val>: [val/time: 5.60 (s), val/loss: 0.2809, val/MAE: 0.2809, val/MAPE: 4.2679, val/RMSE: 0.3928]
2025-09-13 19:33:50,186 - easytorch-training - INFO - Checkpoint baselines\STDMAE\mask_save\Mask_TMAE\QiLin_5min_100_288_12\1968092d3b985fb0309b7c94ac5bfe49\Mask_TMAE_best_val_MAE.pt saved
2025-09-13 19:33:56,062 - easytorch-training - INFO - Result <test>: [test/time: 5.88 (s), test/loss: 0.0000, test/MAE: 0.3811, test/MAPE: 5.6214, test/RMSE: 0.5415]
2025-09-13 19:33:56,089 - easytorch-training - INFO - Checkpoint baselines\STDMAE\mask_save\Mask_TMAE\QiLin_5min_100_288_12\1968092d3b985fb0309b7c94ac5bfe49\Mask_TMAE_045.pt saved
2025-09-13 19:33:56,090 - easytorch-training - INFO - The estimated training finish time is 2025-09-13 19:52:31
2025-09-13 19:33:56,090 - easytorch-training - INFO - Epoch 46 / 100
2025-09-13 19:34:05,274 - easytorch-training - INFO - Result <train>: [train/time: 9.18 (s), train/lr: 1.00e-03, train/loss: 0.3156, train/MAE: 0.3156, train/MAPE: 2.6977, train/RMSE: 0.4819]
2025-09-13 19:34:05,276 - easytorch-training - INFO - Start validation.
2025-09-13 19:34:11,377 - easytorch-training - INFO - Result <val>: [val/time: 6.10 (s), val/loss: 0.3129, val/MAE: 0.3129, val/MAPE: 6.2334, val/RMSE: 0.4341]
2025-09-13 19:34:17,104 - easytorch-training - INFO - Result <test>: [test/time: 5.73 (s), test/loss: 0.0000, test/MAE: 0.3374, test/MAPE: 4.5985, test/RMSE: 0.5010]
2025-09-13 19:34:17,126 - easytorch-training - INFO - Checkpoint baselines\STDMAE\mask_save\Mask_TMAE\QiLin_5min_100_288_12\1968092d3b985fb0309b7c94ac5bfe49\Mask_TMAE_046.pt saved
2025-09-13 19:34:17,126 - easytorch-training - INFO - The estimated training finish time is 2025-09-13 19:52:33
2025-09-13 19:34:17,126 - easytorch-training - INFO - Epoch 47 / 100
2025-09-13 19:34:24,410 - easytorch-training - INFO - Result <train>: [train/time: 7.28 (s), train/lr: 1.00e-03, train/loss: 0.3162, train/MAE: 0.3162, train/MAPE: 2.6608, train/RMSE: 0.4821]
2025-09-13 19:34:24,411 - easytorch-training - INFO - Start validation.
2025-09-13 19:34:30,623 - easytorch-training - INFO - Result <val>: [val/time: 6.21 (s), val/loss: 0.3013, val/MAE: 0.3013, val/MAPE: 3.8909, val/RMSE: 0.4250]
2025-09-13 19:34:36,793 - easytorch-training - INFO - Result <test>: [test/time: 6.17 (s), test/loss: 0.0000, test/MAE: 0.3618, test/MAPE: 4.5646, test/RMSE: 0.5222]
2025-09-13 19:34:36,815 - easytorch-training - INFO - Checkpoint baselines\STDMAE\mask_save\Mask_TMAE\QiLin_5min_100_288_12\1968092d3b985fb0309b7c94ac5bfe49\Mask_TMAE_047.pt saved
2025-09-13 19:34:36,815 - easytorch-training - INFO - The estimated training finish time is 2025-09-13 19:52:31
2025-09-13 19:34:36,815 - easytorch-training - INFO - Epoch 48 / 100
2025-09-13 19:34:44,195 - easytorch-training - INFO - Result <train>: [train/time: 7.38 (s), train/lr: 1.00e-03, train/loss: 0.3126, train/MAE: 0.3126, train/MAPE: 2.6537, train/RMSE: 0.4755]
2025-09-13 19:34:44,197 - easytorch-training - INFO - Start validation.
2025-09-13 19:34:49,913 - easytorch-training - INFO - Result <val>: [val/time: 5.72 (s), val/loss: 0.2987, val/MAE: 0.2987, val/MAPE: 4.9807, val/RMSE: 0.4197]
2025-09-13 19:34:56,578 - easytorch-training - INFO - Result <test>: [test/time: 6.66 (s), test/loss: 0.0000, test/MAE: 0.3628, test/MAPE: 4.2054, test/RMSE: 0.5197]
2025-09-13 19:34:56,605 - easytorch-training - INFO - Checkpoint baselines\STDMAE\mask_save\Mask_TMAE\QiLin_5min_100_288_12\1968092d3b985fb0309b7c94ac5bfe49\Mask_TMAE_048.pt saved
2025-09-13 19:34:56,606 - easytorch-training - INFO - The estimated training finish time is 2025-09-13 19:52:30
2025-09-13 19:34:56,606 - easytorch-training - INFO - Epoch 49 / 100
2025-09-13 19:35:03,922 - easytorch-training - INFO - Result <train>: [train/time: 7.32 (s), train/lr: 1.00e-03, train/loss: 0.3064, train/MAE: 0.3064, train/MAPE: 2.5896, train/RMSE: 0.4666]
2025-09-13 19:35:03,924 - easytorch-training - INFO - Start validation.
2025-09-13 19:35:09,588 - easytorch-training - INFO - Result <val>: [val/time: 5.66 (s), val/loss: 0.3199, val/MAE: 0.3199, val/MAPE: 4.0905, val/RMSE: 0.4587]
2025-09-13 19:35:16,261 - easytorch-training - INFO - Result <test>: [test/time: 6.67 (s), test/loss: 0.0000, test/MAE: 0.3691, test/MAPE: 4.4759, test/RMSE: 0.5253]
2025-09-13 19:35:16,290 - easytorch-training - INFO - Checkpoint baselines\STDMAE\mask_save\Mask_TMAE\QiLin_5min_100_288_12\1968092d3b985fb0309b7c94ac5bfe49\Mask_TMAE_049.pt saved
2025-09-13 19:35:16,290 - easytorch-training - INFO - The estimated training finish time is 2025-09-13 19:52:29
2025-09-13 19:35:16,290 - easytorch-training - INFO - Epoch 50 / 100
2025-09-13 19:35:23,630 - easytorch-training - INFO - Result <train>: [train/time: 7.34 (s), train/lr: 1.00e-03, train/loss: 0.3104, train/MAE: 0.3104, train/MAPE: 2.6685, train/RMSE: 0.4714]
2025-09-13 19:35:23,632 - easytorch-training - INFO - Start validation.
2025-09-13 19:35:29,284 - easytorch-training - INFO - Result <val>: [val/time: 5.65 (s), val/loss: 0.3063, val/MAE: 0.3063, val/MAPE: 3.3994, val/RMSE: 0.4211]
2025-09-13 19:35:35,453 - easytorch-training - INFO - Result <test>: [test/time: 6.17 (s), test/loss: 0.0000, test/MAE: 0.3849, test/MAPE: 4.7977, test/RMSE: 0.5455]
2025-09-13 19:35:35,476 - easytorch-training - INFO - Checkpoint baselines\STDMAE\mask_save\Mask_TMAE\QiLin_5min_100_288_12\1968092d3b985fb0309b7c94ac5bfe49\Mask_TMAE_050.pt saved
2025-09-13 19:35:35,487 - easytorch-training - INFO - The estimated training finish time is 2025-09-13 19:52:27
2025-09-13 19:35:35,487 - easytorch-training - INFO - Epoch 51 / 100
2025-09-13 19:35:43,083 - easytorch-training - INFO - Result <train>: [train/time: 7.60 (s), train/lr: 5.00e-04, train/loss: 0.3048, train/MAE: 0.3048, train/MAPE: 2.5486, train/RMSE: 0.4635]
2025-09-13 19:35:43,085 - easytorch-training - INFO - Start validation.
2025-09-13 19:35:48,660 - easytorch-training - INFO - Result <val>: [val/time: 5.57 (s), val/loss: 0.3010, val/MAE: 0.3010, val/MAPE: 4.9340, val/RMSE: 0.4199]
2025-09-13 19:35:54,907 - easytorch-training - INFO - Result <test>: [test/time: 6.25 (s), test/loss: 0.0000, test/MAE: 0.3704, test/MAPE: 4.0692, test/RMSE: 0.5316]
2025-09-13 19:35:54,929 - easytorch-training - INFO - Checkpoint baselines\STDMAE\mask_save\Mask_TMAE\QiLin_5min_100_288_12\1968092d3b985fb0309b7c94ac5bfe49\Mask_TMAE_051.pt saved
2025-09-13 19:35:54,929 - easytorch-training - INFO - The estimated training finish time is 2025-09-13 19:52:25
2025-09-13 19:35:54,929 - easytorch-training - INFO - Epoch 52 / 100
2025-09-13 19:36:02,247 - easytorch-training - INFO - Result <train>: [train/time: 7.32 (s), train/lr: 5.00e-04, train/loss: 0.3030, train/MAE: 0.3030, train/MAPE: 2.5771, train/RMSE: 0.4607]
2025-09-13 19:36:02,249 - easytorch-training - INFO - Start validation.
2025-09-13 19:36:07,867 - easytorch-training - INFO - Result <val>: [val/time: 5.62 (s), val/loss: 0.2738, val/MAE: 0.2738, val/MAPE: 3.5770, val/RMSE: 0.3931]
2025-09-13 19:36:07,893 - easytorch-training - INFO - Checkpoint baselines\STDMAE\mask_save\Mask_TMAE\QiLin_5min_100_288_12\1968092d3b985fb0309b7c94ac5bfe49\Mask_TMAE_best_val_MAE.pt saved
2025-09-13 19:36:14,003 - easytorch-training - INFO - Result <test>: [test/time: 6.11 (s), test/loss: 0.0000, test/MAE: 0.3540, test/MAPE: 4.6007, test/RMSE: 0.5098]
2025-09-13 19:36:14,023 - easytorch-training - INFO - Checkpoint baselines\STDMAE\mask_save\Mask_TMAE\QiLin_5min_100_288_12\1968092d3b985fb0309b7c94ac5bfe49\Mask_TMAE_052.pt saved
2025-09-13 19:36:14,023 - easytorch-training - INFO - The estimated training finish time is 2025-09-13 19:52:23
2025-09-13 19:36:14,024 - easytorch-training - INFO - Epoch 53 / 100
2025-09-13 19:36:22,930 - easytorch-training - INFO - Result <train>: [train/time: 8.91 (s), train/lr: 5.00e-04, train/loss: 0.3005, train/MAE: 0.3005, train/MAPE: 2.6243, train/RMSE: 0.4571]
2025-09-13 19:36:22,931 - easytorch-training - INFO - Start validation.
2025-09-13 19:36:28,577 - easytorch-training - INFO - Result <val>: [val/time: 5.65 (s), val/loss: 0.2882, val/MAE: 0.2882, val/MAPE: 4.3742, val/RMSE: 0.4212]
2025-09-13 19:36:34,578 - easytorch-training - INFO - Result <test>: [test/time: 6.00 (s), test/loss: 0.0000, test/MAE: 0.3599, test/MAPE: 5.5530, test/RMSE: 0.5153]
2025-09-13 19:36:34,599 - easytorch-training - INFO - Checkpoint baselines\STDMAE\mask_save\Mask_TMAE\QiLin_5min_100_288_12\1968092d3b985fb0309b7c94ac5bfe49\Mask_TMAE_053.pt saved
2025-09-13 19:36:34,600 - easytorch-training - INFO - The estimated training finish time is 2025-09-13 19:52:24
2025-09-13 19:36:34,600 - easytorch-training - INFO - Epoch 54 / 100
2025-09-13 19:36:44,077 - easytorch-training - INFO - Result <train>: [train/time: 9.48 (s), train/lr: 5.00e-04, train/loss: 0.2994, train/MAE: 0.2994, train/MAPE: 2.5720, train/RMSE: 0.4548]
2025-09-13 19:36:44,079 - easytorch-training - INFO - Start validation.
2025-09-13 19:36:49,840 - easytorch-training - INFO - Result <val>: [val/time: 5.76 (s), val/loss: 0.2904, val/MAE: 0.2904, val/MAPE: 3.2843, val/RMSE: 0.4058]
2025-09-13 19:36:55,936 - easytorch-training - INFO - Result <test>: [test/time: 6.10 (s), test/loss: 0.0000, test/MAE: 0.3517, test/MAPE: 4.4318, test/RMSE: 0.5114]
2025-09-13 19:36:55,960 - easytorch-training - INFO - Checkpoint baselines\STDMAE\mask_save\Mask_TMAE\QiLin_5min_100_288_12\1968092d3b985fb0309b7c94ac5bfe49\Mask_TMAE_054.pt saved
2025-09-13 19:36:55,960 - easytorch-training - INFO - The estimated training finish time is 2025-09-13 19:52:26
2025-09-13 19:36:55,960 - easytorch-training - INFO - Epoch 55 / 100
2025-09-13 19:37:05,809 - easytorch-training - INFO - Result <train>: [train/time: 9.85 (s), train/lr: 5.00e-04, train/loss: 0.3022, train/MAE: 0.3022, train/MAPE: 2.5963, train/RMSE: 0.4587]
2025-09-13 19:37:05,811 - easytorch-training - INFO - Start validation.
2025-09-13 19:37:11,856 - easytorch-training - INFO - Result <val>: [val/time: 6.04 (s), val/loss: 0.2945, val/MAE: 0.2945, val/MAPE: 4.6109, val/RMSE: 0.4124]
2025-09-13 19:37:18,158 - easytorch-training - INFO - Result <test>: [test/time: 6.30 (s), test/loss: 0.0000, test/MAE: 0.3470, test/MAPE: 4.4942, test/RMSE: 0.5052]
2025-09-13 19:37:18,185 - easytorch-training - INFO - Checkpoint baselines\STDMAE\mask_save\Mask_TMAE\QiLin_5min_100_288_12\1968092d3b985fb0309b7c94ac5bfe49\Mask_TMAE_055.pt saved
2025-09-13 19:37:18,185 - easytorch-training - INFO - The estimated training finish time is 2025-09-13 19:52:30
2025-09-13 19:37:18,185 - easytorch-training - INFO - Epoch 56 / 100
2025-09-13 19:37:27,826 - easytorch-training - INFO - Result <train>: [train/time: 9.64 (s), train/lr: 5.00e-04, train/loss: 0.2976, train/MAE: 0.2976, train/MAPE: 2.5155, train/RMSE: 0.4519]
2025-09-13 19:37:27,827 - easytorch-training - INFO - Start validation.
2025-09-13 19:37:34,016 - easytorch-training - INFO - Result <val>: [val/time: 6.19 (s), val/loss: 0.3037, val/MAE: 0.3037, val/MAPE: 3.3038, val/RMSE: 0.4243]
2025-09-13 19:37:39,836 - easytorch-training - INFO - Result <test>: [test/time: 5.82 (s), test/loss: 0.0000, test/MAE: 0.3618, test/MAPE: 5.1161, test/RMSE: 0.5159]
2025-09-13 19:37:39,859 - easytorch-training - INFO - Checkpoint baselines\STDMAE\mask_save\Mask_TMAE\QiLin_5min_100_288_12\1968092d3b985fb0309b7c94ac5bfe49\Mask_TMAE_056.pt saved
2025-09-13 19:37:39,860 - easytorch-training - INFO - The estimated training finish time is 2025-09-13 19:52:32
2025-09-13 19:37:39,860 - easytorch-training - INFO - Epoch 57 / 100
2025-09-13 19:37:47,953 - easytorch-training - INFO - Result <train>: [train/time: 8.09 (s), train/lr: 5.00e-04, train/loss: 0.3008, train/MAE: 0.3008, train/MAPE: 2.5838, train/RMSE: 0.4560]
2025-09-13 19:37:47,954 - easytorch-training - INFO - Start validation.
2025-09-13 19:37:54,393 - easytorch-training - INFO - Result <val>: [val/time: 6.44 (s), val/loss: 0.2668, val/MAE: 0.2668, val/MAPE: 3.6891, val/RMSE: 0.3778]
2025-09-13 19:37:54,418 - easytorch-training - INFO - Checkpoint baselines\STDMAE\mask_save\Mask_TMAE\QiLin_5min_100_288_12\1968092d3b985fb0309b7c94ac5bfe49\Mask_TMAE_best_val_MAE.pt saved
2025-09-13 19:38:00,319 - easytorch-training - INFO - Result <test>: [test/time: 5.90 (s), test/loss: 0.0000, test/MAE: 0.3664, test/MAPE: 4.9048, test/RMSE: 0.5270]
2025-09-13 19:38:00,339 - easytorch-training - INFO - Checkpoint baselines\STDMAE\mask_save\Mask_TMAE\QiLin_5min_100_288_12\1968092d3b985fb0309b7c94ac5bfe49\Mask_TMAE_057.pt saved
2025-09-13 19:38:00,339 - easytorch-training - INFO - The estimated training finish time is 2025-09-13 19:52:33
2025-09-13 19:38:00,339 - easytorch-training - INFO - Epoch 58 / 100
2025-09-13 19:38:07,803 - easytorch-training - INFO - Result <train>: [train/time: 7.46 (s), train/lr: 5.00e-04, train/loss: 0.3005, train/MAE: 0.3005, train/MAPE: 2.5555, train/RMSE: 0.4573]
2025-09-13 19:38:07,804 - easytorch-training - INFO - Start validation.
2025-09-13 19:38:14,505 - easytorch-training - INFO - Result <val>: [val/time: 6.70 (s), val/loss: 0.2833, val/MAE: 0.2833, val/MAPE: 4.6060, val/RMSE: 0.3917]
2025-09-13 19:38:20,848 - easytorch-training - INFO - Result <test>: [test/time: 6.34 (s), test/loss: 0.0000, test/MAE: 0.3521, test/MAPE: 4.1350, test/RMSE: 0.5024]
2025-09-13 19:38:20,868 - easytorch-training - INFO - Checkpoint baselines\STDMAE\mask_save\Mask_TMAE\QiLin_5min_100_288_12\1968092d3b985fb0309b7c94ac5bfe49\Mask_TMAE_058.pt saved
2025-09-13 19:38:20,868 - easytorch-training - INFO - The estimated training finish time is 2025-09-13 19:52:33
2025-09-13 19:38:20,868 - easytorch-training - INFO - Epoch 59 / 100
2025-09-13 19:38:28,727 - easytorch-training - INFO - Result <train>: [train/time: 7.86 (s), train/lr: 5.00e-04, train/loss: 0.3001, train/MAE: 0.3001, train/MAPE: 2.5868, train/RMSE: 0.4566]
2025-09-13 19:38:28,728 - easytorch-training - INFO - Start validation.
2025-09-13 19:38:35,022 - easytorch-training - INFO - Result <val>: [val/time: 6.29 (s), val/loss: 0.2737, val/MAE: 0.2737, val/MAPE: 3.4830, val/RMSE: 0.3895]
2025-09-13 19:38:41,788 - easytorch-training - INFO - Result <test>: [test/time: 6.76 (s), test/loss: 0.0000, test/MAE: 0.3567, test/MAPE: 4.3964, test/RMSE: 0.5108]
2025-09-13 19:38:41,808 - easytorch-training - INFO - Checkpoint baselines\STDMAE\mask_save\Mask_TMAE\QiLin_5min_100_288_12\1968092d3b985fb0309b7c94ac5bfe49\Mask_TMAE_059.pt saved
2025-09-13 19:38:41,808 - easytorch-training - INFO - The estimated training finish time is 2025-09-13 19:52:34
2025-09-13 19:38:41,808 - easytorch-training - INFO - Epoch 60 / 100
2025-09-13 19:38:49,082 - easytorch-training - INFO - Result <train>: [train/time: 7.27 (s), train/lr: 5.00e-04, train/loss: 0.2988, train/MAE: 0.2988, train/MAPE: 2.5267, train/RMSE: 0.4547]
2025-09-13 19:38:49,083 - easytorch-training - INFO - Start validation.
2025-09-13 19:38:54,947 - easytorch-training - INFO - Result <val>: [val/time: 5.86 (s), val/loss: 0.3165, val/MAE: 0.3165, val/MAPE: 4.8515, val/RMSE: 0.4463]
2025-09-13 19:39:02,201 - easytorch-training - INFO - Result <test>: [test/time: 7.25 (s), test/loss: 0.0000, test/MAE: 0.3724, test/MAPE: 5.0913, test/RMSE: 0.5374]
2025-09-13 19:39:02,232 - easytorch-training - INFO - Checkpoint baselines\STDMAE\mask_save\Mask_TMAE\QiLin_5min_100_288_12\1968092d3b985fb0309b7c94ac5bfe49\Mask_TMAE_060.pt saved
2025-09-13 19:39:02,244 - easytorch-training - INFO - The estimated training finish time is 2025-09-13 19:52:34
2025-09-13 19:39:02,244 - easytorch-training - INFO - Epoch 61 / 100
2025-09-13 19:39:09,935 - easytorch-training - INFO - Result <train>: [train/time: 7.69 (s), train/lr: 5.00e-04, train/loss: 0.2990, train/MAE: 0.2990, train/MAPE: 2.5654, train/RMSE: 0.4543]
2025-09-13 19:39:09,936 - easytorch-training - INFO - Start validation.
2025-09-13 19:39:15,819 - easytorch-training - INFO - Result <val>: [val/time: 5.88 (s), val/loss: 0.3033, val/MAE: 0.3033, val/MAPE: 4.0549, val/RMSE: 0.4336]
2025-09-13 19:39:21,998 - easytorch-training - INFO - Result <test>: [test/time: 6.18 (s), test/loss: 0.0000, test/MAE: 0.3473, test/MAPE: 4.1885, test/RMSE: 0.5033]
2025-09-13 19:39:22,018 - easytorch-training - INFO - Checkpoint baselines\STDMAE\mask_save\Mask_TMAE\QiLin_5min_100_288_12\1968092d3b985fb0309b7c94ac5bfe49\Mask_TMAE_061.pt saved
2025-09-13 19:39:22,019 - easytorch-training - INFO - The estimated training finish time is 2025-09-13 19:52:33
2025-09-13 19:39:22,019 - easytorch-training - INFO - Epoch 62 / 100
2025-09-13 19:39:30,850 - easytorch-training - INFO - Result <train>: [train/time: 8.83 (s), train/lr: 5.00e-04, train/loss: 0.2978, train/MAE: 0.2978, train/MAPE: 2.5227, train/RMSE: 0.4535]
2025-09-13 19:39:30,851 - easytorch-training - INFO - Start validation.
2025-09-13 19:39:36,639 - easytorch-training - INFO - Result <val>: [val/time: 5.79 (s), val/loss: 0.3185, val/MAE: 0.3185, val/MAPE: 6.2994, val/RMSE: 0.4463]
2025-09-13 19:39:42,712 - easytorch-training - INFO - Result <test>: [test/time: 6.07 (s), test/loss: 0.0000, test/MAE: 0.3529, test/MAPE: 4.0450, test/RMSE: 0.5182]
2025-09-13 19:39:42,733 - easytorch-training - INFO - Checkpoint baselines\STDMAE\mask_save\Mask_TMAE\QiLin_5min_100_288_12\1968092d3b985fb0309b7c94ac5bfe49\Mask_TMAE_062.pt saved
2025-09-13 19:39:42,733 - easytorch-training - INFO - The estimated training finish time is 2025-09-13 19:52:34
2025-09-13 19:39:42,733 - easytorch-training - INFO - Epoch 63 / 100
2025-09-13 19:39:53,573 - easytorch-training - INFO - Result <train>: [train/time: 10.84 (s), train/lr: 5.00e-04, train/loss: 0.2975, train/MAE: 0.2975, train/MAPE: 2.5121, train/RMSE: 0.4523]
2025-09-13 19:39:53,574 - easytorch-training - INFO - Start validation.
2025-09-13 19:39:59,960 - easytorch-training - INFO - Result <val>: [val/time: 6.39 (s), val/loss: 0.2930, val/MAE: 0.2930, val/MAPE: 4.4180, val/RMSE: 0.4074]
2025-09-13 19:40:06,684 - easytorch-training - INFO - Result <test>: [test/time: 6.72 (s), test/loss: 0.0000, test/MAE: 0.3540, test/MAPE: 4.1330, test/RMSE: 0.5101]
2025-09-13 19:40:06,712 - easytorch-training - INFO - Checkpoint baselines\STDMAE\mask_save\Mask_TMAE\QiLin_5min_100_288_12\1968092d3b985fb0309b7c94ac5bfe49\Mask_TMAE_063.pt saved
2025-09-13 19:40:06,712 - easytorch-training - INFO - The estimated training finish time is 2025-09-13 19:52:40
2025-09-13 19:40:06,712 - easytorch-training - INFO - Epoch 64 / 100
2025-09-13 19:40:16,649 - easytorch-training - INFO - Result <train>: [train/time: 9.94 (s), train/lr: 5.00e-04, train/loss: 0.2979, train/MAE: 0.2979, train/MAPE: 2.5370, train/RMSE: 0.4524]
2025-09-13 19:40:16,651 - easytorch-training - INFO - Start validation.
2025-09-13 19:40:22,623 - easytorch-training - INFO - Result <val>: [val/time: 5.97 (s), val/loss: 0.2905, val/MAE: 0.2905, val/MAPE: 3.5343, val/RMSE: 0.4098]
2025-09-13 19:40:28,804 - easytorch-training - INFO - Result <test>: [test/time: 6.18 (s), test/loss: 0.0000, test/MAE: 0.3482, test/MAPE: 4.8163, test/RMSE: 0.5002]
2025-09-13 19:40:28,826 - easytorch-training - INFO - Checkpoint baselines\STDMAE\mask_save\Mask_TMAE\QiLin_5min_100_288_12\1968092d3b985fb0309b7c94ac5bfe49\Mask_TMAE_064.pt saved
2025-09-13 19:40:28,827 - easytorch-training - INFO - The estimated training finish time is 2025-09-13 19:52:43
2025-09-13 19:40:28,827 - easytorch-training - INFO - Epoch 65 / 100
2025-09-13 19:40:38,985 - easytorch-training - INFO - Result <train>: [train/time: 10.16 (s), train/lr: 5.00e-04, train/loss: 0.2978, train/MAE: 0.2978, train/MAPE: 2.5927, train/RMSE: 0.4522]
2025-09-13 19:40:38,987 - easytorch-training - INFO - Start validation.
2025-09-13 19:40:44,889 - easytorch-training - INFO - Result <val>: [val/time: 5.90 (s), val/loss: 0.2631, val/MAE: 0.2631, val/MAPE: 3.6135, val/RMSE: 0.3828]
2025-09-13 19:40:44,914 - easytorch-training - INFO - Checkpoint baselines\STDMAE\mask_save\Mask_TMAE\QiLin_5min_100_288_12\1968092d3b985fb0309b7c94ac5bfe49\Mask_TMAE_best_val_MAE.pt saved
2025-09-13 19:40:51,281 - easytorch-training - INFO - Result <test>: [test/time: 6.37 (s), test/loss: 0.0000, test/MAE: 0.3672, test/MAPE: 4.8819, test/RMSE: 0.5293]
2025-09-13 19:40:51,304 - easytorch-training - INFO - Checkpoint baselines\STDMAE\mask_save\Mask_TMAE\QiLin_5min_100_288_12\1968092d3b985fb0309b7c94ac5bfe49\Mask_TMAE_065.pt saved
2025-09-13 19:40:51,304 - easytorch-training - INFO - The estimated training finish time is 2025-09-13 19:52:46
2025-09-13 19:40:51,304 - easytorch-training - INFO - Epoch 66 / 100
2025-09-13 19:41:01,069 - easytorch-training - INFO - Result <train>: [train/time: 9.76 (s), train/lr: 5.00e-04, train/loss: 0.2995, train/MAE: 0.2995, train/MAPE: 2.5451, train/RMSE: 0.4549]
2025-09-13 19:41:01,070 - easytorch-training - INFO - Start validation.
2025-09-13 19:41:07,156 - easytorch-training - INFO - Result <val>: [val/time: 6.09 (s), val/loss: 0.3126, val/MAE: 0.3126, val/MAPE: 4.0418, val/RMSE: 0.4360]
2025-09-13 19:41:13,342 - easytorch-training - INFO - Result <test>: [test/time: 6.18 (s), test/loss: 0.0000, test/MAE: 0.3526, test/MAPE: 4.2483, test/RMSE: 0.5063]
2025-09-13 19:41:13,374 - easytorch-training - INFO - Checkpoint baselines\STDMAE\mask_save\Mask_TMAE\QiLin_5min_100_288_12\1968092d3b985fb0309b7c94ac5bfe49\Mask_TMAE_066.pt saved
2025-09-13 19:41:13,374 - easytorch-training - INFO - The estimated training finish time is 2025-09-13 19:52:48
2025-09-13 19:41:13,374 - easytorch-training - INFO - Epoch 67 / 100
2025-09-13 19:41:20,783 - easytorch-training - INFO - Result <train>: [train/time: 7.41 (s), train/lr: 5.00e-04, train/loss: 0.2982, train/MAE: 0.2982, train/MAPE: 2.5747, train/RMSE: 0.4527]
2025-09-13 19:41:20,784 - easytorch-training - INFO - Start validation.
2025-09-13 19:41:27,201 - easytorch-training - INFO - Result <val>: [val/time: 6.42 (s), val/loss: 0.3028, val/MAE: 0.3028, val/MAPE: 3.7456, val/RMSE: 0.4231]
2025-09-13 19:41:33,263 - easytorch-training - INFO - Result <test>: [test/time: 6.06 (s), test/loss: 0.0000, test/MAE: 0.3681, test/MAPE: 4.1516, test/RMSE: 0.5322]
2025-09-13 19:41:33,282 - easytorch-training - INFO - Checkpoint baselines\STDMAE\mask_save\Mask_TMAE\QiLin_5min_100_288_12\1968092d3b985fb0309b7c94ac5bfe49\Mask_TMAE_067.pt saved
2025-09-13 19:41:33,282 - easytorch-training - INFO - The estimated training finish time is 2025-09-13 19:52:47
2025-09-13 19:41:33,282 - easytorch-training - INFO - Epoch 68 / 100
2025-09-13 19:41:40,694 - easytorch-training - INFO - Result <train>: [train/time: 7.41 (s), train/lr: 5.00e-04, train/loss: 0.2973, train/MAE: 0.2973, train/MAPE: 2.5506, train/RMSE: 0.4511]
2025-09-13 19:41:40,696 - easytorch-training - INFO - Start validation.
2025-09-13 19:41:46,907 - easytorch-training - INFO - Result <val>: [val/time: 6.21 (s), val/loss: 0.2768, val/MAE: 0.2768, val/MAPE: 3.6453, val/RMSE: 0.3890]
2025-09-13 19:41:52,915 - easytorch-training - INFO - Result <test>: [test/time: 6.01 (s), test/loss: 0.0000, test/MAE: 0.3589, test/MAPE: 4.6736, test/RMSE: 0.5200]
2025-09-13 19:41:52,941 - easytorch-training - INFO - Checkpoint baselines\STDMAE\mask_save\Mask_TMAE\QiLin_5min_100_288_12\1968092d3b985fb0309b7c94ac5bfe49\Mask_TMAE_068.pt saved
2025-09-13 19:41:52,941 - easytorch-training - INFO - The estimated training finish time is 2025-09-13 19:52:46
2025-09-13 19:41:52,941 - easytorch-training - INFO - Epoch 69 / 100
2025-09-13 19:42:00,575 - easytorch-training - INFO - Result <train>: [train/time: 7.63 (s), train/lr: 5.00e-04, train/loss: 0.2967, train/MAE: 0.2967, train/MAPE: 2.5771, train/RMSE: 0.4501]
2025-09-13 19:42:00,577 - easytorch-training - INFO - Start validation.
2025-09-13 19:42:06,254 - easytorch-training - INFO - Result <val>: [val/time: 5.68 (s), val/loss: 0.2570, val/MAE: 0.2570, val/MAPE: 2.9901, val/RMSE: 0.3743]
2025-09-13 19:42:06,275 - easytorch-training - INFO - Checkpoint baselines\STDMAE\mask_save\Mask_TMAE\QiLin_5min_100_288_12\1968092d3b985fb0309b7c94ac5bfe49\Mask_TMAE_best_val_MAE.pt saved
2025-09-13 19:42:13,235 - easytorch-training - INFO - Result <test>: [test/time: 6.96 (s), test/loss: 0.0000, test/MAE: 0.3490, test/MAPE: 4.1341, test/RMSE: 0.5103]
2025-09-13 19:42:13,259 - easytorch-training - INFO - Checkpoint baselines\STDMAE\mask_save\Mask_TMAE\QiLin_5min_100_288_12\1968092d3b985fb0309b7c94ac5bfe49\Mask_TMAE_069.pt saved
2025-09-13 19:42:13,259 - easytorch-training - INFO - The estimated training finish time is 2025-09-13 19:52:46
2025-09-13 19:42:13,259 - easytorch-training - INFO - Epoch 70 / 100
2025-09-13 19:42:20,638 - easytorch-training - INFO - Result <train>: [train/time: 7.38 (s), train/lr: 5.00e-04, train/loss: 0.2955, train/MAE: 0.2955, train/MAPE: 2.5480, train/RMSE: 0.4506]
2025-09-13 19:42:20,640 - easytorch-training - INFO - Start validation.
2025-09-13 19:42:26,328 - easytorch-training - INFO - Result <val>: [val/time: 5.69 (s), val/loss: 0.2771, val/MAE: 0.2771, val/MAPE: 4.4149, val/RMSE: 0.3868]
2025-09-13 19:42:33,892 - easytorch-training - INFO - Result <test>: [test/time: 7.56 (s), test/loss: 0.0000, test/MAE: 0.3410, test/MAPE: 4.2434, test/RMSE: 0.4896]
2025-09-13 19:42:33,917 - easytorch-training - INFO - Checkpoint baselines\STDMAE\mask_save\Mask_TMAE\QiLin_5min_100_288_12\1968092d3b985fb0309b7c94ac5bfe49\Mask_TMAE_070.pt saved
2025-09-13 19:42:33,926 - easytorch-training - INFO - The estimated training finish time is 2025-09-13 19:52:46
2025-09-13 19:42:33,926 - easytorch-training - INFO - Epoch 71 / 100
2025-09-13 19:42:41,510 - easytorch-training - INFO - Result <train>: [train/time: 7.58 (s), train/lr: 5.00e-04, train/loss: 0.2964, train/MAE: 0.2964, train/MAPE: 2.5332, train/RMSE: 0.4501]
2025-09-13 19:42:41,512 - easytorch-training - INFO - Start validation.
2025-09-13 19:42:47,497 - easytorch-training - INFO - Result <val>: [val/time: 5.99 (s), val/loss: 0.2955, val/MAE: 0.2955, val/MAPE: 5.4361, val/RMSE: 0.4057]
2025-09-13 19:42:53,685 - easytorch-training - INFO - Result <test>: [test/time: 6.19 (s), test/loss: 0.0000, test/MAE: 0.3529, test/MAPE: 4.2669, test/RMSE: 0.5113]
2025-09-13 19:42:53,707 - easytorch-training - INFO - Checkpoint baselines\STDMAE\mask_save\Mask_TMAE\QiLin_5min_100_288_12\1968092d3b985fb0309b7c94ac5bfe49\Mask_TMAE_071.pt saved
2025-09-13 19:42:53,707 - easytorch-training - INFO - The estimated training finish time is 2025-09-13 19:52:46
2025-09-13 19:42:53,707 - easytorch-training - INFO - Epoch 72 / 100
2025-09-13 19:43:02,104 - easytorch-training - INFO - Result <train>: [train/time: 8.40 (s), train/lr: 5.00e-04, train/loss: 0.3003, train/MAE: 0.3003, train/MAPE: 2.5357, train/RMSE: 0.4552]
2025-09-13 19:43:02,105 - easytorch-training - INFO - Start validation.
2025-09-13 19:43:07,772 - easytorch-training - INFO - Result <val>: [val/time: 5.67 (s), val/loss: 0.2913, val/MAE: 0.2913, val/MAPE: 4.2973, val/RMSE: 0.4105]
2025-09-13 19:43:13,918 - easytorch-training - INFO - Result <test>: [test/time: 6.15 (s), test/loss: 0.0000, test/MAE: 0.3545, test/MAPE: 4.6463, test/RMSE: 0.5103]
2025-09-13 19:43:13,944 - easytorch-training - INFO - Checkpoint baselines\STDMAE\mask_save\Mask_TMAE\QiLin_5min_100_288_12\1968092d3b985fb0309b7c94ac5bfe49\Mask_TMAE_072.pt saved
2025-09-13 19:43:13,945 - easytorch-training - INFO - The estimated training finish time is 2025-09-13 19:52:45
2025-09-13 19:43:13,945 - easytorch-training - INFO - Epoch 73 / 100
2025-09-13 19:43:25,269 - easytorch-training - INFO - Result <train>: [train/time: 11.32 (s), train/lr: 5.00e-04, train/loss: 0.2975, train/MAE: 0.2975, train/MAPE: 2.5597, train/RMSE: 0.4516]
2025-09-13 19:43:25,270 - easytorch-training - INFO - Start validation.
2025-09-13 19:43:31,341 - easytorch-training - INFO - Result <val>: [val/time: 6.07 (s), val/loss: 0.2932, val/MAE: 0.2932, val/MAPE: 4.0176, val/RMSE: 0.4084]
2025-09-13 19:43:37,860 - easytorch-training - INFO - Result <test>: [test/time: 6.52 (s), test/loss: 0.0000, test/MAE: 0.3438, test/MAPE: 4.5572, test/RMSE: 0.4966]
2025-09-13 19:43:37,883 - easytorch-training - INFO - Checkpoint baselines\STDMAE\mask_save\Mask_TMAE\QiLin_5min_100_288_12\1968092d3b985fb0309b7c94ac5bfe49\Mask_TMAE_073.pt saved
2025-09-13 19:43:37,883 - easytorch-training - INFO - The estimated training finish time is 2025-09-13 19:52:50
2025-09-13 19:43:37,883 - easytorch-training - INFO - Epoch 74 / 100
2025-09-13 19:43:48,353 - easytorch-training - INFO - Result <train>: [train/time: 10.47 (s), train/lr: 5.00e-04, train/loss: 0.2943, train/MAE: 0.2943, train/MAPE: 2.5522, train/RMSE: 0.4463]
2025-09-13 19:43:48,354 - easytorch-training - INFO - Start validation.
2025-09-13 19:43:54,166 - easytorch-training - INFO - Result <val>: [val/time: 5.81 (s), val/loss: 0.2913, val/MAE: 0.2913, val/MAPE: 3.4947, val/RMSE: 0.4150]
2025-09-13 19:44:00,382 - easytorch-training - INFO - Result <test>: [test/time: 6.21 (s), test/loss: 0.0000, test/MAE: 0.3519, test/MAPE: 4.7223, test/RMSE: 0.5079]
2025-09-13 19:44:00,409 - easytorch-training - INFO - Checkpoint baselines\STDMAE\mask_save\Mask_TMAE\QiLin_5min_100_288_12\1968092d3b985fb0309b7c94ac5bfe49\Mask_TMAE_074.pt saved
2025-09-13 19:44:00,409 - easytorch-training - INFO - The estimated training finish time is 2025-09-13 19:52:53
2025-09-13 19:44:00,409 - easytorch-training - INFO - Epoch 75 / 100
2025-09-13 19:44:09,567 - easytorch-training - INFO - Result <train>: [train/time: 9.16 (s), train/lr: 5.00e-04, train/loss: 0.2930, train/MAE: 0.2930, train/MAPE: 2.5355, train/RMSE: 0.4449]
2025-09-13 19:44:09,568 - easytorch-training - INFO - Start validation.
2025-09-13 19:44:15,797 - easytorch-training - INFO - Result <val>: [val/time: 6.23 (s), val/loss: 0.2889, val/MAE: 0.2889, val/MAPE: 4.7120, val/RMSE: 0.4039]
2025-09-13 19:44:21,946 - easytorch-training - INFO - Result <test>: [test/time: 6.15 (s), test/loss: 0.0000, test/MAE: 0.3660, test/MAPE: 5.3908, test/RMSE: 0.5256]
2025-09-13 19:44:21,969 - easytorch-training - INFO - Checkpoint baselines\STDMAE\mask_save\Mask_TMAE\QiLin_5min_100_288_12\1968092d3b985fb0309b7c94ac5bfe49\Mask_TMAE_075.pt saved
2025-09-13 19:44:21,970 - easytorch-training - INFO - The estimated training finish time is 2025-09-13 19:52:54
2025-09-13 19:44:21,970 - easytorch-training - INFO - Epoch 76 / 100
2025-09-13 19:44:29,731 - easytorch-training - INFO - Result <train>: [train/time: 7.76 (s), train/lr: 5.00e-04, train/loss: 0.2918, train/MAE: 0.2918, train/MAPE: 2.4820, train/RMSE: 0.4433]
2025-09-13 19:44:29,733 - easytorch-training - INFO - Start validation.
2025-09-13 19:44:36,159 - easytorch-training - INFO - Result <val>: [val/time: 6.43 (s), val/loss: 0.3054, val/MAE: 0.3054, val/MAPE: 4.0723, val/RMSE: 0.4341]
2025-09-13 19:44:42,301 - easytorch-training - INFO - Result <test>: [test/time: 6.14 (s), test/loss: 0.0000, test/MAE: 0.3543, test/MAPE: 4.7893, test/RMSE: 0.5094]
2025-09-13 19:44:42,325 - easytorch-training - INFO - Checkpoint baselines\STDMAE\mask_save\Mask_TMAE\QiLin_5min_100_288_12\1968092d3b985fb0309b7c94ac5bfe49\Mask_TMAE_076.pt saved
2025-09-13 19:44:42,325 - easytorch-training - INFO - The estimated training finish time is 2025-09-13 19:52:54
2025-09-13 19:44:42,325 - easytorch-training - INFO - Epoch 77 / 100
2025-09-13 19:44:50,187 - easytorch-training - INFO - Result <train>: [train/time: 7.86 (s), train/lr: 5.00e-04, train/loss: 0.2954, train/MAE: 0.2954, train/MAPE: 2.5450, train/RMSE: 0.4481]
2025-09-13 19:44:50,188 - easytorch-training - INFO - Start validation.
2025-09-13 19:44:56,672 - easytorch-training - INFO - Result <val>: [val/time: 6.48 (s), val/loss: 0.2899, val/MAE: 0.2899, val/MAPE: 3.5957, val/RMSE: 0.4125]
2025-09-13 19:45:02,781 - easytorch-training - INFO - Result <test>: [test/time: 6.11 (s), test/loss: 0.0000, test/MAE: 0.3556, test/MAPE: 4.8068, test/RMSE: 0.5135]
2025-09-13 19:45:02,802 - easytorch-training - INFO - Checkpoint baselines\STDMAE\mask_save\Mask_TMAE\QiLin_5min_100_288_12\1968092d3b985fb0309b7c94ac5bfe49\Mask_TMAE_077.pt saved
2025-09-13 19:45:02,802 - easytorch-training - INFO - The estimated training finish time is 2025-09-13 19:52:54
2025-09-13 19:45:02,802 - easytorch-training - INFO - Epoch 78 / 100
2025-09-13 19:45:10,460 - easytorch-training - INFO - Result <train>: [train/time: 7.66 (s), train/lr: 5.00e-04, train/loss: 0.2959, train/MAE: 0.2959, train/MAPE: 2.5486, train/RMSE: 0.4483]
2025-09-13 19:45:10,461 - easytorch-training - INFO - Start validation.
2025-09-13 19:45:16,868 - easytorch-training - INFO - Result <val>: [val/time: 6.41 (s), val/loss: 0.3117, val/MAE: 0.3117, val/MAPE: 3.5613, val/RMSE: 0.4338]
2025-09-13 19:45:23,014 - easytorch-training - INFO - Result <test>: [test/time: 6.14 (s), test/loss: 0.0000, test/MAE: 0.3412, test/MAPE: 4.7781, test/RMSE: 0.4950]
2025-09-13 19:45:23,034 - easytorch-training - INFO - Checkpoint baselines\STDMAE\mask_save\Mask_TMAE\QiLin_5min_100_288_12\1968092d3b985fb0309b7c94ac5bfe49\Mask_TMAE_078.pt saved
2025-09-13 19:45:23,034 - easytorch-training - INFO - The estimated training finish time is 2025-09-13 19:52:54
2025-09-13 19:45:23,034 - easytorch-training - INFO - Epoch 79 / 100
2025-09-13 19:45:30,952 - easytorch-training - INFO - Result <train>: [train/time: 7.92 (s), train/lr: 5.00e-04, train/loss: 0.2940, train/MAE: 0.2940, train/MAPE: 2.5118, train/RMSE: 0.4461]
2025-09-13 19:45:30,954 - easytorch-training - INFO - Start validation.
2025-09-13 19:45:36,844 - easytorch-training - INFO - Result <val>: [val/time: 5.89 (s), val/loss: 0.2893, val/MAE: 0.2893, val/MAPE: 3.9125, val/RMSE: 0.4119]
2025-09-13 19:45:43,234 - easytorch-training - INFO - Result <test>: [test/time: 6.39 (s), test/loss: 0.0000, test/MAE: 0.3721, test/MAPE: 4.1777, test/RMSE: 0.5373]
2025-09-13 19:45:43,255 - easytorch-training - INFO - Checkpoint baselines\STDMAE\mask_save\Mask_TMAE\QiLin_5min_100_288_12\1968092d3b985fb0309b7c94ac5bfe49\Mask_TMAE_079.pt saved
2025-09-13 19:45:43,255 - easytorch-training - INFO - The estimated training finish time is 2025-09-13 19:52:53
2025-09-13 19:45:43,255 - easytorch-training - INFO - Epoch 80 / 100
2025-09-13 19:45:50,896 - easytorch-training - INFO - Result <train>: [train/time: 7.64 (s), train/lr: 5.00e-04, train/loss: 0.2909, train/MAE: 0.2909, train/MAPE: 2.5377, train/RMSE: 0.4418]
2025-09-13 19:45:50,897 - easytorch-training - INFO - Start validation.
2025-09-13 19:45:56,730 - easytorch-training - INFO - Result <val>: [val/time: 5.83 (s), val/loss: 0.2774, val/MAE: 0.2774, val/MAPE: 3.3777, val/RMSE: 0.3978]
2025-09-13 19:46:03,796 - easytorch-training - INFO - Result <test>: [test/time: 7.07 (s), test/loss: 0.0000, test/MAE: 0.3496, test/MAPE: 5.0608, test/RMSE: 0.5013]
2025-09-13 19:46:03,818 - easytorch-training - INFO - Checkpoint baselines\STDMAE\mask_save\Mask_TMAE\QiLin_5min_100_288_12\1968092d3b985fb0309b7c94ac5bfe49\Mask_TMAE_080.pt saved
2025-09-13 19:46:03,827 - easytorch-training - INFO - The estimated training finish time is 2025-09-13 19:52:53
2025-09-13 19:46:03,827 - easytorch-training - INFO - Epoch 81 / 100
2025-09-13 19:46:11,563 - easytorch-training - INFO - Result <train>: [train/time: 7.74 (s), train/lr: 5.00e-04, train/loss: 0.2941, train/MAE: 0.2941, train/MAPE: 2.4948, train/RMSE: 0.4468]
2025-09-13 19:46:11,564 - easytorch-training - INFO - Start validation.
2025-09-13 19:46:17,582 - easytorch-training - INFO - Result <val>: [val/time: 6.02 (s), val/loss: 0.2813, val/MAE: 0.2813, val/MAPE: 3.3144, val/RMSE: 0.4075]
2025-09-13 19:46:24,367 - easytorch-training - INFO - Result <test>: [test/time: 6.78 (s), test/loss: 0.0000, test/MAE: 0.3434, test/MAPE: 4.0078, test/RMSE: 0.4993]
2025-09-13 19:46:24,394 - easytorch-training - INFO - Checkpoint baselines\STDMAE\mask_save\Mask_TMAE\QiLin_5min_100_288_12\1968092d3b985fb0309b7c94ac5bfe49\Mask_TMAE_081.pt saved
2025-09-13 19:46:24,394 - easytorch-training - INFO - The estimated training finish time is 2025-09-13 19:52:53
2025-09-13 19:46:24,394 - easytorch-training - INFO - Epoch 82 / 100
2025-09-13 19:46:32,230 - easytorch-training - INFO - Result <train>: [train/time: 7.84 (s), train/lr: 5.00e-04, train/loss: 0.2925, train/MAE: 0.2925, train/MAPE: 2.5528, train/RMSE: 0.4427]
2025-09-13 19:46:32,231 - easytorch-training - INFO - Start validation.
2025-09-13 19:46:37,977 - easytorch-training - INFO - Result <val>: [val/time: 5.75 (s), val/loss: 0.2683, val/MAE: 0.2683, val/MAPE: 3.8076, val/RMSE: 0.3779]
2025-09-13 19:46:44,333 - easytorch-training - INFO - Result <test>: [test/time: 6.36 (s), test/loss: 0.0000, test/MAE: 0.3280, test/MAPE: 5.0918, test/RMSE: 0.4851]
2025-09-13 19:46:44,366 - easytorch-training - INFO - Checkpoint baselines\STDMAE\mask_save\Mask_TMAE\QiLin_5min_100_288_12\1968092d3b985fb0309b7c94ac5bfe49\Mask_TMAE_082.pt saved
2025-09-13 19:46:44,366 - easytorch-training - INFO - The estimated training finish time is 2025-09-13 19:52:53
2025-09-13 19:46:44,366 - easytorch-training - INFO - Epoch 83 / 100
2025-09-13 19:46:53,350 - easytorch-training - INFO - Result <train>: [train/time: 8.98 (s), train/lr: 5.00e-04, train/loss: 0.2883, train/MAE: 0.2883, train/MAPE: 2.4977, train/RMSE: 0.4363]
2025-09-13 19:46:53,352 - easytorch-training - INFO - Start validation.
2025-09-13 19:46:59,162 - easytorch-training - INFO - Result <val>: [val/time: 5.81 (s), val/loss: 0.2835, val/MAE: 0.2835, val/MAPE: 2.9314, val/RMSE: 0.3991]
2025-09-13 19:47:05,249 - easytorch-training - INFO - Result <test>: [test/time: 6.09 (s), test/loss: 0.0000, test/MAE: 0.3544, test/MAPE: 4.4842, test/RMSE: 0.5088]
2025-09-13 19:47:05,274 - easytorch-training - INFO - Checkpoint baselines\STDMAE\mask_save\Mask_TMAE\QiLin_5min_100_288_12\1968092d3b985fb0309b7c94ac5bfe49\Mask_TMAE_083.pt saved
2025-09-13 19:47:05,275 - easytorch-training - INFO - The estimated training finish time is 2025-09-13 19:52:53
2025-09-13 19:47:05,275 - easytorch-training - INFO - Epoch 84 / 100
2025-09-13 19:47:16,091 - easytorch-training - INFO - Result <train>: [train/time: 10.82 (s), train/lr: 5.00e-04, train/loss: 0.2909, train/MAE: 0.2909, train/MAPE: 2.4874, train/RMSE: 0.4411]
2025-09-13 19:47:16,093 - easytorch-training - INFO - Start validation.
2025-09-13 19:47:21,905 - easytorch-training - INFO - Result <val>: [val/time: 5.81 (s), val/loss: 0.2737, val/MAE: 0.2737, val/MAPE: 3.9322, val/RMSE: 0.3811]
2025-09-13 19:47:28,192 - easytorch-training - INFO - Result <test>: [test/time: 6.29 (s), test/loss: 0.0000, test/MAE: 0.3554, test/MAPE: 4.9541, test/RMSE: 0.5135]
2025-09-13 19:47:28,221 - easytorch-training - INFO - Checkpoint baselines\STDMAE\mask_save\Mask_TMAE\QiLin_5min_100_288_12\1968092d3b985fb0309b7c94ac5bfe49\Mask_TMAE_084.pt saved
2025-09-13 19:47:28,222 - easytorch-training - INFO - The estimated training finish time is 2025-09-13 19:52:56
2025-09-13 19:47:28,222 - easytorch-training - INFO - Epoch 85 / 100
2025-09-13 19:47:39,845 - easytorch-training - INFO - Result <train>: [train/time: 11.62 (s), train/lr: 5.00e-04, train/loss: 0.2917, train/MAE: 0.2917, train/MAPE: 2.5271, train/RMSE: 0.4422]
2025-09-13 19:47:39,846 - easytorch-training - INFO - Start validation.
2025-09-13 19:47:45,614 - easytorch-training - INFO - Result <val>: [val/time: 5.77 (s), val/loss: 0.2963, val/MAE: 0.2963, val/MAPE: 5.5165, val/RMSE: 0.4124]
2025-09-13 19:47:51,786 - easytorch-training - INFO - Result <test>: [test/time: 6.17 (s), test/loss: 0.0000, test/MAE: 0.3586, test/MAPE: 4.7496, test/RMSE: 0.5114]
2025-09-13 19:47:51,807 - easytorch-training - INFO - Checkpoint baselines\STDMAE\mask_save\Mask_TMAE\QiLin_5min_100_288_12\1968092d3b985fb0309b7c94ac5bfe49\Mask_TMAE_085.pt saved
2025-09-13 19:47:51,807 - easytorch-training - INFO - The estimated training finish time is 2025-09-13 19:53:00
2025-09-13 19:47:51,807 - easytorch-training - INFO - Epoch 86 / 100
2025-09-13 19:48:04,413 - easytorch-training - INFO - Result <train>: [train/time: 12.61 (s), train/lr: 5.00e-04, train/loss: 0.2963, train/MAE: 0.2963, train/MAPE: 2.5331, train/RMSE: 0.4505]
2025-09-13 19:48:04,414 - easytorch-training - INFO - Start validation.
2025-09-13 19:48:10,298 - easytorch-training - INFO - Result <val>: [val/time: 5.88 (s), val/loss: 0.2625, val/MAE: 0.2625, val/MAPE: 3.9780, val/RMSE: 0.3826]
2025-09-13 19:48:16,458 - easytorch-training - INFO - Result <test>: [test/time: 6.16 (s), test/loss: 0.0000, test/MAE: 0.3505, test/MAPE: 4.2667, test/RMSE: 0.5135]
2025-09-13 19:48:16,486 - easytorch-training - INFO - Checkpoint baselines\STDMAE\mask_save\Mask_TMAE\QiLin_5min_100_288_12\1968092d3b985fb0309b7c94ac5bfe49\Mask_TMAE_086.pt saved
2025-09-13 19:48:16,487 - easytorch-training - INFO - The estimated training finish time is 2025-09-13 19:53:05
2025-09-13 19:48:16,487 - easytorch-training - INFO - Epoch 87 / 100
2025-09-13 19:48:28,167 - easytorch-training - INFO - Result <train>: [train/time: 11.68 (s), train/lr: 5.00e-04, train/loss: 0.2918, train/MAE: 0.2918, train/MAPE: 2.5173, train/RMSE: 0.4424]
2025-09-13 19:48:28,169 - easytorch-training - INFO - Start validation.
2025-09-13 19:48:34,218 - easytorch-training - INFO - Result <val>: [val/time: 6.05 (s), val/loss: 0.2796, val/MAE: 0.2796, val/MAPE: 5.0748, val/RMSE: 0.3975]
2025-09-13 19:48:40,314 - easytorch-training - INFO - Result <test>: [test/time: 6.09 (s), test/loss: 0.0000, test/MAE: 0.3589, test/MAPE: 4.9298, test/RMSE: 0.5119]
2025-09-13 19:48:40,335 - easytorch-training - INFO - Checkpoint baselines\STDMAE\mask_save\Mask_TMAE\QiLin_5min_100_288_12\1968092d3b985fb0309b7c94ac5bfe49\Mask_TMAE_087.pt saved
2025-09-13 19:48:40,335 - easytorch-training - INFO - The estimated training finish time is 2025-09-13 19:53:08
2025-09-13 19:48:40,335 - easytorch-training - INFO - Epoch 88 / 100
2025-09-13 19:48:48,529 - easytorch-training - INFO - Result <train>: [train/time: 8.19 (s), train/lr: 5.00e-04, train/loss: 0.2898, train/MAE: 0.2898, train/MAPE: 2.5038, train/RMSE: 0.4400]
2025-09-13 19:48:48,531 - easytorch-training - INFO - Start validation.
2025-09-13 19:48:54,961 - easytorch-training - INFO - Result <val>: [val/time: 6.43 (s), val/loss: 0.2723, val/MAE: 0.2723, val/MAPE: 2.8356, val/RMSE: 0.3874]
2025-09-13 19:49:01,275 - easytorch-training - INFO - Result <test>: [test/time: 6.31 (s), test/loss: 0.0000, test/MAE: 0.3563, test/MAPE: 4.7182, test/RMSE: 0.5149]
2025-09-13 19:49:01,296 - easytorch-training - INFO - Checkpoint baselines\STDMAE\mask_save\Mask_TMAE\QiLin_5min_100_288_12\1968092d3b985fb0309b7c94ac5bfe49\Mask_TMAE_088.pt saved
2025-09-13 19:49:01,297 - easytorch-training - INFO - The estimated training finish time is 2025-09-13 19:53:09
2025-09-13 19:49:01,297 - easytorch-training - INFO - Epoch 89 / 100
2025-09-13 19:49:10,387 - easytorch-training - INFO - Result <train>: [train/time: 9.09 (s), train/lr: 5.00e-04, train/loss: 0.2902, train/MAE: 0.2902, train/MAPE: 2.4840, train/RMSE: 0.4404]
2025-09-13 19:49:10,389 - easytorch-training - INFO - Start validation.
2025-09-13 19:49:17,097 - easytorch-training - INFO - Result <val>: [val/time: 6.71 (s), val/loss: 0.2941, val/MAE: 0.2941, val/MAPE: 3.3712, val/RMSE: 0.4146]
2025-09-13 19:49:23,412 - easytorch-training - INFO - Result <test>: [test/time: 6.31 (s), test/loss: 0.0000, test/MAE: 0.3679, test/MAPE: 4.4300, test/RMSE: 0.5325]
2025-09-13 19:49:23,434 - easytorch-training - INFO - Checkpoint baselines\STDMAE\mask_save\Mask_TMAE\QiLin_5min_100_288_12\1968092d3b985fb0309b7c94ac5bfe49\Mask_TMAE_089.pt saved
2025-09-13 19:49:23,434 - easytorch-training - INFO - The estimated training finish time is 2025-09-13 19:53:10
2025-09-13 19:49:23,434 - easytorch-training - INFO - Epoch 90 / 100
2025-09-13 19:49:33,042 - easytorch-training - INFO - Result <train>: [train/time: 9.61 (s), train/lr: 5.00e-04, train/loss: 0.2891, train/MAE: 0.2891, train/MAPE: 2.4539, train/RMSE: 0.4388]
2025-09-13 19:49:33,043 - easytorch-training - INFO - Start validation.
2025-09-13 19:49:39,665 - easytorch-training - INFO - Result <val>: [val/time: 6.62 (s), val/loss: 0.2793, val/MAE: 0.2793, val/MAPE: 3.1900, val/RMSE: 0.3862]
2025-09-13 19:49:46,187 - easytorch-training - INFO - Result <test>: [test/time: 6.52 (s), test/loss: 0.0000, test/MAE: 0.3642, test/MAPE: 5.1322, test/RMSE: 0.5293]
2025-09-13 19:49:46,207 - easytorch-training - INFO - Checkpoint baselines\STDMAE\mask_save\Mask_TMAE\QiLin_5min_100_288_12\1968092d3b985fb0309b7c94ac5bfe49\Mask_TMAE_090.pt saved
2025-09-13 19:49:46,217 - easytorch-training - INFO - The estimated training finish time is 2025-09-13 19:53:13
2025-09-13 19:49:46,218 - easytorch-training - INFO - Epoch 91 / 100
2025-09-13 19:49:55,052 - easytorch-training - INFO - Result <train>: [train/time: 8.83 (s), train/lr: 5.00e-04, train/loss: 0.2878, train/MAE: 0.2878, train/MAPE: 2.4518, train/RMSE: 0.4367]
2025-09-13 19:49:55,054 - easytorch-training - INFO - Start validation.
2025-09-13 19:50:01,311 - easytorch-training - INFO - Result <val>: [val/time: 6.26 (s), val/loss: 0.2920, val/MAE: 0.2920, val/MAPE: 4.5778, val/RMSE: 0.4099]
2025-09-13 19:50:08,108 - easytorch-training - INFO - Result <test>: [test/time: 6.80 (s), test/loss: 0.0000, test/MAE: 0.3613, test/MAPE: 4.4248, test/RMSE: 0.5221]
2025-09-13 19:50:08,133 - easytorch-training - INFO - Checkpoint baselines\STDMAE\mask_save\Mask_TMAE\QiLin_5min_100_288_12\1968092d3b985fb0309b7c94ac5bfe49\Mask_TMAE_091.pt saved
2025-09-13 19:50:08,134 - easytorch-training - INFO - The estimated training finish time is 2025-09-13 19:53:14
2025-09-13 19:50:08,134 - easytorch-training - INFO - Epoch 92 / 100
2025-09-13 19:50:16,786 - easytorch-training - INFO - Result <train>: [train/time: 8.65 (s), train/lr: 5.00e-04, train/loss: 0.2900, train/MAE: 0.2900, train/MAPE: 2.4564, train/RMSE: 0.4396]
2025-09-13 19:50:16,787 - easytorch-training - INFO - Start validation.
2025-09-13 19:50:22,867 - easytorch-training - INFO - Result <val>: [val/time: 6.08 (s), val/loss: 0.2908, val/MAE: 0.2908, val/MAPE: 3.7937, val/RMSE: 0.4055]
2025-09-13 19:50:29,231 - easytorch-training - INFO - Result <test>: [test/time: 6.36 (s), test/loss: 0.0000, test/MAE: 0.3745, test/MAPE: 4.6344, test/RMSE: 0.5361]
2025-09-13 19:50:29,253 - easytorch-training - INFO - Checkpoint baselines\STDMAE\mask_save\Mask_TMAE\QiLin_5min_100_288_12\1968092d3b985fb0309b7c94ac5bfe49\Mask_TMAE_092.pt saved
2025-09-13 19:50:29,253 - easytorch-training - INFO - The estimated training finish time is 2025-09-13 19:53:14
2025-09-13 19:50:29,253 - easytorch-training - INFO - Epoch 93 / 100
2025-09-13 19:50:37,552 - easytorch-training - INFO - Result <train>: [train/time: 8.30 (s), train/lr: 5.00e-04, train/loss: 0.2898, train/MAE: 0.2898, train/MAPE: 2.4917, train/RMSE: 0.4390]
2025-09-13 19:50:37,553 - easytorch-training - INFO - Start validation.
2025-09-13 19:50:43,768 - easytorch-training - INFO - Result <val>: [val/time: 6.21 (s), val/loss: 0.2800, val/MAE: 0.2800, val/MAPE: 3.6370, val/RMSE: 0.4004]
2025-09-13 19:50:50,062 - easytorch-training - INFO - Result <test>: [test/time: 6.29 (s), test/loss: 0.0000, test/MAE: 0.3433, test/MAPE: 4.3907, test/RMSE: 0.5000]
2025-09-13 19:50:50,082 - easytorch-training - INFO - Checkpoint baselines\STDMAE\mask_save\Mask_TMAE\QiLin_5min_100_288_12\1968092d3b985fb0309b7c94ac5bfe49\Mask_TMAE_093.pt saved
2025-09-13 19:50:50,082 - easytorch-training - INFO - The estimated training finish time is 2025-09-13 19:53:15
2025-09-13 19:50:50,082 - easytorch-training - INFO - Epoch 94 / 100
2025-09-13 19:50:58,487 - easytorch-training - INFO - Result <train>: [train/time: 8.41 (s), train/lr: 5.00e-04, train/loss: 0.2900, train/MAE: 0.2900, train/MAPE: 2.4790, train/RMSE: 0.4390]
2025-09-13 19:50:58,489 - easytorch-training - INFO - Start validation.
2025-09-13 19:51:04,536 - easytorch-training - INFO - Result <val>: [val/time: 6.05 (s), val/loss: 0.2875, val/MAE: 0.2875, val/MAPE: 3.8953, val/RMSE: 0.4036]
2025-09-13 19:51:10,762 - easytorch-training - INFO - Result <test>: [test/time: 6.23 (s), test/loss: 0.0000, test/MAE: 0.3539, test/MAPE: 4.6255, test/RMSE: 0.5116]
2025-09-13 19:51:10,781 - easytorch-training - INFO - Checkpoint baselines\STDMAE\mask_save\Mask_TMAE\QiLin_5min_100_288_12\1968092d3b985fb0309b7c94ac5bfe49\Mask_TMAE_094.pt saved
2025-09-13 19:51:10,781 - easytorch-training - INFO - The estimated training finish time is 2025-09-13 19:53:15
2025-09-13 19:51:10,782 - easytorch-training - INFO - Epoch 95 / 100
2025-09-13 19:51:19,249 - easytorch-training - INFO - Result <train>: [train/time: 8.47 (s), train/lr: 5.00e-04, train/loss: 0.2926, train/MAE: 0.2926, train/MAPE: 2.5007, train/RMSE: 0.4445]
2025-09-13 19:51:19,250 - easytorch-training - INFO - Start validation.
2025-09-13 19:51:25,391 - easytorch-training - INFO - Result <val>: [val/time: 6.14 (s), val/loss: 0.2863, val/MAE: 0.2863, val/MAPE: 4.8636, val/RMSE: 0.4070]
2025-09-13 19:51:31,745 - easytorch-training - INFO - Result <test>: [test/time: 6.35 (s), test/loss: 0.0000, test/MAE: 0.3617, test/MAPE: 4.8587, test/RMSE: 0.5242]
2025-09-13 19:51:31,768 - easytorch-training - INFO - Checkpoint baselines\STDMAE\mask_save\Mask_TMAE\QiLin_5min_100_288_12\1968092d3b985fb0309b7c94ac5bfe49\Mask_TMAE_095.pt saved
2025-09-13 19:51:31,768 - easytorch-training - INFO - The estimated training finish time is 2025-09-13 19:53:15
2025-09-13 19:51:31,768 - easytorch-training - INFO - Epoch 96 / 100
2025-09-13 19:51:40,673 - easytorch-training - INFO - Result <train>: [train/time: 8.91 (s), train/lr: 5.00e-04, train/loss: 0.2903, train/MAE: 0.2903, train/MAPE: 2.4862, train/RMSE: 0.4408]
2025-09-13 19:51:40,675 - easytorch-training - INFO - Start validation.
2025-09-13 19:51:46,769 - easytorch-training - INFO - Result <val>: [val/time: 6.09 (s), val/loss: 0.2685, val/MAE: 0.2685, val/MAPE: 4.5368, val/RMSE: 0.3798]
2025-09-13 19:51:53,029 - easytorch-training - INFO - Result <test>: [test/time: 6.26 (s), test/loss: 0.0000, test/MAE: 0.3584, test/MAPE: 4.4895, test/RMSE: 0.5202]
2025-09-13 19:51:53,048 - easytorch-training - INFO - Checkpoint baselines\STDMAE\mask_save\Mask_TMAE\QiLin_5min_100_288_12\1968092d3b985fb0309b7c94ac5bfe49\Mask_TMAE_096.pt saved
2025-09-13 19:51:53,048 - easytorch-training - INFO - The estimated training finish time is 2025-09-13 19:53:15
2025-09-13 19:51:53,048 - easytorch-training - INFO - Epoch 97 / 100
2025-09-13 19:52:02,685 - easytorch-training - INFO - Result <train>: [train/time: 9.64 (s), train/lr: 5.00e-04, train/loss: 0.2934, train/MAE: 0.2934, train/MAPE: 2.4946, train/RMSE: 0.4466]
2025-09-13 19:52:02,686 - easytorch-training - INFO - Start validation.
2025-09-13 19:52:08,726 - easytorch-training - INFO - Result <val>: [val/time: 6.04 (s), val/loss: 0.2787, val/MAE: 0.2787, val/MAPE: 3.5940, val/RMSE: 0.3997]
2025-09-13 19:52:14,885 - easytorch-training - INFO - Result <test>: [test/time: 6.16 (s), test/loss: 0.0000, test/MAE: 0.3731, test/MAPE: 5.0040, test/RMSE: 0.5331]
2025-09-13 19:52:14,910 - easytorch-training - INFO - Checkpoint baselines\STDMAE\mask_save\Mask_TMAE\QiLin_5min_100_288_12\1968092d3b985fb0309b7c94ac5bfe49\Mask_TMAE_097.pt saved
2025-09-13 19:52:14,910 - easytorch-training - INFO - The estimated training finish time is 2025-09-13 19:53:17
2025-09-13 19:52:14,910 - easytorch-training - INFO - Epoch 98 / 100
2025-09-13 19:52:24,743 - easytorch-training - INFO - Result <train>: [train/time: 9.83 (s), train/lr: 5.00e-04, train/loss: 0.2878, train/MAE: 0.2878, train/MAPE: 2.4756, train/RMSE: 0.4364]
2025-09-13 19:52:24,744 - easytorch-training - INFO - Start validation.
2025-09-13 19:52:30,941 - easytorch-training - INFO - Result <val>: [val/time: 6.20 (s), val/loss: 0.2967, val/MAE: 0.2967, val/MAPE: 3.5603, val/RMSE: 0.4222]
2025-09-13 19:52:37,514 - easytorch-training - INFO - Result <test>: [test/time: 6.57 (s), test/loss: 0.0000, test/MAE: 0.3521, test/MAPE: 4.7669, test/RMSE: 0.5115]
2025-09-13 19:52:37,535 - easytorch-training - INFO - Checkpoint baselines\STDMAE\mask_save\Mask_TMAE\QiLin_5min_100_288_12\1968092d3b985fb0309b7c94ac5bfe49\Mask_TMAE_098.pt saved
2025-09-13 19:52:37,535 - easytorch-training - INFO - The estimated training finish time is 2025-09-13 19:53:19
2025-09-13 19:52:37,535 - easytorch-training - INFO - Epoch 99 / 100
2025-09-13 19:52:47,395 - easytorch-training - INFO - Result <train>: [train/time: 9.86 (s), train/lr: 5.00e-04, train/loss: 0.2879, train/MAE: 0.2879, train/MAPE: 2.5062, train/RMSE: 0.4356]
2025-09-13 19:52:47,396 - easytorch-training - INFO - Start validation.
2025-09-13 19:52:53,508 - easytorch-training - INFO - Result <val>: [val/time: 6.11 (s), val/loss: 0.2827, val/MAE: 0.2827, val/MAPE: 4.3361, val/RMSE: 0.3942]
2025-09-13 19:52:59,917 - easytorch-training - INFO - Result <test>: [test/time: 6.41 (s), test/loss: 0.0000, test/MAE: 0.3517, test/MAPE: 4.8233, test/RMSE: 0.5151]
2025-09-13 19:52:59,943 - easytorch-training - INFO - Checkpoint baselines\STDMAE\mask_save\Mask_TMAE\QiLin_5min_100_288_12\1968092d3b985fb0309b7c94ac5bfe49\Mask_TMAE_099.pt saved
2025-09-13 19:52:59,943 - easytorch-training - INFO - The estimated training finish time is 2025-09-13 19:53:20
2025-09-13 19:52:59,943 - easytorch-training - INFO - Epoch 100 / 100
2025-09-13 19:53:09,979 - easytorch-training - INFO - Result <train>: [train/time: 10.04 (s), train/lr: 5.00e-04, train/loss: 0.2868, train/MAE: 0.2868, train/MAPE: 2.4889, train/RMSE: 0.4346]
2025-09-13 19:53:09,980 - easytorch-training - INFO - Start validation.
2025-09-13 19:53:16,040 - easytorch-training - INFO - Result <val>: [val/time: 6.06 (s), val/loss: 0.2824, val/MAE: 0.2824, val/MAPE: 4.7899, val/RMSE: 0.4028]
2025-09-13 19:53:22,197 - easytorch-training - INFO - Result <test>: [test/time: 6.16 (s), test/loss: 0.0000, test/MAE: 0.3599, test/MAPE: 5.0340, test/RMSE: 0.5169]
2025-09-13 19:53:22,218 - easytorch-training - INFO - Checkpoint baselines\STDMAE\mask_save\Mask_TMAE\QiLin_5min_100_288_12\1968092d3b985fb0309b7c94ac5bfe49\Mask_TMAE_100.pt saved
2025-09-13 19:53:22,226 - easytorch-training - INFO - The training finished at 2025-09-13 19:53:22
2025-09-13 19:53:22,227 - easytorch-training - INFO - Evaluating the best model on the test set.
2025-09-13 19:53:22,227 - easytorch-training - INFO - Loading Checkpoint from 'baselines\STDMAE\mask_save\Mask_TMAE\QiLin_5min_100_288_12\1968092d3b985fb0309b7c94ac5bfe49\Mask_TMAE_best_val_MAE.pt'
2025-09-13 19:53:28,678 - easytorch-training - INFO - Result <test>: [test/time: 6.41 (s), test/loss: 0.0000, test/MAE: 0.3665, test/MAPE: 4.8591, test/RMSE: 0.5271]
2025-09-13 19:53:28,681 - easytorch-training - INFO - Test metrics saved to baselines\STDMAE\mask_save\Mask_TMAE\QiLin_5min_100_288_12\1968092d3b985fb0309b7c94ac5bfe49\test_metrics.json.
