2025-09-06 16:37:05,163 - easytorch-training - INFO - Initializing training.
2025-09-06 16:37:05,163 - easytorch-training - INFO - Set clip grad, param: {'max_norm': 5.0}
2025-09-06 16:37:05,163 - easytorch-training - INFO - Building training data loader.
2025-09-06 16:37:05,164 - easytorch-training - INFO - Train dataset length: 2293
2025-09-06 16:37:05,165 - easytorch-training - INFO - Set optim: Adam (
Parameter Group 0
    amsgrad: False
    betas: (0.9, 0.95)
    capturable: False
    differentiable: False
    eps: 1e-08
    foreach: None
    fused: None
    lr: 0.001
    maximize: False
    weight_decay: 0
)
2025-09-06 16:37:05,165 - easytorch-training - INFO - Set lr_scheduler: <torch.optim.lr_scheduler.MultiStepLR object at 0x0000025A2BACF320>
2025-09-06 16:37:05,167 - easytorch-training - INFO - Initializing validation.
2025-09-06 16:37:05,167 - easytorch-training - INFO - Building val data loader.
2025-09-06 16:37:05,167 - easytorch-training - INFO - Validation dataset length: 277
2025-09-06 16:37:05,168 - easytorch-training - INFO - Test dataset length: 277
2025-09-06 16:37:05,168 - easytorch-training - INFO - Number of parameters: 571404
2025-09-06 16:37:05,168 - easytorch-training - INFO - Epoch 1 / 100
2025-09-06 16:37:15,442 - easytorch-training - INFO - Result <train>: [train/time: 10.27 (s), train/lr: 1.00e-03, train/loss: 0.7961, train/MAE: 0.7961, train/MAPE: 1.9905, train/RMSE: 1.0212]
2025-09-06 16:37:15,443 - easytorch-training - INFO - Start validation.
2025-09-06 16:37:21,415 - easytorch-training - INFO - Result <val>: [val/time: 5.97 (s), val/loss: 0.6415, val/MAE: 0.6415, val/MAPE: 3.9558, val/RMSE: 0.7979]
2025-09-06 16:37:21,436 - easytorch-training - INFO - Checkpoint baselines\STDMAE\mask_save\Mask_TMAE\QiLin_10min_100_144_12\e5ebb7357608c4840c4fea5da19b644b\Mask_TMAE_best_val_MAE.pt saved
2025-09-06 16:37:27,916 - easytorch-training - INFO - Result <test>: [test/time: 6.48 (s), test/loss: 0.0000, test/MAE: 0.7379, test/MAPE: 3.7276, test/RMSE: 0.9422]
2025-09-06 16:37:27,941 - easytorch-training - INFO - Checkpoint baselines\STDMAE\mask_save\Mask_TMAE\QiLin_10min_100_144_12\e5ebb7357608c4840c4fea5da19b644b\Mask_TMAE_001.pt saved
2025-09-06 16:37:27,941 - easytorch-training - INFO - The estimated training finish time is 2025-09-06 17:15:02
2025-09-06 16:37:27,941 - easytorch-training - INFO - Epoch 2 / 100
2025-09-06 16:37:39,396 - easytorch-training - INFO - Result <train>: [train/time: 11.46 (s), train/lr: 1.00e-03, train/loss: 0.7923, train/MAE: 0.7923, train/MAPE: 1.8561, train/RMSE: 1.0205]
2025-09-06 16:37:39,398 - easytorch-training - INFO - Start validation.
2025-09-06 16:37:46,041 - easytorch-training - INFO - Result <val>: [val/time: 6.64 (s), val/loss: 0.6634, val/MAE: 0.6634, val/MAPE: 1.6606, val/RMSE: 0.8070]
2025-09-06 16:37:53,461 - easytorch-training - INFO - Result <test>: [test/time: 7.42 (s), test/loss: 0.0000, test/MAE: 0.7052, test/MAPE: 1.5056, test/RMSE: 0.8608]
2025-09-06 16:37:53,482 - easytorch-training - INFO - Checkpoint baselines\STDMAE\mask_save\Mask_TMAE\QiLin_10min_100_144_12\e5ebb7357608c4840c4fea5da19b644b\Mask_TMAE_002.pt saved
2025-09-06 16:37:53,482 - easytorch-training - INFO - The estimated training finish time is 2025-09-06 17:17:20
2025-09-06 16:37:53,482 - easytorch-training - INFO - Epoch 3 / 100
2025-09-06 16:38:05,486 - easytorch-training - INFO - Result <train>: [train/time: 12.00 (s), train/lr: 1.00e-03, train/loss: 0.7912, train/MAE: 0.7912, train/MAPE: 1.8161, train/RMSE: 1.0195]
2025-09-06 16:38:05,487 - easytorch-training - INFO - Start validation.
2025-09-06 16:38:13,012 - easytorch-training - INFO - Result <val>: [val/time: 7.52 (s), val/loss: 0.6240, val/MAE: 0.6240, val/MAPE: 2.9183, val/RMSE: 0.7705]
2025-09-06 16:38:13,038 - easytorch-training - INFO - Checkpoint baselines\STDMAE\mask_save\Mask_TMAE\QiLin_10min_100_144_12\e5ebb7357608c4840c4fea5da19b644b\Mask_TMAE_best_val_MAE.pt saved
2025-09-06 16:38:20,549 - easytorch-training - INFO - Result <test>: [test/time: 7.51 (s), test/loss: 0.0000, test/MAE: 0.7221, test/MAPE: 2.4280, test/RMSE: 0.8963]
2025-09-06 16:38:20,575 - easytorch-training - INFO - Checkpoint baselines\STDMAE\mask_save\Mask_TMAE\QiLin_10min_100_144_12\e5ebb7357608c4840c4fea5da19b644b\Mask_TMAE_003.pt saved
2025-09-06 16:38:20,575 - easytorch-training - INFO - The estimated training finish time is 2025-09-06 17:18:58
2025-09-06 16:38:20,575 - easytorch-training - INFO - Epoch 4 / 100
2025-09-06 16:38:32,894 - easytorch-training - INFO - Result <train>: [train/time: 12.32 (s), train/lr: 1.00e-03, train/loss: 0.7904, train/MAE: 0.7904, train/MAPE: 1.7323, train/RMSE: 1.0142]
2025-09-06 16:38:32,896 - easytorch-training - INFO - Start validation.
2025-09-06 16:38:39,965 - easytorch-training - INFO - Result <val>: [val/time: 7.07 (s), val/loss: 0.6546, val/MAE: 0.6546, val/MAPE: 2.2884, val/RMSE: 0.8048]
2025-09-06 16:38:47,616 - easytorch-training - INFO - Result <test>: [test/time: 7.65 (s), test/loss: 0.0000, test/MAE: 0.7075, test/MAPE: 1.9167, test/RMSE: 0.8712]
2025-09-06 16:38:47,640 - easytorch-training - INFO - Checkpoint baselines\STDMAE\mask_save\Mask_TMAE\QiLin_10min_100_144_12\e5ebb7357608c4840c4fea5da19b644b\Mask_TMAE_004.pt saved
2025-09-06 16:38:47,640 - easytorch-training - INFO - The estimated training finish time is 2025-09-06 17:19:46
2025-09-06 16:38:47,640 - easytorch-training - INFO - Epoch 5 / 100
2025-09-06 16:38:59,643 - easytorch-training - INFO - Result <train>: [train/time: 12.00 (s), train/lr: 1.00e-03, train/loss: 0.7891, train/MAE: 0.7891, train/MAPE: 1.7359, train/RMSE: 1.0117]
2025-09-06 16:38:59,644 - easytorch-training - INFO - Start validation.
2025-09-06 16:39:06,999 - easytorch-training - INFO - Result <val>: [val/time: 7.36 (s), val/loss: 0.6299, val/MAE: 0.6299, val/MAPE: 1.9236, val/RMSE: 0.7643]
2025-09-06 16:39:14,481 - easytorch-training - INFO - Result <test>: [test/time: 7.48 (s), test/loss: 0.0000, test/MAE: 0.7236, test/MAPE: 1.6649, test/RMSE: 0.9036]
2025-09-06 16:39:14,505 - easytorch-training - INFO - Checkpoint baselines\STDMAE\mask_save\Mask_TMAE\QiLin_10min_100_144_12\e5ebb7357608c4840c4fea5da19b644b\Mask_TMAE_005.pt saved
2025-09-06 16:39:14,505 - easytorch-training - INFO - The estimated training finish time is 2025-09-06 17:20:11
2025-09-06 16:39:14,505 - easytorch-training - INFO - Epoch 6 / 100
2025-09-06 16:39:26,580 - easytorch-training - INFO - Result <train>: [train/time: 12.08 (s), train/lr: 1.00e-03, train/loss: 0.7856, train/MAE: 0.7856, train/MAPE: 1.8319, train/RMSE: 1.0121]
2025-09-06 16:39:26,581 - easytorch-training - INFO - Start validation.
2025-09-06 16:39:33,725 - easytorch-training - INFO - Result <val>: [val/time: 7.14 (s), val/loss: 0.6242, val/MAE: 0.6242, val/MAPE: 2.7226, val/RMSE: 0.7532]
2025-09-06 16:39:41,206 - easytorch-training - INFO - Result <test>: [test/time: 7.48 (s), test/loss: 0.0000, test/MAE: 0.7152, test/MAPE: 2.6621, test/RMSE: 0.9132]
2025-09-06 16:39:41,226 - easytorch-training - INFO - Checkpoint baselines\STDMAE\mask_save\Mask_TMAE\QiLin_10min_100_144_12\e5ebb7357608c4840c4fea5da19b644b\Mask_TMAE_006.pt saved
2025-09-06 16:39:41,226 - easytorch-training - INFO - The estimated training finish time is 2025-09-06 17:20:26
2025-09-06 16:39:41,226 - easytorch-training - INFO - Epoch 7 / 100
2025-09-06 16:39:52,984 - easytorch-training - INFO - Result <train>: [train/time: 11.76 (s), train/lr: 1.00e-03, train/loss: 0.7863, train/MAE: 0.7863, train/MAPE: 1.9078, train/RMSE: 1.0100]
2025-09-06 16:39:52,985 - easytorch-training - INFO - Start validation.
2025-09-06 16:39:59,834 - easytorch-training - INFO - Result <val>: [val/time: 6.85 (s), val/loss: 0.6449, val/MAE: 0.6449, val/MAPE: 1.6645, val/RMSE: 0.7618]
2025-09-06 16:40:07,294 - easytorch-training - INFO - Result <test>: [test/time: 7.46 (s), test/loss: 0.0000, test/MAE: 0.7369, test/MAPE: 1.5544, test/RMSE: 0.9084]
2025-09-06 16:40:07,316 - easytorch-training - INFO - Checkpoint baselines\STDMAE\mask_save\Mask_TMAE\QiLin_10min_100_144_12\e5ebb7357608c4840c4fea5da19b644b\Mask_TMAE_007.pt saved
2025-09-06 16:40:07,316 - easytorch-training - INFO - The estimated training finish time is 2025-09-06 17:20:27
2025-09-06 16:40:07,316 - easytorch-training - INFO - Epoch 8 / 100
2025-09-06 16:40:19,527 - easytorch-training - INFO - Result <train>: [train/time: 12.21 (s), train/lr: 1.00e-03, train/loss: 0.7874, train/MAE: 0.7874, train/MAPE: 1.6425, train/RMSE: 1.0086]
2025-09-06 16:40:19,529 - easytorch-training - INFO - Start validation.
2025-09-06 16:40:26,337 - easytorch-training - INFO - Result <val>: [val/time: 6.81 (s), val/loss: 0.6454, val/MAE: 0.6454, val/MAPE: 1.8496, val/RMSE: 0.7749]
2025-09-06 16:40:34,186 - easytorch-training - INFO - Result <test>: [test/time: 7.85 (s), test/loss: 0.0000, test/MAE: 0.6959, test/MAPE: 1.8250, test/RMSE: 0.8594]
2025-09-06 16:40:34,213 - easytorch-training - INFO - Checkpoint baselines\STDMAE\mask_save\Mask_TMAE\QiLin_10min_100_144_12\e5ebb7357608c4840c4fea5da19b644b\Mask_TMAE_008.pt saved
2025-09-06 16:40:34,213 - easytorch-training - INFO - The estimated training finish time is 2025-09-06 17:20:38
2025-09-06 16:40:34,213 - easytorch-training - INFO - Epoch 9 / 100
2025-09-06 16:40:46,431 - easytorch-training - INFO - Result <train>: [train/time: 12.22 (s), train/lr: 1.00e-03, train/loss: 0.7926, train/MAE: 0.7926, train/MAPE: 1.6762, train/RMSE: 1.0202]
2025-09-06 16:40:46,433 - easytorch-training - INFO - Start validation.
2025-09-06 16:40:52,970 - easytorch-training - INFO - Result <val>: [val/time: 6.54 (s), val/loss: 0.5955, val/MAE: 0.5955, val/MAPE: 2.4924, val/RMSE: 0.7466]
2025-09-06 16:40:52,995 - easytorch-training - INFO - Checkpoint baselines\STDMAE\mask_save\Mask_TMAE\QiLin_10min_100_144_12\e5ebb7357608c4840c4fea5da19b644b\Mask_TMAE_best_val_MAE.pt saved
2025-09-06 16:41:00,605 - easytorch-training - INFO - Result <test>: [test/time: 7.61 (s), test/loss: 0.0000, test/MAE: 0.7183, test/MAPE: 2.1843, test/RMSE: 0.9041]
2025-09-06 16:41:00,628 - easytorch-training - INFO - Checkpoint baselines\STDMAE\mask_save\Mask_TMAE\QiLin_10min_100_144_12\e5ebb7357608c4840c4fea5da19b644b\Mask_TMAE_009.pt saved
2025-09-06 16:41:00,628 - easytorch-training - INFO - The estimated training finish time is 2025-09-06 17:20:41
2025-09-06 16:41:00,628 - easytorch-training - INFO - Epoch 10 / 100
2025-09-06 16:41:13,224 - easytorch-training - INFO - Result <train>: [train/time: 12.60 (s), train/lr: 1.00e-03, train/loss: 0.7900, train/MAE: 0.7900, train/MAPE: 1.7776, train/RMSE: 1.0191]
2025-09-06 16:41:13,225 - easytorch-training - INFO - Start validation.
2025-09-06 16:41:19,647 - easytorch-training - INFO - Result <val>: [val/time: 6.42 (s), val/loss: 0.6635, val/MAE: 0.6635, val/MAPE: 2.1756, val/RMSE: 0.8032]
2025-09-06 16:41:27,464 - easytorch-training - INFO - Result <test>: [test/time: 7.82 (s), test/loss: 0.0000, test/MAE: 0.7025, test/MAPE: 2.0816, test/RMSE: 0.8898]
2025-09-06 16:41:27,489 - easytorch-training - INFO - Checkpoint baselines\STDMAE\mask_save\Mask_TMAE\QiLin_10min_100_144_12\e5ebb7357608c4840c4fea5da19b644b\Mask_TMAE_010.pt saved
2025-09-06 16:41:27,496 - easytorch-training - INFO - The estimated training finish time is 2025-09-06 17:20:48
2025-09-06 16:41:27,496 - easytorch-training - INFO - Epoch 11 / 100
2025-09-06 16:41:39,849 - easytorch-training - INFO - Result <train>: [train/time: 12.35 (s), train/lr: 1.00e-03, train/loss: 0.7863, train/MAE: 0.7863, train/MAPE: 1.7896, train/RMSE: 1.0141]
2025-09-06 16:41:39,850 - easytorch-training - INFO - Start validation.
2025-09-06 16:41:46,333 - easytorch-training - INFO - Result <val>: [val/time: 6.48 (s), val/loss: 0.6379, val/MAE: 0.6379, val/MAPE: 1.6487, val/RMSE: 0.7872]
2025-09-06 16:41:54,189 - easytorch-training - INFO - Result <test>: [test/time: 7.85 (s), test/loss: 0.0000, test/MAE: 0.6756, test/MAPE: 1.6670, test/RMSE: 0.8455]
2025-09-06 16:41:54,210 - easytorch-training - INFO - Checkpoint baselines\STDMAE\mask_save\Mask_TMAE\QiLin_10min_100_144_12\e5ebb7357608c4840c4fea5da19b644b\Mask_TMAE_011.pt saved
2025-09-06 16:41:54,210 - easytorch-training - INFO - The estimated training finish time is 2025-09-06 17:20:52
2025-09-06 16:41:54,210 - easytorch-training - INFO - Epoch 12 / 100
2025-09-06 16:42:06,838 - easytorch-training - INFO - Result <train>: [train/time: 12.63 (s), train/lr: 1.00e-03, train/loss: 0.7882, train/MAE: 0.7882, train/MAPE: 1.7563, train/RMSE: 1.0160]
2025-09-06 16:42:06,840 - easytorch-training - INFO - Start validation.
2025-09-06 16:42:13,339 - easytorch-training - INFO - Result <val>: [val/time: 6.50 (s), val/loss: 0.6286, val/MAE: 0.6286, val/MAPE: 2.4722, val/RMSE: 0.7703]
2025-09-06 16:42:20,989 - easytorch-training - INFO - Result <test>: [test/time: 7.65 (s), test/loss: 0.0000, test/MAE: 0.7098, test/MAPE: 2.2612, test/RMSE: 0.8842]
2025-09-06 16:42:21,013 - easytorch-training - INFO - Checkpoint baselines\STDMAE\mask_save\Mask_TMAE\QiLin_10min_100_144_12\e5ebb7357608c4840c4fea5da19b644b\Mask_TMAE_012.pt saved
2025-09-06 16:42:21,013 - easytorch-training - INFO - The estimated training finish time is 2025-09-06 17:20:57
2025-09-06 16:42:21,014 - easytorch-training - INFO - Epoch 13 / 100
2025-09-06 16:42:33,427 - easytorch-training - INFO - Result <train>: [train/time: 12.41 (s), train/lr: 1.00e-03, train/loss: 0.7913, train/MAE: 0.7913, train/MAPE: 1.7068, train/RMSE: 1.0188]
2025-09-06 16:42:33,429 - easytorch-training - INFO - Start validation.
2025-09-06 16:42:39,768 - easytorch-training - INFO - Result <val>: [val/time: 6.34 (s), val/loss: 0.5971, val/MAE: 0.5971, val/MAPE: 2.1771, val/RMSE: 0.7377]
2025-09-06 16:42:47,654 - easytorch-training - INFO - Result <test>: [test/time: 7.88 (s), test/loss: 0.0000, test/MAE: 0.7160, test/MAPE: 1.9464, test/RMSE: 0.9028]
2025-09-06 16:42:47,680 - easytorch-training - INFO - Checkpoint baselines\STDMAE\mask_save\Mask_TMAE\QiLin_10min_100_144_12\e5ebb7357608c4840c4fea5da19b644b\Mask_TMAE_013.pt saved
2025-09-06 16:42:47,680 - easytorch-training - INFO - The estimated training finish time is 2025-09-06 17:20:59
2025-09-06 16:42:47,681 - easytorch-training - INFO - Epoch 14 / 100
2025-09-06 16:43:00,363 - easytorch-training - INFO - Result <train>: [train/time: 12.68 (s), train/lr: 1.00e-03, train/loss: 0.7901, train/MAE: 0.7901, train/MAPE: 1.7920, train/RMSE: 1.0186]
2025-09-06 16:43:00,365 - easytorch-training - INFO - Start validation.
2025-09-06 16:43:06,941 - easytorch-training - INFO - Result <val>: [val/time: 6.58 (s), val/loss: 0.6600, val/MAE: 0.6600, val/MAPE: 1.4298, val/RMSE: 0.7849]
2025-09-06 16:43:15,043 - easytorch-training - INFO - Result <test>: [test/time: 8.10 (s), test/loss: 0.0000, test/MAE: 0.7056, test/MAPE: 1.4558, test/RMSE: 0.8817]
2025-09-06 16:43:15,070 - easytorch-training - INFO - Checkpoint baselines\STDMAE\mask_save\Mask_TMAE\QiLin_10min_100_144_12\e5ebb7357608c4840c4fea5da19b644b\Mask_TMAE_014.pt saved
2025-09-06 16:43:15,070 - easytorch-training - INFO - The estimated training finish time is 2025-09-06 17:21:07
2025-09-06 16:43:15,070 - easytorch-training - INFO - Epoch 15 / 100
2025-09-06 16:43:28,527 - easytorch-training - INFO - Result <train>: [train/time: 13.46 (s), train/lr: 1.00e-03, train/loss: 0.7835, train/MAE: 0.7835, train/MAPE: 1.6791, train/RMSE: 1.0089]
2025-09-06 16:43:28,528 - easytorch-training - INFO - Start validation.
2025-09-06 16:43:35,034 - easytorch-training - INFO - Result <val>: [val/time: 6.51 (s), val/loss: 0.6055, val/MAE: 0.6055, val/MAPE: 2.5548, val/RMSE: 0.7437]
2025-09-06 16:43:43,104 - easytorch-training - INFO - Result <test>: [test/time: 8.07 (s), test/loss: 0.0000, test/MAE: 0.7011, test/MAPE: 2.4845, test/RMSE: 0.8775]
2025-09-06 16:43:43,129 - easytorch-training - INFO - Checkpoint baselines\STDMAE\mask_save\Mask_TMAE\QiLin_10min_100_144_12\e5ebb7357608c4840c4fea5da19b644b\Mask_TMAE_015.pt saved
2025-09-06 16:43:43,130 - easytorch-training - INFO - The estimated training finish time is 2025-09-06 17:21:18
2025-09-06 16:43:43,130 - easytorch-training - INFO - Epoch 16 / 100
2025-09-06 16:43:56,228 - easytorch-training - INFO - Result <train>: [train/time: 13.10 (s), train/lr: 1.00e-03, train/loss: 0.7842, train/MAE: 0.7842, train/MAPE: 1.7998, train/RMSE: 1.0106]
2025-09-06 16:43:56,230 - easytorch-training - INFO - Start validation.
2025-09-06 16:44:02,980 - easytorch-training - INFO - Result <val>: [val/time: 6.75 (s), val/loss: 0.6217, val/MAE: 0.6217, val/MAPE: 2.3142, val/RMSE: 0.7587]
2025-09-06 16:44:10,947 - easytorch-training - INFO - Result <test>: [test/time: 7.97 (s), test/loss: 0.0000, test/MAE: 0.6997, test/MAPE: 2.2285, test/RMSE: 0.8790]
2025-09-06 16:44:10,974 - easytorch-training - INFO - Checkpoint baselines\STDMAE\mask_save\Mask_TMAE\QiLin_10min_100_144_12\e5ebb7357608c4840c4fea5da19b644b\Mask_TMAE_016.pt saved
2025-09-06 16:44:10,974 - easytorch-training - INFO - The estimated training finish time is 2025-09-06 17:21:26
2025-09-06 16:44:10,974 - easytorch-training - INFO - Epoch 17 / 100
2025-09-06 16:44:24,606 - easytorch-training - INFO - Result <train>: [train/time: 13.63 (s), train/lr: 1.00e-03, train/loss: 0.7864, train/MAE: 0.7864, train/MAPE: 1.6822, train/RMSE: 1.0105]
2025-09-06 16:44:24,607 - easytorch-training - INFO - Start validation.
2025-09-06 16:44:31,108 - easytorch-training - INFO - Result <val>: [val/time: 6.50 (s), val/loss: 0.6464, val/MAE: 0.6464, val/MAPE: 1.6720, val/RMSE: 0.7715]
2025-09-06 16:44:38,818 - easytorch-training - INFO - Result <test>: [test/time: 7.71 (s), test/loss: 0.0000, test/MAE: 0.7146, test/MAPE: 1.5772, test/RMSE: 0.8882]
2025-09-06 16:44:38,848 - easytorch-training - INFO - Checkpoint baselines\STDMAE\mask_save\Mask_TMAE\QiLin_10min_100_144_12\e5ebb7357608c4840c4fea5da19b644b\Mask_TMAE_017.pt saved
2025-09-06 16:44:38,848 - easytorch-training - INFO - The estimated training finish time is 2025-09-06 17:21:33
2025-09-06 16:44:38,848 - easytorch-training - INFO - Epoch 18 / 100
2025-09-06 16:44:52,322 - easytorch-training - INFO - Result <train>: [train/time: 13.47 (s), train/lr: 1.00e-03, train/loss: 0.7880, train/MAE: 0.7880, train/MAPE: 1.7250, train/RMSE: 1.0165]
2025-09-06 16:44:52,324 - easytorch-training - INFO - Start validation.
2025-09-06 16:44:59,115 - easytorch-training - INFO - Result <val>: [val/time: 6.79 (s), val/loss: 0.6211, val/MAE: 0.6211, val/MAPE: 2.6698, val/RMSE: 0.7680]
2025-09-06 16:45:07,251 - easytorch-training - INFO - Result <test>: [test/time: 8.14 (s), test/loss: 0.0000, test/MAE: 0.7352, test/MAPE: 2.1670, test/RMSE: 0.9324]
2025-09-06 16:45:07,281 - easytorch-training - INFO - Checkpoint baselines\STDMAE\mask_save\Mask_TMAE\QiLin_10min_100_144_12\e5ebb7357608c4840c4fea5da19b644b\Mask_TMAE_018.pt saved
2025-09-06 16:45:07,281 - easytorch-training - INFO - The estimated training finish time is 2025-09-06 17:21:43
2025-09-06 16:45:07,282 - easytorch-training - INFO - Epoch 19 / 100
2025-09-06 16:45:20,745 - easytorch-training - INFO - Result <train>: [train/time: 13.46 (s), train/lr: 1.00e-03, train/loss: 0.7907, train/MAE: 0.7907, train/MAPE: 1.5882, train/RMSE: 1.0151]
2025-09-06 16:45:20,746 - easytorch-training - INFO - Start validation.
2025-09-06 16:45:27,282 - easytorch-training - INFO - Result <val>: [val/time: 6.54 (s), val/loss: 0.6274, val/MAE: 0.6274, val/MAPE: 2.3253, val/RMSE: 0.7633]
2025-09-06 16:45:34,893 - easytorch-training - INFO - Result <test>: [test/time: 7.61 (s), test/loss: 0.0000, test/MAE: 0.6998, test/MAPE: 1.8172, test/RMSE: 0.8483]
2025-09-06 16:45:34,937 - easytorch-training - INFO - Checkpoint baselines\STDMAE\mask_save\Mask_TMAE\QiLin_10min_100_144_12\e5ebb7357608c4840c4fea5da19b644b\Mask_TMAE_019.pt saved
2025-09-06 16:45:34,937 - easytorch-training - INFO - The estimated training finish time is 2025-09-06 17:21:48
2025-09-06 16:45:34,937 - easytorch-training - INFO - Epoch 20 / 100
2025-09-06 16:45:48,199 - easytorch-training - INFO - Result <train>: [train/time: 13.26 (s), train/lr: 1.00e-03, train/loss: 0.7892, train/MAE: 0.7892, train/MAPE: 1.7145, train/RMSE: 1.0175]
2025-09-06 16:45:48,201 - easytorch-training - INFO - Start validation.
2025-09-06 16:45:54,786 - easytorch-training - INFO - Result <val>: [val/time: 6.59 (s), val/loss: 0.6404, val/MAE: 0.6404, val/MAPE: 2.3934, val/RMSE: 0.7949]
2025-09-06 16:46:02,240 - easytorch-training - INFO - Result <test>: [test/time: 7.45 (s), test/loss: 0.0000, test/MAE: 0.7330, test/MAPE: 2.3171, test/RMSE: 0.9137]
2025-09-06 16:46:02,271 - easytorch-training - INFO - Checkpoint baselines\STDMAE\mask_save\Mask_TMAE\QiLin_10min_100_144_12\e5ebb7357608c4840c4fea5da19b644b\Mask_TMAE_020.pt saved
2025-09-06 16:46:02,284 - easytorch-training - INFO - The estimated training finish time is 2025-09-06 17:21:50
2025-09-06 16:46:02,284 - easytorch-training - INFO - Epoch 21 / 100
2025-09-06 16:46:15,149 - easytorch-training - INFO - Result <train>: [train/time: 12.87 (s), train/lr: 1.00e-03, train/loss: 0.7843, train/MAE: 0.7843, train/MAPE: 1.6633, train/RMSE: 1.0092]
2025-09-06 16:46:15,150 - easytorch-training - INFO - Start validation.
2025-09-06 16:46:21,711 - easytorch-training - INFO - Result <val>: [val/time: 6.56 (s), val/loss: 0.6468, val/MAE: 0.6468, val/MAPE: 2.7043, val/RMSE: 0.7883]
2025-09-06 16:46:29,183 - easytorch-training - INFO - Result <test>: [test/time: 7.47 (s), test/loss: 0.0000, test/MAE: 0.7249, test/MAPE: 2.5851, test/RMSE: 0.9099]
2025-09-06 16:46:29,211 - easytorch-training - INFO - Checkpoint baselines\STDMAE\mask_save\Mask_TMAE\QiLin_10min_100_144_12\e5ebb7357608c4840c4fea5da19b644b\Mask_TMAE_021.pt saved
2025-09-06 16:46:29,211 - easytorch-training - INFO - The estimated training finish time is 2025-09-06 17:21:51
2025-09-06 16:46:29,211 - easytorch-training - INFO - Epoch 22 / 100
2025-09-06 16:46:42,236 - easytorch-training - INFO - Result <train>: [train/time: 13.03 (s), train/lr: 1.00e-03, train/loss: 0.7886, train/MAE: 0.7886, train/MAPE: 1.6463, train/RMSE: 1.0150]
2025-09-06 16:46:42,238 - easytorch-training - INFO - Start validation.
2025-09-06 16:46:48,870 - easytorch-training - INFO - Result <val>: [val/time: 6.63 (s), val/loss: 0.6282, val/MAE: 0.6282, val/MAPE: 1.4891, val/RMSE: 0.7632]
2025-09-06 16:46:56,430 - easytorch-training - INFO - Result <test>: [test/time: 7.56 (s), test/loss: 0.0000, test/MAE: 0.7241, test/MAPE: 1.5318, test/RMSE: 0.8991]
2025-09-06 16:46:56,455 - easytorch-training - INFO - Checkpoint baselines\STDMAE\mask_save\Mask_TMAE\QiLin_10min_100_144_12\e5ebb7357608c4840c4fea5da19b644b\Mask_TMAE_022.pt saved
2025-09-06 16:46:56,456 - easytorch-training - INFO - The estimated training finish time is 2025-09-06 17:21:52
2025-09-06 16:46:56,456 - easytorch-training - INFO - Epoch 23 / 100
2025-09-06 16:47:09,608 - easytorch-training - INFO - Result <train>: [train/time: 13.15 (s), train/lr: 1.00e-03, train/loss: 0.7827, train/MAE: 0.7827, train/MAPE: 1.7938, train/RMSE: 1.0072]
2025-09-06 16:47:09,612 - easytorch-training - INFO - Start validation.
2025-09-06 16:47:16,165 - easytorch-training - INFO - Result <val>: [val/time: 6.55 (s), val/loss: 0.6276, val/MAE: 0.6276, val/MAPE: 2.8153, val/RMSE: 0.7713]
2025-09-06 16:47:23,720 - easytorch-training - INFO - Result <test>: [test/time: 7.55 (s), test/loss: 0.0000, test/MAE: 0.7289, test/MAPE: 2.5910, test/RMSE: 0.9303]
2025-09-06 16:47:23,751 - easytorch-training - INFO - Checkpoint baselines\STDMAE\mask_save\Mask_TMAE\QiLin_10min_100_144_12\e5ebb7357608c4840c4fea5da19b644b\Mask_TMAE_023.pt saved
2025-09-06 16:47:23,752 - easytorch-training - INFO - The estimated training finish time is 2025-09-06 17:21:54
2025-09-06 16:47:23,752 - easytorch-training - INFO - Epoch 24 / 100
2025-09-06 16:47:37,076 - easytorch-training - INFO - Result <train>: [train/time: 13.32 (s), train/lr: 1.00e-03, train/loss: 0.7841, train/MAE: 0.7841, train/MAPE: 1.6530, train/RMSE: 1.0112]
2025-09-06 16:47:37,078 - easytorch-training - INFO - Start validation.
2025-09-06 16:47:44,043 - easytorch-training - INFO - Result <val>: [val/time: 6.97 (s), val/loss: 0.5976, val/MAE: 0.5976, val/MAPE: 2.3629, val/RMSE: 0.7350]
2025-09-06 16:47:51,325 - easytorch-training - INFO - Result <test>: [test/time: 7.28 (s), test/loss: 0.0000, test/MAE: 0.7074, test/MAPE: 2.0759, test/RMSE: 0.8787]
2025-09-06 16:47:51,355 - easytorch-training - INFO - Checkpoint baselines\STDMAE\mask_save\Mask_TMAE\QiLin_10min_100_144_12\e5ebb7357608c4840c4fea5da19b644b\Mask_TMAE_024.pt saved
2025-09-06 16:47:51,355 - easytorch-training - INFO - The estimated training finish time is 2025-09-06 17:21:57
2025-09-06 16:47:51,355 - easytorch-training - INFO - Epoch 25 / 100
2025-09-06 16:48:04,267 - easytorch-training - INFO - Result <train>: [train/time: 12.91 (s), train/lr: 1.00e-03, train/loss: 0.7899, train/MAE: 0.7899, train/MAPE: 1.6124, train/RMSE: 1.0156]
2025-09-06 16:48:04,268 - easytorch-training - INFO - Start validation.
2025-09-06 16:48:10,942 - easytorch-training - INFO - Result <val>: [val/time: 6.67 (s), val/loss: 0.6425, val/MAE: 0.6425, val/MAPE: 2.2597, val/RMSE: 0.7801]
2025-09-06 16:48:17,839 - easytorch-training - INFO - Result <test>: [test/time: 6.90 (s), test/loss: 0.0000, test/MAE: 0.7221, test/MAPE: 2.0340, test/RMSE: 0.9026]
2025-09-06 16:48:17,867 - easytorch-training - INFO - Checkpoint baselines\STDMAE\mask_save\Mask_TMAE\QiLin_10min_100_144_12\e5ebb7357608c4840c4fea5da19b644b\Mask_TMAE_025.pt saved
2025-09-06 16:48:17,867 - easytorch-training - INFO - The estimated training finish time is 2025-09-06 17:21:55
2025-09-06 16:48:17,867 - easytorch-training - INFO - Epoch 26 / 100
2025-09-06 16:48:30,918 - easytorch-training - INFO - Result <train>: [train/time: 13.05 (s), train/lr: 1.00e-03, train/loss: 0.7870, train/MAE: 0.7870, train/MAPE: 1.5971, train/RMSE: 1.0134]
2025-09-06 16:48:30,919 - easytorch-training - INFO - Start validation.
2025-09-06 16:48:37,785 - easytorch-training - INFO - Result <val>: [val/time: 6.87 (s), val/loss: 0.6392, val/MAE: 0.6392, val/MAPE: 1.9443, val/RMSE: 0.7897]
2025-09-06 16:48:44,702 - easytorch-training - INFO - Result <test>: [test/time: 6.92 (s), test/loss: 0.0000, test/MAE: 0.6999, test/MAPE: 1.8093, test/RMSE: 0.8731]
2025-09-06 16:48:44,726 - easytorch-training - INFO - Checkpoint baselines\STDMAE\mask_save\Mask_TMAE\QiLin_10min_100_144_12\e5ebb7357608c4840c4fea5da19b644b\Mask_TMAE_026.pt saved
2025-09-06 16:48:44,726 - easytorch-training - INFO - The estimated training finish time is 2025-09-06 17:21:55
2025-09-06 16:48:44,726 - easytorch-training - INFO - Epoch 27 / 100
2025-09-06 16:48:57,956 - easytorch-training - INFO - Result <train>: [train/time: 13.23 (s), train/lr: 1.00e-03, train/loss: 0.7855, train/MAE: 0.7855, train/MAPE: 1.6571, train/RMSE: 1.0135]
2025-09-06 16:48:57,958 - easytorch-training - INFO - Start validation.
2025-09-06 16:49:05,049 - easytorch-training - INFO - Result <val>: [val/time: 7.09 (s), val/loss: 0.6396, val/MAE: 0.6396, val/MAPE: 2.4569, val/RMSE: 0.7806]
2025-09-06 16:49:12,490 - easytorch-training - INFO - Result <test>: [test/time: 7.44 (s), test/loss: 0.0000, test/MAE: 0.7176, test/MAPE: 2.1326, test/RMSE: 0.9043]
2025-09-06 16:49:12,515 - easytorch-training - INFO - Checkpoint baselines\STDMAE\mask_save\Mask_TMAE\QiLin_10min_100_144_12\e5ebb7357608c4840c4fea5da19b644b\Mask_TMAE_027.pt saved
2025-09-06 16:49:12,516 - easytorch-training - INFO - The estimated training finish time is 2025-09-06 17:21:59
2025-09-06 16:49:12,516 - easytorch-training - INFO - Epoch 28 / 100
2025-09-06 16:49:25,776 - easytorch-training - INFO - Result <train>: [train/time: 13.26 (s), train/lr: 1.00e-03, train/loss: 0.7825, train/MAE: 0.7825, train/MAPE: 1.7364, train/RMSE: 1.0103]
2025-09-06 16:49:25,777 - easytorch-training - INFO - Start validation.
2025-09-06 16:49:32,413 - easytorch-training - INFO - Result <val>: [val/time: 6.64 (s), val/loss: 0.6265, val/MAE: 0.6265, val/MAPE: 2.4683, val/RMSE: 0.7644]
2025-09-06 16:49:39,808 - easytorch-training - INFO - Result <test>: [test/time: 7.39 (s), test/loss: 0.0000, test/MAE: 0.7202, test/MAPE: 2.2210, test/RMSE: 0.8969]
2025-09-06 16:49:39,830 - easytorch-training - INFO - Checkpoint baselines\STDMAE\mask_save\Mask_TMAE\QiLin_10min_100_144_12\e5ebb7357608c4840c4fea5da19b644b\Mask_TMAE_028.pt saved
2025-09-06 16:49:39,830 - easytorch-training - INFO - The estimated training finish time is 2025-09-06 17:22:00
2025-09-06 16:49:39,830 - easytorch-training - INFO - Epoch 29 / 100
2025-09-06 16:49:53,067 - easytorch-training - INFO - Result <train>: [train/time: 13.24 (s), train/lr: 1.00e-03, train/loss: 0.7834, train/MAE: 0.7834, train/MAPE: 1.7709, train/RMSE: 1.0119]
2025-09-06 16:49:53,068 - easytorch-training - INFO - Start validation.
2025-09-06 16:49:59,549 - easytorch-training - INFO - Result <val>: [val/time: 6.48 (s), val/loss: 0.6032, val/MAE: 0.6032, val/MAPE: 3.0375, val/RMSE: 0.7433]
2025-09-06 16:50:07,018 - easytorch-training - INFO - Result <test>: [test/time: 7.47 (s), test/loss: 0.0000, test/MAE: 0.7303, test/MAPE: 2.6593, test/RMSE: 0.9248]
2025-09-06 16:50:07,038 - easytorch-training - INFO - Checkpoint baselines\STDMAE\mask_save\Mask_TMAE\QiLin_10min_100_144_12\e5ebb7357608c4840c4fea5da19b644b\Mask_TMAE_029.pt saved
2025-09-06 16:50:07,038 - easytorch-training - INFO - The estimated training finish time is 2025-09-06 17:22:01
2025-09-06 16:50:07,038 - easytorch-training - INFO - Epoch 30 / 100
2025-09-06 16:50:20,237 - easytorch-training - INFO - Result <train>: [train/time: 13.20 (s), train/lr: 1.00e-03, train/loss: 0.7879, train/MAE: 0.7879, train/MAPE: 1.7891, train/RMSE: 1.0209]
2025-09-06 16:50:20,239 - easytorch-training - INFO - Start validation.
2025-09-06 16:50:27,080 - easytorch-training - INFO - Result <val>: [val/time: 6.84 (s), val/loss: 0.6323, val/MAE: 0.6323, val/MAPE: 2.1266, val/RMSE: 0.7590]
2025-09-06 16:50:34,786 - easytorch-training - INFO - Result <test>: [test/time: 7.71 (s), test/loss: 0.0000, test/MAE: 0.6996, test/MAPE: 2.0376, test/RMSE: 0.8761]
2025-09-06 16:50:34,807 - easytorch-training - INFO - Checkpoint baselines\STDMAE\mask_save\Mask_TMAE\QiLin_10min_100_144_12\e5ebb7357608c4840c4fea5da19b644b\Mask_TMAE_030.pt saved
2025-09-06 16:50:34,814 - easytorch-training - INFO - The estimated training finish time is 2025-09-06 17:22:03
2025-09-06 16:50:34,814 - easytorch-training - INFO - Epoch 31 / 100
2025-09-06 16:50:48,589 - easytorch-training - INFO - Result <train>: [train/time: 13.78 (s), train/lr: 1.00e-03, train/loss: 0.7881, train/MAE: 0.7881, train/MAPE: 1.6776, train/RMSE: 1.0183]
2025-09-06 16:50:48,591 - easytorch-training - INFO - Start validation.
2025-09-06 16:50:55,197 - easytorch-training - INFO - Result <val>: [val/time: 6.61 (s), val/loss: 0.6064, val/MAE: 0.6064, val/MAPE: 1.8945, val/RMSE: 0.7567]
2025-09-06 16:51:02,714 - easytorch-training - INFO - Result <test>: [test/time: 7.52 (s), test/loss: 0.0000, test/MAE: 0.7247, test/MAPE: 1.6671, test/RMSE: 0.9003]
2025-09-06 16:51:02,734 - easytorch-training - INFO - Checkpoint baselines\STDMAE\mask_save\Mask_TMAE\QiLin_10min_100_144_12\e5ebb7357608c4840c4fea5da19b644b\Mask_TMAE_031.pt saved
2025-09-06 16:51:02,735 - easytorch-training - INFO - The estimated training finish time is 2025-09-06 17:22:06
2025-09-06 16:51:02,735 - easytorch-training - INFO - Epoch 32 / 100
2025-09-06 16:51:16,017 - easytorch-training - INFO - Result <train>: [train/time: 13.28 (s), train/lr: 1.00e-03, train/loss: 0.7900, train/MAE: 0.7900, train/MAPE: 1.6619, train/RMSE: 1.0174]
2025-09-06 16:51:16,019 - easytorch-training - INFO - Start validation.
2025-09-06 16:51:22,974 - easytorch-training - INFO - Result <val>: [val/time: 6.95 (s), val/loss: 0.6299, val/MAE: 0.6299, val/MAPE: 2.1432, val/RMSE: 0.7586]
2025-09-06 16:51:30,440 - easytorch-training - INFO - Result <test>: [test/time: 7.46 (s), test/loss: 0.0000, test/MAE: 0.7090, test/MAPE: 1.8856, test/RMSE: 0.8761]
2025-09-06 16:51:30,461 - easytorch-training - INFO - Checkpoint baselines\STDMAE\mask_save\Mask_TMAE\QiLin_10min_100_144_12\e5ebb7357608c4840c4fea5da19b644b\Mask_TMAE_032.pt saved
2025-09-06 16:51:30,461 - easytorch-training - INFO - The estimated training finish time is 2025-09-06 17:22:09
2025-09-06 16:51:30,461 - easytorch-training - INFO - Epoch 33 / 100
2025-09-06 16:51:44,168 - easytorch-training - INFO - Result <train>: [train/time: 13.71 (s), train/lr: 1.00e-03, train/loss: 0.7907, train/MAE: 0.7907, train/MAPE: 1.6877, train/RMSE: 1.0172]
2025-09-06 16:51:44,169 - easytorch-training - INFO - Start validation.
2025-09-06 16:51:50,915 - easytorch-training - INFO - Result <val>: [val/time: 6.75 (s), val/loss: 0.6313, val/MAE: 0.6313, val/MAPE: 1.9860, val/RMSE: 0.7630]
2025-09-06 16:51:58,233 - easytorch-training - INFO - Result <test>: [test/time: 7.32 (s), test/loss: 0.0000, test/MAE: 0.7222, test/MAPE: 1.8697, test/RMSE: 0.8941]
2025-09-06 16:51:58,261 - easytorch-training - INFO - Checkpoint baselines\STDMAE\mask_save\Mask_TMAE\QiLin_10min_100_144_12\e5ebb7357608c4840c4fea5da19b644b\Mask_TMAE_033.pt saved
2025-09-06 16:51:58,261 - easytorch-training - INFO - The estimated training finish time is 2025-09-06 17:22:11
2025-09-06 16:51:58,261 - easytorch-training - INFO - Epoch 34 / 100
2025-09-06 16:52:11,861 - easytorch-training - INFO - Result <train>: [train/time: 13.60 (s), train/lr: 1.00e-03, train/loss: 0.7941, train/MAE: 0.7941, train/MAPE: 1.6140, train/RMSE: 1.0226]
2025-09-06 16:52:11,863 - easytorch-training - INFO - Start validation.
2025-09-06 16:52:18,533 - easytorch-training - INFO - Result <val>: [val/time: 6.67 (s), val/loss: 0.6328, val/MAE: 0.6328, val/MAPE: 2.4748, val/RMSE: 0.7694]
2025-09-06 16:52:26,202 - easytorch-training - INFO - Result <test>: [test/time: 7.67 (s), test/loss: 0.0000, test/MAE: 0.6982, test/MAPE: 2.4237, test/RMSE: 0.8845]
2025-09-06 16:52:26,222 - easytorch-training - INFO - Checkpoint baselines\STDMAE\mask_save\Mask_TMAE\QiLin_10min_100_144_12\e5ebb7357608c4840c4fea5da19b644b\Mask_TMAE_034.pt saved
2025-09-06 16:52:26,222 - easytorch-training - INFO - The estimated training finish time is 2025-09-06 17:22:14
2025-09-06 16:52:26,223 - easytorch-training - INFO - Epoch 35 / 100
2025-09-06 16:52:40,339 - easytorch-training - INFO - Result <train>: [train/time: 14.12 (s), train/lr: 1.00e-03, train/loss: 0.7854, train/MAE: 0.7854, train/MAPE: 1.6818, train/RMSE: 1.0115]
2025-09-06 16:52:40,341 - easytorch-training - INFO - Start validation.
2025-09-06 16:52:46,775 - easytorch-training - INFO - Result <val>: [val/time: 6.43 (s), val/loss: 0.6435, val/MAE: 0.6435, val/MAPE: 2.0317, val/RMSE: 0.7770]
2025-09-06 16:52:54,137 - easytorch-training - INFO - Result <test>: [test/time: 7.36 (s), test/loss: 0.0000, test/MAE: 0.7129, test/MAPE: 1.8702, test/RMSE: 0.8783]
2025-09-06 16:52:54,158 - easytorch-training - INFO - Checkpoint baselines\STDMAE\mask_save\Mask_TMAE\QiLin_10min_100_144_12\e5ebb7357608c4840c4fea5da19b644b\Mask_TMAE_035.pt saved
2025-09-06 16:52:54,158 - easytorch-training - INFO - The estimated training finish time is 2025-09-06 17:22:16
2025-09-06 16:52:54,158 - easytorch-training - INFO - Epoch 36 / 100
2025-09-06 16:53:07,931 - easytorch-training - INFO - Result <train>: [train/time: 13.77 (s), train/lr: 1.00e-03, train/loss: 0.7828, train/MAE: 0.7828, train/MAPE: 1.7889, train/RMSE: 1.0095]
2025-09-06 16:53:07,933 - easytorch-training - INFO - Start validation.
2025-09-06 16:53:14,629 - easytorch-training - INFO - Result <val>: [val/time: 6.70 (s), val/loss: 0.6541, val/MAE: 0.6541, val/MAPE: 3.1716, val/RMSE: 0.8160]
2025-09-06 16:53:21,949 - easytorch-training - INFO - Result <test>: [test/time: 7.32 (s), test/loss: 0.0000, test/MAE: 0.7199, test/MAPE: 2.3993, test/RMSE: 0.9056]
2025-09-06 16:53:21,970 - easytorch-training - INFO - Checkpoint baselines\STDMAE\mask_save\Mask_TMAE\QiLin_10min_100_144_12\e5ebb7357608c4840c4fea5da19b644b\Mask_TMAE_036.pt saved
2025-09-06 16:53:21,971 - easytorch-training - INFO - The estimated training finish time is 2025-09-06 17:22:18
2025-09-06 16:53:21,971 - easytorch-training - INFO - Epoch 37 / 100
2025-09-06 16:53:35,970 - easytorch-training - INFO - Result <train>: [train/time: 14.00 (s), train/lr: 1.00e-03, train/loss: 0.7840, train/MAE: 0.7840, train/MAPE: 1.7324, train/RMSE: 1.0075]
2025-09-06 16:53:35,974 - easytorch-training - INFO - Start validation.
2025-09-06 16:53:42,702 - easytorch-training - INFO - Result <val>: [val/time: 6.73 (s), val/loss: 0.6575, val/MAE: 0.6575, val/MAPE: 2.3590, val/RMSE: 0.8124]
2025-09-06 16:53:49,717 - easytorch-training - INFO - Result <test>: [test/time: 7.01 (s), test/loss: 0.0000, test/MAE: 0.6949, test/MAPE: 2.1509, test/RMSE: 0.8715]
2025-09-06 16:53:49,739 - easytorch-training - INFO - Checkpoint baselines\STDMAE\mask_save\Mask_TMAE\QiLin_10min_100_144_12\e5ebb7357608c4840c4fea5da19b644b\Mask_TMAE_037.pt saved
2025-09-06 16:53:49,739 - easytorch-training - INFO - The estimated training finish time is 2025-09-06 17:22:20
2025-09-06 16:53:49,739 - easytorch-training - INFO - Epoch 38 / 100
2025-09-06 16:54:03,474 - easytorch-training - INFO - Result <train>: [train/time: 13.73 (s), train/lr: 1.00e-03, train/loss: 0.7850, train/MAE: 0.7850, train/MAPE: 1.6644, train/RMSE: 1.0133]
2025-09-06 16:54:03,475 - easytorch-training - INFO - Start validation.
2025-09-06 16:54:10,193 - easytorch-training - INFO - Result <val>: [val/time: 6.72 (s), val/loss: 0.6194, val/MAE: 0.6194, val/MAPE: 2.0290, val/RMSE: 0.7487]
2025-09-06 16:54:17,245 - easytorch-training - INFO - Result <test>: [test/time: 7.05 (s), test/loss: 0.0000, test/MAE: 0.7421, test/MAPE: 1.9903, test/RMSE: 0.9438]
2025-09-06 16:54:17,271 - easytorch-training - INFO - Checkpoint baselines\STDMAE\mask_save\Mask_TMAE\QiLin_10min_100_144_12\e5ebb7357608c4840c4fea5da19b644b\Mask_TMAE_038.pt saved
2025-09-06 16:54:17,272 - easytorch-training - INFO - The estimated training finish time is 2025-09-06 17:22:21
2025-09-06 16:54:17,272 - easytorch-training - INFO - Epoch 39 / 100
2025-09-06 16:54:31,337 - easytorch-training - INFO - Result <train>: [train/time: 14.07 (s), train/lr: 1.00e-03, train/loss: 0.7891, train/MAE: 0.7891, train/MAPE: 1.7216, train/RMSE: 1.0176]
2025-09-06 16:54:31,339 - easytorch-training - INFO - Start validation.
2025-09-06 16:54:38,176 - easytorch-training - INFO - Result <val>: [val/time: 6.84 (s), val/loss: 0.6474, val/MAE: 0.6474, val/MAPE: 1.9616, val/RMSE: 0.7905]
2025-09-06 16:54:45,257 - easytorch-training - INFO - Result <test>: [test/time: 7.08 (s), test/loss: 0.0000, test/MAE: 0.7535, test/MAPE: 1.8358, test/RMSE: 0.9371]
2025-09-06 16:54:45,285 - easytorch-training - INFO - Checkpoint baselines\STDMAE\mask_save\Mask_TMAE\QiLin_10min_100_144_12\e5ebb7357608c4840c4fea5da19b644b\Mask_TMAE_039.pt saved
2025-09-06 16:54:45,286 - easytorch-training - INFO - The estimated training finish time is 2025-09-06 17:22:23
2025-09-06 16:54:45,286 - easytorch-training - INFO - Epoch 40 / 100
2025-09-06 16:54:59,239 - easytorch-training - INFO - Result <train>: [train/time: 13.95 (s), train/lr: 1.00e-03, train/loss: 0.7890, train/MAE: 0.7890, train/MAPE: 1.6656, train/RMSE: 1.0168]
2025-09-06 16:54:59,240 - easytorch-training - INFO - Start validation.
2025-09-06 16:55:06,235 - easytorch-training - INFO - Result <val>: [val/time: 7.00 (s), val/loss: 0.6438, val/MAE: 0.6438, val/MAPE: 2.0613, val/RMSE: 0.7845]
2025-09-06 16:55:13,048 - easytorch-training - INFO - Result <test>: [test/time: 6.81 (s), test/loss: 0.0000, test/MAE: 0.6984, test/MAPE: 1.8374, test/RMSE: 0.8622]
2025-09-06 16:55:13,071 - easytorch-training - INFO - Checkpoint baselines\STDMAE\mask_save\Mask_TMAE\QiLin_10min_100_144_12\e5ebb7357608c4840c4fea5da19b644b\Mask_TMAE_040.pt saved
2025-09-06 16:55:13,082 - easytorch-training - INFO - The estimated training finish time is 2025-09-06 17:22:24
2025-09-06 16:55:13,082 - easytorch-training - INFO - Epoch 41 / 100
2025-09-06 16:55:26,943 - easytorch-training - INFO - Result <train>: [train/time: 13.86 (s), train/lr: 1.00e-03, train/loss: 0.7842, train/MAE: 0.7842, train/MAPE: 1.6319, train/RMSE: 1.0063]
2025-09-06 16:55:26,945 - easytorch-training - INFO - Start validation.
2025-09-06 16:55:33,922 - easytorch-training - INFO - Result <val>: [val/time: 6.98 (s), val/loss: 0.6387, val/MAE: 0.6387, val/MAPE: 2.7597, val/RMSE: 0.7961]
2025-09-06 16:55:40,930 - easytorch-training - INFO - Result <test>: [test/time: 7.01 (s), test/loss: 0.0000, test/MAE: 0.7122, test/MAPE: 2.3362, test/RMSE: 0.9061]
2025-09-06 16:55:40,953 - easytorch-training - INFO - Checkpoint baselines\STDMAE\mask_save\Mask_TMAE\QiLin_10min_100_144_12\e5ebb7357608c4840c4fea5da19b644b\Mask_TMAE_041.pt saved
2025-09-06 16:55:40,954 - easytorch-training - INFO - The estimated training finish time is 2025-09-06 17:22:26
2025-09-06 16:55:40,954 - easytorch-training - INFO - Epoch 42 / 100
2025-09-06 16:55:54,785 - easytorch-training - INFO - Result <train>: [train/time: 13.83 (s), train/lr: 1.00e-03, train/loss: 0.7879, train/MAE: 0.7879, train/MAPE: 1.7953, train/RMSE: 1.0147]
2025-09-06 16:55:54,786 - easytorch-training - INFO - Start validation.
2025-09-06 16:56:01,970 - easytorch-training - INFO - Result <val>: [val/time: 7.18 (s), val/loss: 0.6308, val/MAE: 0.6308, val/MAPE: 2.3861, val/RMSE: 0.7774]
2025-09-06 16:56:08,441 - easytorch-training - INFO - Result <test>: [test/time: 6.47 (s), test/loss: 0.0000, test/MAE: 0.7005, test/MAPE: 2.1621, test/RMSE: 0.8801]
2025-09-06 16:56:08,469 - easytorch-training - INFO - Checkpoint baselines\STDMAE\mask_save\Mask_TMAE\QiLin_10min_100_144_12\e5ebb7357608c4840c4fea5da19b644b\Mask_TMAE_042.pt saved
2025-09-06 16:56:08,469 - easytorch-training - INFO - The estimated training finish time is 2025-09-06 17:22:27
2025-09-06 16:56:08,469 - easytorch-training - INFO - Epoch 43 / 100
2025-09-06 16:56:22,356 - easytorch-training - INFO - Result <train>: [train/time: 13.89 (s), train/lr: 1.00e-03, train/loss: 0.7890, train/MAE: 0.7890, train/MAPE: 1.6815, train/RMSE: 1.0164]
2025-09-06 16:56:22,357 - easytorch-training - INFO - Start validation.
2025-09-06 16:56:29,714 - easytorch-training - INFO - Result <val>: [val/time: 7.36 (s), val/loss: 0.6123, val/MAE: 0.6123, val/MAPE: 2.1814, val/RMSE: 0.7451]
2025-09-06 16:56:36,223 - easytorch-training - INFO - Result <test>: [test/time: 6.51 (s), test/loss: 0.0000, test/MAE: 0.6852, test/MAPE: 1.9639, test/RMSE: 0.8588]
2025-09-06 16:56:36,246 - easytorch-training - INFO - Checkpoint baselines\STDMAE\mask_save\Mask_TMAE\QiLin_10min_100_144_12\e5ebb7357608c4840c4fea5da19b644b\Mask_TMAE_043.pt saved
2025-09-06 16:56:36,247 - easytorch-training - INFO - The estimated training finish time is 2025-09-06 17:22:28
2025-09-06 16:56:36,247 - easytorch-training - INFO - Epoch 44 / 100
2025-09-06 16:56:50,131 - easytorch-training - INFO - Result <train>: [train/time: 13.88 (s), train/lr: 1.00e-03, train/loss: 0.7905, train/MAE: 0.7905, train/MAPE: 1.6381, train/RMSE: 1.0171]
2025-09-06 16:56:50,133 - easytorch-training - INFO - Start validation.
2025-09-06 16:56:57,325 - easytorch-training - INFO - Result <val>: [val/time: 7.19 (s), val/loss: 0.6229, val/MAE: 0.6229, val/MAPE: 2.3126, val/RMSE: 0.7745]
2025-09-06 16:57:04,018 - easytorch-training - INFO - Result <test>: [test/time: 6.69 (s), test/loss: 0.0000, test/MAE: 0.7175, test/MAPE: 1.9569, test/RMSE: 0.8835]
2025-09-06 16:57:04,040 - easytorch-training - INFO - Checkpoint baselines\STDMAE\mask_save\Mask_TMAE\QiLin_10min_100_144_12\e5ebb7357608c4840c4fea5da19b644b\Mask_TMAE_044.pt saved
2025-09-06 16:57:04,040 - easytorch-training - INFO - The estimated training finish time is 2025-09-06 17:22:29
2025-09-06 16:57:04,040 - easytorch-training - INFO - Epoch 45 / 100
2025-09-06 16:57:18,041 - easytorch-training - INFO - Result <train>: [train/time: 14.00 (s), train/lr: 1.00e-03, train/loss: 0.7832, train/MAE: 0.7832, train/MAPE: 1.7179, train/RMSE: 1.0109]
2025-09-06 16:57:18,043 - easytorch-training - INFO - Start validation.
2025-09-06 16:57:25,248 - easytorch-training - INFO - Result <val>: [val/time: 7.21 (s), val/loss: 0.6405, val/MAE: 0.6405, val/MAPE: 1.8486, val/RMSE: 0.7678]
2025-09-06 16:57:31,974 - easytorch-training - INFO - Result <test>: [test/time: 6.72 (s), test/loss: 0.0000, test/MAE: 0.7232, test/MAPE: 1.7308, test/RMSE: 0.9066]
2025-09-06 16:57:32,016 - easytorch-training - INFO - Checkpoint baselines\STDMAE\mask_save\Mask_TMAE\QiLin_10min_100_144_12\e5ebb7357608c4840c4fea5da19b644b\Mask_TMAE_045.pt saved
2025-09-06 16:57:32,016 - easytorch-training - INFO - The estimated training finish time is 2025-09-06 17:22:31
2025-09-06 16:57:32,016 - easytorch-training - INFO - Epoch 46 / 100
2025-09-06 16:57:45,978 - easytorch-training - INFO - Result <train>: [train/time: 13.96 (s), train/lr: 1.00e-03, train/loss: 0.7856, train/MAE: 0.7856, train/MAPE: 1.7379, train/RMSE: 1.0128]
2025-09-06 16:57:45,980 - easytorch-training - INFO - Start validation.
2025-09-06 16:57:53,313 - easytorch-training - INFO - Result <val>: [val/time: 7.33 (s), val/loss: 0.6366, val/MAE: 0.6366, val/MAPE: 2.3163, val/RMSE: 0.7755]
2025-09-06 16:58:00,402 - easytorch-training - INFO - Result <test>: [test/time: 7.09 (s), test/loss: 0.0000, test/MAE: 0.6834, test/MAPE: 2.1917, test/RMSE: 0.8577]
2025-09-06 16:58:00,423 - easytorch-training - INFO - Checkpoint baselines\STDMAE\mask_save\Mask_TMAE\QiLin_10min_100_144_12\e5ebb7357608c4840c4fea5da19b644b\Mask_TMAE_046.pt saved
2025-09-06 16:58:00,423 - easytorch-training - INFO - The estimated training finish time is 2025-09-06 17:22:33
2025-09-06 16:58:00,424 - easytorch-training - INFO - Epoch 47 / 100
2025-09-06 16:58:15,747 - easytorch-training - INFO - Result <train>: [train/time: 15.32 (s), train/lr: 1.00e-03, train/loss: 0.7892, train/MAE: 0.7892, train/MAPE: 1.6044, train/RMSE: 1.0143]
2025-09-06 16:58:15,748 - easytorch-training - INFO - Start validation.
2025-09-06 16:58:23,435 - easytorch-training - INFO - Result <val>: [val/time: 7.69 (s), val/loss: 0.6366, val/MAE: 0.6366, val/MAPE: 2.2355, val/RMSE: 0.7773]
2025-09-06 16:58:30,312 - easytorch-training - INFO - Result <test>: [test/time: 6.88 (s), test/loss: 0.0000, test/MAE: 0.7091, test/MAPE: 2.1169, test/RMSE: 0.8924]
2025-09-06 16:58:30,332 - easytorch-training - INFO - Checkpoint baselines\STDMAE\mask_save\Mask_TMAE\QiLin_10min_100_144_12\e5ebb7357608c4840c4fea5da19b644b\Mask_TMAE_047.pt saved
2025-09-06 16:58:30,332 - easytorch-training - INFO - The estimated training finish time is 2025-09-06 17:22:39
2025-09-06 16:58:30,332 - easytorch-training - INFO - Epoch 48 / 100
2025-09-06 16:58:45,106 - easytorch-training - INFO - Result <train>: [train/time: 14.77 (s), train/lr: 1.00e-03, train/loss: 0.7874, train/MAE: 0.7874, train/MAPE: 1.7290, train/RMSE: 1.0141]
2025-09-06 16:58:45,107 - easytorch-training - INFO - Start validation.
2025-09-06 16:58:52,807 - easytorch-training - INFO - Result <val>: [val/time: 7.70 (s), val/loss: 0.6419, val/MAE: 0.6419, val/MAPE: 2.1318, val/RMSE: 0.7776]
2025-09-06 16:58:59,515 - easytorch-training - INFO - Result <test>: [test/time: 6.71 (s), test/loss: 0.0000, test/MAE: 0.7080, test/MAPE: 2.0365, test/RMSE: 0.8872]
2025-09-06 16:58:59,535 - easytorch-training - INFO - Checkpoint baselines\STDMAE\mask_save\Mask_TMAE\QiLin_10min_100_144_12\e5ebb7357608c4840c4fea5da19b644b\Mask_TMAE_048.pt saved
2025-09-06 16:58:59,535 - easytorch-training - INFO - The estimated training finish time is 2025-09-06 17:22:43
2025-09-06 16:58:59,535 - easytorch-training - INFO - Epoch 49 / 100
2025-09-06 16:59:13,463 - easytorch-training - INFO - Result <train>: [train/time: 13.93 (s), train/lr: 1.00e-03, train/loss: 0.7876, train/MAE: 0.7876, train/MAPE: 1.6676, train/RMSE: 1.0179]
2025-09-06 16:59:13,464 - easytorch-training - INFO - Start validation.
2025-09-06 16:59:21,038 - easytorch-training - INFO - Result <val>: [val/time: 7.57 (s), val/loss: 0.6131, val/MAE: 0.6131, val/MAPE: 2.5471, val/RMSE: 0.7614]
2025-09-06 16:59:27,746 - easytorch-training - INFO - Result <test>: [test/time: 6.71 (s), test/loss: 0.0000, test/MAE: 0.7237, test/MAPE: 2.1774, test/RMSE: 0.9172]
2025-09-06 16:59:27,770 - easytorch-training - INFO - Checkpoint baselines\STDMAE\mask_save\Mask_TMAE\QiLin_10min_100_144_12\e5ebb7357608c4840c4fea5da19b644b\Mask_TMAE_049.pt saved
2025-09-06 16:59:27,770 - easytorch-training - INFO - The estimated training finish time is 2025-09-06 17:22:45
2025-09-06 16:59:27,770 - easytorch-training - INFO - Epoch 50 / 100
2025-09-06 16:59:41,872 - easytorch-training - INFO - Result <train>: [train/time: 14.10 (s), train/lr: 1.00e-03, train/loss: 0.7882, train/MAE: 0.7882, train/MAPE: 1.7131, train/RMSE: 1.0159]
2025-09-06 16:59:41,873 - easytorch-training - INFO - Start validation.
2025-09-06 16:59:49,194 - easytorch-training - INFO - Result <val>: [val/time: 7.32 (s), val/loss: 0.6270, val/MAE: 0.6270, val/MAPE: 2.3873, val/RMSE: 0.7688]
2025-09-06 16:59:55,661 - easytorch-training - INFO - Result <test>: [test/time: 6.47 (s), test/loss: 0.0000, test/MAE: 0.7245, test/MAPE: 2.2543, test/RMSE: 0.9153]
2025-09-06 16:59:55,684 - easytorch-training - INFO - Checkpoint baselines\STDMAE\mask_save\Mask_TMAE\QiLin_10min_100_144_12\e5ebb7357608c4840c4fea5da19b644b\Mask_TMAE_050.pt saved
2025-09-06 16:59:55,692 - easytorch-training - INFO - The estimated training finish time is 2025-09-06 17:22:46
2025-09-06 16:59:55,692 - easytorch-training - INFO - Epoch 51 / 100
2025-09-06 17:00:09,953 - easytorch-training - INFO - Result <train>: [train/time: 14.26 (s), train/lr: 5.00e-04, train/loss: 0.7850, train/MAE: 0.7850, train/MAPE: 1.7305, train/RMSE: 1.0104]
2025-09-06 17:00:09,954 - easytorch-training - INFO - Start validation.
2025-09-06 17:00:17,196 - easytorch-training - INFO - Result <val>: [val/time: 7.24 (s), val/loss: 0.6345, val/MAE: 0.6345, val/MAPE: 2.2661, val/RMSE: 0.7791]
2025-09-06 17:00:23,704 - easytorch-training - INFO - Result <test>: [test/time: 6.51 (s), test/loss: 0.0000, test/MAE: 0.7170, test/MAPE: 1.9489, test/RMSE: 0.9000]
2025-09-06 17:00:23,732 - easytorch-training - INFO - Checkpoint baselines\STDMAE\mask_save\Mask_TMAE\QiLin_10min_100_144_12\e5ebb7357608c4840c4fea5da19b644b\Mask_TMAE_051.pt saved
2025-09-06 17:00:23,732 - easytorch-training - INFO - The estimated training finish time is 2025-09-06 17:22:47
2025-09-06 17:00:23,732 - easytorch-training - INFO - Epoch 52 / 100
2025-09-06 17:00:38,691 - easytorch-training - INFO - Result <train>: [train/time: 14.96 (s), train/lr: 5.00e-04, train/loss: 0.7873, train/MAE: 0.7873, train/MAPE: 1.6305, train/RMSE: 1.0125]
2025-09-06 17:00:38,693 - easytorch-training - INFO - Start validation.
2025-09-06 17:00:46,527 - easytorch-training - INFO - Result <val>: [val/time: 7.83 (s), val/loss: 0.6384, val/MAE: 0.6384, val/MAPE: 2.4923, val/RMSE: 0.7988]
2025-09-06 17:00:53,565 - easytorch-training - INFO - Result <test>: [test/time: 7.04 (s), test/loss: 0.0000, test/MAE: 0.6978, test/MAPE: 2.1772, test/RMSE: 0.8719]
2025-09-06 17:00:53,589 - easytorch-training - INFO - Checkpoint baselines\STDMAE\mask_save\Mask_TMAE\QiLin_10min_100_144_12\e5ebb7357608c4840c4fea5da19b644b\Mask_TMAE_052.pt saved
2025-09-06 17:00:53,589 - easytorch-training - INFO - The estimated training finish time is 2025-09-06 17:22:52
2025-09-06 17:00:53,589 - easytorch-training - INFO - Epoch 53 / 100
2025-09-06 17:01:10,171 - easytorch-training - INFO - Result <train>: [train/time: 16.58 (s), train/lr: 5.00e-04, train/loss: 0.7876, train/MAE: 0.7876, train/MAPE: 1.7903, train/RMSE: 1.0164]
2025-09-06 17:01:10,172 - easytorch-training - INFO - Start validation.
2025-09-06 17:01:17,301 - easytorch-training - INFO - Result <val>: [val/time: 7.13 (s), val/loss: 0.6212, val/MAE: 0.6212, val/MAPE: 2.0525, val/RMSE: 0.7614]
2025-09-06 17:01:23,731 - easytorch-training - INFO - Result <test>: [test/time: 6.43 (s), test/loss: 0.0000, test/MAE: 0.7188, test/MAPE: 1.8559, test/RMSE: 0.8988]
2025-09-06 17:01:23,753 - easytorch-training - INFO - Checkpoint baselines\STDMAE\mask_save\Mask_TMAE\QiLin_10min_100_144_12\e5ebb7357608c4840c4fea5da19b644b\Mask_TMAE_053.pt saved
2025-09-06 17:01:23,753 - easytorch-training - INFO - The estimated training finish time is 2025-09-06 17:22:57
2025-09-06 17:01:23,753 - easytorch-training - INFO - Epoch 54 / 100
2025-09-06 17:01:38,066 - easytorch-training - INFO - Result <train>: [train/time: 14.31 (s), train/lr: 5.00e-04, train/loss: 0.7834, train/MAE: 0.7834, train/MAPE: 1.6484, train/RMSE: 1.0060]
2025-09-06 17:01:38,067 - easytorch-training - INFO - Start validation.
2025-09-06 17:01:45,081 - easytorch-training - INFO - Result <val>: [val/time: 7.01 (s), val/loss: 0.6200, val/MAE: 0.6200, val/MAPE: 2.7861, val/RMSE: 0.7668]
2025-09-06 17:01:51,653 - easytorch-training - INFO - Result <test>: [test/time: 6.57 (s), test/loss: 0.0000, test/MAE: 0.7302, test/MAPE: 2.4161, test/RMSE: 0.9247]
2025-09-06 17:01:51,675 - easytorch-training - INFO - Checkpoint baselines\STDMAE\mask_save\Mask_TMAE\QiLin_10min_100_144_12\e5ebb7357608c4840c4fea5da19b644b\Mask_TMAE_054.pt saved
2025-09-06 17:01:51,675 - easytorch-training - INFO - The estimated training finish time is 2025-09-06 17:22:57
2025-09-06 17:01:51,675 - easytorch-training - INFO - Epoch 55 / 100
2025-09-06 17:02:06,282 - easytorch-training - INFO - Result <train>: [train/time: 14.61 (s), train/lr: 5.00e-04, train/loss: 0.7934, train/MAE: 0.7934, train/MAPE: 1.6797, train/RMSE: 1.0223]
2025-09-06 17:02:06,283 - easytorch-training - INFO - Start validation.
2025-09-06 17:02:13,263 - easytorch-training - INFO - Result <val>: [val/time: 6.98 (s), val/loss: 0.6181, val/MAE: 0.6181, val/MAPE: 2.2365, val/RMSE: 0.7650]
2025-09-06 17:02:20,090 - easytorch-training - INFO - Result <test>: [test/time: 6.83 (s), test/loss: 0.0000, test/MAE: 0.6955, test/MAPE: 1.8743, test/RMSE: 0.8680]
2025-09-06 17:02:20,172 - easytorch-training - INFO - Checkpoint baselines\STDMAE\mask_save\Mask_TMAE\QiLin_10min_100_144_12\e5ebb7357608c4840c4fea5da19b644b\Mask_TMAE_055.pt saved
2025-09-06 17:02:20,173 - easytorch-training - INFO - The estimated training finish time is 2025-09-06 17:22:59
2025-09-06 17:02:20,173 - easytorch-training - INFO - Epoch 56 / 100
2025-09-06 17:02:34,997 - easytorch-training - INFO - Result <train>: [train/time: 14.82 (s), train/lr: 5.00e-04, train/loss: 0.7814, train/MAE: 0.7814, train/MAPE: 1.5898, train/RMSE: 1.0063]
2025-09-06 17:02:34,998 - easytorch-training - INFO - Start validation.
2025-09-06 17:02:41,824 - easytorch-training - INFO - Result <val>: [val/time: 6.83 (s), val/loss: 0.6048, val/MAE: 0.6048, val/MAPE: 2.2009, val/RMSE: 0.7471]
2025-09-06 17:02:48,868 - easytorch-training - INFO - Result <test>: [test/time: 7.04 (s), test/loss: 0.0000, test/MAE: 0.7194, test/MAPE: 1.9875, test/RMSE: 0.8939]
2025-09-06 17:02:48,893 - easytorch-training - INFO - Checkpoint baselines\STDMAE\mask_save\Mask_TMAE\QiLin_10min_100_144_12\e5ebb7357608c4840c4fea5da19b644b\Mask_TMAE_056.pt saved
2025-09-06 17:02:48,893 - easytorch-training - INFO - The estimated training finish time is 2025-09-06 17:23:01
2025-09-06 17:02:48,894 - easytorch-training - INFO - Epoch 57 / 100
2025-09-06 17:03:03,713 - easytorch-training - INFO - Result <train>: [train/time: 14.82 (s), train/lr: 5.00e-04, train/loss: 0.7832, train/MAE: 0.7832, train/MAPE: 1.7437, train/RMSE: 1.0117]
2025-09-06 17:03:03,714 - easytorch-training - INFO - Start validation.
2025-09-06 17:03:10,260 - easytorch-training - INFO - Result <val>: [val/time: 6.55 (s), val/loss: 0.6454, val/MAE: 0.6454, val/MAPE: 2.4073, val/RMSE: 0.7825]
2025-09-06 17:03:17,375 - easytorch-training - INFO - Result <test>: [test/time: 7.11 (s), test/loss: 0.0000, test/MAE: 0.6998, test/MAPE: 2.3170, test/RMSE: 0.8867]
2025-09-06 17:03:17,402 - easytorch-training - INFO - Checkpoint baselines\STDMAE\mask_save\Mask_TMAE\QiLin_10min_100_144_12\e5ebb7357608c4840c4fea5da19b644b\Mask_TMAE_057.pt saved
2025-09-06 17:03:17,403 - easytorch-training - INFO - The estimated training finish time is 2025-09-06 17:23:03
2025-09-06 17:03:17,403 - easytorch-training - INFO - Epoch 58 / 100
2025-09-06 17:03:32,360 - easytorch-training - INFO - Result <train>: [train/time: 14.96 (s), train/lr: 5.00e-04, train/loss: 0.7855, train/MAE: 0.7855, train/MAPE: 1.6867, train/RMSE: 1.0120]
2025-09-06 17:03:32,361 - easytorch-training - INFO - Start validation.
2025-09-06 17:03:39,077 - easytorch-training - INFO - Result <val>: [val/time: 6.72 (s), val/loss: 0.6249, val/MAE: 0.6249, val/MAPE: 2.3461, val/RMSE: 0.7743]
2025-09-06 17:03:47,042 - easytorch-training - INFO - Result <test>: [test/time: 7.96 (s), test/loss: 0.0000, test/MAE: 0.7165, test/MAPE: 2.0171, test/RMSE: 0.8957]
2025-09-06 17:03:47,063 - easytorch-training - INFO - Checkpoint baselines\STDMAE\mask_save\Mask_TMAE\QiLin_10min_100_144_12\e5ebb7357608c4840c4fea5da19b644b\Mask_TMAE_058.pt saved
2025-09-06 17:03:47,063 - easytorch-training - INFO - The estimated training finish time is 2025-09-06 17:23:07
2025-09-06 17:03:47,063 - easytorch-training - INFO - Epoch 59 / 100
2025-09-06 17:04:01,713 - easytorch-training - INFO - Result <train>: [train/time: 14.65 (s), train/lr: 5.00e-04, train/loss: 0.7846, train/MAE: 0.7846, train/MAPE: 1.6725, train/RMSE: 1.0123]
2025-09-06 17:04:01,714 - easytorch-training - INFO - Start validation.
2025-09-06 17:04:08,424 - easytorch-training - INFO - Result <val>: [val/time: 6.71 (s), val/loss: 0.6220, val/MAE: 0.6220, val/MAPE: 2.3871, val/RMSE: 0.7604]
2025-09-06 17:04:16,000 - easytorch-training - INFO - Result <test>: [test/time: 7.58 (s), test/loss: 0.0000, test/MAE: 0.7196, test/MAPE: 2.0545, test/RMSE: 0.9095]
2025-09-06 17:04:16,020 - easytorch-training - INFO - Checkpoint baselines\STDMAE\mask_save\Mask_TMAE\QiLin_10min_100_144_12\e5ebb7357608c4840c4fea5da19b644b\Mask_TMAE_059.pt saved
2025-09-06 17:04:16,020 - easytorch-training - INFO - The estimated training finish time is 2025-09-06 17:23:09
2025-09-06 17:04:16,021 - easytorch-training - INFO - Epoch 60 / 100
2025-09-06 17:04:30,617 - easytorch-training - INFO - Result <train>: [train/time: 14.60 (s), train/lr: 5.00e-04, train/loss: 0.7865, train/MAE: 0.7865, train/MAPE: 1.7670, train/RMSE: 1.0144]
2025-09-06 17:04:30,618 - easytorch-training - INFO - Start validation.
2025-09-06 17:04:37,416 - easytorch-training - INFO - Result <val>: [val/time: 6.80 (s), val/loss: 0.6260, val/MAE: 0.6260, val/MAPE: 2.0036, val/RMSE: 0.7505]
2025-09-06 17:04:44,628 - easytorch-training - INFO - Result <test>: [test/time: 7.21 (s), test/loss: 0.0000, test/MAE: 0.7041, test/MAPE: 1.9233, test/RMSE: 0.8666]
2025-09-06 17:04:44,649 - easytorch-training - INFO - Checkpoint baselines\STDMAE\mask_save\Mask_TMAE\QiLin_10min_100_144_12\e5ebb7357608c4840c4fea5da19b644b\Mask_TMAE_060.pt saved
2025-09-06 17:04:44,657 - easytorch-training - INFO - The estimated training finish time is 2025-09-06 17:23:10
2025-09-06 17:04:44,658 - easytorch-training - INFO - Epoch 61 / 100
2025-09-06 17:04:59,132 - easytorch-training - INFO - Result <train>: [train/time: 14.47 (s), train/lr: 5.00e-04, train/loss: 0.7867, train/MAE: 0.7867, train/MAPE: 1.6289, train/RMSE: 1.0132]
2025-09-06 17:04:59,134 - easytorch-training - INFO - Start validation.
2025-09-06 17:05:05,992 - easytorch-training - INFO - Result <val>: [val/time: 6.86 (s), val/loss: 0.6362, val/MAE: 0.6362, val/MAPE: 2.1820, val/RMSE: 0.7814]
2025-09-06 17:05:12,872 - easytorch-training - INFO - Result <test>: [test/time: 6.88 (s), test/loss: 0.0000, test/MAE: 0.7121, test/MAPE: 1.9126, test/RMSE: 0.9022]
2025-09-06 17:05:12,895 - easytorch-training - INFO - Checkpoint baselines\STDMAE\mask_save\Mask_TMAE\QiLin_10min_100_144_12\e5ebb7357608c4840c4fea5da19b644b\Mask_TMAE_061.pt saved
2025-09-06 17:05:12,895 - easytorch-training - INFO - The estimated training finish time is 2025-09-06 17:23:11
2025-09-06 17:05:12,895 - easytorch-training - INFO - Epoch 62 / 100
2025-09-06 17:05:27,459 - easytorch-training - INFO - Result <train>: [train/time: 14.56 (s), train/lr: 5.00e-04, train/loss: 0.7886, train/MAE: 0.7886, train/MAPE: 1.7380, train/RMSE: 1.0149]
2025-09-06 17:05:27,460 - easytorch-training - INFO - Start validation.
2025-09-06 17:05:34,819 - easytorch-training - INFO - Result <val>: [val/time: 7.36 (s), val/loss: 0.6371, val/MAE: 0.6371, val/MAPE: 2.6837, val/RMSE: 0.7864]
2025-09-06 17:05:41,490 - easytorch-training - INFO - Result <test>: [test/time: 6.67 (s), test/loss: 0.0000, test/MAE: 0.7212, test/MAPE: 2.1474, test/RMSE: 0.9007]
2025-09-06 17:05:41,511 - easytorch-training - INFO - Checkpoint baselines\STDMAE\mask_save\Mask_TMAE\QiLin_10min_100_144_12\e5ebb7357608c4840c4fea5da19b644b\Mask_TMAE_062.pt saved
2025-09-06 17:05:41,511 - easytorch-training - INFO - The estimated training finish time is 2025-09-06 17:23:13
2025-09-06 17:05:41,511 - easytorch-training - INFO - Epoch 63 / 100
2025-09-06 17:05:56,357 - easytorch-training - INFO - Result <train>: [train/time: 14.85 (s), train/lr: 5.00e-04, train/loss: 0.7859, train/MAE: 0.7859, train/MAPE: 1.7224, train/RMSE: 1.0126]
2025-09-06 17:05:56,358 - easytorch-training - INFO - Start validation.
2025-09-06 17:06:03,850 - easytorch-training - INFO - Result <val>: [val/time: 7.49 (s), val/loss: 0.6088, val/MAE: 0.6088, val/MAPE: 2.2913, val/RMSE: 0.7489]
2025-09-06 17:06:10,503 - easytorch-training - INFO - Result <test>: [test/time: 6.65 (s), test/loss: 0.0000, test/MAE: 0.7055, test/MAPE: 2.0926, test/RMSE: 0.8851]
2025-09-06 17:06:10,523 - easytorch-training - INFO - Checkpoint baselines\STDMAE\mask_save\Mask_TMAE\QiLin_10min_100_144_12\e5ebb7357608c4840c4fea5da19b644b\Mask_TMAE_063.pt saved
2025-09-06 17:06:10,523 - easytorch-training - INFO - The estimated training finish time is 2025-09-06 17:23:15
2025-09-06 17:06:10,523 - easytorch-training - INFO - Epoch 64 / 100
2025-09-06 17:06:25,422 - easytorch-training - INFO - Result <train>: [train/time: 14.90 (s), train/lr: 5.00e-04, train/loss: 0.7875, train/MAE: 0.7875, train/MAPE: 1.6563, train/RMSE: 1.0125]
2025-09-06 17:06:25,424 - easytorch-training - INFO - Start validation.
2025-09-06 17:06:33,358 - easytorch-training - INFO - Result <val>: [val/time: 7.93 (s), val/loss: 0.6184, val/MAE: 0.6184, val/MAPE: 2.2424, val/RMSE: 0.7548]
2025-09-06 17:06:40,036 - easytorch-training - INFO - Result <test>: [test/time: 6.68 (s), test/loss: 0.0000, test/MAE: 0.7359, test/MAPE: 1.9113, test/RMSE: 0.9295]
2025-09-06 17:06:40,056 - easytorch-training - INFO - Checkpoint baselines\STDMAE\mask_save\Mask_TMAE\QiLin_10min_100_144_12\e5ebb7357608c4840c4fea5da19b644b\Mask_TMAE_064.pt saved
2025-09-06 17:06:40,056 - easytorch-training - INFO - The estimated training finish time is 2025-09-06 17:23:18
2025-09-06 17:06:40,056 - easytorch-training - INFO - Epoch 65 / 100
2025-09-06 17:06:55,063 - easytorch-training - INFO - Result <train>: [train/time: 15.01 (s), train/lr: 5.00e-04, train/loss: 0.7911, train/MAE: 0.7911, train/MAPE: 1.6157, train/RMSE: 1.0199]
2025-09-06 17:06:55,064 - easytorch-training - INFO - Start validation.
2025-09-06 17:07:02,297 - easytorch-training - INFO - Result <val>: [val/time: 7.23 (s), val/loss: 0.6270, val/MAE: 0.6270, val/MAPE: 2.1497, val/RMSE: 0.7756]
2025-09-06 17:07:08,783 - easytorch-training - INFO - Result <test>: [test/time: 6.48 (s), test/loss: 0.0000, test/MAE: 0.7218, test/MAPE: 1.8954, test/RMSE: 0.9096]
2025-09-06 17:07:08,804 - easytorch-training - INFO - Checkpoint baselines\STDMAE\mask_save\Mask_TMAE\QiLin_10min_100_144_12\e5ebb7357608c4840c4fea5da19b644b\Mask_TMAE_065.pt saved
2025-09-06 17:07:08,804 - easytorch-training - INFO - The estimated training finish time is 2025-09-06 17:23:19
2025-09-06 17:07:08,804 - easytorch-training - INFO - Epoch 66 / 100
2025-09-06 17:07:24,080 - easytorch-training - INFO - Result <train>: [train/time: 15.28 (s), train/lr: 5.00e-04, train/loss: 0.7822, train/MAE: 0.7822, train/MAPE: 1.6419, train/RMSE: 1.0037]
2025-09-06 17:07:24,081 - easytorch-training - INFO - Start validation.
2025-09-06 17:07:31,219 - easytorch-training - INFO - Result <val>: [val/time: 7.14 (s), val/loss: 0.6446, val/MAE: 0.6446, val/MAPE: 2.0558, val/RMSE: 0.7743]
2025-09-06 17:07:37,553 - easytorch-training - INFO - Result <test>: [test/time: 6.33 (s), test/loss: 0.0000, test/MAE: 0.7069, test/MAPE: 2.0267, test/RMSE: 0.8962]
2025-09-06 17:07:37,573 - easytorch-training - INFO - Checkpoint baselines\STDMAE\mask_save\Mask_TMAE\QiLin_10min_100_144_12\e5ebb7357608c4840c4fea5da19b644b\Mask_TMAE_066.pt saved
2025-09-06 17:07:37,573 - easytorch-training - INFO - The estimated training finish time is 2025-09-06 17:23:21
2025-09-06 17:07:37,573 - easytorch-training - INFO - Epoch 67 / 100
2025-09-06 17:07:52,961 - easytorch-training - INFO - Result <train>: [train/time: 15.39 (s), train/lr: 5.00e-04, train/loss: 0.7864, train/MAE: 0.7864, train/MAPE: 1.7024, train/RMSE: 1.0144]
2025-09-06 17:07:52,963 - easytorch-training - INFO - Start validation.
2025-09-06 17:07:59,916 - easytorch-training - INFO - Result <val>: [val/time: 6.95 (s), val/loss: 0.6336, val/MAE: 0.6336, val/MAPE: 2.2987, val/RMSE: 0.7772]
2025-09-06 17:08:06,337 - easytorch-training - INFO - Result <test>: [test/time: 6.42 (s), test/loss: 0.0000, test/MAE: 0.7051, test/MAPE: 2.1585, test/RMSE: 0.8925]
2025-09-06 17:08:06,360 - easytorch-training - INFO - Checkpoint baselines\STDMAE\mask_save\Mask_TMAE\QiLin_10min_100_144_12\e5ebb7357608c4840c4fea5da19b644b\Mask_TMAE_067.pt saved
2025-09-06 17:08:06,360 - easytorch-training - INFO - The estimated training finish time is 2025-09-06 17:23:23
2025-09-06 17:08:06,360 - easytorch-training - INFO - Epoch 68 / 100
2025-09-06 17:08:22,595 - easytorch-training - INFO - Result <train>: [train/time: 16.23 (s), train/lr: 5.00e-04, train/loss: 0.7826, train/MAE: 0.7826, train/MAPE: 1.5948, train/RMSE: 1.0086]
2025-09-06 17:08:22,596 - easytorch-training - INFO - Start validation.
2025-09-06 17:08:29,473 - easytorch-training - INFO - Result <val>: [val/time: 6.88 (s), val/loss: 0.6291, val/MAE: 0.6291, val/MAPE: 1.8660, val/RMSE: 0.7589]
2025-09-06 17:08:35,875 - easytorch-training - INFO - Result <test>: [test/time: 6.40 (s), test/loss: 0.0000, test/MAE: 0.6983, test/MAPE: 1.7376, test/RMSE: 0.8683]
2025-09-06 17:08:35,895 - easytorch-training - INFO - Checkpoint baselines\STDMAE\mask_save\Mask_TMAE\QiLin_10min_100_144_12\e5ebb7357608c4840c4fea5da19b644b\Mask_TMAE_068.pt saved
2025-09-06 17:08:35,895 - easytorch-training - INFO - The estimated training finish time is 2025-09-06 17:23:25
2025-09-06 17:08:35,895 - easytorch-training - INFO - Epoch 69 / 100
2025-09-06 17:08:52,213 - easytorch-training - INFO - Result <train>: [train/time: 16.32 (s), train/lr: 5.00e-04, train/loss: 0.7844, train/MAE: 0.7844, train/MAPE: 1.6818, train/RMSE: 1.0125]
2025-09-06 17:08:52,215 - easytorch-training - INFO - Start validation.
2025-09-06 17:08:59,008 - easytorch-training - INFO - Result <val>: [val/time: 6.79 (s), val/loss: 0.6355, val/MAE: 0.6355, val/MAPE: 2.0453, val/RMSE: 0.7703]
2025-09-06 17:09:05,381 - easytorch-training - INFO - Result <test>: [test/time: 6.37 (s), test/loss: 0.0000, test/MAE: 0.7244, test/MAPE: 1.8672, test/RMSE: 0.9068]
2025-09-06 17:09:05,404 - easytorch-training - INFO - Checkpoint baselines\STDMAE\mask_save\Mask_TMAE\QiLin_10min_100_144_12\e5ebb7357608c4840c4fea5da19b644b\Mask_TMAE_069.pt saved
2025-09-06 17:09:05,404 - easytorch-training - INFO - The estimated training finish time is 2025-09-06 17:23:28
2025-09-06 17:09:05,404 - easytorch-training - INFO - Epoch 70 / 100
2025-09-06 17:09:22,030 - easytorch-training - INFO - Result <train>: [train/time: 16.63 (s), train/lr: 5.00e-04, train/loss: 0.7834, train/MAE: 0.7834, train/MAPE: 1.6624, train/RMSE: 1.0087]
2025-09-06 17:09:22,031 - easytorch-training - INFO - Start validation.
2025-09-06 17:09:28,650 - easytorch-training - INFO - Result <val>: [val/time: 6.62 (s), val/loss: 0.6341, val/MAE: 0.6341, val/MAPE: 2.0905, val/RMSE: 0.7626]
2025-09-06 17:09:35,169 - easytorch-training - INFO - Result <test>: [test/time: 6.52 (s), test/loss: 0.0000, test/MAE: 0.7053, test/MAPE: 1.9715, test/RMSE: 0.8930]
2025-09-06 17:09:35,190 - easytorch-training - INFO - Checkpoint baselines\STDMAE\mask_save\Mask_TMAE\QiLin_10min_100_144_12\e5ebb7357608c4840c4fea5da19b644b\Mask_TMAE_070.pt saved
2025-09-06 17:09:35,199 - easytorch-training - INFO - The estimated training finish time is 2025-09-06 17:23:30
2025-09-06 17:09:35,199 - easytorch-training - INFO - Epoch 71 / 100
2025-09-06 17:09:51,584 - easytorch-training - INFO - Result <train>: [train/time: 16.39 (s), train/lr: 5.00e-04, train/loss: 0.7838, train/MAE: 0.7838, train/MAPE: 1.6636, train/RMSE: 1.0098]
2025-09-06 17:09:51,585 - easytorch-training - INFO - Start validation.
2025-09-06 17:09:58,423 - easytorch-training - INFO - Result <val>: [val/time: 6.84 (s), val/loss: 0.6049, val/MAE: 0.6049, val/MAPE: 2.7165, val/RMSE: 0.7504]
2025-09-06 17:10:04,978 - easytorch-training - INFO - Result <test>: [test/time: 6.55 (s), test/loss: 0.0000, test/MAE: 0.7288, test/MAPE: 2.1399, test/RMSE: 0.9233]
2025-09-06 17:10:05,002 - easytorch-training - INFO - Checkpoint baselines\STDMAE\mask_save\Mask_TMAE\QiLin_10min_100_144_12\e5ebb7357608c4840c4fea5da19b644b\Mask_TMAE_071.pt saved
2025-09-06 17:10:05,002 - easytorch-training - INFO - The estimated training finish time is 2025-09-06 17:23:33
2025-09-06 17:10:05,002 - easytorch-training - INFO - Epoch 72 / 100
2025-09-06 17:10:21,022 - easytorch-training - INFO - Result <train>: [train/time: 16.02 (s), train/lr: 5.00e-04, train/loss: 0.7854, train/MAE: 0.7854, train/MAPE: 1.8172, train/RMSE: 1.0157]
2025-09-06 17:10:21,023 - easytorch-training - INFO - Start validation.
2025-09-06 17:10:27,578 - easytorch-training - INFO - Result <val>: [val/time: 6.56 (s), val/loss: 0.6158, val/MAE: 0.6158, val/MAPE: 2.0493, val/RMSE: 0.7474]
2025-09-06 17:10:34,189 - easytorch-training - INFO - Result <test>: [test/time: 6.61 (s), test/loss: 0.0000, test/MAE: 0.7150, test/MAPE: 1.8388, test/RMSE: 0.8899]
2025-09-06 17:10:34,215 - easytorch-training - INFO - Checkpoint baselines\STDMAE\mask_save\Mask_TMAE\QiLin_10min_100_144_12\e5ebb7357608c4840c4fea5da19b644b\Mask_TMAE_072.pt saved
2025-09-06 17:10:34,216 - easytorch-training - INFO - The estimated training finish time is 2025-09-06 17:23:35
2025-09-06 17:10:34,216 - easytorch-training - INFO - Epoch 73 / 100
2025-09-06 17:10:49,534 - easytorch-training - INFO - Result <train>: [train/time: 15.32 (s), train/lr: 5.00e-04, train/loss: 0.7841, train/MAE: 0.7841, train/MAPE: 1.6724, train/RMSE: 1.0056]
2025-09-06 17:10:49,535 - easytorch-training - INFO - Start validation.
2025-09-06 17:10:55,820 - easytorch-training - INFO - Result <val>: [val/time: 6.29 (s), val/loss: 0.6314, val/MAE: 0.6314, val/MAPE: 2.4808, val/RMSE: 0.7938]
2025-09-06 17:11:02,343 - easytorch-training - INFO - Result <test>: [test/time: 6.52 (s), test/loss: 0.0000, test/MAE: 0.7190, test/MAPE: 1.9632, test/RMSE: 0.9246]
2025-09-06 17:11:02,371 - easytorch-training - INFO - Checkpoint baselines\STDMAE\mask_save\Mask_TMAE\QiLin_10min_100_144_12\e5ebb7357608c4840c4fea5da19b644b\Mask_TMAE_073.pt saved
2025-09-06 17:11:02,371 - easytorch-training - INFO - The estimated training finish time is 2025-09-06 17:23:35
2025-09-06 17:11:02,371 - easytorch-training - INFO - Epoch 74 / 100
2025-09-06 17:11:17,593 - easytorch-training - INFO - Result <train>: [train/time: 15.22 (s), train/lr: 5.00e-04, train/loss: 0.7861, train/MAE: 0.7861, train/MAPE: 1.7004, train/RMSE: 1.0107]
2025-09-06 17:11:17,595 - easytorch-training - INFO - Start validation.
2025-09-06 17:11:24,002 - easytorch-training - INFO - Result <val>: [val/time: 6.41 (s), val/loss: 0.6117, val/MAE: 0.6117, val/MAPE: 2.6520, val/RMSE: 0.7530]
2025-09-06 17:11:30,302 - easytorch-training - INFO - Result <test>: [test/time: 6.30 (s), test/loss: 0.0000, test/MAE: 0.6935, test/MAPE: 2.2763, test/RMSE: 0.8702]
2025-09-06 17:11:30,325 - easytorch-training - INFO - Checkpoint baselines\STDMAE\mask_save\Mask_TMAE\QiLin_10min_100_144_12\e5ebb7357608c4840c4fea5da19b644b\Mask_TMAE_074.pt saved
2025-09-06 17:11:30,326 - easytorch-training - INFO - The estimated training finish time is 2025-09-06 17:23:35
2025-09-06 17:11:30,326 - easytorch-training - INFO - Epoch 75 / 100
2025-09-06 17:11:45,282 - easytorch-training - INFO - Result <train>: [train/time: 14.96 (s), train/lr: 5.00e-04, train/loss: 0.7814, train/MAE: 0.7814, train/MAPE: 1.7708, train/RMSE: 1.0094]
2025-09-06 17:11:45,284 - easytorch-training - INFO - Start validation.
2025-09-06 17:11:52,100 - easytorch-training - INFO - Result <val>: [val/time: 6.82 (s), val/loss: 0.6424, val/MAE: 0.6424, val/MAPE: 1.9287, val/RMSE: 0.7727]
2025-09-06 17:11:58,701 - easytorch-training - INFO - Result <test>: [test/time: 6.60 (s), test/loss: 0.0000, test/MAE: 0.7023, test/MAPE: 1.8535, test/RMSE: 0.8778]
2025-09-06 17:11:58,729 - easytorch-training - INFO - Checkpoint baselines\STDMAE\mask_save\Mask_TMAE\QiLin_10min_100_144_12\e5ebb7357608c4840c4fea5da19b644b\Mask_TMAE_075.pt saved
2025-09-06 17:11:58,729 - easytorch-training - INFO - The estimated training finish time is 2025-09-06 17:23:36
2025-09-06 17:11:58,729 - easytorch-training - INFO - Epoch 76 / 100
2025-09-06 17:12:13,686 - easytorch-training - INFO - Result <train>: [train/time: 14.96 (s), train/lr: 5.00e-04, train/loss: 0.7855, train/MAE: 0.7855, train/MAPE: 1.6597, train/RMSE: 1.0102]
2025-09-06 17:12:13,687 - easytorch-training - INFO - Start validation.
2025-09-06 17:12:20,250 - easytorch-training - INFO - Result <val>: [val/time: 6.56 (s), val/loss: 0.6082, val/MAE: 0.6082, val/MAPE: 2.5039, val/RMSE: 0.7326]
2025-09-06 17:12:26,803 - easytorch-training - INFO - Result <test>: [test/time: 6.55 (s), test/loss: 0.0000, test/MAE: 0.7031, test/MAPE: 2.1160, test/RMSE: 0.8843]
2025-09-06 17:12:26,826 - easytorch-training - INFO - Checkpoint baselines\STDMAE\mask_save\Mask_TMAE\QiLin_10min_100_144_12\e5ebb7357608c4840c4fea5da19b644b\Mask_TMAE_076.pt saved
2025-09-06 17:12:26,826 - easytorch-training - INFO - The estimated training finish time is 2025-09-06 17:23:36
2025-09-06 17:12:26,826 - easytorch-training - INFO - Epoch 77 / 100
2025-09-06 17:12:40,883 - easytorch-training - INFO - Result <train>: [train/time: 14.06 (s), train/lr: 5.00e-04, train/loss: 0.7803, train/MAE: 0.7803, train/MAPE: 1.7720, train/RMSE: 1.0075]
2025-09-06 17:12:40,885 - easytorch-training - INFO - Start validation.
2025-09-06 17:12:47,796 - easytorch-training - INFO - Result <val>: [val/time: 6.91 (s), val/loss: 0.5971, val/MAE: 0.5971, val/MAPE: 2.4464, val/RMSE: 0.7327]
2025-09-06 17:12:54,260 - easytorch-training - INFO - Result <test>: [test/time: 6.46 (s), test/loss: 0.0000, test/MAE: 0.6963, test/MAPE: 2.1347, test/RMSE: 0.8697]
2025-09-06 17:12:54,281 - easytorch-training - INFO - Checkpoint baselines\STDMAE\mask_save\Mask_TMAE\QiLin_10min_100_144_12\e5ebb7357608c4840c4fea5da19b644b\Mask_TMAE_077.pt saved
2025-09-06 17:12:54,281 - easytorch-training - INFO - The estimated training finish time is 2025-09-06 17:23:36
2025-09-06 17:12:54,281 - easytorch-training - INFO - Epoch 78 / 100
2025-09-06 17:13:08,095 - easytorch-training - INFO - Result <train>: [train/time: 13.81 (s), train/lr: 5.00e-04, train/loss: 0.7848, train/MAE: 0.7848, train/MAPE: 1.8223, train/RMSE: 1.0122]
2025-09-06 17:13:08,096 - easytorch-training - INFO - Start validation.
2025-09-06 17:13:15,200 - easytorch-training - INFO - Result <val>: [val/time: 7.10 (s), val/loss: 0.6182, val/MAE: 0.6182, val/MAPE: 2.6268, val/RMSE: 0.7719]
2025-09-06 17:13:21,710 - easytorch-training - INFO - Result <test>: [test/time: 6.51 (s), test/loss: 0.0000, test/MAE: 0.7107, test/MAPE: 2.1721, test/RMSE: 0.8892]
2025-09-06 17:13:21,738 - easytorch-training - INFO - Checkpoint baselines\STDMAE\mask_save\Mask_TMAE\QiLin_10min_100_144_12\e5ebb7357608c4840c4fea5da19b644b\Mask_TMAE_078.pt saved
2025-09-06 17:13:21,738 - easytorch-training - INFO - The estimated training finish time is 2025-09-06 17:23:35
2025-09-06 17:13:21,738 - easytorch-training - INFO - Epoch 79 / 100
2025-09-06 17:13:35,413 - easytorch-training - INFO - Result <train>: [train/time: 13.68 (s), train/lr: 5.00e-04, train/loss: 0.7827, train/MAE: 0.7827, train/MAPE: 1.8312, train/RMSE: 1.0082]
2025-09-06 17:13:35,415 - easytorch-training - INFO - Start validation.
2025-09-06 17:13:42,541 - easytorch-training - INFO - Result <val>: [val/time: 7.13 (s), val/loss: 0.6168, val/MAE: 0.6168, val/MAPE: 2.3891, val/RMSE: 0.7541]
2025-09-06 17:13:49,088 - easytorch-training - INFO - Result <test>: [test/time: 6.55 (s), test/loss: 0.0000, test/MAE: 0.7147, test/MAPE: 1.9636, test/RMSE: 0.8820]
2025-09-06 17:13:49,116 - easytorch-training - INFO - Checkpoint baselines\STDMAE\mask_save\Mask_TMAE\QiLin_10min_100_144_12\e5ebb7357608c4840c4fea5da19b644b\Mask_TMAE_079.pt saved
2025-09-06 17:13:49,116 - easytorch-training - INFO - The estimated training finish time is 2025-09-06 17:23:34
2025-09-06 17:13:49,116 - easytorch-training - INFO - Epoch 80 / 100
2025-09-06 17:14:02,743 - easytorch-training - INFO - Result <train>: [train/time: 13.63 (s), train/lr: 5.00e-04, train/loss: 0.7887, train/MAE: 0.7887, train/MAPE: 1.6933, train/RMSE: 1.0188]
2025-09-06 17:14:02,744 - easytorch-training - INFO - Start validation.
2025-09-06 17:14:10,092 - easytorch-training - INFO - Result <val>: [val/time: 7.35 (s), val/loss: 0.6243, val/MAE: 0.6243, val/MAPE: 2.2069, val/RMSE: 0.7590]
2025-09-06 17:14:16,544 - easytorch-training - INFO - Result <test>: [test/time: 6.45 (s), test/loss: 0.0000, test/MAE: 0.7342, test/MAPE: 1.9315, test/RMSE: 0.9128]
2025-09-06 17:14:16,571 - easytorch-training - INFO - Checkpoint baselines\STDMAE\mask_save\Mask_TMAE\QiLin_10min_100_144_12\e5ebb7357608c4840c4fea5da19b644b\Mask_TMAE_080.pt saved
2025-09-06 17:14:16,580 - easytorch-training - INFO - The estimated training finish time is 2025-09-06 17:23:34
2025-09-06 17:14:16,580 - easytorch-training - INFO - Epoch 81 / 100
2025-09-06 17:14:30,199 - easytorch-training - INFO - Result <train>: [train/time: 13.62 (s), train/lr: 5.00e-04, train/loss: 0.7937, train/MAE: 0.7937, train/MAPE: 1.5903, train/RMSE: 1.0197]
2025-09-06 17:14:30,200 - easytorch-training - INFO - Start validation.
2025-09-06 17:14:37,555 - easytorch-training - INFO - Result <val>: [val/time: 7.36 (s), val/loss: 0.5983, val/MAE: 0.5983, val/MAPE: 1.7827, val/RMSE: 0.7403]
2025-09-06 17:14:44,221 - easytorch-training - INFO - Result <test>: [test/time: 6.66 (s), test/loss: 0.0000, test/MAE: 0.6909, test/MAPE: 1.5523, test/RMSE: 0.8524]
2025-09-06 17:14:44,245 - easytorch-training - INFO - Checkpoint baselines\STDMAE\mask_save\Mask_TMAE\QiLin_10min_100_144_12\e5ebb7357608c4840c4fea5da19b644b\Mask_TMAE_081.pt saved
2025-09-06 17:14:44,245 - easytorch-training - INFO - The estimated training finish time is 2025-09-06 17:23:34
2025-09-06 17:14:44,245 - easytorch-training - INFO - Epoch 82 / 100
2025-09-06 17:14:57,234 - easytorch-training - INFO - Result <train>: [train/time: 12.99 (s), train/lr: 5.00e-04, train/loss: 0.7855, train/MAE: 0.7855, train/MAPE: 1.6153, train/RMSE: 1.0091]
2025-09-06 17:14:57,236 - easytorch-training - INFO - Start validation.
2025-09-06 17:15:04,692 - easytorch-training - INFO - Result <val>: [val/time: 7.46 (s), val/loss: 0.6520, val/MAE: 0.6520, val/MAPE: 2.3229, val/RMSE: 0.8206]
2025-09-06 17:15:11,277 - easytorch-training - INFO - Result <test>: [test/time: 6.58 (s), test/loss: 0.0000, test/MAE: 0.7245, test/MAPE: 1.9677, test/RMSE: 0.9064]
2025-09-06 17:15:11,303 - easytorch-training - INFO - Checkpoint baselines\STDMAE\mask_save\Mask_TMAE\QiLin_10min_100_144_12\e5ebb7357608c4840c4fea5da19b644b\Mask_TMAE_082.pt saved
2025-09-06 17:15:11,304 - easytorch-training - INFO - The estimated training finish time is 2025-09-06 17:23:33
2025-09-06 17:15:11,304 - easytorch-training - INFO - Epoch 83 / 100
2025-09-06 17:15:24,039 - easytorch-training - INFO - Result <train>: [train/time: 12.73 (s), train/lr: 5.00e-04, train/loss: 0.7852, train/MAE: 0.7852, train/MAPE: 1.5955, train/RMSE: 1.0074]
2025-09-06 17:15:24,041 - easytorch-training - INFO - Start validation.
2025-09-06 17:15:31,764 - easytorch-training - INFO - Result <val>: [val/time: 7.72 (s), val/loss: 0.6219, val/MAE: 0.6219, val/MAPE: 2.2551, val/RMSE: 0.7808]
2025-09-06 17:15:38,201 - easytorch-training - INFO - Result <test>: [test/time: 6.44 (s), test/loss: 0.0000, test/MAE: 0.6789, test/MAPE: 1.9715, test/RMSE: 0.8448]
2025-09-06 17:15:38,227 - easytorch-training - INFO - Checkpoint baselines\STDMAE\mask_save\Mask_TMAE\QiLin_10min_100_144_12\e5ebb7357608c4840c4fea5da19b644b\Mask_TMAE_083.pt saved
2025-09-06 17:15:38,227 - easytorch-training - INFO - The estimated training finish time is 2025-09-06 17:23:31
2025-09-06 17:15:38,227 - easytorch-training - INFO - Epoch 84 / 100
2025-09-06 17:15:50,719 - easytorch-training - INFO - Result <train>: [train/time: 12.49 (s), train/lr: 5.00e-04, train/loss: 0.7842, train/MAE: 0.7842, train/MAPE: 1.7560, train/RMSE: 1.0106]
2025-09-06 17:15:50,720 - easytorch-training - INFO - Start validation.
2025-09-06 17:15:58,573 - easytorch-training - INFO - Result <val>: [val/time: 7.85 (s), val/loss: 0.6372, val/MAE: 0.6372, val/MAPE: 2.3941, val/RMSE: 0.7843]
2025-09-06 17:16:04,708 - easytorch-training - INFO - Result <test>: [test/time: 6.13 (s), test/loss: 0.0000, test/MAE: 0.7151, test/MAPE: 1.9588, test/RMSE: 0.8773]
2025-09-06 17:16:04,733 - easytorch-training - INFO - Checkpoint baselines\STDMAE\mask_save\Mask_TMAE\QiLin_10min_100_144_12\e5ebb7357608c4840c4fea5da19b644b\Mask_TMAE_084.pt saved
2025-09-06 17:16:04,733 - easytorch-training - INFO - The estimated training finish time is 2025-09-06 17:23:30
2025-09-06 17:16:04,734 - easytorch-training - INFO - Epoch 85 / 100
2025-09-06 17:16:16,941 - easytorch-training - INFO - Result <train>: [train/time: 12.21 (s), train/lr: 5.00e-04, train/loss: 0.7864, train/MAE: 0.7864, train/MAPE: 1.7438, train/RMSE: 1.0153]
2025-09-06 17:16:16,943 - easytorch-training - INFO - Start validation.
2025-09-06 17:16:24,995 - easytorch-training - INFO - Result <val>: [val/time: 8.05 (s), val/loss: 0.6400, val/MAE: 0.6400, val/MAPE: 2.1300, val/RMSE: 0.8005]
2025-09-06 17:16:31,305 - easytorch-training - INFO - Result <test>: [test/time: 6.31 (s), test/loss: 0.0000, test/MAE: 0.7173, test/MAPE: 2.0381, test/RMSE: 0.9033]
2025-09-06 17:16:31,338 - easytorch-training - INFO - Checkpoint baselines\STDMAE\mask_save\Mask_TMAE\QiLin_10min_100_144_12\e5ebb7357608c4840c4fea5da19b644b\Mask_TMAE_085.pt saved
2025-09-06 17:16:31,338 - easytorch-training - INFO - The estimated training finish time is 2025-09-06 17:23:28
2025-09-06 17:16:31,338 - easytorch-training - INFO - Epoch 86 / 100
2025-09-06 17:16:43,574 - easytorch-training - INFO - Result <train>: [train/time: 12.24 (s), train/lr: 5.00e-04, train/loss: 0.7884, train/MAE: 0.7884, train/MAPE: 1.7113, train/RMSE: 1.0165]
2025-09-06 17:16:43,578 - easytorch-training - INFO - Start validation.
2025-09-06 17:16:51,238 - easytorch-training - INFO - Result <val>: [val/time: 7.66 (s), val/loss: 0.6377, val/MAE: 0.6377, val/MAPE: 2.2407, val/RMSE: 0.7785]
2025-09-06 17:16:57,647 - easytorch-training - INFO - Result <test>: [test/time: 6.41 (s), test/loss: 0.0000, test/MAE: 0.7147, test/MAPE: 2.1784, test/RMSE: 0.9053]
2025-09-06 17:16:57,684 - easytorch-training - INFO - Checkpoint baselines\STDMAE\mask_save\Mask_TMAE\QiLin_10min_100_144_12\e5ebb7357608c4840c4fea5da19b644b\Mask_TMAE_086.pt saved
2025-09-06 17:16:57,684 - easytorch-training - INFO - The estimated training finish time is 2025-09-06 17:23:27
2025-09-06 17:16:57,684 - easytorch-training - INFO - Epoch 87 / 100
2025-09-06 17:17:09,978 - easytorch-training - INFO - Result <train>: [train/time: 12.29 (s), train/lr: 5.00e-04, train/loss: 0.7916, train/MAE: 0.7916, train/MAPE: 1.6768, train/RMSE: 1.0195]
2025-09-06 17:17:09,979 - easytorch-training - INFO - Start validation.
2025-09-06 17:17:17,617 - easytorch-training - INFO - Result <val>: [val/time: 7.64 (s), val/loss: 0.6478, val/MAE: 0.6478, val/MAPE: 2.2469, val/RMSE: 0.7876]
2025-09-06 17:17:24,413 - easytorch-training - INFO - Result <test>: [test/time: 6.79 (s), test/loss: 0.0000, test/MAE: 0.7060, test/MAPE: 1.9924, test/RMSE: 0.8757]
2025-09-06 17:17:24,434 - easytorch-training - INFO - Checkpoint baselines\STDMAE\mask_save\Mask_TMAE\QiLin_10min_100_144_12\e5ebb7357608c4840c4fea5da19b644b\Mask_TMAE_087.pt saved
2025-09-06 17:17:24,434 - easytorch-training - INFO - The estimated training finish time is 2025-09-06 17:23:25
2025-09-06 17:17:24,434 - easytorch-training - INFO - Epoch 88 / 100
2025-09-06 17:17:36,661 - easytorch-training - INFO - Result <train>: [train/time: 12.23 (s), train/lr: 5.00e-04, train/loss: 0.7867, train/MAE: 0.7867, train/MAPE: 1.7045, train/RMSE: 1.0153]
2025-09-06 17:17:36,662 - easytorch-training - INFO - Start validation.
2025-09-06 17:17:44,289 - easytorch-training - INFO - Result <val>: [val/time: 7.63 (s), val/loss: 0.6176, val/MAE: 0.6176, val/MAPE: 2.4574, val/RMSE: 0.7658]
2025-09-06 17:17:51,271 - easytorch-training - INFO - Result <test>: [test/time: 6.98 (s), test/loss: 0.0000, test/MAE: 0.6986, test/MAPE: 2.0967, test/RMSE: 0.8713]
2025-09-06 17:17:51,291 - easytorch-training - INFO - Checkpoint baselines\STDMAE\mask_save\Mask_TMAE\QiLin_10min_100_144_12\e5ebb7357608c4840c4fea5da19b644b\Mask_TMAE_088.pt saved
2025-09-06 17:17:51,291 - easytorch-training - INFO - The estimated training finish time is 2025-09-06 17:23:24
2025-09-06 17:17:51,291 - easytorch-training - INFO - Epoch 89 / 100
2025-09-06 17:18:03,615 - easytorch-training - INFO - Result <train>: [train/time: 12.32 (s), train/lr: 5.00e-04, train/loss: 0.7891, train/MAE: 0.7891, train/MAPE: 1.7610, train/RMSE: 1.0187]
2025-09-06 17:18:03,617 - easytorch-training - INFO - Start validation.
2025-09-06 17:18:11,124 - easytorch-training - INFO - Result <val>: [val/time: 7.51 (s), val/loss: 0.6146, val/MAE: 0.6146, val/MAPE: 2.4920, val/RMSE: 0.7656]
2025-09-06 17:18:18,104 - easytorch-training - INFO - Result <test>: [test/time: 6.98 (s), test/loss: 0.0000, test/MAE: 0.7267, test/MAPE: 2.0104, test/RMSE: 0.9046]
2025-09-06 17:18:18,128 - easytorch-training - INFO - Checkpoint baselines\STDMAE\mask_save\Mask_TMAE\QiLin_10min_100_144_12\e5ebb7357608c4840c4fea5da19b644b\Mask_TMAE_089.pt saved
2025-09-06 17:18:18,129 - easytorch-training - INFO - The estimated training finish time is 2025-09-06 17:23:23
2025-09-06 17:18:18,129 - easytorch-training - INFO - Epoch 90 / 100
2025-09-06 17:18:30,423 - easytorch-training - INFO - Result <train>: [train/time: 12.29 (s), train/lr: 5.00e-04, train/loss: 0.7870, train/MAE: 0.7870, train/MAPE: 1.6761, train/RMSE: 1.0123]
2025-09-06 17:18:30,424 - easytorch-training - INFO - Start validation.
2025-09-06 17:18:37,709 - easytorch-training - INFO - Result <val>: [val/time: 7.28 (s), val/loss: 0.6397, val/MAE: 0.6397, val/MAPE: 2.3199, val/RMSE: 0.7918]
2025-09-06 17:18:44,645 - easytorch-training - INFO - Result <test>: [test/time: 6.93 (s), test/loss: 0.0000, test/MAE: 0.7179, test/MAPE: 1.9597, test/RMSE: 0.8913]
2025-09-06 17:18:44,673 - easytorch-training - INFO - Checkpoint baselines\STDMAE\mask_save\Mask_TMAE\QiLin_10min_100_144_12\e5ebb7357608c4840c4fea5da19b644b\Mask_TMAE_090.pt saved
2025-09-06 17:18:44,681 - easytorch-training - INFO - The estimated training finish time is 2025-09-06 17:23:22
2025-09-06 17:18:44,681 - easytorch-training - INFO - Epoch 91 / 100
2025-09-06 17:18:57,355 - easytorch-training - INFO - Result <train>: [train/time: 12.67 (s), train/lr: 5.00e-04, train/loss: 0.7832, train/MAE: 0.7832, train/MAPE: 1.7424, train/RMSE: 1.0069]
2025-09-06 17:18:57,356 - easytorch-training - INFO - Start validation.
2025-09-06 17:19:04,602 - easytorch-training - INFO - Result <val>: [val/time: 7.25 (s), val/loss: 0.6253, val/MAE: 0.6253, val/MAPE: 2.2215, val/RMSE: 0.7630]
2025-09-06 17:19:11,539 - easytorch-training - INFO - Result <test>: [test/time: 6.94 (s), test/loss: 0.0000, test/MAE: 0.7312, test/MAPE: 2.1073, test/RMSE: 0.9265]
2025-09-06 17:19:11,566 - easytorch-training - INFO - Checkpoint baselines\STDMAE\mask_save\Mask_TMAE\QiLin_10min_100_144_12\e5ebb7357608c4840c4fea5da19b644b\Mask_TMAE_091.pt saved
2025-09-06 17:19:11,566 - easytorch-training - INFO - The estimated training finish time is 2025-09-06 17:23:21
2025-09-06 17:19:11,566 - easytorch-training - INFO - Epoch 92 / 100
2025-09-06 17:19:24,217 - easytorch-training - INFO - Result <train>: [train/time: 12.65 (s), train/lr: 5.00e-04, train/loss: 0.7879, train/MAE: 0.7879, train/MAPE: 1.7928, train/RMSE: 1.0160]
2025-09-06 17:19:24,219 - easytorch-training - INFO - Start validation.
2025-09-06 17:19:31,411 - easytorch-training - INFO - Result <val>: [val/time: 7.19 (s), val/loss: 0.6215, val/MAE: 0.6215, val/MAPE: 2.5028, val/RMSE: 0.7591]
2025-09-06 17:19:38,470 - easytorch-training - INFO - Result <test>: [test/time: 7.06 (s), test/loss: 0.0000, test/MAE: 0.7110, test/MAPE: 1.8912, test/RMSE: 0.8699]
2025-09-06 17:19:38,498 - easytorch-training - INFO - Checkpoint baselines\STDMAE\mask_save\Mask_TMAE\QiLin_10min_100_144_12\e5ebb7357608c4840c4fea5da19b644b\Mask_TMAE_092.pt saved
2025-09-06 17:19:38,498 - easytorch-training - INFO - The estimated training finish time is 2025-09-06 17:23:20
2025-09-06 17:19:38,498 - easytorch-training - INFO - Epoch 93 / 100
2025-09-06 17:19:51,282 - easytorch-training - INFO - Result <train>: [train/time: 12.78 (s), train/lr: 5.00e-04, train/loss: 0.7869, train/MAE: 0.7869, train/MAPE: 1.6811, train/RMSE: 1.0156]
2025-09-06 17:19:51,284 - easytorch-training - INFO - Start validation.
2025-09-06 17:19:58,486 - easytorch-training - INFO - Result <val>: [val/time: 7.20 (s), val/loss: 0.6324, val/MAE: 0.6324, val/MAPE: 1.9823, val/RMSE: 0.7850]
2025-09-06 17:20:05,824 - easytorch-training - INFO - Result <test>: [test/time: 7.34 (s), test/loss: 0.0000, test/MAE: 0.7381, test/MAPE: 1.7667, test/RMSE: 0.9217]
2025-09-06 17:20:05,852 - easytorch-training - INFO - Checkpoint baselines\STDMAE\mask_save\Mask_TMAE\QiLin_10min_100_144_12\e5ebb7357608c4840c4fea5da19b644b\Mask_TMAE_093.pt saved
2025-09-06 17:20:05,852 - easytorch-training - INFO - The estimated training finish time is 2025-09-06 17:23:20
2025-09-06 17:20:05,852 - easytorch-training - INFO - Epoch 94 / 100
2025-09-06 17:20:19,120 - easytorch-training - INFO - Result <train>: [train/time: 13.27 (s), train/lr: 5.00e-04, train/loss: 0.7890, train/MAE: 0.7890, train/MAPE: 1.6310, train/RMSE: 1.0175]
2025-09-06 17:20:19,122 - easytorch-training - INFO - Start validation.
2025-09-06 17:20:26,078 - easytorch-training - INFO - Result <val>: [val/time: 6.95 (s), val/loss: 0.6361, val/MAE: 0.6361, val/MAPE: 2.3308, val/RMSE: 0.7686]
2025-09-06 17:20:33,263 - easytorch-training - INFO - Result <test>: [test/time: 7.18 (s), test/loss: 0.0000, test/MAE: 0.7145, test/MAPE: 1.9867, test/RMSE: 0.8822]
2025-09-06 17:20:33,283 - easytorch-training - INFO - Checkpoint baselines\STDMAE\mask_save\Mask_TMAE\QiLin_10min_100_144_12\e5ebb7357608c4840c4fea5da19b644b\Mask_TMAE_094.pt saved
2025-09-06 17:20:33,283 - easytorch-training - INFO - The estimated training finish time is 2025-09-06 17:23:19
2025-09-06 17:20:33,283 - easytorch-training - INFO - Epoch 95 / 100
2025-09-06 17:20:46,438 - easytorch-training - INFO - Result <train>: [train/time: 13.16 (s), train/lr: 5.00e-04, train/loss: 0.7924, train/MAE: 0.7924, train/MAPE: 1.6909, train/RMSE: 1.0208]
2025-09-06 17:20:46,439 - easytorch-training - INFO - Start validation.
2025-09-06 17:20:53,246 - easytorch-training - INFO - Result <val>: [val/time: 6.81 (s), val/loss: 0.6307, val/MAE: 0.6307, val/MAPE: 2.4380, val/RMSE: 0.7856]
2025-09-06 17:21:00,737 - easytorch-training - INFO - Result <test>: [test/time: 7.49 (s), test/loss: 0.0000, test/MAE: 0.6972, test/MAPE: 2.0994, test/RMSE: 0.8693]
2025-09-06 17:21:00,762 - easytorch-training - INFO - Checkpoint baselines\STDMAE\mask_save\Mask_TMAE\QiLin_10min_100_144_12\e5ebb7357608c4840c4fea5da19b644b\Mask_TMAE_095.pt saved
2025-09-06 17:21:00,762 - easytorch-training - INFO - The estimated training finish time is 2025-09-06 17:23:19
2025-09-06 17:21:00,762 - easytorch-training - INFO - Epoch 96 / 100
2025-09-06 17:21:14,308 - easytorch-training - INFO - Result <train>: [train/time: 13.55 (s), train/lr: 5.00e-04, train/loss: 0.7844, train/MAE: 0.7844, train/MAPE: 1.7122, train/RMSE: 1.0110]
2025-09-06 17:21:14,310 - easytorch-training - INFO - Start validation.
2025-09-06 17:21:21,343 - easytorch-training - INFO - Result <val>: [val/time: 7.03 (s), val/loss: 0.6216, val/MAE: 0.6216, val/MAPE: 2.1966, val/RMSE: 0.7709]
2025-09-06 17:21:28,695 - easytorch-training - INFO - Result <test>: [test/time: 7.35 (s), test/loss: 0.0000, test/MAE: 0.7298, test/MAPE: 1.9612, test/RMSE: 0.9061]
2025-09-06 17:21:28,717 - easytorch-training - INFO - Checkpoint baselines\STDMAE\mask_save\Mask_TMAE\QiLin_10min_100_144_12\e5ebb7357608c4840c4fea5da19b644b\Mask_TMAE_096.pt saved
2025-09-06 17:21:28,717 - easytorch-training - INFO - The estimated training finish time is 2025-09-06 17:23:19
2025-09-06 17:21:28,717 - easytorch-training - INFO - Epoch 97 / 100
2025-09-06 17:21:42,255 - easytorch-training - INFO - Result <train>: [train/time: 13.54 (s), train/lr: 5.00e-04, train/loss: 0.7890, train/MAE: 0.7890, train/MAPE: 1.7205, train/RMSE: 1.0166]
2025-09-06 17:21:42,257 - easytorch-training - INFO - Start validation.
2025-09-06 17:21:49,629 - easytorch-training - INFO - Result <val>: [val/time: 7.37 (s), val/loss: 0.6332, val/MAE: 0.6332, val/MAPE: 2.3626, val/RMSE: 0.7734]
2025-09-06 17:21:57,149 - easytorch-training - INFO - Result <test>: [test/time: 7.52 (s), test/loss: 0.0000, test/MAE: 0.7250, test/MAPE: 1.9783, test/RMSE: 0.9152]
2025-09-06 17:21:57,172 - easytorch-training - INFO - Checkpoint baselines\STDMAE\mask_save\Mask_TMAE\QiLin_10min_100_144_12\e5ebb7357608c4840c4fea5da19b644b\Mask_TMAE_097.pt saved
2025-09-06 17:21:57,172 - easytorch-training - INFO - The estimated training finish time is 2025-09-06 17:23:20
2025-09-06 17:21:57,172 - easytorch-training - INFO - Epoch 98 / 100
2025-09-06 17:22:10,936 - easytorch-training - INFO - Result <train>: [train/time: 13.76 (s), train/lr: 5.00e-04, train/loss: 0.7802, train/MAE: 0.7802, train/MAPE: 1.7366, train/RMSE: 1.0071]
2025-09-06 17:22:10,937 - easytorch-training - INFO - Start validation.
2025-09-06 17:22:18,317 - easytorch-training - INFO - Result <val>: [val/time: 7.38 (s), val/loss: 0.6285, val/MAE: 0.6285, val/MAPE: 2.0842, val/RMSE: 0.7766]
2025-09-06 17:22:25,660 - easytorch-training - INFO - Result <test>: [test/time: 7.34 (s), test/loss: 0.0000, test/MAE: 0.7365, test/MAPE: 1.7851, test/RMSE: 0.9172]
2025-09-06 17:22:25,690 - easytorch-training - INFO - Checkpoint baselines\STDMAE\mask_save\Mask_TMAE\QiLin_10min_100_144_12\e5ebb7357608c4840c4fea5da19b644b\Mask_TMAE_098.pt saved
2025-09-06 17:22:25,690 - easytorch-training - INFO - The estimated training finish time is 2025-09-06 17:23:21
2025-09-06 17:22:25,690 - easytorch-training - INFO - Epoch 99 / 100
2025-09-06 17:22:38,893 - easytorch-training - INFO - Result <train>: [train/time: 13.20 (s), train/lr: 5.00e-04, train/loss: 0.7891, train/MAE: 0.7891, train/MAPE: 1.6256, train/RMSE: 1.0175]
2025-09-06 17:22:38,895 - easytorch-training - INFO - Start validation.
2025-09-06 17:22:46,057 - easytorch-training - INFO - Result <val>: [val/time: 7.16 (s), val/loss: 0.6358, val/MAE: 0.6358, val/MAPE: 2.2688, val/RMSE: 0.7756]
2025-09-06 17:22:53,373 - easytorch-training - INFO - Result <test>: [test/time: 7.32 (s), test/loss: 0.0000, test/MAE: 0.7018, test/MAPE: 2.0633, test/RMSE: 0.8783]
2025-09-06 17:22:53,403 - easytorch-training - INFO - Checkpoint baselines\STDMAE\mask_save\Mask_TMAE\QiLin_10min_100_144_12\e5ebb7357608c4840c4fea5da19b644b\Mask_TMAE_099.pt saved
2025-09-06 17:22:53,403 - easytorch-training - INFO - The estimated training finish time is 2025-09-06 17:23:21
2025-09-06 17:22:53,403 - easytorch-training - INFO - Epoch 100 / 100
2025-09-06 17:23:06,865 - easytorch-training - INFO - Result <train>: [train/time: 13.46 (s), train/lr: 5.00e-04, train/loss: 0.7891, train/MAE: 0.7891, train/MAPE: 1.7686, train/RMSE: 1.0209]
2025-09-06 17:23:06,867 - easytorch-training - INFO - Start validation.
2025-09-06 17:23:13,719 - easytorch-training - INFO - Result <val>: [val/time: 6.85 (s), val/loss: 0.6148, val/MAE: 0.6148, val/MAPE: 2.3070, val/RMSE: 0.7602]
2025-09-06 17:23:20,780 - easytorch-training - INFO - Result <test>: [test/time: 7.06 (s), test/loss: 0.0000, test/MAE: 0.7625, test/MAPE: 1.8104, test/RMSE: 0.9473]
2025-09-06 17:23:20,806 - easytorch-training - INFO - Checkpoint baselines\STDMAE\mask_save\Mask_TMAE\QiLin_10min_100_144_12\e5ebb7357608c4840c4fea5da19b644b\Mask_TMAE_100.pt saved
2025-09-06 17:23:20,815 - easytorch-training - INFO - The training finished at 2025-09-06 17:23:20
2025-09-06 17:23:20,815 - easytorch-training - INFO - Evaluating the best model on the test set.
2025-09-06 17:23:20,816 - easytorch-training - INFO - Loading Checkpoint from 'baselines\STDMAE\mask_save\Mask_TMAE\QiLin_10min_100_144_12\e5ebb7357608c4840c4fea5da19b644b\Mask_TMAE_best_val_MAE.pt'
2025-09-06 17:23:27,379 - easytorch-training - INFO - Result <test>: [test/time: 6.51 (s), test/loss: 0.0000, test/MAE: 0.7114, test/MAPE: 2.2087, test/RMSE: 0.8902]
2025-09-06 17:23:27,382 - easytorch-training - INFO - Test metrics saved to baselines\STDMAE\mask_save\Mask_TMAE\QiLin_10min_100_144_12\e5ebb7357608c4840c4fea5da19b644b\test_metrics.json.
